Log file open, 04/07/19 23:08:37
LogWindows: Failed to load 'aqProf.dll' (GetLastError=126)
LogWindows: File 'aqProf.dll' does not exist
LogWindows: Failed to load 'VtuneApi.dll' (GetLastError=126)
LogWindows: File 'VtuneApi.dll' does not exist
LogWindows: Failed to load 'VtuneApi32e.dll' (GetLastError=126)
LogWindows: File 'VtuneApi32e.dll' does not exist
LogConsoleResponse: Display: Failed to find resolution value strings in scalability ini. Falling back to default.
LogInit: Display: Running engine for game: MyProject3
LogPakFile: Registered encryption key '00000000000000000000000000000000': 0 pak files mounted, 0 remain pending
LogPlatformFile: Not using cached read wrapper
LogTaskGraph: Started task graph with 5 named threads and 35 total threads with 3 sets of task threads.
LogStats: Stats thread started at 0.419021
LogD3D11RHI: Loaded GFSDK_Aftermath_Lib.x64.dll
LogICUInternationalization: ICU TimeZone Detection - Raw Offset: -5:00, Platform Override: ''
LogPluginManager: Mounting plugin Paper2D
LogPluginManager: Mounting plugin AISupport
LogPluginManager: Mounting plugin LightPropagationVolume
LogPluginManager: Mounting plugin ActorLayerUtilities
LogPluginManager: Mounting plugin CLionSourceCodeAccess
LogPluginManager: Mounting plugin CodeLiteSourceCodeAccess
LogPluginManager: Mounting plugin GitSourceControl
LogPluginManager: Mounting plugin KDevelopSourceCodeAccess
LogPluginManager: Mounting plugin NullSourceCodeAccess
LogPluginManager: Mounting plugin PerforceSourceControl
LogPluginManager: Mounting plugin SubversionSourceControl
LogPluginManager: Mounting plugin UObjectPlugin
LogPluginManager: Mounting plugin VisualStudioCodeSourceCodeAccess
LogPluginManager: Mounting plugin VisualStudioSourceCodeAccess
LogPluginManager: Mounting plugin XCodeSourceCodeAccess
LogPluginManager: Mounting plugin AssetManagerEditor
LogPluginManager: Mounting plugin CryptoKeys
LogPluginManager: Mounting plugin DataValidation
LogPluginManager: Mounting plugin FacialAnimation
LogPluginManager: Mounting plugin GameplayTagsEditor
LogPluginManager: Mounting plugin MacGraphicsSwitching
LogPluginManager: Mounting plugin MeshEditor
LogPluginManager: Mounting plugin MobileLauncherProfileWizard
LogPluginManager: Mounting plugin PluginBrowser
LogPluginManager: Mounting plugin SpeedTreeImporter
LogPluginManager: Mounting plugin DatasmithContent
LogPluginManager: Mounting plugin VariantManagerContent
LogPluginManager: Mounting plugin AlembicImporter
LogPluginManager: Mounting plugin AppleImageUtils
LogPluginManager: Mounting plugin AppleVision
LogPluginManager: Mounting plugin BackChannel
LogPluginManager: Mounting plugin CharacterAI
LogPluginManager: Mounting plugin GeometryCache
LogPluginManager: Mounting plugin HTML5Networking
LogPluginManager: Mounting plugin ProxyLODPlugin
LogPluginManager: Mounting plugin MagicLeap
LogPluginManager: Mounting plugin MagicLeapMedia
LogPluginManager: Mounting plugin AndroidMedia
LogPluginManager: Mounting plugin AvfMedia
LogPluginManager: Mounting plugin ImgMedia
LogPluginManager: Mounting plugin LinearTimecode
LogPluginManager: Mounting plugin MediaCompositing
LogPluginManager: Mounting plugin MediaPlayerEditor
LogPluginManager: Mounting plugin WebMMedia
LogPluginManager: Mounting plugin WmfMedia
LogPluginManager: Mounting plugin TcpMessaging
LogPluginManager: Mounting plugin UdpMessaging
LogPluginManager: Mounting plugin ActorSequence
LogPluginManager: Mounting plugin LevelSequenceEditor
LogPluginManager: Mounting plugin MatineeToLevelSequence
LogPluginManager: Mounting plugin NetcodeUnitTest
LogPluginManager: Mounting plugin NUTUnrealEngine4
LogPluginManager: Mounting plugin OnlineSubsystemGooglePlay
LogPluginManager: Mounting plugin OnlineSubsystemIOS
LogPluginManager: Mounting plugin OnlineSubsystem
LogPluginManager: Mounting plugin OnlineSubsystemNull
LogPluginManager: Mounting plugin OnlineSubsystemUtils
LogPluginManager: Mounting plugin LauncherChunkInstaller
LogPluginManager: Mounting plugin AndroidDeviceProfileSelector
LogPluginManager: Mounting plugin AndroidMoviePlayer
LogPluginManager: Mounting plugin AndroidPermission
LogPluginManager: Mounting plugin AppleMoviePlayer
LogPluginManager: Mounting plugin ArchVisCharacter
LogPluginManager: Mounting plugin AudioCapture
LogPluginManager: Mounting plugin CableComponent
LogPluginManager: Mounting plugin CustomMeshComponent
LogPluginManager: Mounting plugin EditableMesh
LogPluginManager: Mounting plugin ExampleDeviceProfileSelector
LogPluginManager: Mounting plugin Firebase
LogPluginManager: Mounting plugin GoogleCloudMessaging
LogPluginManager: Mounting plugin IOSDeviceProfileSelector
LogPluginManager: Mounting plugin LinuxDeviceProfileSelector
LogPluginManager: Mounting plugin LocationServicesBPLibrary
LogPluginManager: Mounting plugin MobilePatchingUtils
LogPluginManager: Mounting plugin OculusVR
LogPluginManager: Mounting plugin PhysXVehicles
LogPluginManager: Mounting plugin ProceduralMeshComponent
LogPluginManager: Mounting plugin RuntimePhysXCooking
LogPluginManager: Mounting plugin SteamVR
LogPluginManager: Mounting plugin WebMMoviePlayer
LogPluginManager: Mounting plugin WindowsMoviePlayer
LogStreaming: Display: Took  0.076s to configure plugins.
LogInit: Using libcurl 7.55.1-DEV
LogInit:  - built for x86_64-pc-win32
LogInit:  - supports SSL with OpenSSL/1.0.2h
LogInit:  - supports HTTP deflate (compression) using libz 1.2.8
LogInit:  - other features:
LogInit:      CURL_VERSION_SSL
LogInit:      CURL_VERSION_LIBZ
LogInit:      CURL_VERSION_IPV6
LogInit:      CURL_VERSION_ASYNCHDNS
LogInit:      CURL_VERSION_LARGEFILE
LogInit:      CURL_VERSION_IDN
LogInit:  CurlRequestOptions (configurable via config and command line):
LogInit:  - bVerifyPeer = true  - Libcurl will verify peer certificate
LogInit:  - bUseHttpProxy = false  - Libcurl will NOT use HTTP proxy
LogInit:  - bDontReuseConnections = false  - Libcurl will reuse connections
LogInit:  - MaxHostConnections = 16  - Libcurl will limit the number of connections to a host
LogInit:  - LocalHostAddr = Default
LogInit:  - BufferSize = 65536
LogInit: WinSock: version 1.1 (2.2), MaxSocks=32767, MaxUdp=65467
LogInit: Build: ++UE4+Release-4.21-CL-4753647
LogInit: Engine Version: 4.21.2-4753647+++UE4+Release-4.21
LogInit: Compatible Engine Version: 4.21.0-4541578+++UE4+Release-4.21
LogInit: Net CL: 4541578
LogInit: OS: Windows 10 (), CPU: Intel(R) Core(TM) i7-8750H CPU @ 2.20GHz, GPU: Intel(R) UHD Graphics 630
LogInit: Compiled (64-bit): Jan 19 2019 02:07:31
LogInit: Compiled with Visual C++: 19.13.26129.00
LogInit: Build Configuration: Development
LogInit: Branch Name: ++UE4+Release-4.21
LogInit: Command Line: 
LogInit: Base Directory: C:/Program Files/Epic Games/UE_4.21/Engine/Binaries/Win64/
LogInit: Installed Engine Build: 1
LogDevObjectVersion: Number of dev versions registered: 22
LogDevObjectVersion:   Dev-Blueprints (B0D832E4-1F89-4F0D-ACCF-7EB736FD4AA2): 10
LogDevObjectVersion:   Dev-Build (E1C64328-A22C-4D53-A36C-8E866417BD8C): 0
LogDevObjectVersion:   Dev-Core (375EC13C-06E4-48FB-B500-84F0262A717E): 2
LogDevObjectVersion:   Dev-Editor (E4B068ED-F494-42E9-A231-DA0B2E46BB41): 26
LogDevObjectVersion:   Dev-Framework (CFFC743F-43B0-4480-9391-14DF171D2073): 34
LogDevObjectVersion:   Dev-Mobile (B02B49B5-BB20-44E9-A304-32B752E40360): 2
LogDevObjectVersion:   Dev-Networking (A4E4105C-59A1-49B5-A7C5-40C4547EDFEE): 0
LogDevObjectVersion:   Dev-Online (39C831C9-5AE6-47DC-9A44-9C173E1C8E7C): 0
LogDevObjectVersion:   Dev-Physics (78F01B33-EBEA-4F98-B9B4-84EACCB95AA2): 0
LogDevObjectVersion:   Dev-Platform (6631380F-2D4D-43E0-8009-CF276956A95A): 0
LogDevObjectVersion:   Dev-Rendering (12F88B9F-8875-4AFC-A67C-D90C383ABD29): 27
LogDevObjectVersion:   Dev-Sequencer (7B5AE74C-D270-4C10-A958-57980B212A5A): 9
LogDevObjectVersion:   Dev-VR (D7296918-1DD6-4BDD-9DE2-64A83CC13884): 2
LogDevObjectVersion:   Dev-LoadTimes (C2A15278-BFE7-4AFE-6C17-90FF531DF755): 1
LogDevObjectVersion:   Private-Geometry (6EACA3D4-40EC-4CC1-B786-8BED09428FC5): 3
LogDevObjectVersion:   Dev-AnimPhys (29E575DD-E0A3-4627-9D10-D276232CDCEA): 17
LogDevObjectVersion:   Dev-Anim (AF43A65D-7FD3-4947-9873-3E8ED9C1BB05): 2
LogDevObjectVersion:   Dev-ReflectionCapture (6B266CEC-1EC7-4B8F-A30B-E4D90942FC07): 1
LogDevObjectVersion:   Dev-Automation (0DF73D61-A23F-47EA-B727-89E90C41499A): 1
LogDevObjectVersion:   FortniteMain (601D1886-AC64-4F84-AA16-D3DE0DEAC7D6): 17
LogDevObjectVersion:   Dev-Enterprise (9DFFBCD6-494F-0158-E221-12823C92A888): 4
LogDevObjectVersion:   Dev-Niagara (F2AED0AC-9AFE-416F-8664-AA7FFA26D6FC): 1
LogStreaming: Display: Took  0.001s to delete old logs.
LogInit: Presizing for max 8388607 objects, including 0 objects not considered by GC, pre-allocating 0 bytes for permanent pool.
LogInit: Object subsystem initialized
LogConfig: Setting CVar [[con.DebugEarlyDefault:1]]
LogConfig: Setting CVar [[r.setres:1280x720]]
[2019.04.08-03.08.37:502][  0]LogConfig: Setting CVar [[r.VSync:0]]
[2019.04.08-03.08.37:502][  0]LogConfig: Setting CVar [[r.RHICmdBypass:0]]
[2019.04.08-03.08.37:502][  0]LogConfig: Applying CVar settings from Section [/Script/Engine.RendererSettings] File [D:/FOLDER/OverIT/MyProject3/Saved/Config/Windows/Engine.ini]
[2019.04.08-03.08.37:502][  0]LogConfig: Setting CVar [[r.GPUCrashDebugging:0]]
[2019.04.08-03.08.37:502][  0]LogConfig: Applying CVar settings from Section [/Script/Engine.RendererOverrideSettings] File [D:/FOLDER/OverIT/MyProject3/Saved/Config/Windows/Engine.ini]
[2019.04.08-03.08.37:502][  0]LogConfig: Applying CVar settings from Section [/Script/Engine.StreamingSettings] File [D:/FOLDER/OverIT/MyProject3/Saved/Config/Windows/Engine.ini]
[2019.04.08-03.08.37:502][  0]LogConfig: Setting CVar [[s.MinBulkDataSizeForAsyncLoading:131072]]
[2019.04.08-03.08.37:502][  0]LogConfig: Setting CVar [[s.AsyncLoadingThreadEnabled:0]]
[2019.04.08-03.08.37:502][  0]LogConfig: Setting CVar [[s.EventDrivenLoaderEnabled:1]]
[2019.04.08-03.08.37:502][  0]LogConfig: Setting CVar [[s.WarnIfTimeLimitExceeded:0]]
[2019.04.08-03.08.37:502][  0]LogConfig: Setting CVar [[s.TimeLimitExceededMultiplier:1.5]]
[2019.04.08-03.08.37:502][  0]LogConfig: Setting CVar [[s.TimeLimitExceededMinTime:0.005]]
[2019.04.08-03.08.37:502][  0]LogConfig: Setting CVar [[s.UseBackgroundLevelStreaming:1]]
[2019.04.08-03.08.37:502][  0]LogConfig: Setting CVar [[s.PriorityAsyncLoadingExtraTime:15.0]]
[2019.04.08-03.08.37:502][  0]LogConfig: Setting CVar [[s.LevelStreamingActorsUpdateTimeLimit:5.0]]
[2019.04.08-03.08.37:502][  0]LogConfig: Setting CVar [[s.PriorityLevelStreamingActorsUpdateExtraTime:5.0]]
[2019.04.08-03.08.37:502][  0]LogConfig: Setting CVar [[s.LevelStreamingComponentsRegistrationGranularity:10]]
[2019.04.08-03.08.37:502][  0]LogConfig: Setting CVar [[s.UnregisterComponentsTimeLimit:1.0]]
[2019.04.08-03.08.37:502][  0]LogConfig: Setting CVar [[s.LevelStreamingComponentsUnregistrationGranularity:5]]
[2019.04.08-03.08.37:502][  0]LogConfig: Applying CVar settings from Section [/Script/Engine.GarbageCollectionSettings] File [D:/FOLDER/OverIT/MyProject3/Saved/Config/Windows/Engine.ini]
[2019.04.08-03.08.37:502][  0]LogConfig: Setting CVar [[gc.MaxObjectsNotConsideredByGC:1]]
[2019.04.08-03.08.37:502][  0]LogConfig: Setting CVar [[gc.SizeOfPermanentObjectPool:0]]
[2019.04.08-03.08.37:502][  0]LogConfig: Setting CVar [[gc.FlushStreamingOnGC:0]]
[2019.04.08-03.08.37:502][  0]LogConfig: Setting CVar [[gc.NumRetriesBeforeForcingGC:10]]
[2019.04.08-03.08.37:502][  0]LogConfig: Setting CVar [[gc.AllowParallelGC:1]]
[2019.04.08-03.08.37:502][  0]LogConfig: Setting CVar [[gc.TimeBetweenPurgingPendingKillObjects:61.1]]
[2019.04.08-03.08.37:502][  0]LogConfig: Setting CVar [[gc.MaxObjectsInEditor:8388607]]
[2019.04.08-03.08.37:502][  0]LogConfig: Setting CVar [[gc.IncrementalBeginDestroyEnabled:1]]
[2019.04.08-03.08.37:502][  0]LogConfig: Setting CVar [[gc.CreateGCClusters:1]]
[2019.04.08-03.08.37:502][  0]LogConfig: Setting CVar [[gc.MergeGCClusters:0]]
[2019.04.08-03.08.37:502][  0]LogConfig: Setting CVar [[gc.MinGCClusterSize:5]]
[2019.04.08-03.08.37:502][  0]LogConfig: Setting CVar [[gc.ActorClusteringEnabled:0]]
[2019.04.08-03.08.37:502][  0]LogConfig: Setting CVar [[gc.BlueprintClusteringEnabled:0]]
[2019.04.08-03.08.37:502][  0]LogConfig: Setting CVar [[gc.UseDisregardForGCOnDedicatedServers:0]]
[2019.04.08-03.08.37:502][  0]LogConfig: Applying CVar settings from Section [/Script/Engine.NetworkSettings] File [D:/FOLDER/OverIT/MyProject3/Saved/Config/Windows/Engine.ini]
[2019.04.08-03.08.37:503][  0]LogConfig: Applying CVar settings from Section [/Script/UnrealEd.CookerSettings] File [D:/FOLDER/OverIT/MyProject3/Saved/Config/Windows/Engine.ini]
[2019.04.08-03.08.37:504][  0]LogConfig: Applying CVar settings from Section [ViewDistanceQuality@3] File [D:/FOLDER/OverIT/MyProject3/Saved/Config/Windows/Scalability.ini]
[2019.04.08-03.08.37:504][  0]LogConfig: Setting CVar [[r.SkeletalMeshLODBias:0]]
[2019.04.08-03.08.37:504][  0]LogConfig: Setting CVar [[r.ViewDistanceScale:1.0]]
[2019.04.08-03.08.37:504][  0]LogConfig: Applying CVar settings from Section [AntiAliasingQuality@3] File [D:/FOLDER/OverIT/MyProject3/Saved/Config/Windows/Scalability.ini]
[2019.04.08-03.08.37:504][  0]LogConfig: Setting CVar [[r.PostProcessAAQuality:3]]
[2019.04.08-03.08.37:504][  0]LogConfig: Applying CVar settings from Section [ShadowQuality@3] File [D:/FOLDER/OverIT/MyProject3/Saved/Config/Windows/Scalability.ini]
[2019.04.08-03.08.37:504][  0]LogConfig: Setting CVar [[r.LightFunctionQuality:1]]
[2019.04.08-03.08.37:504][  0]LogConfig: Setting CVar [[r.ShadowQuality:5]]
[2019.04.08-03.08.37:504][  0]LogConfig: Setting CVar [[r.Shadow.CSM.MaxCascades:10]]
[2019.04.08-03.08.37:504][  0]LogConfig: Setting CVar [[r.Shadow.MaxResolution:2048]]
[2019.04.08-03.08.37:504][  0]LogConfig: Setting CVar [[r.Shadow.MaxCSMResolution:2048]]
[2019.04.08-03.08.37:504][  0]LogConfig: Setting CVar [[r.Shadow.RadiusThreshold:0.01]]
[2019.04.08-03.08.37:504][  0]LogConfig: Setting CVar [[r.Shadow.DistanceScale:1.0]]
[2019.04.08-03.08.37:504][  0]LogConfig: Setting CVar [[r.Shadow.CSM.TransitionScale:1.0]]
[2019.04.08-03.08.37:504][  0]LogConfig: Setting CVar [[r.Shadow.PreShadowResolutionFactor:1.0]]
[2019.04.08-03.08.37:504][  0]LogConfig: Setting CVar [[r.DistanceFieldShadowing:1]]
[2019.04.08-03.08.37:504][  0]LogConfig: Setting CVar [[r.DistanceFieldAO:1]]
[2019.04.08-03.08.37:504][  0]LogConfig: Setting CVar [[r.AOQuality:2]]
[2019.04.08-03.08.37:504][  0]LogConfig: Setting CVar [[r.VolumetricFog:1]]
[2019.04.08-03.08.37:504][  0]LogConfig: Setting CVar [[r.VolumetricFog.GridPixelSize:8]]
[2019.04.08-03.08.37:504][  0]LogConfig: Setting CVar [[r.VolumetricFog.GridSizeZ:128]]
[2019.04.08-03.08.37:504][  0]LogConfig: Setting CVar [[r.VolumetricFog.HistoryMissSupersampleCount:4]]
[2019.04.08-03.08.37:504][  0]LogConfig: Setting CVar [[r.LightMaxDrawDistanceScale:1]]
[2019.04.08-03.08.37:504][  0]LogConfig: Setting CVar [[r.CapsuleShadows:1]]
[2019.04.08-03.08.37:504][  0]LogConfig: Applying CVar settings from Section [PostProcessQuality@3] File [D:/FOLDER/OverIT/MyProject3/Saved/Config/Windows/Scalability.ini]
[2019.04.08-03.08.37:504][  0]LogConfig: Setting CVar [[r.MotionBlurQuality:0]]
[2019.04.08-03.08.37:504][  0]LogConfig: Setting CVar [[r.AmbientOcclusionMipLevelFactor:0.4]]
[2019.04.08-03.08.37:504][  0]LogConfig: Setting CVar [[r.AmbientOcclusionMaxQuality:100]]
[2019.04.08-03.08.37:504][  0]LogConfig: Setting CVar [[r.AmbientOcclusionLevels:0]]
[2019.04.08-03.08.37:504][  0]LogConfig: Setting CVar [[r.AmbientOcclusionRadiusScale:1.0]]
[2019.04.08-03.08.37:504][  0]LogConfig: Setting CVar [[r.DepthOfFieldQuality:0]]
[2019.04.08-03.08.37:504][  0]LogConfig: Setting CVar [[r.RenderTargetPoolMin:400]]
[2019.04.08-03.08.37:504][  0]LogConfig: Setting CVar [[r.LensFlareQuality:0]]
[2019.04.08-03.08.37:504][  0]LogConfig: Setting CVar [[r.SceneColorFringeQuality:0]]
[2019.04.08-03.08.37:504][  0]LogConfig: Setting CVar [[r.EyeAdaptationQuality:2]]
[2019.04.08-03.08.37:504][  0]LogConfig: Setting CVar [[r.BloomQuality:1]]
[2019.04.08-03.08.37:504][  0]LogConfig: Setting CVar [[r.FastBlurThreshold:0]]
[2019.04.08-03.08.37:504][  0]LogConfig: Setting CVar [[r.Upscale.Quality:3]]
[2019.04.08-03.08.37:504][  0]LogConfig: Setting CVar [[r.Tonemapper.GrainQuantization:1]]
[2019.04.08-03.08.37:504][  0]LogConfig: Setting CVar [[r.LightShaftQuality:1]]
[2019.04.08-03.08.37:504][  0]LogConfig: Setting CVar [[r.Filter.SizeScale:1]]
[2019.04.08-03.08.37:504][  0]LogConfig: Setting CVar [[r.Tonemapper.Quality:5]]
[2019.04.08-03.08.37:504][  0]LogConfig: Setting CVar [[r.DOF.Gather.AccumulatorQuality:1        ; higher gathering accumulator quality]]
[2019.04.08-03.08.37:504][  0]LogConfig: Setting CVar [[r.DOF.Gather.PostfilterMethod:1          ; Median3x3 postfilering method]]
[2019.04.08-03.08.37:504][  0]LogConfig: Setting CVar [[r.DOF.Gather.EnableBokehSettings:0       ; no bokeh simulation when gathering]]
[2019.04.08-03.08.37:504][  0]LogConfig: Setting CVar [[r.DOF.Gather.RingCount:4                 ; medium number of samples when gathering]]
[2019.04.08-03.08.37:504][  0]LogConfig: Setting CVar [[r.DOF.Scatter.ForegroundCompositing:1    ; additive foreground scattering]]
[2019.04.08-03.08.37:504][  0]LogConfig: Setting CVar [[r.DOF.Scatter.BackgroundCompositing:2    ; additive background scattering]]
[2019.04.08-03.08.37:504][  0]LogConfig: Setting CVar [[r.DOF.Scatter.EnableBokehSettings:1      ; bokeh simulation when scattering]]
[2019.04.08-03.08.37:504][  0]LogConfig: Setting CVar [[r.DOF.Scatter.MaxSpriteRatio:0.1         ; only a maximum of 10% of scattered bokeh]]
[2019.04.08-03.08.37:504][  0]LogConfig: Setting CVar [[r.DOF.Recombine.Quality:1                ; cheap slight out of focus]]
[2019.04.08-03.08.37:504][  0]LogConfig: Setting CVar [[r.DOF.Recombine.EnableBokehSettings:0    ; no bokeh simulation on slight out of focus]]
[2019.04.08-03.08.37:504][  0]LogConfig: Setting CVar [[r.DOF.TemporalAAQuality:1                ; more stable temporal accumulation]]
[2019.04.08-03.08.37:504][  0]LogConfig: Setting CVar [[r.DOF.Kernel.MaxForegroundRadius:0.025]]
[2019.04.08-03.08.37:504][  0]LogConfig: Setting CVar [[r.DOF.Kernel.MaxBackgroundRadius:0.025]]
[2019.04.08-03.08.37:504][  0]LogConfig: Applying CVar settings from Section [TextureQuality@3] File [D:/FOLDER/OverIT/MyProject3/Saved/Config/Windows/Scalability.ini]
[2019.04.08-03.08.37:504][  0]LogConfig: Setting CVar [[r.Streaming.MipBias:0]]
[2019.04.08-03.08.37:504][  0]LogConfig: Setting CVar [[r.Streaming.AmortizeCPUToGPUCopy:0]]
[2019.04.08-03.08.37:504][  0]LogConfig: Setting CVar [[r.Streaming.MaxNumTexturesToStreamPerFrame:0]]
[2019.04.08-03.08.37:504][  0]LogConfig: Setting CVar [[r.Streaming.Boost:1]]
[2019.04.08-03.08.37:504][  0]LogConfig: Setting CVar [[r.MaxAnisotropy:8]]
[2019.04.08-03.08.37:504][  0]LogConfig: Setting CVar [[r.Streaming.LimitPoolSizeToVRAM:0]]
[2019.04.08-03.08.37:505][  0]LogConfig: Setting CVar [[r.Streaming.PoolSize:1000]]
[2019.04.08-03.08.37:505][  0]LogConfig: Setting CVar [[r.Streaming.MaxEffectiveScreenSize:0]]
[2019.04.08-03.08.37:505][  0]LogConfig: Applying CVar settings from Section [EffectsQuality@3] File [D:/FOLDER/OverIT/MyProject3/Saved/Config/Windows/Scalability.ini]
[2019.04.08-03.08.37:505][  0]LogConfig: Setting CVar [[r.TranslucencyLightingVolumeDim:4]]
[2019.04.08-03.08.37:505][  0]LogConfig: Setting CVar [[r.RefractionQuality:2]]
[2019.04.08-03.08.37:505][  0]LogConfig: Setting CVar [[r.SSR.Quality:0]]
[2019.04.08-03.08.37:505][  0]LogConfig: Setting CVar [[r.SceneColorFormat:2]]
[2019.04.08-03.08.37:505][  0]LogConfig: Setting CVar [[r.DetailMode:2]]
[2019.04.08-03.08.37:505][  0]LogConfig: Setting CVar [[r.TranslucencyVolumeBlur:0]]
[2019.04.08-03.08.37:505][  0]LogConfig: Setting CVar [[r.MaterialQualityLevel:1 ; High quality]]
[2019.04.08-03.08.37:505][  0]LogConfig: Setting CVar [[r.SSS.Scale:1]]
[2019.04.08-03.08.37:505][  0]LogConfig: Setting CVar [[r.SSS.SampleSet:2]]
[2019.04.08-03.08.37:505][  0]LogConfig: Setting CVar [[r.SSS.Quality:1]]
[2019.04.08-03.08.37:505][  0]LogConfig: Setting CVar [[r.SSS.HalfRes:1]]
[2019.04.08-03.08.37:505][  0]LogConfig: Setting CVar [[r.EmitterSpawnRateScale:1.0]]
[2019.04.08-03.08.37:505][  0]LogConfig: Setting CVar [[r.ParticleLightQuality:2]]
[2019.04.08-03.08.37:505][  0]LogConfig: Applying CVar settings from Section [FoliageQuality@3] File [D:/FOLDER/OverIT/MyProject3/Saved/Config/Windows/Scalability.ini]
[2019.04.08-03.08.37:505][  0]LogConfig: Setting CVar [[foliage.DensityScale:1.0]]
[2019.04.08-03.08.37:505][  0]LogConfig: Setting CVar [[grass.DensityScale:1.0]]
[2019.04.08-03.08.37:505][  0]LogInit: Selected Device Profile: [Windows]
[2019.04.08-03.08.37:505][  0]LogInit: Applying CVar settings loaded from the selected device profile: [Windows]
[2019.04.08-03.08.37:511][  0]LogHAL: Display: Platform has ~ 16 GB [17018638336 / 17179869184 / 16], which maps to Larger [LargestMinGB=32, LargerMinGB=12, DefaultMinGB=8, SmallerMinGB=6, SmallestMinGB=0)
[2019.04.08-03.08.37:511][  0]LogConfig: Setting CVar [[r.Vulkan.UseRealUBs:1]]
[2019.04.08-03.08.37:511][  0]LogInit: Going up to parent DeviceProfile []
[2019.04.08-03.08.37:511][  0]LogConfig: Applying CVar settings from Section [ViewDistanceQuality@3] File [D:/FOLDER/OverIT/MyProject3/Saved/Config/Windows/Scalability.ini]
[2019.04.08-03.08.37:511][  0]LogConfig: Setting CVar [[r.SkeletalMeshLODBias:0]]
[2019.04.08-03.08.37:511][  0]LogConfig: Setting CVar [[r.ViewDistanceScale:1.0]]
[2019.04.08-03.08.37:511][  0]LogConfig: Applying CVar settings from Section [AntiAliasingQuality@3] File [D:/FOLDER/OverIT/MyProject3/Saved/Config/Windows/Scalability.ini]
[2019.04.08-03.08.37:511][  0]LogConfig: Setting CVar [[r.PostProcessAAQuality:3]]
[2019.04.08-03.08.37:511][  0]LogConfig: Applying CVar settings from Section [ShadowQuality@3] File [D:/FOLDER/OverIT/MyProject3/Saved/Config/Windows/Scalability.ini]
[2019.04.08-03.08.37:511][  0]LogConfig: Setting CVar [[r.LightFunctionQuality:1]]
[2019.04.08-03.08.37:511][  0]LogConfig: Setting CVar [[r.ShadowQuality:5]]
[2019.04.08-03.08.37:511][  0]LogConfig: Setting CVar [[r.Shadow.CSM.MaxCascades:10]]
[2019.04.08-03.08.37:511][  0]LogConfig: Setting CVar [[r.Shadow.MaxResolution:2048]]
[2019.04.08-03.08.37:511][  0]LogConfig: Setting CVar [[r.Shadow.MaxCSMResolution:2048]]
[2019.04.08-03.08.37:511][  0]LogConfig: Setting CVar [[r.Shadow.RadiusThreshold:0.01]]
[2019.04.08-03.08.37:511][  0]LogConfig: Setting CVar [[r.Shadow.DistanceScale:1.0]]
[2019.04.08-03.08.37:511][  0]LogConfig: Setting CVar [[r.Shadow.CSM.TransitionScale:1.0]]
[2019.04.08-03.08.37:511][  0]LogConfig: Setting CVar [[r.Shadow.PreShadowResolutionFactor:1.0]]
[2019.04.08-03.08.37:511][  0]LogConfig: Setting CVar [[r.DistanceFieldShadowing:1]]
[2019.04.08-03.08.37:511][  0]LogConfig: Setting CVar [[r.DistanceFieldAO:1]]
[2019.04.08-03.08.37:511][  0]LogConfig: Setting CVar [[r.AOQuality:2]]
[2019.04.08-03.08.37:511][  0]LogConfig: Setting CVar [[r.VolumetricFog:1]]
[2019.04.08-03.08.37:511][  0]LogConfig: Setting CVar [[r.VolumetricFog.GridPixelSize:8]]
[2019.04.08-03.08.37:511][  0]LogConfig: Setting CVar [[r.VolumetricFog.GridSizeZ:128]]
[2019.04.08-03.08.37:511][  0]LogConfig: Setting CVar [[r.VolumetricFog.HistoryMissSupersampleCount:4]]
[2019.04.08-03.08.37:512][  0]LogConfig: Setting CVar [[r.LightMaxDrawDistanceScale:1]]
[2019.04.08-03.08.37:512][  0]LogConfig: Setting CVar [[r.CapsuleShadows:1]]
[2019.04.08-03.08.37:512][  0]LogConfig: Applying CVar settings from Section [PostProcessQuality@3] File [D:/FOLDER/OverIT/MyProject3/Saved/Config/Windows/Scalability.ini]
[2019.04.08-03.08.37:512][  0]LogConfig: Setting CVar [[r.MotionBlurQuality:0]]
[2019.04.08-03.08.37:512][  0]LogConfig: Setting CVar [[r.AmbientOcclusionMipLevelFactor:0.4]]
[2019.04.08-03.08.37:512][  0]LogConfig: Setting CVar [[r.AmbientOcclusionMaxQuality:100]]
[2019.04.08-03.08.37:512][  0]LogConfig: Setting CVar [[r.AmbientOcclusionLevels:0]]
[2019.04.08-03.08.37:512][  0]LogConfig: Setting CVar [[r.AmbientOcclusionRadiusScale:1.0]]
[2019.04.08-03.08.37:512][  0]LogConfig: Setting CVar [[r.DepthOfFieldQuality:0]]
[2019.04.08-03.08.37:512][  0]LogConfig: Setting CVar [[r.RenderTargetPoolMin:400]]
[2019.04.08-03.08.37:512][  0]LogConfig: Setting CVar [[r.LensFlareQuality:0]]
[2019.04.08-03.08.37:512][  0]LogConfig: Setting CVar [[r.SceneColorFringeQuality:0]]
[2019.04.08-03.08.37:512][  0]LogConfig: Setting CVar [[r.EyeAdaptationQuality:2]]
[2019.04.08-03.08.37:512][  0]LogConfig: Setting CVar [[r.BloomQuality:1]]
[2019.04.08-03.08.37:512][  0]LogConfig: Setting CVar [[r.FastBlurThreshold:0]]
[2019.04.08-03.08.37:512][  0]LogConfig: Setting CVar [[r.Upscale.Quality:3]]
[2019.04.08-03.08.37:512][  0]LogConfig: Setting CVar [[r.Tonemapper.GrainQuantization:1]]
[2019.04.08-03.08.37:512][  0]LogConfig: Setting CVar [[r.LightShaftQuality:1]]
[2019.04.08-03.08.37:512][  0]LogConfig: Setting CVar [[r.Filter.SizeScale:1]]
[2019.04.08-03.08.37:512][  0]LogConfig: Setting CVar [[r.Tonemapper.Quality:5]]
[2019.04.08-03.08.37:512][  0]LogConfig: Setting CVar [[r.DOF.Gather.AccumulatorQuality:1        ; higher gathering accumulator quality]]
[2019.04.08-03.08.37:512][  0]LogConfig: Setting CVar [[r.DOF.Gather.PostfilterMethod:1          ; Median3x3 postfilering method]]
[2019.04.08-03.08.37:512][  0]LogConfig: Setting CVar [[r.DOF.Gather.EnableBokehSettings:0       ; no bokeh simulation when gathering]]
[2019.04.08-03.08.37:512][  0]LogConfig: Setting CVar [[r.DOF.Gather.RingCount:4                 ; medium number of samples when gathering]]
[2019.04.08-03.08.37:512][  0]LogConfig: Setting CVar [[r.DOF.Scatter.ForegroundCompositing:1    ; additive foreground scattering]]
[2019.04.08-03.08.37:512][  0]LogConfig: Setting CVar [[r.DOF.Scatter.BackgroundCompositing:2    ; additive background scattering]]
[2019.04.08-03.08.37:512][  0]LogConfig: Setting CVar [[r.DOF.Scatter.EnableBokehSettings:1      ; bokeh simulation when scattering]]
[2019.04.08-03.08.37:512][  0]LogConfig: Setting CVar [[r.DOF.Scatter.MaxSpriteRatio:0.1         ; only a maximum of 10% of scattered bokeh]]
[2019.04.08-03.08.37:512][  0]LogConfig: Setting CVar [[r.DOF.Recombine.Quality:1                ; cheap slight out of focus]]
[2019.04.08-03.08.37:512][  0]LogConfig: Setting CVar [[r.DOF.Recombine.EnableBokehSettings:0    ; no bokeh simulation on slight out of focus]]
[2019.04.08-03.08.37:512][  0]LogConfig: Setting CVar [[r.DOF.TemporalAAQuality:1                ; more stable temporal accumulation]]
[2019.04.08-03.08.37:512][  0]LogConfig: Setting CVar [[r.DOF.Kernel.MaxForegroundRadius:0.025]]
[2019.04.08-03.08.37:512][  0]LogConfig: Setting CVar [[r.DOF.Kernel.MaxBackgroundRadius:0.025]]
[2019.04.08-03.08.37:512][  0]LogConfig: Applying CVar settings from Section [TextureQuality@3] File [D:/FOLDER/OverIT/MyProject3/Saved/Config/Windows/Scalability.ini]
[2019.04.08-03.08.37:512][  0]LogConfig: Setting CVar [[r.Streaming.MipBias:0]]
[2019.04.08-03.08.37:512][  0]LogConfig: Setting CVar [[r.Streaming.AmortizeCPUToGPUCopy:0]]
[2019.04.08-03.08.37:512][  0]LogConfig: Setting CVar [[r.Streaming.MaxNumTexturesToStreamPerFrame:0]]
[2019.04.08-03.08.37:512][  0]LogConfig: Setting CVar [[r.Streaming.Boost:1]]
[2019.04.08-03.08.37:512][  0]LogConfig: Setting CVar [[r.MaxAnisotropy:8]]
[2019.04.08-03.08.37:512][  0]LogConfig: Setting CVar [[r.Streaming.LimitPoolSizeToVRAM:0]]
[2019.04.08-03.08.37:512][  0]LogConfig: Setting CVar [[r.Streaming.PoolSize:1000]]
[2019.04.08-03.08.37:512][  0]LogConfig: Setting CVar [[r.Streaming.MaxEffectiveScreenSize:0]]
[2019.04.08-03.08.37:512][  0]LogConfig: Applying CVar settings from Section [EffectsQuality@3] File [D:/FOLDER/OverIT/MyProject3/Saved/Config/Windows/Scalability.ini]
[2019.04.08-03.08.37:512][  0]LogConfig: Setting CVar [[r.TranslucencyLightingVolumeDim:4]]
[2019.04.08-03.08.37:512][  0]LogConfig: Setting CVar [[r.RefractionQuality:2]]
[2019.04.08-03.08.37:512][  0]LogConfig: Setting CVar [[r.SSR.Quality:0]]
[2019.04.08-03.08.37:512][  0]LogConfig: Setting CVar [[r.SceneColorFormat:2]]
[2019.04.08-03.08.37:512][  0]LogConfig: Setting CVar [[r.DetailMode:2]]
[2019.04.08-03.08.37:512][  0]LogConfig: Setting CVar [[r.TranslucencyVolumeBlur:0]]
[2019.04.08-03.08.37:512][  0]LogConfig: Setting CVar [[r.MaterialQualityLevel:1 ; High quality]]
[2019.04.08-03.08.37:512][  0]LogConfig: Setting CVar [[r.SSS.Scale:1]]
[2019.04.08-03.08.37:512][  0]LogConfig: Setting CVar [[r.SSS.SampleSet:2]]
[2019.04.08-03.08.37:512][  0]LogConfig: Setting CVar [[r.SSS.Quality:1]]
[2019.04.08-03.08.37:512][  0]LogConfig: Setting CVar [[r.SSS.HalfRes:1]]
[2019.04.08-03.08.37:512][  0]LogConfig: Setting CVar [[r.EmitterSpawnRateScale:1.0]]
[2019.04.08-03.08.37:512][  0]LogConfig: Setting CVar [[r.ParticleLightQuality:2]]
[2019.04.08-03.08.37:512][  0]LogConfig: Applying CVar settings from Section [FoliageQuality@3] File [D:/FOLDER/OverIT/MyProject3/Saved/Config/Windows/Scalability.ini]
[2019.04.08-03.08.37:512][  0]LogConfig: Setting CVar [[foliage.DensityScale:1.0]]
[2019.04.08-03.08.37:512][  0]LogConfig: Setting CVar [[grass.DensityScale:1.0]]
[2019.04.08-03.08.37:512][  0]LogConfig: Applying CVar settings from Section [Startup] File [../../../Engine/Config/ConsoleVariables.ini]
[2019.04.08-03.08.37:512][  0]LogConfig: Setting CVar [[net.UseAdaptiveNetUpdateFrequency:0]]
[2019.04.08-03.08.37:512][  0]LogConfig: Applying CVar settings from Section [ConsoleVariables] File [D:/FOLDER/OverIT/MyProject3/Saved/Config/Windows/Engine.ini]
[2019.04.08-03.08.37:513][  0]LogInit: Computer: MSI
[2019.04.08-03.08.37:513][  0]LogInit: User: Gretchen
[2019.04.08-03.08.37:513][  0]LogInit: CPU Page size=4096, Cores=6
[2019.04.08-03.08.37:513][  0]LogInit: High frequency timer resolution =2.156249 MHz
[2019.04.08-03.08.37:513][  0]LogMemory: Memory total: Physical=15.8GB (16GB approx)
[2019.04.08-03.08.37:513][  0]LogMemory: Platform Memory Stats for Windows
[2019.04.08-03.08.37:513][  0]LogMemory: Process Physical Memory: 110.60 MB used, 110.60 MB peak
[2019.04.08-03.08.37:513][  0]LogMemory: Process Virtual Memory: 102.71 MB used, 102.71 MB peak
[2019.04.08-03.08.37:513][  0]LogMemory: Physical Memory: 6016.64 MB used,  10213.60 MB free, 16230.24 MB total
[2019.04.08-03.08.37:513][  0]LogMemory: Virtual Memory: 4696.24 MB used,  134213032.00 MB free, 134217728.00 MB total
[2019.04.08-03.08.37:724][  0]LogInit: Using OS detected language (en-US).
[2019.04.08-03.08.37:724][  0]LogInit: Using OS detected locale (en-US).
[2019.04.08-03.08.37:725][  0]LogTextLocalizationManager: No specific localization for 'en-US' exists, so the 'en' localization will be used.
[2019.04.08-03.08.38:065][  0]LogStreaming: Display: Took  0.341s to InitEngineTextLocalization.
[2019.04.08-03.08.38:065][  0]LogInit: Setting process to per monitor DPI aware
[2019.04.08-03.08.38:106][  0]LogSlate: New Slate User Created.  User Index 0, Is Virtual User: 0
[2019.04.08-03.08.38:106][  0]LogSlate: Slate User Registered.  User Index 0, Is Virtual User: 0
[2019.04.08-03.08.38:286][  0]LogD3D11RHI: D3D11 adapters:
[2019.04.08-03.08.38:348][  0]LogD3D11RHI:    0. 'NVIDIA GeForce GTX 1060' (Feature Level 11_0)
[2019.04.08-03.08.38:348][  0]LogD3D11RHI:       6052/0/8115 MB DedicatedVideo/DedicatedSystem/SharedSystem, Outputs:1, VendorId:0x10de
[2019.04.08-03.08.38:364][  0]LogD3D11RHI:    1. 'Intel(R) UHD Graphics 630' (Feature Level 11_0)
[2019.04.08-03.08.38:364][  0]LogD3D11RHI:       128/0/8115 MB DedicatedVideo/DedicatedSystem/SharedSystem, Outputs:0, VendorId:0x8086
[2019.04.08-03.08.38:366][  0]LogD3D11RHI:    2. 'Microsoft Basic Render Driver' (Feature Level 11_0)
[2019.04.08-03.08.38:366][  0]LogD3D11RHI:       0/0/8115 MB DedicatedVideo/DedicatedSystem/SharedSystem, Outputs:0, VendorId:0x1414
[2019.04.08-03.08.38:366][  0]LogD3D11RHI: Chosen D3D11 Adapter: 0
[2019.04.08-03.08.38:391][  0]LogD3D11RHI: Creating new Direct3DDevice
[2019.04.08-03.08.38:391][  0]LogD3D11RHI:     GPU DeviceId: 0x1c20 (for the marketing name, search the web for "GPU Device Id")
[2019.04.08-03.08.38:391][  0]LogWindows: EnumDisplayDevices:
[2019.04.08-03.08.38:391][  0]LogWindows:    0. 'Intel(R) UHD Graphics 630' (P:1 D:1)
[2019.04.08-03.08.38:392][  0]LogWindows:    1. 'Intel(R) UHD Graphics 630' (P:0 D:0)
[2019.04.08-03.08.38:392][  0]LogWindows:    2. 'Intel(R) UHD Graphics 630' (P:0 D:0)
[2019.04.08-03.08.38:392][  0]LogWindows:    3. 'NVIDIA GeForce GTX 1060' (P:0 D:0)
[2019.04.08-03.08.38:392][  0]LogWindows:    4. 'NVIDIA GeForce GTX 1060' (P:0 D:0)
[2019.04.08-03.08.38:392][  0]LogWindows:    5. 'NVIDIA GeForce GTX 1060' (P:0 D:0)
[2019.04.08-03.08.38:393][  0]LogWindows:    6. 'NVIDIA GeForce GTX 1060' (P:0 D:0)
[2019.04.08-03.08.38:393][  0]LogWindows: DebugString: PrimaryIsNotTheChoosenAdapter PrimaryIsNotTheChoosenAdapter PrimaryIsNotTheChoosenAdapter FoundDriverCount:4 
[2019.04.08-03.08.38:393][  0]LogD3D11RHI:     Adapter Name: NVIDIA GeForce GTX 1060
[2019.04.08-03.08.38:393][  0]LogD3D11RHI:   Driver Version: 419.35 (internal:25.21.14.1935, unified:419.35)
[2019.04.08-03.08.38:393][  0]LogD3D11RHI:      Driver Date: 3-1-2019
[2019.04.08-03.08.38:393][  0]LogRHI: Texture pool is 4236 MB (70% of 6052 MB)
[2019.04.08-03.08.38:437][  0]LogD3D11RHI: Async texture creation enabled
[2019.04.08-03.08.38:459][  0]LogD3D11RHI: GPU Timing Frequency: 1000.000000 (Debug: 2 2)
[2019.04.08-03.08.38:746][  0]LogTemp: Display: Loaded TP AllDesktopTargetPlatform
[2019.04.08-03.08.38:761][  0]LogTemp: Display: Loaded TP MacClientTargetPlatform
[2019.04.08-03.08.38:780][  0]LogTemp: Display: Loaded TP MacNoEditorTargetPlatform
[2019.04.08-03.08.38:791][  0]LogTemp: Display: Loaded TP MacServerTargetPlatform
[2019.04.08-03.08.38:803][  0]LogTemp: Display: Loaded TP MacTargetPlatform
[2019.04.08-03.08.38:815][  0]LogTemp: Display: Loaded TP WindowsClientTargetPlatform
[2019.04.08-03.08.38:827][  0]LogTemp: Display: Loaded TP WindowsNoEditorTargetPlatform
[2019.04.08-03.08.38:838][  0]LogTemp: Display: Loaded TP WindowsServerTargetPlatform
[2019.04.08-03.08.38:845][  0]LogTemp: Display: Loaded TP WindowsTargetPlatform
[2019.04.08-03.08.38:915][  0]LogTemp: Display: Loaded TP AndroidTargetPlatform
[2019.04.08-03.08.38:915][  0]LogTemp: Display: Loaded TP AndroidTargetPlatform
[2019.04.08-03.08.38:915][  0]LogTemp: Display: Loaded TP AndroidTargetPlatform
[2019.04.08-03.08.38:915][  0]LogTemp: Display: Loaded TP AndroidTargetPlatform
[2019.04.08-03.08.38:915][  0]LogTemp: Display: Loaded TP AndroidTargetPlatform
[2019.04.08-03.08.38:915][  0]LogTemp: Display: Loaded TP AndroidTargetPlatform
[2019.04.08-03.08.38:915][  0]LogTemp: Display: Loaded TP AndroidTargetPlatform
[2019.04.08-03.08.38:915][  0]LogTemp: Display: Loaded TP AndroidTargetPlatform
[2019.04.08-03.08.38:915][  0]LogTemp: Display: Loaded TP AndroidTargetPlatform
[2019.04.08-03.08.38:915][  0]LogTemp: Display: Loaded TP AndroidTargetPlatform
[2019.04.08-03.08.38:915][  0]LogTemp: Display: Loaded TP AndroidTargetPlatform
[2019.04.08-03.08.38:915][  0]LogTemp: Display: Loaded TP AndroidTargetPlatform
[2019.04.08-03.08.38:915][  0]LogTemp: Display: Loaded TP AndroidTargetPlatform
[2019.04.08-03.08.38:915][  0]LogTemp: Display: Loaded TP AndroidTargetPlatform
[2019.04.08-03.08.38:915][  0]LogTemp: Display: Loaded TP AndroidTargetPlatform
[2019.04.08-03.08.38:915][  0]LogTemp: Display: Loaded TP AndroidTargetPlatform
[2019.04.08-03.08.38:916][  0]LogTemp: Display: Loaded TP AndroidTargetPlatform
[2019.04.08-03.08.38:916][  0]LogTemp: Display: Loaded TP AndroidTargetPlatform
[2019.04.08-03.08.38:917][  0]LogTemp: Display: Loaded TP HTML5TargetPlatform
[2019.04.08-03.08.38:973][  0]LogTemp: Display: Loaded TP IOSTargetPlatform
[2019.04.08-03.08.38:973][  0]LogTemp: Display: Loaded TP IOSTargetPlatform
[2019.04.08-03.08.38:993][  0]LogTemp: Display: Loaded TP TVOSTargetPlatform
[2019.04.08-03.08.38:993][  0]LogTemp: Display: Loaded TP TVOSTargetPlatform
[2019.04.08-03.08.39:004][  0]LogTemp: Display: Loaded TP LinuxClientTargetPlatform
[2019.04.08-03.08.39:015][  0]LogTemp: Display: Loaded TP LinuxNoEditorTargetPlatform
[2019.04.08-03.08.39:026][  0]LogTemp: Display: Loaded TP LinuxServerTargetPlatform
[2019.04.08-03.08.39:042][  0]LogTemp: Display: Loaded TP LinuxTargetPlatform
[2019.04.08-03.08.39:090][  0]LogTemp: Display: Loaded TP LuminTargetPlatform
[2019.04.08-03.08.39:090][  0]LogTemp: Display: Loaded TP LuminTargetPlatform
[2019.04.08-03.08.39:090][  0]LogTargetPlatformManager: Display: Building Assets For Windows
[2019.04.08-03.08.39:146][  0]LogShaderCompilers: Guid format shader working directory is 21 characters bigger than the processId version (D:/FOLDER/OverIT/MyProject3/Intermediate/Shaders/WorkingDirectory/12372/).
[2019.04.08-03.08.39:146][  0]LogShaderCompilers: Cleaned the shader compiler working directory 'C:/Users/Gretchen/AppData/Local/Temp/UnrealShaderWorkingDir/B0443F344CB774E54CEE3FA73AF14E9E/'.
[2019.04.08-03.08.39:149][  0]LogXGEController: Cleaning working directory: C:/Users/Gretchen/AppData/Local/Temp/UnrealXGEWorkingDir/
[2019.04.08-03.08.39:149][  0]LogXGEController: Cannot use XGE Controller as Incredibuild is not installed on this machine.
[2019.04.08-03.08.39:149][  0]LogShaderCompilers: Cannot use XGE Shader Compiler as Incredibuild is not installed on this machine.
[2019.04.08-03.08.39:149][  0]LogShaderCompilers: Display: Using Local Shader Compiler.
[2019.04.08-03.08.39:651][  0]LogDerivedDataCache: Display: Max Cache Size: 512 MB
[2019.04.08-03.08.39:697][  0]LogDerivedDataCache: Loaded boot cache 0.05s 71MB C:/Users/Gretchen/AppData/Local/UnrealEngine/4.21/DerivedDataCache/Boot.ddc.
[2019.04.08-03.08.39:697][  0]LogDerivedDataCache: Display: Loaded Boot cache: C:/Users/Gretchen/AppData/Local/UnrealEngine/4.21/DerivedDataCache/Boot.ddc
[2019.04.08-03.08.39:697][  0]LogDerivedDataCache: FDerivedDataBackendGraph:  Pak pak cache file D:/FOLDER/OverIT/MyProject3/DerivedDataCache/DDC.ddp not found, will not use a pak cache.
[2019.04.08-03.08.39:697][  0]LogDerivedDataCache: Unable to find inner node Pak for hierarchical cache Hierarchy.
[2019.04.08-03.08.39:697][  0]LogDerivedDataCache: FDerivedDataBackendGraph:  CompressedPak pak cache file D:/FOLDER/OverIT/MyProject3/DerivedDataCache/Compressed.ddp not found, will not use a pak cache.
[2019.04.08-03.08.39:697][  0]LogDerivedDataCache: Unable to find inner node CompressedPak for hierarchical cache Hierarchy.
[2019.04.08-03.08.39:711][  0]LogDerivedDataCache: Display: Pak cache opened for reading ../../../Engine/DerivedDataCache/Compressed.ddp.
[2019.04.08-03.08.39:711][  0]LogDerivedDataCache: FDerivedDataBackendGraph:  EnterprisePak pak cache file ../../../Enterprise/DerivedDataCache/Compressed.ddp not found, will not use a pak cache.
[2019.04.08-03.08.39:711][  0]LogDerivedDataCache: Unable to find inner node EnterprisePak for hierarchical cache Hierarchy.
[2019.04.08-03.08.39:723][  0]LogDerivedDataCache: Using Local data cache path C:/Users/Gretchen/AppData/Local/UnrealEngine/Common/DerivedDataCache: Writable
[2019.04.08-03.08.39:723][  0]LogDerivedDataCache: Shared data cache path not found in *engine.ini, will not use an Shared cache.
[2019.04.08-03.08.39:723][  0]LogDerivedDataCache: Unable to find inner node Shared for hierarchical cache Hierarchy.
[2019.04.08-03.08.39:742][  0]LogMaterial: Verifying Global Shaders for PCD3D_SM5
[2019.04.08-03.08.39:743][  0]LogSlate: Using FreeType 2.6.0
[2019.04.08-03.08.39:744][  0]LogSlate: SlateFontServices - WITH_FREETYPE: 1, WITH_HARFBUZZ: 1
[2019.04.08-03.08.39:824][  0]LogAssetRegistry: FAssetRegistry took 0.0313 seconds to start up
[2019.04.08-03.08.40:101][  0]LogInit: Selected Device Profile: [Windows]
[2019.04.08-03.08.40:168][  0]LogSimplygon: Simplygon DLL not present - disabling.
[2019.04.08-03.08.40:172][  0]LogMeshReduction: Using SimplygonSwarm for distributed automatic mesh merging
[2019.04.08-03.08.40:172][  0]LogMeshReduction: Using ProxyLODMeshReduction for automatic mesh merging
[2019.04.08-03.08.40:172][  0]LogMeshReduction: Using QuadricMeshReduction for automatic static mesh reduction
[2019.04.08-03.08.40:172][  0]LogMeshReduction: No automatic skeletal mesh reduction module available
[2019.04.08-03.08.40:251][  0]LogNetVersion: MyProject3 1.0.0, NetCL: 4541578, EngineNetVer: 5, GameNetVer: 0 (Checksum: 2916331349)
[2019.04.08-03.08.40:695][  0]LogPackageLocalizationCache: Processed 11 localized package path(s) for 2 prioritized culture(s) in 0.069914 seconds
[2019.04.08-03.08.40:701][  0]LogUObjectArray: 39775 objects as part of root set at end of initial load.
[2019.04.08-03.08.40:701][  0]LogUObjectAllocator: 6914664 out of 0 bytes used by permanent object pool.
[2019.04.08-03.08.40:701][  0]LogUObjectArray: CloseDisregardForGC: 0/0 objects in disregard for GC pool
[2019.04.08-03.08.41:488][  0]LogTcpMessaging: Initializing TcpMessaging bridge
[2019.04.08-03.08.41:502][  0]LogUdpMessaging: Initializing bridge on interface 0.0.0.0:0 to multicast group 230.0.0.1:6666.
[2019.04.08-03.08.42:123][  0]SourceControl: Source control is disabled
[2019.04.08-03.08.42:123][  0]SourceControl: Source control is disabled
[2019.04.08-03.08.42:125][  0]SourceControl: Source control is disabled
[2019.04.08-03.08.42:125][  0]SourceControl: Source control is disabled
[2019.04.08-03.08.42:282][  0]LogAndroidPermission: UAndroidPermissionCallbackProxy::GetInstance
[2019.04.08-03.08.42:528][  0]LogOcInput: OculusInput pre-init called
[2019.04.08-03.08.42:657][  0]LogEngine: Initializing Engine...
[2019.04.08-03.08.42:657][  0]LogHMD: Oculus plugin initialized. Version: 4.21.2-4753647+++UE4+Release-4.21, OVRPlugin: 1.28.0
[2019.04.08-03.08.42:659][  0]LogStats: UGameplayTagsManager::ConstructGameplayTagTree: ImportINI prefixes -  0.000 s
[2019.04.08-03.08.42:659][  0]LogStats: UGameplayTagsManager::ConstructGameplayTagTree: Construct from data asset -  0.000 s
[2019.04.08-03.08.42:659][  0]LogStats: UGameplayTagsManager::ConstructGameplayTagTree: ImportINI -  0.000 s
[2019.04.08-03.08.42:659][  0]LogStats: UGameplayTagsManager::ConstructGameplayTagTree: GameplayTagTreeChangedEvent.Broadcast -  0.000 s
[2019.04.08-03.08.42:864][  0]LogInit: Initializing FReadOnlyCVARCache
[2019.04.08-03.08.42:877][  0]LogAIModule: Creating AISystem for world Untitled
[2019.04.08-03.08.42:891][  0]LogInit: XAudio2 using 'Headphones (2- Rift Audio)' : 2 channels at 48 kHz using 16 bits per sample (channel mask 0x3)
[2019.04.08-03.08.42:905][  0]LogInit: FAudioDevice initialized.
[2019.04.08-03.08.42:905][  0]LogNetVersion: Set ProjectVersion to 1.0.0.0. Version Checksum will be recalculated on next use.
[2019.04.08-03.08.43:027][  0]LogDerivedDataCache: Saved boot cache 0.12s 71MB C:/Users/Gretchen/AppData/Local/UnrealEngine/4.21/DerivedDataCache/Boot.ddc.
[2019.04.08-03.08.43:034][  0]LogInit: Texture streaming: Enabled
[2019.04.08-03.08.43:052][  0]LogEngineSessionManager: EngineSessionManager initialized
[2019.04.08-03.08.43:052][  0]LogEngineSessionManager: EngineSessionManager sent abnormal shutdown report. Type=Crashed, SessionId={AA8F3418-4461-A427-D653-D0AD77526CEC}
[2019.04.08-03.08.43:063][  0]LogInit: Transaction tracking system initialized
[2019.04.08-03.08.43:086][  0]BlueprintLog: New page: Editor Load
[2019.04.08-03.08.43:164][  0]LocalizationService: Localization service is disabled
[2019.04.08-03.08.43:626][  0]LogFileCache: Scanning file cache for directory 'D:/FOLDER/OverIT/MyProject3/Content/' took 0.01s
[2019.04.08-03.08.43:626][  0]LogCook: Display: Max memory allowance for cook 16384mb min free memory 0mb
[2019.04.08-03.08.43:626][  0]LogCook: Display: Mobile HDR setting 1
[2019.04.08-03.08.43:626][  0]LogGameplayTags: Display: UGameplayTagsManager::DoneAddingNativeTags. DelegateIsBound: 0
[2019.04.08-03.08.43:626][  0]LogStats: UGameplayTagsManager::ConstructGameplayTagTree: ImportINI prefixes -  0.000 s
[2019.04.08-03.08.43:626][  0]LogStats: UGameplayTagsManager::ConstructGameplayTagTree: Construct from data asset -  0.000 s
[2019.04.08-03.08.43:626][  0]LogStats: UGameplayTagsManager::ConstructGameplayTagTree: ImportINI -  0.000 s
[2019.04.08-03.08.43:626][  0]LogStats: UGameplayTagsManager::ConstructGameplayTagTree: GameplayTagTreeChangedEvent.Broadcast -  0.000 s
[2019.04.08-03.08.43:767][  0]SourceControl: Source control is disabled
[2019.04.08-03.08.43:767][  0]Cmd: MAP LOAD FILE="D:/FOLDER/OverIT/MyProject3/Content/StarterContent/Maps/Level1.umap" TEMPLATE=0 SHOWPROGRESS=1 FEATURELEVEL=3
[2019.04.08-03.08.43:768][  0]LightingResults: New page: Lighting Build
[2019.04.08-03.08.43:772][  0]MapCheck: New page: Map Check
[2019.04.08-03.08.43:772][  0]LightingResults: New page: Lighting Build
[2019.04.08-03.08.44:291][  0]LogLinker: Warning: Can't find file '/Game/Geometry/Objects/pCube3Mat'
[2019.04.08-03.08.44:291][  0]LoadErrors: Failed to load /Game/Geometry/Objects/hs_clipBoard.hs_clipBoard Referenced by Clip_GEN_VARIABLE
[2019.04.08-03.08.44:291][  0]LogLinker: Warning: Can't find file for asset '/Game/Geometry/Objects/pCube3Mat' while loading D:/FOLDER/OverIT/MyProject3/Content/Geometry/Objects/hs_clipBoard.uasset.
[2019.04.08-03.08.44:291][  0]LoadErrors: Failed to load /Game/Geometry/Objects/hs_clipBoard.hs_clipBoard Referenced by Clip_GEN_VARIABLE
[2019.04.08-03.08.44:291][  0]LoadErrors: Error: /Game/Geometry/Objects/hs_clipBoard : Can't find file for asset. /Game/Geometry/Objects/pCube3Mat
[2019.04.08-03.08.44:292][  0]LogLinker: Warning: Can't find file '/Game/Geometry/Objects/pCube3Mat'
[2019.04.08-03.08.44:292][  0]LoadErrors: Failed to load /Game/Geometry/Objects/hs_clipBoard.hs_clipBoard Referenced by Clip_GEN_VARIABLE
[2019.04.08-03.08.44:292][  0]LogLinker: Warning: Can't find file for asset '/Game/Geometry/Objects/pCube3Mat' while loading D:/FOLDER/OverIT/MyProject3/Content/Geometry/Objects/hs_clipBoard.uasset.
[2019.04.08-03.08.44:292][  0]LoadErrors: Failed to load /Game/Geometry/Objects/hs_clipBoard.hs_clipBoard Referenced by Clip_GEN_VARIABLE
[2019.04.08-03.08.44:292][  0]LoadErrors: Error: /Game/Geometry/Objects/hs_clipBoard : Can't find file for asset. /Game/Geometry/Objects/pCube3Mat
[2019.04.08-03.08.44:293][  0]LogLinker: Warning: Can't find file '/Game/Geometry/Objects/pCylinder2Mat'
[2019.04.08-03.08.44:294][  0]LoadErrors: Failed to load /Game/Geometry/Objects/hs_Pen.hs_Pen Referenced by Pen_GEN_VARIABLE
[2019.04.08-03.08.44:294][  0]LogLinker: Warning: Can't find file for asset '/Game/Geometry/Objects/pCylinder2Mat' while loading D:/FOLDER/OverIT/MyProject3/Content/Geometry/Objects/hs_Pen.uasset.
[2019.04.08-03.08.44:294][  0]LoadErrors: Failed to load /Game/Geometry/Objects/hs_Pen.hs_Pen Referenced by Pen_GEN_VARIABLE
[2019.04.08-03.08.44:294][  0]LoadErrors: Error: /Game/Geometry/Objects/hs_Pen : Can't find file for asset. /Game/Geometry/Objects/pCylinder2Mat
[2019.04.08-03.08.44:294][  0]LogLinker: Warning: Can't find file '/Game/Geometry/Objects/pCylinder2Mat'
[2019.04.08-03.08.44:294][  0]LoadErrors: Failed to load /Game/Geometry/Objects/hs_Pen.hs_Pen Referenced by Pen_GEN_VARIABLE
[2019.04.08-03.08.44:294][  0]LogLinker: Warning: Can't find file for asset '/Game/Geometry/Objects/pCylinder2Mat' while loading D:/FOLDER/OverIT/MyProject3/Content/Geometry/Objects/hs_Pen.uasset.
[2019.04.08-03.08.44:294][  0]LoadErrors: Failed to load /Game/Geometry/Objects/hs_Pen.hs_Pen Referenced by Pen_GEN_VARIABLE
[2019.04.08-03.08.44:294][  0]LoadErrors: Error: /Game/Geometry/Objects/hs_Pen : Can't find file for asset. /Game/Geometry/Objects/pCylinder2Mat
[2019.04.08-03.08.44:865][  0]LogLinker: Warning: Can't find file '/Game/Geometry/Objects/pCylinder2Mat'
[2019.04.08-03.08.44:865][  0]LoadErrors: Failed to load /Game/Geometry/Objects/pCylinder2Mat.pCylinder2Mat Referenced by hs_Pen
[2019.04.08-03.08.44:865][  0]LogLinker: Warning: Can't find file for asset '/Game/Geometry/Objects/pCylinder2Mat' while loading NULL.
[2019.04.08-03.08.44:865][  0]LoadErrors: Failed to load /Game/Geometry/Objects/pCylinder2Mat.pCylinder2Mat Referenced by hs_Pen
[2019.04.08-03.08.44:865][  0]LogLinker: Warning: Can't find file '/Game/Geometry/Objects/pCylinder2Mat'
[2019.04.08-03.08.44:865][  0]LoadErrors: Failed to load /Game/Geometry/Objects/pCylinder2Mat.pCylinder2Mat Referenced by hs_Pen
[2019.04.08-03.08.44:866][  0]LogLinker: Warning: Can't find file for asset '/Game/Geometry/Objects/pCylinder2Mat' while loading NULL.
[2019.04.08-03.08.44:866][  0]LoadErrors: Failed to load /Game/Geometry/Objects/pCylinder2Mat.pCylinder2Mat Referenced by hs_Pen
[2019.04.08-03.08.44:866][  0]LogLinker: Warning: Can't find file '/Game/Geometry/Objects/pCube3Mat'
[2019.04.08-03.08.44:866][  0]LoadErrors: Failed to load /Game/Geometry/Objects/pCube3Mat.pCube3Mat Referenced by hs_clipBoard
[2019.04.08-03.08.44:866][  0]LogLinker: Warning: Can't find file for asset '/Game/Geometry/Objects/pCube3Mat' while loading NULL.
[2019.04.08-03.08.44:866][  0]LoadErrors: Failed to load /Game/Geometry/Objects/pCube3Mat.pCube3Mat Referenced by hs_clipBoard
[2019.04.08-03.08.44:866][  0]LogLinker: Warning: Can't find file '/Game/Geometry/Objects/pCube3Mat'
[2019.04.08-03.08.44:866][  0]LoadErrors: Failed to load /Game/Geometry/Objects/pCube3Mat.pCube3Mat Referenced by hs_clipBoard
[2019.04.08-03.08.44:866][  0]LogLinker: Warning: Can't find file for asset '/Game/Geometry/Objects/pCube3Mat' while loading NULL.
[2019.04.08-03.08.44:866][  0]LoadErrors: Failed to load /Game/Geometry/Objects/pCube3Mat.pCube3Mat Referenced by hs_clipBoard
[2019.04.08-03.08.44:984][  0]LoadErrors: Warning: hs_slideDoor_Left Min LOD value of 1 is out of range 0..0 and has been adjusted to 0. Please verify and resave the asset.
[2019.04.08-03.08.44:985][  0]LoadErrors: Warning: hs_slideDoor_Right Min LOD value of 1 is out of range 0..0 and has been adjusted to 0. Please verify and resave the asset.
[2019.04.08-03.08.44:986][  0]LoadErrors: Warning: hs_shopcartWide Min LOD value of 1 is out of range 0..0 and has been adjusted to 0. Please verify and resave the asset.
[2019.04.08-03.08.44:987][  0]LoadErrors: Warning: hs_cake Min LOD value of 1 is out of range 0..0 and has been adjusted to 0. Please verify and resave the asset.
[2019.04.08-03.08.44:989][  0]LoadErrors: Warning: hs_concreteBumper Min LOD value of 1 is out of range 0..0 and has been adjusted to 0. Please verify and resave the asset.
[2019.04.08-03.08.44:990][  0]LoadErrors: Warning: hs_groundPlane Min LOD value of 1 is out of range 0..0 and has been adjusted to 0. Please verify and resave the asset.
[2019.04.08-03.08.44:991][  0]LoadErrors: Warning: hs_lampTree Min LOD value of 1 is out of range 0..0 and has been adjusted to 0. Please verify and resave the asset.
[2019.04.08-03.08.44:992][  0]LoadErrors: Warning: HS_ObservationDeck Min LOD value of 1 is out of range 0..0 and has been adjusted to 0. Please verify and resave the asset.
[2019.04.08-03.08.44:992][  0]LoadErrors: Warning: hs_parkingMedian Min LOD value of 1 is out of range 0..0 and has been adjusted to 0. Please verify and resave the asset.
[2019.04.08-03.08.44:993][  0]LoadErrors: Warning: hs_poster Min LOD value of 1 is out of range 0..0 and has been adjusted to 0. Please verify and resave the asset.
[2019.04.08-03.08.44:995][  0]LoadErrors: Warning: pipe Min LOD value of 1 is out of range 0..0 and has been adjusted to 0. Please verify and resave the asset.
[2019.04.08-03.08.45:000][  0]LoadErrors: Warning: skybox2 Min LOD value of 1 is out of range 0..0 and has been adjusted to 0. Please verify and resave the asset.
[2019.04.08-03.08.45:159][  0]LoadErrors: Warning: hs_Pen Min LOD value of 1 is out of range 0..0 and has been adjusted to 0. Please verify and resave the asset.
[2019.04.08-03.08.45:160][  0]LoadErrors: Warning: hs_clipBoard Min LOD value of 1 is out of range 0..0 and has been adjusted to 0. Please verify and resave the asset.
[2019.04.08-03.08.45:246][  0]LoadErrors: Warning: hs_vase Min LOD value of 1 is out of range 0..0 and has been adjusted to 0. Please verify and resave the asset.
[2019.04.08-03.08.45:251][  0]LoadErrors: Warning: hs_diamond Min LOD value of 1 is out of range 0..0 and has been adjusted to 0. Please verify and resave the asset.
[2019.04.08-03.08.45:739][  0]LogAIModule: Creating AISystem for world Level1
[2019.04.08-03.08.45:770][  0]LogSlate: New Slate User Created.  User Index 8, Is Virtual User: 1
[2019.04.08-03.08.45:771][  0]LogSlate: Slate User Registered.  User Index 8, Is Virtual User: 1
[2019.04.08-03.08.45:797][  0]LogEditorServer: Finished looking for orphan Actors (0.000 secs)
[2019.04.08-03.08.45:834][  0]Cmd: MAP CHECKDEP NOCLEARLOG
[2019.04.08-03.08.45:835][  0]MapCheck: Map check complete: 0 Error(s), 0 Warning(s), took 0.224ms to complete.
[2019.04.08-03.08.45:835][  0]LogFileHelpers: Loading map 'Level1' took 2.068
[2019.04.08-03.08.45:933][  0]LogSlate: Updating window title bar state: overlay mode, drag disabled, window buttons hidden, title bar hidden
[2019.04.08-03.08.45:941][  0]LogSlate: Updating window title bar state: overlay mode, drag disabled, window buttons hidden, title bar hidden
[2019.04.08-03.08.45:947][  0]LogSlate: Updating window title bar state: overlay mode, drag disabled, window buttons hidden, title bar hidden
[2019.04.08-03.08.45:955][  0]LogSlate: Updating window title bar state: overlay mode, drag disabled, window buttons hidden, title bar hidden
[2019.04.08-03.08.45:961][  0]LogCollectionManager: Loaded 0 collections in 0.002152 seconds
[2019.04.08-03.08.45:988][  0]LogFileCache: Scanning file cache for directory 'D:/FOLDER/OverIT/MyProject3/Saved/Collections/' took 0.01s
[2019.04.08-03.08.45:988][  0]LogFileCache: Scanning file cache for directory 'D:/FOLDER/OverIT/MyProject3/Content/Developers/Gretchen/Collections/' took 0.00s
[2019.04.08-03.08.45:988][  0]LogFileCache: Scanning file cache for directory 'D:/FOLDER/OverIT/MyProject3/Content/Collections/' took 0.01s
[2019.04.08-03.08.45:988][  0]LogCollectionManager: Rebuilt the GUID cache for 0 collections in 0.000000 seconds
[2019.04.08-03.08.45:996][  0]LogContentBrowser: Native class hierarchy populated in 0.0077 seconds. Added 2651 classes and 620 folders.
[2019.04.08-03.08.46:002][  0]LogContentBrowser: Native class hierarchy updated for 'WidgetCarousel' in 0.0002 seconds. Added 0 classes and 0 folders.
[2019.04.08-03.08.46:004][  0]LogPakFile: Registered encryption key '00000000000000000000000000000000': 0 pak files mounted, 0 remain pending
[2019.04.08-03.08.46:004][  0]LogPakFile: Registered encryption key '00000000000000000000000000000000': 0 pak files mounted, 0 remain pending
[2019.04.08-03.08.46:005][  0]LogPakFile: Registered encryption key '00000000000000000000000000000000': 0 pak files mounted, 0 remain pending
[2019.04.08-03.08.46:005][  0]LogPakFile: Registered encryption key '00000000000000000000000000000000': 0 pak files mounted, 0 remain pending
[2019.04.08-03.08.46:006][  0]LogPakFile: Registered encryption key '00000000000000000000000000000000': 0 pak files mounted, 0 remain pending
[2019.04.08-03.08.46:006][  0]LogPakFile: Registered encryption key '00000000000000000000000000000000': 0 pak files mounted, 0 remain pending
[2019.04.08-03.08.46:006][  0]LogPakFile: Registered encryption key '00000000000000000000000000000000': 0 pak files mounted, 0 remain pending
[2019.04.08-03.08.46:007][  0]LogPakFile: Registered encryption key '00000000000000000000000000000000': 0 pak files mounted, 0 remain pending
[2019.04.08-03.08.46:007][  0]LogPakFile: Registered encryption key '00000000000000000000000000000000': 0 pak files mounted, 0 remain pending
[2019.04.08-03.08.46:007][  0]LogPakFile: Registered encryption key '00000000000000000000000000000000': 0 pak files mounted, 0 remain pending
[2019.04.08-03.08.46:008][  0]LogPakFile: Registered encryption key '00000000000000000000000000000000': 0 pak files mounted, 0 remain pending
[2019.04.08-03.08.46:008][  0]LogPakFile: Registered encryption key '00000000000000000000000000000000': 0 pak files mounted, 0 remain pending
[2019.04.08-03.08.46:009][  0]LogPakFile: Registered encryption key '00000000000000000000000000000000': 0 pak files mounted, 0 remain pending
[2019.04.08-03.08.46:009][  0]LogPakFile: Registered encryption key '00000000000000000000000000000000': 0 pak files mounted, 0 remain pending
[2019.04.08-03.08.46:009][  0]LogPakFile: Registered encryption key '00000000000000000000000000000000': 0 pak files mounted, 0 remain pending
[2019.04.08-03.08.46:010][  0]LogPakFile: Registered encryption key '00000000000000000000000000000000': 0 pak files mounted, 0 remain pending
[2019.04.08-03.08.46:010][  0]LogPakFile: Registered encryption key '00000000000000000000000000000000': 0 pak files mounted, 0 remain pending
[2019.04.08-03.08.46:011][  0]LogPakFile: Registered encryption key '00000000000000000000000000000000': 0 pak files mounted, 0 remain pending
[2019.04.08-03.08.46:011][  0]LogPakFile: Registered encryption key '00000000000000000000000000000000': 0 pak files mounted, 0 remain pending
[2019.04.08-03.08.46:011][  0]LogPakFile: Registered encryption key '00000000000000000000000000000000': 0 pak files mounted, 0 remain pending
[2019.04.08-03.08.46:012][  0]LogPakFile: Registered encryption key '00000000000000000000000000000000': 0 pak files mounted, 0 remain pending
[2019.04.08-03.08.46:012][  0]LogPakFile: Registered encryption key '00000000000000000000000000000000': 0 pak files mounted, 0 remain pending
[2019.04.08-03.08.46:013][  0]LogPakFile: Registered encryption key '00000000000000000000000000000000': 0 pak files mounted, 0 remain pending
[2019.04.08-03.08.46:013][  0]LogPakFile: Registered encryption key '00000000000000000000000000000000': 0 pak files mounted, 0 remain pending
[2019.04.08-03.08.46:013][  0]LogPakFile: Registered encryption key '00000000000000000000000000000000': 0 pak files mounted, 0 remain pending
[2019.04.08-03.08.46:014][  0]LogPakFile: Registered encryption key '00000000000000000000000000000000': 0 pak files mounted, 0 remain pending
[2019.04.08-03.08.46:050][  0]LogContentBrowser: Native class hierarchy updated for 'AddContentDialog' in 0.0003 seconds. Added 0 classes and 0 folders.
[2019.04.08-03.08.46:055][  0]LogContentBrowser: Native class hierarchy updated for 'SceneOutliner' in 0.0002 seconds. Added 1 classes and 2 folders.
[2019.04.08-03.08.46:160][  0]LogSlate: Took 0.000146 seconds to synchronously load lazily loaded font '../../../Engine/Content/Slate/Fonts/Roboto-Regular.ttf' (155K)
[2019.04.08-03.08.46:162][  0]LogSlate: Took 0.000194 seconds to synchronously load lazily loaded font '../../../Engine/Content/Slate/Fonts/Roboto-Bold.ttf' (160K)
[2019.04.08-03.08.46:167][  0]LogSlate: Took 0.000155 seconds to synchronously load lazily loaded font '../../../Engine/Content/Editor/Slate/Fonts/FontAwesome.ttf' (139K)
[2019.04.08-03.08.46:254][  0]LogRenderer: Reallocating scene render targets to support 872x428 Format 26 NumSamples 1 (Frame:1).
[2019.04.08-03.08.46:345][  0]LogSlate: Took 0.000112 seconds to synchronously load lazily loaded font '../../../Engine/Content/Slate/Fonts/Roboto-Light.ttf' (167K)
[2019.04.08-03.08.46:457][  0]LogContentBrowser: Native class hierarchy updated for 'HierarchicalLODOutliner' in 0.0003 seconds. Added 0 classes and 0 folders.
[2019.04.08-03.08.46:457][  0]LogLoad: (Engine Initialization) Total time: 11.00 seconds
[2019.04.08-03.08.46:457][  0]LogLoad: (Engine Initialization) Total Blueprint compile time: 0.00 seconds
[2019.04.08-03.08.46:477][  0]LogWindowsTextInputMethodSystem: Display: IME system now deactivated.
[2019.04.08-03.08.46:477][  0]LogOcInput: OculusInput is initialized
[2019.04.08-03.08.46:531][  0]LogContentStreaming: Texture pool size now 1000 MB
[2019.04.08-03.08.46:535][  0]LogSlate: FSceneViewport::OnFocusLost() reason 2
[2019.04.08-03.08.46:616][  0]LogRenderer: Reallocating scene render targets to support 872x440 Format 26 NumSamples 1 (Frame:2).
[2019.04.08-03.08.47:042][  7]LogAssetRegistry: Asset discovery search completed in 7.2406 seconds
[2019.04.08-03.08.47:044][  7]LogCollectionManager: Rebuilt the object cache for 0 collections in 0.000000 seconds (found 0 objects)
[2019.04.08-03.08.47:044][  7]LogCollectionManager: Fixed up redirectors for 0 collections in 0.000050 seconds (updated 0 objects)
[2019.04.08-03.09.19:402][946]LogSlate: Window 'Message Log' being destroyed
[2019.04.08-03.09.19:407][946]LogSlate: Window 'Message Log' being destroyed
[2019.04.08-03.09.31:104][647]LogEditorViewport: Clicking on Actor (LMB): Scanner_C (Scanner)
[2019.04.08-03.09.32:635][736]LogSlate: FSceneViewport::OnFocusLost() reason 0
[2019.04.08-03.09.33:221][771]LogSlate: Took 0.000143 seconds to synchronously load lazily loaded font '../../../Engine/Content/Slate/Fonts/Roboto-Light.ttf' (167K)
[2019.04.08-03.09.33:226][771]LogAssetEditorManager: Opening Asset editor for Blueprint /Game/Blueprints/Scanner.Scanner
[2019.04.08-03.09.33:684][771]LogContentBrowser: Native class hierarchy updated for 'BlueprintGraph' in 0.0005 seconds. Added 117 classes and 0 folders.
[2019.04.08-03.09.34:399][771]LogSlate: Took 0.001662 seconds to synchronously load lazily loaded font '../../../Engine/Content/Slate/Fonts/Roboto-BoldCondensed.ttf' (158K)
[2019.04.08-03.09.34:498][772]LogSlate: Took 0.000335 seconds to synchronously load lazily loaded font '../../../Engine/Content/Slate/Fonts/Roboto-Italic.ttf' (157K)
[2019.04.08-03.09.53:733][882]BlueprintLog: New page: Compile Scanner
[2019.04.08-03.09.59:496][135]LogTemp: Repeating last play command: VR Preview
[2019.04.08-03.09.59:512][135]LogBlueprintUserMessages: Early PlayInEditor Detection: Level '/Game/StarterContent/Maps/Level1.Level1:PersistentLevel' has LevelScriptBlueprint '/Game/StarterContent/Maps/Level1.Level1:PersistentLevel.Level1' with GeneratedClass '/Game/StarterContent/Maps/Level1.Level1_C' with ClassGeneratedBy '/Game/StarterContent/Maps/Level1.Level1:PersistentLevel.Level1'
[2019.04.08-03.09.59:512][135]LogPlayLevel: PlayLevel: No blueprints needed recompiling
[2019.04.08-03.09.59:512][135]LogHMD: Initializing OVRPlugin session
[2019.04.08-03.09.59:753][135]PIE: New page: PIE session: Level1 (Apr 7, 2019, 7:09:59 PM)
[2019.04.08-03.09.59:766][135]LogPlayLevel: Creating play world package: /Game/StarterContent/Maps/UEDPIE_0_Level1
[2019.04.08-03.09.59:824][135]LogPlayLevel: PIE: StaticDuplicateObject took: (0.058017s)
[2019.04.08-03.09.59:825][135]LogAIModule: Creating AISystem for world Level1
[2019.04.08-03.09.59:825][135]LogPlayLevel: PIE: World Init took: (0.000462s)
[2019.04.08-03.09.59:825][135]LogPlayLevel: PIE: Created PIE world by copying editor world from /Game/StarterContent/Maps/Level1.Level1 to /Game/StarterContent/Maps/UEDPIE_0_Level1.Level1 (0.058869s)
[2019.04.08-03.09.59:866][135]LogInit: XAudio2 using 'Headphones (2- Rift Audio)' : 2 channels at 48 kHz using 16 bits per sample (channel mask 0x3)
[2019.04.08-03.09.59:875][135]LogInit: FAudioDevice initialized.
[2019.04.08-03.09.59:882][135]LogSlate: Updating window title bar state: overlay mode, drag disabled, window buttons hidden, title bar hidden
[2019.04.08-03.09.59:958][135]LogHMD: Allocating Oculus 2656 x 1584 rendertarget swapchain
[2019.04.08-03.09.59:999][135]LogLoad: Game class is 'GameModeBase'
[2019.04.08-03.10.00:027][135]LogWorld: Bringing World /Game/StarterContent/Maps/UEDPIE_0_Level1.Level1 up for play (max tick rate 0) at 2019.04.07-23.10.00
[2019.04.08-03.10.00:030][135]LogWorld: Bringing up level for play took: 0.028937
[2019.04.08-03.10.00:047][135]LogContentBrowser: Native class hierarchy updated for 'MovieSceneCapture' in 0.0003 seconds. Added 20 classes and 0 folders.
[2019.04.08-03.10.00:049][135]Cmd: vr.bEnableStereo True
[2019.04.08-03.10.00:049][135]LogBlueprintUserMessages: Warning: SetTimer passed a bad function (TimeFunctionTick) or object (MotionControllerPawn_2)
[2019.04.08-03.10.00:057][135]PIE: Play in editor start time for /Game/StarterContent/Maps/UEDPIE_0_Level1 1.17
[2019.04.08-03.10.00:058][135]LogBlueprintUserMessages: Late PlayInEditor Detection: Level '/Game/StarterContent/Maps/Level1.Level1:PersistentLevel' has LevelScriptBlueprint '/Game/StarterContent/Maps/Level1.Level1:PersistentLevel.Level1' with GeneratedClass '/Game/StarterContent/Maps/Level1.Level1_C' with ClassGeneratedBy '/Game/StarterContent/Maps/Level1.Level1:PersistentLevel.Level1'
[2019.04.08-03.10.00:058][135]LogEngine: Changing dynamic resolution state.
[2019.04.08-03.10.00:072][135]LogRenderer: Releasing previous depth to switch default clear from depth: 0.000000 stencil: 0 to depth: 0.000000 stencil: 0
[2019.04.08-03.10.00:072][135]LogRenderer: Releasing previous depth to switch default clear from depth: 0.000000 stencil: 0 to depth: 0.000000 stencil: 0
[2019.04.08-03.10.00:072][135]LogRenderer: Releasing previous depth to switch default clear from depth: 0.000000 stencil: 0 to depth: 0.000000 stencil: 0
[2019.04.08-03.10.00:072][135]LogRenderer: Releasing previous depth to switch default clear from depth: 0.000000 stencil: 0 to depth: 0.000000 stencil: 0
[2019.04.08-03.10.00:072][135]LogRenderer: Releasing previous depth to switch default clear from depth: 0.000000 stencil: 0 to depth: 0.000000 stencil: 0
[2019.04.08-03.10.00:072][135]LogRenderer: Releasing previous depth to switch default clear from depth: 0.000000 stencil: 0 to depth: 0.000000 stencil: 0
[2019.04.08-03.10.00:077][135]LogRenderer: Reallocating scene render targets to support 2656x1584 Format 26 NumSamples 1 (Frame:1).
[2019.04.08-03.10.00:077][135]LogHMD: Allocating Oculus 2656 x 1584 depth rendertarget swapchain
[2019.04.08-03.10.00:737][181]LogScript: Warning: Accessed None trying to read property ScanVar
	Spawner_C /Game/StarterContent/Maps/UEDPIE_0_Level1.Level1:PersistentLevel.Spawner_2
	Function /Game/Blueprints/Spawner.Spawner_C:ExecuteUbergraph_Spawner:1630
[2019.04.08-03.10.00:737][181]PIE: Error: Blueprint Runtime Error: "Accessed None trying to read property ScanVar". Blueprint:  Spawner Function:  Execute Ubergraph Spawner Graph:  EventGraph Node:  Branch
[2019.04.08-03.10.18:311][  3]LogBlueprintUserMessages: Early EndPlayMap Detection: Level '/Game/StarterContent/Maps/Level1.Level1:PersistentLevel' has LevelScriptBlueprint '/Game/StarterContent/Maps/Level1.Level1:PersistentLevel.Level1' with GeneratedClass '/Game/StarterContent/Maps/Level1.Level1_C' with ClassGeneratedBy '/Game/StarterContent/Maps/Level1.Level1:PersistentLevel.Level1'
[2019.04.08-03.10.18:380][  3]LogSlate: Updating window title bar state: overlay mode, drag disabled, window buttons hidden, title bar hidden
[2019.04.08-03.10.18:429][  3]LogSlate: Window 'MyProject3 Game Preview Standalone (64-bit/PCD3D_SM5)' being destroyed
[2019.04.08-03.10.18:474][  3]LogPlayLevel: Display: Shutting down PIE online subsystems
[2019.04.08-03.10.18:474][  3]LogBlueprintUserMessages: Late EndPlayMap Detection: Level '/Game/StarterContent/Maps/Level1.Level1:PersistentLevel' has LevelScriptBlueprint '/Game/StarterContent/Maps/Level1.Level1:PersistentLevel.Level1' with GeneratedClass '/Game/StarterContent/Maps/Level1.Level1_C' with ClassGeneratedBy '/Game/StarterContent/Maps/Level1.Level1:PersistentLevel.Level1'
[2019.04.08-03.10.18:585][  4]LogPlayLevel: Display: Destroying online subsystem :Context_2
[2019.04.08-03.10.18:585][  4]LogEngine: Changing dynamic resolution state.
[2019.04.08-03.10.19:620][ 65]LogSlate: Window 'Message Log' being destroyed
[2019.04.08-03.10.19:624][ 65]LogSlate: Window 'Message Log' being destroyed
[2019.04.08-03.10.20:603][124]LogTemp: Repeating last play command: VR Preview
[2019.04.08-03.10.20:616][124]LogBlueprintUserMessages: Early PlayInEditor Detection: Level '/Game/StarterContent/Maps/Level1.Level1:PersistentLevel' has LevelScriptBlueprint '/Game/StarterContent/Maps/Level1.Level1:PersistentLevel.Level1' with GeneratedClass '/Game/StarterContent/Maps/Level1.Level1_C' with ClassGeneratedBy '/Game/StarterContent/Maps/Level1.Level1:PersistentLevel.Level1'
[2019.04.08-03.10.20:617][124]LogPlayLevel: PlayLevel: No blueprints needed recompiling
[2019.04.08-03.10.20:617][124]LogHMD: Initializing OVRPlugin session
[2019.04.08-03.10.20:876][124]PIE: New page: PIE session: Level1 (Apr 7, 2019, 7:10:20 PM)
[2019.04.08-03.10.20:876][124]LogPlayLevel: Creating play world package: /Game/StarterContent/Maps/UEDPIE_0_Level1
[2019.04.08-03.10.20:958][124]LogPlayLevel: PIE: StaticDuplicateObject took: (0.081913s)
[2019.04.08-03.10.20:959][124]LogAIModule: Creating AISystem for world Level1
[2019.04.08-03.10.20:959][124]LogPlayLevel: PIE: World Init took: (0.000582s)
[2019.04.08-03.10.20:959][124]LogPlayLevel: PIE: Created PIE world by copying editor world from /Game/StarterContent/Maps/Level1.Level1 to /Game/StarterContent/Maps/UEDPIE_0_Level1.Level1 (0.082757s)
[2019.04.08-03.10.20:998][124]LogInit: XAudio2 using 'Headphones (2- Rift Audio)' : 2 channels at 48 kHz using 16 bits per sample (channel mask 0x3)
[2019.04.08-03.10.21:006][124]LogInit: FAudioDevice initialized.
[2019.04.08-03.10.21:013][124]LogSlate: Updating window title bar state: overlay mode, drag disabled, window buttons hidden, title bar hidden
[2019.04.08-03.10.21:087][124]LogHMD: Allocating Oculus 2656 x 1584 rendertarget swapchain
[2019.04.08-03.10.21:114][124]LogLoad: Game class is 'GameModeBase'
[2019.04.08-03.10.21:138][124]LogWorld: Bringing World /Game/StarterContent/Maps/UEDPIE_0_Level1.Level1 up for play (max tick rate 0) at 2019.04.07-23.10.21
[2019.04.08-03.10.21:142][124]LogWorld: Bringing up level for play took: 0.026790
[2019.04.08-03.10.21:157][124]Cmd: vr.bEnableStereo True
[2019.04.08-03.10.21:157][124]LogBlueprintUserMessages: Warning: SetTimer passed a bad function (TimeFunctionTick) or object (MotionControllerPawn_2)
[2019.04.08-03.10.21:167][124]PIE: Play in editor start time for /Game/StarterContent/Maps/UEDPIE_0_Level1 0.278
[2019.04.08-03.10.21:167][124]LogBlueprintUserMessages: Late PlayInEditor Detection: Level '/Game/StarterContent/Maps/Level1.Level1:PersistentLevel' has LevelScriptBlueprint '/Game/StarterContent/Maps/Level1.Level1:PersistentLevel.Level1' with GeneratedClass '/Game/StarterContent/Maps/Level1.Level1_C' with ClassGeneratedBy '/Game/StarterContent/Maps/Level1.Level1:PersistentLevel.Level1'
[2019.04.08-03.10.21:167][124]LogEngine: Changing dynamic resolution state.
[2019.04.08-03.10.21:174][124]LogRenderer: Releasing previous depth to switch default clear from depth: 0.000000 stencil: 0 to depth: 0.000000 stencil: 0
[2019.04.08-03.10.21:174][124]LogHMD: Allocating Oculus 2656 x 1584 depth rendertarget swapchain
[2019.04.08-03.10.21:851][163]LogScript: Warning: Accessed None trying to read property ScanVar
	Spawner_C /Game/StarterContent/Maps/UEDPIE_0_Level1.Level1:PersistentLevel.Spawner_2
	Function /Game/Blueprints/Spawner.Spawner_C:ExecuteUbergraph_Spawner:1630
[2019.04.08-03.10.21:851][163]PIE: Error: Blueprint Runtime Error: "Accessed None trying to read property ScanVar". Blueprint:  Spawner Function:  Execute Ubergraph Spawner Graph:  EventGraph Node:  Branch
[2019.04.08-03.10.36:913][841]LogScript: Warning: Attempted to access Scannables_C_2 via property K2Node_DynamicCast_AsScannables, but Scannables_C_2 is pending kill
	Scanner_C /Game/StarterContent/Maps/UEDPIE_0_Level1.Level1:PersistentLevel.Scanner_2
	Function /Game/Blueprints/Scanner.Scanner_C:ExecuteUbergraph_Scanner:00E7
[2019.04.08-03.10.36:913][841]PIE: Error: Blueprint Runtime Error: "Attempted to access Scannables_C_2 via property K2Node_DynamicCast_AsScannables, but Scannables_C_2 is pending kill". Blueprint:  Scanner Function:  Execute Ubergraph Scanner Graph:  EventGraph Node:  Branch
[2019.04.08-03.10.36:913][841]LogScript: Warning: Attempted to access Scannables_C_2 via property K2Node_DynamicCast_AsScannables, but Scannables_C_2 is pending kill
	Scanner_C /Game/StarterContent/Maps/UEDPIE_0_Level1.Level1:PersistentLevel.Scanner_2
	Function /Game/Blueprints/Scanner.Scanner_C:ExecuteUbergraph_Scanner:010E
[2019.04.08-03.10.36:913][841]PIE: Error: Blueprint Runtime Error: "Attempted to access Scannables_C_2 via property K2Node_DynamicCast_AsScannables, but Scannables_C_2 is pending kill". Blueprint:  Scanner Function:  Execute Ubergraph Scanner Graph:  EventGraph Node:  Set IsScanned
[2019.04.08-03.10.36:914][841]LogScript: Warning: Attempted to access Scannables_C_2 via property K2Node_DynamicCast_AsScannables, but Scannables_C_2 is pending kill
	Scanner_C /Game/StarterContent/Maps/UEDPIE_0_Level1.Level1:PersistentLevel.Scanner_2
	Function /Game/Blueprints/Scanner.Scanner_C:ExecuteUbergraph_Scanner:0142
[2019.04.08-03.10.36:914][841]PIE: Error: Blueprint Runtime Error: "Attempted to access Scannables_C_2 via property K2Node_DynamicCast_AsScannables, but Scannables_C_2 is pending kill". Blueprint:  Scanner Function:  Execute Ubergraph Scanner Graph:  EventGraph Node:  Set currentPointsValue
[2019.04.08-03.10.36:914][841]LogScript: Warning: Attempted to access Scannables_C_2 via property K2Node_DynamicCast_AsScannables, but Scannables_C_2 is pending kill
	Scanner_C /Game/StarterContent/Maps/UEDPIE_0_Level1.Level1:PersistentLevel.Scanner_2
	Function /Game/Blueprints/Scanner.Scanner_C:ExecuteUbergraph_Scanner:0174
[2019.04.08-03.10.36:914][841]PIE: Error: Blueprint Runtime Error: "Attempted to access Scannables_C_2 via property K2Node_DynamicCast_AsScannables, but Scannables_C_2 is pending kill". Blueprint:  Scanner Function:  Execute Ubergraph Scanner Graph:  EventGraph Node:  Play Sound at Location
[2019.04.08-03.10.36:914][841]LogScript: Warning: Attempted to access Scannables_C_2 via property K2Node_DynamicCast_AsScannables, but Scannables_C_2 is pending kill
	Scanner_C /Game/StarterContent/Maps/UEDPIE_0_Level1.Level1:PersistentLevel.Scanner_2
	Function /Game/Blueprints/Scanner.Scanner_C:ExecuteUbergraph_Scanner:00E7
[2019.04.08-03.10.36:914][841]PIE: Error: Blueprint Runtime Error: "Attempted to access Scannables_C_2 via property K2Node_DynamicCast_AsScannables, but Scannables_C_2 is pending kill". Blueprint:  Scanner Function:  Execute Ubergraph Scanner Graph:  EventGraph Node:  Branch
[2019.04.08-03.10.36:914][841]LogScript: Warning: Attempted to access Scannables_C_2 via property K2Node_DynamicCast_AsScannables, but Scannables_C_2 is pending kill
	Scanner_C /Game/StarterContent/Maps/UEDPIE_0_Level1.Level1:PersistentLevel.Scanner_2
	Function /Game/Blueprints/Scanner.Scanner_C:ExecuteUbergraph_Scanner:010E
[2019.04.08-03.10.36:914][841]PIE: Error: Blueprint Runtime Error: "Attempted to access Scannables_C_2 via property K2Node_DynamicCast_AsScannables, but Scannables_C_2 is pending kill". Blueprint:  Scanner Function:  Execute Ubergraph Scanner Graph:  EventGraph Node:  Set IsScanned
[2019.04.08-03.10.36:914][841]LogScript: Warning: Attempted to access Scannables_C_2 via property K2Node_DynamicCast_AsScannables, but Scannables_C_2 is pending kill
	Scanner_C /Game/StarterContent/Maps/UEDPIE_0_Level1.Level1:PersistentLevel.Scanner_2
	Function /Game/Blueprints/Scanner.Scanner_C:ExecuteUbergraph_Scanner:0142
[2019.04.08-03.10.36:914][841]PIE: Error: Blueprint Runtime Error: "Attempted to access Scannables_C_2 via property K2Node_DynamicCast_AsScannables, but Scannables_C_2 is pending kill". Blueprint:  Scanner Function:  Execute Ubergraph Scanner Graph:  EventGraph Node:  Set currentPointsValue
[2019.04.08-03.10.36:914][841]LogScript: Warning: Attempted to access Scannables_C_2 via property K2Node_DynamicCast_AsScannables, but Scannables_C_2 is pending kill
	Scanner_C /Game/StarterContent/Maps/UEDPIE_0_Level1.Level1:PersistentLevel.Scanner_2
	Function /Game/Blueprints/Scanner.Scanner_C:ExecuteUbergraph_Scanner:0174
[2019.04.08-03.10.36:914][841]PIE: Error: Blueprint Runtime Error: "Attempted to access Scannables_C_2 via property K2Node_DynamicCast_AsScannables, but Scannables_C_2 is pending kill". Blueprint:  Scanner Function:  Execute Ubergraph Scanner Graph:  EventGraph Node:  Play Sound at Location
[2019.04.08-03.10.36:956][843]LogScript: Warning: Attempted to access Scannables_C_2 via property K2Node_DynamicCast_AsScannables, but Scannables_C_2 is pending kill
	Scanner_C /Game/StarterContent/Maps/UEDPIE_0_Level1.Level1:PersistentLevel.Scanner_2
	Function /Game/Blueprints/Scanner.Scanner_C:ExecuteUbergraph_Scanner:00E7
[2019.04.08-03.10.36:956][843]PIE: Error: Blueprint Runtime Error: "Attempted to access Scannables_C_2 via property K2Node_DynamicCast_AsScannables, but Scannables_C_2 is pending kill". Blueprint:  Scanner Function:  Execute Ubergraph Scanner Graph:  EventGraph Node:  Branch
[2019.04.08-03.10.36:956][843]LogScript: Warning: Attempted to access Scannables_C_2 via property K2Node_DynamicCast_AsScannables, but Scannables_C_2 is pending kill
	Scanner_C /Game/StarterContent/Maps/UEDPIE_0_Level1.Level1:PersistentLevel.Scanner_2
	Function /Game/Blueprints/Scanner.Scanner_C:ExecuteUbergraph_Scanner:010E
[2019.04.08-03.10.36:956][843]PIE: Error: Blueprint Runtime Error: "Attempted to access Scannables_C_2 via property K2Node_DynamicCast_AsScannables, but Scannables_C_2 is pending kill". Blueprint:  Scanner Function:  Execute Ubergraph Scanner Graph:  EventGraph Node:  Set IsScanned
[2019.04.08-03.10.36:956][843]LogScript: Warning: Attempted to access Scannables_C_2 via property K2Node_DynamicCast_AsScannables, but Scannables_C_2 is pending kill
	Scanner_C /Game/StarterContent/Maps/UEDPIE_0_Level1.Level1:PersistentLevel.Scanner_2
	Function /Game/Blueprints/Scanner.Scanner_C:ExecuteUbergraph_Scanner:0142
[2019.04.08-03.10.36:956][843]PIE: Error: Blueprint Runtime Error: "Attempted to access Scannables_C_2 via property K2Node_DynamicCast_AsScannables, but Scannables_C_2 is pending kill". Blueprint:  Scanner Function:  Execute Ubergraph Scanner Graph:  EventGraph Node:  Set currentPointsValue
[2019.04.08-03.10.36:956][843]LogScript: Warning: Attempted to access Scannables_C_2 via property K2Node_DynamicCast_AsScannables, but Scannables_C_2 is pending kill
	Scanner_C /Game/StarterContent/Maps/UEDPIE_0_Level1.Level1:PersistentLevel.Scanner_2
	Function /Game/Blueprints/Scanner.Scanner_C:ExecuteUbergraph_Scanner:0174
[2019.04.08-03.10.36:956][843]PIE: Error: Blueprint Runtime Error: "Attempted to access Scannables_C_2 via property K2Node_DynamicCast_AsScannables, but Scannables_C_2 is pending kill". Blueprint:  Scanner Function:  Execute Ubergraph Scanner Graph:  EventGraph Node:  Play Sound at Location
[2019.04.08-03.10.48:803][377]LogScript: Warning: Attempted to access Scannables_C_12 via property K2Node_DynamicCast_AsScannables, but Scannables_C_12 is pending kill
	Scanner_C /Game/StarterContent/Maps/UEDPIE_0_Level1.Level1:PersistentLevel.Scanner_2
	Function /Game/Blueprints/Scanner.Scanner_C:ExecuteUbergraph_Scanner:00E7
[2019.04.08-03.10.48:803][377]PIE: Error: Blueprint Runtime Error: "Attempted to access Scannables_C_12 via property K2Node_DynamicCast_AsScannables, but Scannables_C_12 is pending kill". Blueprint:  Scanner Function:  Execute Ubergraph Scanner Graph:  EventGraph Node:  Branch
[2019.04.08-03.10.48:803][377]LogScript: Warning: Attempted to access Scannables_C_12 via property K2Node_DynamicCast_AsScannables, but Scannables_C_12 is pending kill
	Scanner_C /Game/StarterContent/Maps/UEDPIE_0_Level1.Level1:PersistentLevel.Scanner_2
	Function /Game/Blueprints/Scanner.Scanner_C:ExecuteUbergraph_Scanner:010E
[2019.04.08-03.10.48:804][377]PIE: Error: Blueprint Runtime Error: "Attempted to access Scannables_C_12 via property K2Node_DynamicCast_AsScannables, but Scannables_C_12 is pending kill". Blueprint:  Scanner Function:  Execute Ubergraph Scanner Graph:  EventGraph Node:  Set IsScanned
[2019.04.08-03.10.48:804][377]LogScript: Warning: Attempted to access Scannables_C_12 via property K2Node_DynamicCast_AsScannables, but Scannables_C_12 is pending kill
	Scanner_C /Game/StarterContent/Maps/UEDPIE_0_Level1.Level1:PersistentLevel.Scanner_2
	Function /Game/Blueprints/Scanner.Scanner_C:ExecuteUbergraph_Scanner:0142
[2019.04.08-03.10.48:804][377]PIE: Error: Blueprint Runtime Error: "Attempted to access Scannables_C_12 via property K2Node_DynamicCast_AsScannables, but Scannables_C_12 is pending kill". Blueprint:  Scanner Function:  Execute Ubergraph Scanner Graph:  EventGraph Node:  Set currentPointsValue
[2019.04.08-03.10.48:804][377]LogScript: Warning: Attempted to access Scannables_C_12 via property K2Node_DynamicCast_AsScannables, but Scannables_C_12 is pending kill
	Scanner_C /Game/StarterContent/Maps/UEDPIE_0_Level1.Level1:PersistentLevel.Scanner_2
	Function /Game/Blueprints/Scanner.Scanner_C:ExecuteUbergraph_Scanner:0174
[2019.04.08-03.10.48:804][377]PIE: Error: Blueprint Runtime Error: "Attempted to access Scannables_C_12 via property K2Node_DynamicCast_AsScannables, but Scannables_C_12 is pending kill". Blueprint:  Scanner Function:  Execute Ubergraph Scanner Graph:  EventGraph Node:  Play Sound at Location
[2019.04.08-03.10.48:914][382]LogScript: Warning: Attempted to access Scannables_C_12 via property K2Node_DynamicCast_AsScannables, but Scannables_C_12 is pending kill
	Scanner_C /Game/StarterContent/Maps/UEDPIE_0_Level1.Level1:PersistentLevel.Scanner_2
	Function /Game/Blueprints/Scanner.Scanner_C:ExecuteUbergraph_Scanner:00E7
[2019.04.08-03.10.48:915][382]PIE: Error: Blueprint Runtime Error: "Attempted to access Scannables_C_12 via property K2Node_DynamicCast_AsScannables, but Scannables_C_12 is pending kill". Blueprint:  Scanner Function:  Execute Ubergraph Scanner Graph:  EventGraph Node:  Branch
[2019.04.08-03.10.48:915][382]PIE: Error: Blueprint Runtime Error: "Attempted to access Scannables_C_12 via property K2Node_DynamicCast_AsScannables, but Scannables_C_12 is pending kill". Blueprint:  Scanner Function:  Execute Ubergraph Scanner Graph:  EventGraph Node:  Set IsScanned
[2019.04.08-03.10.48:915][382]PIE: Error: Blueprint Runtime Error: "Attempted to access Scannables_C_12 via property K2Node_DynamicCast_AsScannables, but Scannables_C_12 is pending kill". Blueprint:  Scanner Function:  Execute Ubergraph Scanner Graph:  EventGraph Node:  Set currentPointsValue
[2019.04.08-03.10.48:915][382]PIE: Error: Blueprint Runtime Error: "Attempted to access Scannables_C_12 via property K2Node_DynamicCast_AsScannables, but Scannables_C_12 is pending kill". Blueprint:  Scanner Function:  Execute Ubergraph Scanner Graph:  EventGraph Node:  Play Sound at Location
[2019.04.08-03.10.48:959][384]PIE: Error: Blueprint Runtime Error: "Attempted to access Scannables_C_12 via property K2Node_DynamicCast_AsScannables, but Scannables_C_12 is pending kill". Blueprint:  Scanner Function:  Execute Ubergraph Scanner Graph:  EventGraph Node:  Branch
[2019.04.08-03.10.48:959][384]PIE: Error: Blueprint Runtime Error: "Attempted to access Scannables_C_12 via property K2Node_DynamicCast_AsScannables, but Scannables_C_12 is pending kill". Blueprint:  Scanner Function:  Execute Ubergraph Scanner Graph:  EventGraph Node:  Set IsScanned
[2019.04.08-03.10.48:959][384]PIE: Error: Blueprint Runtime Error: "Attempted to access Scannables_C_12 via property K2Node_DynamicCast_AsScannables, but Scannables_C_12 is pending kill". Blueprint:  Scanner Function:  Execute Ubergraph Scanner Graph:  EventGraph Node:  Set currentPointsValue
[2019.04.08-03.10.48:959][384]PIE: Error: Blueprint Runtime Error: "Attempted to access Scannables_C_12 via property K2Node_DynamicCast_AsScannables, but Scannables_C_12 is pending kill". Blueprint:  Scanner Function:  Execute Ubergraph Scanner Graph:  EventGraph Node:  Play Sound at Location
[2019.04.08-03.10.50:428][450]PIE: Error: Blueprint Runtime Error: "Attempted to access Scannables_C_16 via property K2Node_DynamicCast_AsScannables, but Scannables_C_16 is pending kill". Blueprint:  Scanner Function:  Execute Ubergraph Scanner Graph:  EventGraph Node:  Branch
[2019.04.08-03.10.50:428][450]PIE: Error: Blueprint Runtime Error: "Attempted to access Scannables_C_16 via property K2Node_DynamicCast_AsScannables, but Scannables_C_16 is pending kill". Blueprint:  Scanner Function:  Execute Ubergraph Scanner Graph:  EventGraph Node:  Set IsScanned
[2019.04.08-03.10.50:428][450]PIE: Error: Blueprint Runtime Error: "Attempted to access Scannables_C_16 via property K2Node_DynamicCast_AsScannables, but Scannables_C_16 is pending kill". Blueprint:  Scanner Function:  Execute Ubergraph Scanner Graph:  EventGraph Node:  Set currentPointsValue
[2019.04.08-03.10.50:428][450]PIE: Error: Blueprint Runtime Error: "Attempted to access Scannables_C_16 via property K2Node_DynamicCast_AsScannables, but Scannables_C_16 is pending kill". Blueprint:  Scanner Function:  Execute Ubergraph Scanner Graph:  EventGraph Node:  Play Sound at Location
[2019.04.08-03.10.53:980][609]LogBlueprintUserMessages: Early EndPlayMap Detection: Level '/Game/StarterContent/Maps/Level1.Level1:PersistentLevel' has LevelScriptBlueprint '/Game/StarterContent/Maps/Level1.Level1:PersistentLevel.Level1' with GeneratedClass '/Game/StarterContent/Maps/Level1.Level1_C' with ClassGeneratedBy '/Game/StarterContent/Maps/Level1.Level1:PersistentLevel.Level1'
[2019.04.08-03.10.54:047][609]LogSlate: Updating window title bar state: overlay mode, drag disabled, window buttons hidden, title bar hidden
[2019.04.08-03.10.54:101][609]LogSlate: Window 'MyProject3 Game Preview Standalone (64-bit/PCD3D_SM5)' being destroyed
[2019.04.08-03.10.54:147][609]LogPlayLevel: Display: Shutting down PIE online subsystems
[2019.04.08-03.10.54:148][609]LogBlueprintUserMessages: Late EndPlayMap Detection: Level '/Game/StarterContent/Maps/Level1.Level1:PersistentLevel' has LevelScriptBlueprint '/Game/StarterContent/Maps/Level1.Level1:PersistentLevel.Level1' with GeneratedClass '/Game/StarterContent/Maps/Level1.Level1_C' with ClassGeneratedBy '/Game/StarterContent/Maps/Level1.Level1:PersistentLevel.Level1'
[2019.04.08-03.10.54:269][610]LogPlayLevel: Display: Destroying online subsystem :Context_3
[2019.04.08-03.10.54:270][610]LogEngine: Changing dynamic resolution state.
[2019.04.08-03.10.54:338][611]LogD3D11RHI: Error: SwapChain->ResizeBuffers(1, SizeX, SizeY, RenderTargetFormat, DXGI_SWAP_CHAIN_FLAG_ALLOW_MODE_SWITCH) failed 
 at D:\Build\++UE4\Sync\Engine\Source\Runtime\Windows\D3D11RHI\Private\D3D11Viewport.cpp:257 
 with error DXGI_ERROR_INVALID_CALL, 
 Size=1276x84 Format=DXGI_FORMAT_R10G10B10A2_UNORM(0x00000018)
[2019.04.08-03.10.54:338][611]LogOutputDevice: Warning: 

Script Stack (0 frames):

[2019.04.08-03.10.54:339][611]LogWindows: Windows GetLastError: The operation completed successfully. (0)
[2019.04.08-03.10.55:247][611]LogWindows: Error: === Critical error: ===
[2019.04.08-03.10.55:247][611]LogWindows: Error: 
[2019.04.08-03.10.55:247][611]LogWindows: Error: Fatal error: [File:D:\Build\++UE4\Sync\Engine\Source\Runtime\Windows\D3D11RHI\Private\D3D11Util.cpp] [Line: 363] 
[2019.04.08-03.10.55:247][611]LogWindows: Error: SwapChain->ResizeBuffers(1, SizeX, SizeY, RenderTargetFormat, DXGI_SWAP_CHAIN_FLAG_ALLOW_MODE_SWITCH) failed 
[2019.04.08-03.10.55:247][611]LogWindows: Error:  at D:\Build\++UE4\Sync\Engine\Source\Runtime\Windows\D3D11RHI\Private\D3D11Viewport.cpp:257 
[2019.04.08-03.10.55:247][611]LogWindows: Error:  with error DXGI_ERROR_INVALID_CALL, 
[2019.04.08-03.10.55:247][611]LogWindows: Error:  Size=1276x84 Format=DXGI_FORMAT_R10G10B10A2_UNORM(0x00000018)
[2019.04.08-03.10.55:247][611]LogWindows: Error: 
[2019.04.08-03.10.55:247][611]LogWindows: Error: 
[2019.04.08-03.10.55:247][611]LogWindows: Error: [Callstack] 0x00007ff96a64a388 KERNELBASE.dll!UnknownFunction []
[2019.04.08-03.10.55:247][611]LogWindows: Error: [Callstack] 0x00007ff901c3cd1a UE4Editor-Core.dll!UnknownFunction []
[2019.04.08-03.10.55:247][611]LogWindows: Error: [Callstack] 0x00007ff901a1a967 UE4Editor-Core.dll!UnknownFunction []
[2019.04.08-03.10.55:247][611]LogWindows: Error: [Callstack] 0x00007ff901950df7 UE4Editor-Core.dll!UnknownFunction []
[2019.04.08-03.10.55:247][611]LogWindows: Error: [Callstack] 0x00007ff906cb0b7f UE4Editor-D3D11RHI.dll!UnknownFunction []
[2019.04.08-03.10.55:247][611]LogWindows: Error: [Callstack] 0x00007ff906ca90a2 UE4Editor-D3D11RHI.dll!UnknownFunction []
[2019.04.08-03.10.55:247][611]LogWindows: Error: [Callstack] 0x00007ff906ca0141 UE4Editor-D3D11RHI.dll!UnknownFunction []
[2019.04.08-03.10.55:247][611]LogWindows: Error: [Callstack] 0x00007ff906b59b87 UE4Editor-SlateRHIRenderer.dll!UnknownFunction []
[2019.04.08-03.10.55:247][611]LogWindows: Error: [Callstack] 0x00007ff906b72c68 UE4Editor-SlateRHIRenderer.dll!UnknownFunction []
[2019.04.08-03.10.55:247][611]LogWindows: Error: [Callstack] 0x00007ff8fcbe41e0 UE4Editor-Slate.dll!UnknownFunction []
[2019.04.08-03.10.55:247][611]LogWindows: Error: [Callstack] 0x00007ff8fcbae222 UE4Editor-Slate.dll!UnknownFunction []
[2019.04.08-03.10.55:247][611]LogWindows: Error: [Callstack] 0x00007ff8fcc0f5a6 UE4Editor-Slate.dll!UnknownFunction []
[2019.04.08-03.10.55:247][611]LogWindows: Error: [Callstack] 0x00007ff8fcc0e483 UE4Editor-Slate.dll!UnknownFunction []
[2019.04.08-03.10.55:247][611]LogWindows: Error: [Callstack] 0x00007ff61a8a7094 UE4Editor.exe!UnknownFunction []
[2019.04.08-03.10.55:247][611]LogWindows: Error: [Callstack] 0x00007ff61a8b596c UE4Editor.exe!UnknownFunction []
[2019.04.08-03.10.55:247][611]LogWindows: Error: [Callstack] 0x00007ff61a8b59ea UE4Editor.exe!UnknownFunction []
[2019.04.08-03.10.55:247][611]LogWindows: Error: [Callstack] 0x00007ff61a8c48da UE4Editor.exe!UnknownFunction []
[2019.04.08-03.10.55:247][611]LogWindows: Error: [Callstack] 0x00007ff61a8c659a UE4Editor.exe!UnknownFunction []
[2019.04.08-03.10.55:247][611]LogWindows: Error: [Callstack] 0x00007ff96ba03dc4 KERNEL32.DLL!UnknownFunction []
[2019.04.08-03.10.55:247][611]LogWindows: Error: [Callstack] 0x00007ff96d493691 ntdll.dll!UnknownFunction []
[2019.04.08-03.10.55:247][611]LogWindows: Error: 
[2019.04.08-03.10.55:253][611]LogExit: Executing StaticShutdownAfterError
[2019.04.08-03.10.55:257][611]LogWindows: FPlatformMisc::RequestExit(1)
[2019.04.08-03.10.55:260][611]Log file closed, 04/07/19 23:10:55
