Log file open, 04/22/19 07:30:26
LogWindows: Failed to load 'aqProf.dll' (GetLastError=126)
LogWindows: File 'aqProf.dll' does not exist
LogWindows: Failed to load 'VtuneApi.dll' (GetLastError=126)
LogWindows: File 'VtuneApi.dll' does not exist
LogWindows: Failed to load 'VtuneApi32e.dll' (GetLastError=126)
LogWindows: File 'VtuneApi32e.dll' does not exist
LogConsoleResponse: Display: Failed to find resolution value strings in scalability ini. Falling back to default.
LogInit: Display: Running engine for game: MyProject3
LogPakFile: Registered encryption key '00000000000000000000000000000000': 0 pak files mounted, 0 remain pending
LogPlatformFile: Not using cached read wrapper
LogTaskGraph: Started task graph with 5 named threads and 11 total threads with 3 sets of task threads.
LogStats: Stats thread started at 0.270159
LogD3D11RHI: Loaded GFSDK_Aftermath_Lib.x64.dll
LogICUInternationalization: ICU TimeZone Detection - Raw Offset: -5:00, Platform Override: ''
LogPluginManager: Mounting plugin Paper2D
LogPluginManager: Mounting plugin AISupport
LogPluginManager: Mounting plugin LightPropagationVolume
LogPluginManager: Mounting plugin ActorLayerUtilities
LogPluginManager: Mounting plugin CLionSourceCodeAccess
LogPluginManager: Mounting plugin CodeLiteSourceCodeAccess
LogPluginManager: Mounting plugin GitSourceControl
LogPluginManager: Mounting plugin KDevelopSourceCodeAccess
LogPluginManager: Mounting plugin NullSourceCodeAccess
LogPluginManager: Mounting plugin PerforceSourceControl
LogPluginManager: Mounting plugin SubversionSourceControl
LogPluginManager: Mounting plugin UObjectPlugin
LogPluginManager: Mounting plugin VisualStudioCodeSourceCodeAccess
LogPluginManager: Mounting plugin VisualStudioSourceCodeAccess
LogPluginManager: Mounting plugin XCodeSourceCodeAccess
LogPluginManager: Mounting plugin AssetManagerEditor
LogPluginManager: Mounting plugin CryptoKeys
LogPluginManager: Mounting plugin DataValidation
LogPluginManager: Mounting plugin FacialAnimation
LogPluginManager: Mounting plugin GameplayTagsEditor
LogPluginManager: Mounting plugin MacGraphicsSwitching
LogPluginManager: Mounting plugin MeshEditor
LogPluginManager: Mounting plugin MobileLauncherProfileWizard
LogPluginManager: Mounting plugin PluginBrowser
LogPluginManager: Mounting plugin SpeedTreeImporter
LogPluginManager: Mounting plugin DatasmithContent
LogPluginManager: Mounting plugin VariantManagerContent
LogPluginManager: Mounting plugin AlembicImporter
LogPluginManager: Mounting plugin AppleImageUtils
LogPluginManager: Mounting plugin AppleVision
LogPluginManager: Mounting plugin BackChannel
LogPluginManager: Mounting plugin CharacterAI
LogPluginManager: Mounting plugin GeometryCache
LogPluginManager: Mounting plugin HTML5Networking
LogPluginManager: Mounting plugin ProxyLODPlugin
LogPluginManager: Mounting plugin MagicLeap
LogPluginManager: Mounting plugin MagicLeapMedia
LogPluginManager: Mounting plugin AndroidMedia
LogPluginManager: Mounting plugin AvfMedia
LogPluginManager: Mounting plugin ImgMedia
LogPluginManager: Mounting plugin LinearTimecode
LogPluginManager: Mounting plugin MediaCompositing
LogPluginManager: Mounting plugin MediaPlayerEditor
LogPluginManager: Mounting plugin WebMMedia
LogPluginManager: Mounting plugin WmfMedia
LogPluginManager: Mounting plugin TcpMessaging
LogPluginManager: Mounting plugin UdpMessaging
LogPluginManager: Mounting plugin ActorSequence
LogPluginManager: Mounting plugin LevelSequenceEditor
LogPluginManager: Mounting plugin MatineeToLevelSequence
LogPluginManager: Mounting plugin NetcodeUnitTest
LogPluginManager: Mounting plugin NUTUnrealEngine4
LogPluginManager: Mounting plugin OnlineSubsystemGooglePlay
LogPluginManager: Mounting plugin OnlineSubsystemIOS
LogPluginManager: Mounting plugin OnlineSubsystem
LogPluginManager: Mounting plugin OnlineSubsystemNull
LogPluginManager: Mounting plugin OnlineSubsystemUtils
LogPluginManager: Mounting plugin LauncherChunkInstaller
LogPluginManager: Mounting plugin AndroidDeviceProfileSelector
LogPluginManager: Mounting plugin AndroidMoviePlayer
LogPluginManager: Mounting plugin AndroidPermission
LogPluginManager: Mounting plugin AppleMoviePlayer
LogPluginManager: Mounting plugin ArchVisCharacter
LogPluginManager: Mounting plugin AudioCapture
LogPluginManager: Mounting plugin CableComponent
LogPluginManager: Mounting plugin CustomMeshComponent
LogPluginManager: Mounting plugin EditableMesh
LogPluginManager: Mounting plugin ExampleDeviceProfileSelector
LogPluginManager: Mounting plugin Firebase
LogPluginManager: Mounting plugin GoogleCloudMessaging
LogPluginManager: Mounting plugin IOSDeviceProfileSelector
LogPluginManager: Mounting plugin LinuxDeviceProfileSelector
LogPluginManager: Mounting plugin LocationServicesBPLibrary
LogPluginManager: Mounting plugin MobilePatchingUtils
LogPluginManager: Mounting plugin OculusVR
LogPluginManager: Mounting plugin PhysXVehicles
LogPluginManager: Mounting plugin ProceduralMeshComponent
LogPluginManager: Mounting plugin RuntimePhysXCooking
LogPluginManager: Mounting plugin SteamVR
LogPluginManager: Mounting plugin WebMMoviePlayer
LogPluginManager: Mounting plugin WindowsMoviePlayer
LogStreaming: Display: Took  0.144s to configure plugins.
LogInit: Using libcurl 7.55.1-DEV
LogInit:  - built for x86_64-pc-win32
LogInit:  - supports SSL with OpenSSL/1.0.2h
LogInit:  - supports HTTP deflate (compression) using libz 1.2.8
LogInit:  - other features:
LogInit:      CURL_VERSION_SSL
LogInit:      CURL_VERSION_LIBZ
LogInit:      CURL_VERSION_IPV6
LogInit:      CURL_VERSION_ASYNCHDNS
LogInit:      CURL_VERSION_LARGEFILE
LogInit:      CURL_VERSION_IDN
LogInit:  CurlRequestOptions (configurable via config and command line):
LogInit:  - bVerifyPeer = true  - Libcurl will verify peer certificate
LogInit:  - bUseHttpProxy = false  - Libcurl will NOT use HTTP proxy
LogInit:  - bDontReuseConnections = false  - Libcurl will reuse connections
LogInit:  - MaxHostConnections = 16  - Libcurl will limit the number of connections to a host
LogInit:  - LocalHostAddr = Default
LogInit:  - BufferSize = 65536
LogInit: WinSock: version 1.1 (2.2), MaxSocks=32767, MaxUdp=65467
LogInit: Build: ++UE4+Release-4.21-CL-4753647
LogInit: Engine Version: 4.21.2-4753647+++UE4+Release-4.21
LogInit: Compatible Engine Version: 4.21.0-4541578+++UE4+Release-4.21
LogInit: Net CL: 4541578
LogInit: OS: Windows 10 (), CPU: Intel(R) Core(TM) i5-4210H CPU @ 2.90GHz, GPU: Intel(R) HD Graphics 4600
LogInit: Compiled (64-bit): Jan 19 2019 02:07:31
LogInit: Compiled with Visual C++: 19.13.26129.00
LogInit: Build Configuration: Development
LogInit: Branch Name: ++UE4+Release-4.21
LogInit: Command Line: 
LogInit: Base Directory: E:/UE_4.21/Engine/Binaries/Win64/
LogInit: Installed Engine Build: 1
LogDevObjectVersion: Number of dev versions registered: 22
LogDevObjectVersion:   Dev-Blueprints (B0D832E4-1F89-4F0D-ACCF-7EB736FD4AA2): 10
LogDevObjectVersion:   Dev-Build (E1C64328-A22C-4D53-A36C-8E866417BD8C): 0
LogDevObjectVersion:   Dev-Core (375EC13C-06E4-48FB-B500-84F0262A717E): 2
LogDevObjectVersion:   Dev-Editor (E4B068ED-F494-42E9-A231-DA0B2E46BB41): 26
LogDevObjectVersion:   Dev-Framework (CFFC743F-43B0-4480-9391-14DF171D2073): 34
LogDevObjectVersion:   Dev-Mobile (B02B49B5-BB20-44E9-A304-32B752E40360): 2
LogDevObjectVersion:   Dev-Networking (A4E4105C-59A1-49B5-A7C5-40C4547EDFEE): 0
LogDevObjectVersion:   Dev-Online (39C831C9-5AE6-47DC-9A44-9C173E1C8E7C): 0
LogDevObjectVersion:   Dev-Physics (78F01B33-EBEA-4F98-B9B4-84EACCB95AA2): 0
LogDevObjectVersion:   Dev-Platform (6631380F-2D4D-43E0-8009-CF276956A95A): 0
LogDevObjectVersion:   Dev-Rendering (12F88B9F-8875-4AFC-A67C-D90C383ABD29): 27
LogDevObjectVersion:   Dev-Sequencer (7B5AE74C-D270-4C10-A958-57980B212A5A): 9
LogDevObjectVersion:   Dev-VR (D7296918-1DD6-4BDD-9DE2-64A83CC13884): 2
LogDevObjectVersion:   Dev-LoadTimes (C2A15278-BFE7-4AFE-6C17-90FF531DF755): 1
LogDevObjectVersion:   Private-Geometry (6EACA3D4-40EC-4CC1-B786-8BED09428FC5): 3
LogDevObjectVersion:   Dev-AnimPhys (29E575DD-E0A3-4627-9D10-D276232CDCEA): 17
LogDevObjectVersion:   Dev-Anim (AF43A65D-7FD3-4947-9873-3E8ED9C1BB05): 2
LogDevObjectVersion:   Dev-ReflectionCapture (6B266CEC-1EC7-4B8F-A30B-E4D90942FC07): 1
LogDevObjectVersion:   Dev-Automation (0DF73D61-A23F-47EA-B727-89E90C41499A): 1
LogDevObjectVersion:   FortniteMain (601D1886-AC64-4F84-AA16-D3DE0DEAC7D6): 17
LogDevObjectVersion:   Dev-Enterprise (9DFFBCD6-494F-0158-E221-12823C92A888): 4
LogDevObjectVersion:   Dev-Niagara (F2AED0AC-9AFE-416F-8664-AA7FFA26D6FC): 1
LogStreaming: Display: Took  0.001s to delete old logs.
LogInit: Presizing for max 8388607 objects, including 0 objects not considered by GC, pre-allocating 0 bytes for permanent pool.
LogInit: Object subsystem initialized
LogConfig: Setting CVar [[con.DebugEarlyDefault:1]]
LogConfig: Setting CVar [[r.setres:1280x720]]
[2019.04.22-11.30.27:642][  0]LogConfig: Setting CVar [[r.VSync:0]]
[2019.04.22-11.30.27:642][  0]LogConfig: Setting CVar [[r.RHICmdBypass:0]]
[2019.04.22-11.30.27:643][  0]LogConfig: Applying CVar settings from Section [/Script/Engine.RendererSettings] File [E:/Github/OverIT/MyProject3/Saved/Config/Windows/Engine.ini]
[2019.04.22-11.30.27:643][  0]LogConfig: Setting CVar [[r.GPUCrashDebugging:0]]
[2019.04.22-11.30.27:643][  0]LogConfig: Applying CVar settings from Section [/Script/Engine.RendererOverrideSettings] File [E:/Github/OverIT/MyProject3/Saved/Config/Windows/Engine.ini]
[2019.04.22-11.30.27:643][  0]LogConfig: Applying CVar settings from Section [/Script/Engine.StreamingSettings] File [E:/Github/OverIT/MyProject3/Saved/Config/Windows/Engine.ini]
[2019.04.22-11.30.27:643][  0]LogConfig: Setting CVar [[s.MinBulkDataSizeForAsyncLoading:131072]]
[2019.04.22-11.30.27:643][  0]LogConfig: Setting CVar [[s.AsyncLoadingThreadEnabled:0]]
[2019.04.22-11.30.27:643][  0]LogConfig: Setting CVar [[s.EventDrivenLoaderEnabled:1]]
[2019.04.22-11.30.27:643][  0]LogConfig: Setting CVar [[s.WarnIfTimeLimitExceeded:0]]
[2019.04.22-11.30.27:643][  0]LogConfig: Setting CVar [[s.TimeLimitExceededMultiplier:1.5]]
[2019.04.22-11.30.27:643][  0]LogConfig: Setting CVar [[s.TimeLimitExceededMinTime:0.005]]
[2019.04.22-11.30.27:643][  0]LogConfig: Setting CVar [[s.UseBackgroundLevelStreaming:1]]
[2019.04.22-11.30.27:643][  0]LogConfig: Setting CVar [[s.PriorityAsyncLoadingExtraTime:15.0]]
[2019.04.22-11.30.27:643][  0]LogConfig: Setting CVar [[s.LevelStreamingActorsUpdateTimeLimit:5.0]]
[2019.04.22-11.30.27:643][  0]LogConfig: Setting CVar [[s.PriorityLevelStreamingActorsUpdateExtraTime:5.0]]
[2019.04.22-11.30.27:643][  0]LogConfig: Setting CVar [[s.LevelStreamingComponentsRegistrationGranularity:10]]
[2019.04.22-11.30.27:643][  0]LogConfig: Setting CVar [[s.UnregisterComponentsTimeLimit:1.0]]
[2019.04.22-11.30.27:643][  0]LogConfig: Setting CVar [[s.LevelStreamingComponentsUnregistrationGranularity:5]]
[2019.04.22-11.30.27:643][  0]LogConfig: Applying CVar settings from Section [/Script/Engine.GarbageCollectionSettings] File [E:/Github/OverIT/MyProject3/Saved/Config/Windows/Engine.ini]
[2019.04.22-11.30.27:643][  0]LogConfig: Setting CVar [[gc.MaxObjectsNotConsideredByGC:1]]
[2019.04.22-11.30.27:643][  0]LogConfig: Setting CVar [[gc.SizeOfPermanentObjectPool:0]]
[2019.04.22-11.30.27:643][  0]LogConfig: Setting CVar [[gc.FlushStreamingOnGC:0]]
[2019.04.22-11.30.27:643][  0]LogConfig: Setting CVar [[gc.NumRetriesBeforeForcingGC:10]]
[2019.04.22-11.30.27:643][  0]LogConfig: Setting CVar [[gc.AllowParallelGC:1]]
[2019.04.22-11.30.27:643][  0]LogConfig: Setting CVar [[gc.TimeBetweenPurgingPendingKillObjects:61.1]]
[2019.04.22-11.30.27:643][  0]LogConfig: Setting CVar [[gc.MaxObjectsInEditor:8388607]]
[2019.04.22-11.30.27:643][  0]LogConfig: Setting CVar [[gc.IncrementalBeginDestroyEnabled:1]]
[2019.04.22-11.30.27:643][  0]LogConfig: Setting CVar [[gc.CreateGCClusters:1]]
[2019.04.22-11.30.27:643][  0]LogConfig: Setting CVar [[gc.MergeGCClusters:0]]
[2019.04.22-11.30.27:643][  0]LogConfig: Setting CVar [[gc.MinGCClusterSize:5]]
[2019.04.22-11.30.27:643][  0]LogConfig: Setting CVar [[gc.ActorClusteringEnabled:0]]
[2019.04.22-11.30.27:643][  0]LogConfig: Setting CVar [[gc.BlueprintClusteringEnabled:0]]
[2019.04.22-11.30.27:643][  0]LogConfig: Setting CVar [[gc.UseDisregardForGCOnDedicatedServers:0]]
[2019.04.22-11.30.27:643][  0]LogConfig: Applying CVar settings from Section [/Script/Engine.NetworkSettings] File [E:/Github/OverIT/MyProject3/Saved/Config/Windows/Engine.ini]
[2019.04.22-11.30.27:643][  0]LogConfig: Applying CVar settings from Section [/Script/UnrealEd.CookerSettings] File [E:/Github/OverIT/MyProject3/Saved/Config/Windows/Engine.ini]
[2019.04.22-11.30.27:648][  0]LogConfig: Applying CVar settings from Section [ViewDistanceQuality@3] File [E:/Github/OverIT/MyProject3/Saved/Config/Windows/Scalability.ini]
[2019.04.22-11.30.27:648][  0]LogConfig: Setting CVar [[r.SkeletalMeshLODBias:0]]
[2019.04.22-11.30.27:648][  0]LogConfig: Setting CVar [[r.ViewDistanceScale:1.0]]
[2019.04.22-11.30.27:648][  0]LogConfig: Applying CVar settings from Section [AntiAliasingQuality@3] File [E:/Github/OverIT/MyProject3/Saved/Config/Windows/Scalability.ini]
[2019.04.22-11.30.27:648][  0]LogConfig: Setting CVar [[r.PostProcessAAQuality:3]]
[2019.04.22-11.30.27:648][  0]LogConfig: Applying CVar settings from Section [ShadowQuality@3] File [E:/Github/OverIT/MyProject3/Saved/Config/Windows/Scalability.ini]
[2019.04.22-11.30.27:648][  0]LogConfig: Setting CVar [[r.LightFunctionQuality:1]]
[2019.04.22-11.30.27:648][  0]LogConfig: Setting CVar [[r.ShadowQuality:5]]
[2019.04.22-11.30.27:648][  0]LogConfig: Setting CVar [[r.Shadow.CSM.MaxCascades:10]]
[2019.04.22-11.30.27:648][  0]LogConfig: Setting CVar [[r.Shadow.MaxResolution:2048]]
[2019.04.22-11.30.27:648][  0]LogConfig: Setting CVar [[r.Shadow.MaxCSMResolution:2048]]
[2019.04.22-11.30.27:648][  0]LogConfig: Setting CVar [[r.Shadow.RadiusThreshold:0.01]]
[2019.04.22-11.30.27:648][  0]LogConfig: Setting CVar [[r.Shadow.DistanceScale:1.0]]
[2019.04.22-11.30.27:648][  0]LogConfig: Setting CVar [[r.Shadow.CSM.TransitionScale:1.0]]
[2019.04.22-11.30.27:648][  0]LogConfig: Setting CVar [[r.Shadow.PreShadowResolutionFactor:1.0]]
[2019.04.22-11.30.27:649][  0]LogConfig: Setting CVar [[r.DistanceFieldShadowing:1]]
[2019.04.22-11.30.27:649][  0]LogConfig: Setting CVar [[r.DistanceFieldAO:1]]
[2019.04.22-11.30.27:649][  0]LogConfig: Setting CVar [[r.AOQuality:2]]
[2019.04.22-11.30.27:649][  0]LogConfig: Setting CVar [[r.VolumetricFog:1]]
[2019.04.22-11.30.27:649][  0]LogConfig: Setting CVar [[r.VolumetricFog.GridPixelSize:8]]
[2019.04.22-11.30.27:649][  0]LogConfig: Setting CVar [[r.VolumetricFog.GridSizeZ:128]]
[2019.04.22-11.30.27:649][  0]LogConfig: Setting CVar [[r.VolumetricFog.HistoryMissSupersampleCount:4]]
[2019.04.22-11.30.27:649][  0]LogConfig: Setting CVar [[r.LightMaxDrawDistanceScale:1]]
[2019.04.22-11.30.27:649][  0]LogConfig: Setting CVar [[r.CapsuleShadows:1]]
[2019.04.22-11.30.27:649][  0]LogConfig: Applying CVar settings from Section [PostProcessQuality@3] File [E:/Github/OverIT/MyProject3/Saved/Config/Windows/Scalability.ini]
[2019.04.22-11.30.27:649][  0]LogConfig: Setting CVar [[r.MotionBlurQuality:0]]
[2019.04.22-11.30.27:649][  0]LogConfig: Setting CVar [[r.AmbientOcclusionMipLevelFactor:0.4]]
[2019.04.22-11.30.27:649][  0]LogConfig: Setting CVar [[r.AmbientOcclusionMaxQuality:100]]
[2019.04.22-11.30.27:649][  0]LogConfig: Setting CVar [[r.AmbientOcclusionLevels:0]]
[2019.04.22-11.30.27:649][  0]LogConfig: Setting CVar [[r.AmbientOcclusionRadiusScale:1.0]]
[2019.04.22-11.30.27:649][  0]LogConfig: Setting CVar [[r.DepthOfFieldQuality:0]]
[2019.04.22-11.30.27:649][  0]LogConfig: Setting CVar [[r.RenderTargetPoolMin:400]]
[2019.04.22-11.30.27:649][  0]LogConfig: Setting CVar [[r.LensFlareQuality:0]]
[2019.04.22-11.30.27:649][  0]LogConfig: Setting CVar [[r.SceneColorFringeQuality:0]]
[2019.04.22-11.30.27:649][  0]LogConfig: Setting CVar [[r.EyeAdaptationQuality:2]]
[2019.04.22-11.30.27:649][  0]LogConfig: Setting CVar [[r.BloomQuality:1]]
[2019.04.22-11.30.27:649][  0]LogConfig: Setting CVar [[r.FastBlurThreshold:0]]
[2019.04.22-11.30.27:649][  0]LogConfig: Setting CVar [[r.Upscale.Quality:3]]
[2019.04.22-11.30.27:649][  0]LogConfig: Setting CVar [[r.Tonemapper.GrainQuantization:1]]
[2019.04.22-11.30.27:649][  0]LogConfig: Setting CVar [[r.LightShaftQuality:1]]
[2019.04.22-11.30.27:649][  0]LogConfig: Setting CVar [[r.Filter.SizeScale:1]]
[2019.04.22-11.30.27:649][  0]LogConfig: Setting CVar [[r.Tonemapper.Quality:5]]
[2019.04.22-11.30.27:649][  0]LogConfig: Setting CVar [[r.DOF.Gather.AccumulatorQuality:1        ; higher gathering accumulator quality]]
[2019.04.22-11.30.27:649][  0]LogConfig: Setting CVar [[r.DOF.Gather.PostfilterMethod:1          ; Median3x3 postfilering method]]
[2019.04.22-11.30.27:649][  0]LogConfig: Setting CVar [[r.DOF.Gather.EnableBokehSettings:0       ; no bokeh simulation when gathering]]
[2019.04.22-11.30.27:649][  0]LogConfig: Setting CVar [[r.DOF.Gather.RingCount:4                 ; medium number of samples when gathering]]
[2019.04.22-11.30.27:649][  0]LogConfig: Setting CVar [[r.DOF.Scatter.ForegroundCompositing:1    ; additive foreground scattering]]
[2019.04.22-11.30.27:649][  0]LogConfig: Setting CVar [[r.DOF.Scatter.BackgroundCompositing:2    ; additive background scattering]]
[2019.04.22-11.30.27:649][  0]LogConfig: Setting CVar [[r.DOF.Scatter.EnableBokehSettings:1      ; bokeh simulation when scattering]]
[2019.04.22-11.30.27:649][  0]LogConfig: Setting CVar [[r.DOF.Scatter.MaxSpriteRatio:0.1         ; only a maximum of 10% of scattered bokeh]]
[2019.04.22-11.30.27:649][  0]LogConfig: Setting CVar [[r.DOF.Recombine.Quality:1                ; cheap slight out of focus]]
[2019.04.22-11.30.27:649][  0]LogConfig: Setting CVar [[r.DOF.Recombine.EnableBokehSettings:0    ; no bokeh simulation on slight out of focus]]
[2019.04.22-11.30.27:649][  0]LogConfig: Setting CVar [[r.DOF.TemporalAAQuality:1                ; more stable temporal accumulation]]
[2019.04.22-11.30.27:649][  0]LogConfig: Setting CVar [[r.DOF.Kernel.MaxForegroundRadius:0.025]]
[2019.04.22-11.30.27:649][  0]LogConfig: Setting CVar [[r.DOF.Kernel.MaxBackgroundRadius:0.025]]
[2019.04.22-11.30.27:649][  0]LogConfig: Applying CVar settings from Section [TextureQuality@3] File [E:/Github/OverIT/MyProject3/Saved/Config/Windows/Scalability.ini]
[2019.04.22-11.30.27:649][  0]LogConfig: Setting CVar [[r.Streaming.MipBias:0]]
[2019.04.22-11.30.27:649][  0]LogConfig: Setting CVar [[r.Streaming.AmortizeCPUToGPUCopy:0]]
[2019.04.22-11.30.27:649][  0]LogConfig: Setting CVar [[r.Streaming.MaxNumTexturesToStreamPerFrame:0]]
[2019.04.22-11.30.27:649][  0]LogConfig: Setting CVar [[r.Streaming.Boost:1]]
[2019.04.22-11.30.27:649][  0]LogConfig: Setting CVar [[r.MaxAnisotropy:8]]
[2019.04.22-11.30.27:649][  0]LogConfig: Setting CVar [[r.Streaming.LimitPoolSizeToVRAM:0]]
[2019.04.22-11.30.27:649][  0]LogConfig: Setting CVar [[r.Streaming.PoolSize:1000]]
[2019.04.22-11.30.27:649][  0]LogConfig: Setting CVar [[r.Streaming.MaxEffectiveScreenSize:0]]
[2019.04.22-11.30.27:649][  0]LogConfig: Applying CVar settings from Section [EffectsQuality@3] File [E:/Github/OverIT/MyProject3/Saved/Config/Windows/Scalability.ini]
[2019.04.22-11.30.27:649][  0]LogConfig: Setting CVar [[r.TranslucencyLightingVolumeDim:4]]
[2019.04.22-11.30.27:649][  0]LogConfig: Setting CVar [[r.RefractionQuality:2]]
[2019.04.22-11.30.27:649][  0]LogConfig: Setting CVar [[r.SSR.Quality:0]]
[2019.04.22-11.30.27:649][  0]LogConfig: Setting CVar [[r.SceneColorFormat:2]]
[2019.04.22-11.30.27:649][  0]LogConfig: Setting CVar [[r.DetailMode:2]]
[2019.04.22-11.30.27:649][  0]LogConfig: Setting CVar [[r.TranslucencyVolumeBlur:0]]
[2019.04.22-11.30.27:649][  0]LogConfig: Setting CVar [[r.MaterialQualityLevel:1 ; High quality]]
[2019.04.22-11.30.27:649][  0]LogConfig: Setting CVar [[r.SSS.Scale:1]]
[2019.04.22-11.30.27:649][  0]LogConfig: Setting CVar [[r.SSS.SampleSet:2]]
[2019.04.22-11.30.27:649][  0]LogConfig: Setting CVar [[r.SSS.Quality:1]]
[2019.04.22-11.30.27:649][  0]LogConfig: Setting CVar [[r.SSS.HalfRes:1]]
[2019.04.22-11.30.27:649][  0]LogConfig: Setting CVar [[r.EmitterSpawnRateScale:1.0]]
[2019.04.22-11.30.27:650][  0]LogConfig: Setting CVar [[r.ParticleLightQuality:2]]
[2019.04.22-11.30.27:650][  0]LogConfig: Applying CVar settings from Section [FoliageQuality@3] File [E:/Github/OverIT/MyProject3/Saved/Config/Windows/Scalability.ini]
[2019.04.22-11.30.27:650][  0]LogConfig: Setting CVar [[foliage.DensityScale:1.0]]
[2019.04.22-11.30.27:650][  0]LogConfig: Setting CVar [[grass.DensityScale:1.0]]
[2019.04.22-11.30.27:650][  0]LogInit: Selected Device Profile: [Windows]
[2019.04.22-11.30.27:650][  0]LogInit: Applying CVar settings loaded from the selected device profile: [Windows]
[2019.04.22-11.30.27:674][  0]LogHAL: Display: Platform has ~ 16 GB [17087881216 / 17179869184 / 16], which maps to Larger [LargestMinGB=32, LargerMinGB=12, DefaultMinGB=8, SmallerMinGB=6, SmallestMinGB=0)
[2019.04.22-11.30.27:675][  0]LogConfig: Setting CVar [[r.Vulkan.UseRealUBs:1]]
[2019.04.22-11.30.27:675][  0]LogInit: Going up to parent DeviceProfile []
[2019.04.22-11.30.27:675][  0]LogConfig: Applying CVar settings from Section [ViewDistanceQuality@3] File [E:/Github/OverIT/MyProject3/Saved/Config/Windows/Scalability.ini]
[2019.04.22-11.30.27:675][  0]LogConfig: Setting CVar [[r.SkeletalMeshLODBias:0]]
[2019.04.22-11.30.27:675][  0]LogConfig: Setting CVar [[r.ViewDistanceScale:1.0]]
[2019.04.22-11.30.27:675][  0]LogConfig: Applying CVar settings from Section [AntiAliasingQuality@3] File [E:/Github/OverIT/MyProject3/Saved/Config/Windows/Scalability.ini]
[2019.04.22-11.30.27:675][  0]LogConfig: Setting CVar [[r.PostProcessAAQuality:3]]
[2019.04.22-11.30.27:675][  0]LogConfig: Applying CVar settings from Section [ShadowQuality@3] File [E:/Github/OverIT/MyProject3/Saved/Config/Windows/Scalability.ini]
[2019.04.22-11.30.27:675][  0]LogConfig: Setting CVar [[r.LightFunctionQuality:1]]
[2019.04.22-11.30.27:675][  0]LogConfig: Setting CVar [[r.ShadowQuality:5]]
[2019.04.22-11.30.27:675][  0]LogConfig: Setting CVar [[r.Shadow.CSM.MaxCascades:10]]
[2019.04.22-11.30.27:675][  0]LogConfig: Setting CVar [[r.Shadow.MaxResolution:2048]]
[2019.04.22-11.30.27:675][  0]LogConfig: Setting CVar [[r.Shadow.MaxCSMResolution:2048]]
[2019.04.22-11.30.27:675][  0]LogConfig: Setting CVar [[r.Shadow.RadiusThreshold:0.01]]
[2019.04.22-11.30.27:675][  0]LogConfig: Setting CVar [[r.Shadow.DistanceScale:1.0]]
[2019.04.22-11.30.27:675][  0]LogConfig: Setting CVar [[r.Shadow.CSM.TransitionScale:1.0]]
[2019.04.22-11.30.27:675][  0]LogConfig: Setting CVar [[r.Shadow.PreShadowResolutionFactor:1.0]]
[2019.04.22-11.30.27:675][  0]LogConfig: Setting CVar [[r.DistanceFieldShadowing:1]]
[2019.04.22-11.30.27:675][  0]LogConfig: Setting CVar [[r.DistanceFieldAO:1]]
[2019.04.22-11.30.27:675][  0]LogConfig: Setting CVar [[r.AOQuality:2]]
[2019.04.22-11.30.27:675][  0]LogConfig: Setting CVar [[r.VolumetricFog:1]]
[2019.04.22-11.30.27:675][  0]LogConfig: Setting CVar [[r.VolumetricFog.GridPixelSize:8]]
[2019.04.22-11.30.27:675][  0]LogConfig: Setting CVar [[r.VolumetricFog.GridSizeZ:128]]
[2019.04.22-11.30.27:675][  0]LogConfig: Setting CVar [[r.VolumetricFog.HistoryMissSupersampleCount:4]]
[2019.04.22-11.30.27:675][  0]LogConfig: Setting CVar [[r.LightMaxDrawDistanceScale:1]]
[2019.04.22-11.30.27:675][  0]LogConfig: Setting CVar [[r.CapsuleShadows:1]]
[2019.04.22-11.30.27:675][  0]LogConfig: Applying CVar settings from Section [PostProcessQuality@3] File [E:/Github/OverIT/MyProject3/Saved/Config/Windows/Scalability.ini]
[2019.04.22-11.30.27:675][  0]LogConfig: Setting CVar [[r.MotionBlurQuality:0]]
[2019.04.22-11.30.27:675][  0]LogConfig: Setting CVar [[r.AmbientOcclusionMipLevelFactor:0.4]]
[2019.04.22-11.30.27:675][  0]LogConfig: Setting CVar [[r.AmbientOcclusionMaxQuality:100]]
[2019.04.22-11.30.27:675][  0]LogConfig: Setting CVar [[r.AmbientOcclusionLevels:0]]
[2019.04.22-11.30.27:675][  0]LogConfig: Setting CVar [[r.AmbientOcclusionRadiusScale:1.0]]
[2019.04.22-11.30.27:675][  0]LogConfig: Setting CVar [[r.DepthOfFieldQuality:0]]
[2019.04.22-11.30.27:675][  0]LogConfig: Setting CVar [[r.RenderTargetPoolMin:400]]
[2019.04.22-11.30.27:675][  0]LogConfig: Setting CVar [[r.LensFlareQuality:0]]
[2019.04.22-11.30.27:675][  0]LogConfig: Setting CVar [[r.SceneColorFringeQuality:0]]
[2019.04.22-11.30.27:675][  0]LogConfig: Setting CVar [[r.EyeAdaptationQuality:2]]
[2019.04.22-11.30.27:675][  0]LogConfig: Setting CVar [[r.BloomQuality:1]]
[2019.04.22-11.30.27:675][  0]LogConfig: Setting CVar [[r.FastBlurThreshold:0]]
[2019.04.22-11.30.27:675][  0]LogConfig: Setting CVar [[r.Upscale.Quality:3]]
[2019.04.22-11.30.27:675][  0]LogConfig: Setting CVar [[r.Tonemapper.GrainQuantization:1]]
[2019.04.22-11.30.27:675][  0]LogConfig: Setting CVar [[r.LightShaftQuality:1]]
[2019.04.22-11.30.27:675][  0]LogConfig: Setting CVar [[r.Filter.SizeScale:1]]
[2019.04.22-11.30.27:675][  0]LogConfig: Setting CVar [[r.Tonemapper.Quality:5]]
[2019.04.22-11.30.27:675][  0]LogConfig: Setting CVar [[r.DOF.Gather.AccumulatorQuality:1        ; higher gathering accumulator quality]]
[2019.04.22-11.30.27:675][  0]LogConfig: Setting CVar [[r.DOF.Gather.PostfilterMethod:1          ; Median3x3 postfilering method]]
[2019.04.22-11.30.27:675][  0]LogConfig: Setting CVar [[r.DOF.Gather.EnableBokehSettings:0       ; no bokeh simulation when gathering]]
[2019.04.22-11.30.27:675][  0]LogConfig: Setting CVar [[r.DOF.Gather.RingCount:4                 ; medium number of samples when gathering]]
[2019.04.22-11.30.27:675][  0]LogConfig: Setting CVar [[r.DOF.Scatter.ForegroundCompositing:1    ; additive foreground scattering]]
[2019.04.22-11.30.27:675][  0]LogConfig: Setting CVar [[r.DOF.Scatter.BackgroundCompositing:2    ; additive background scattering]]
[2019.04.22-11.30.27:675][  0]LogConfig: Setting CVar [[r.DOF.Scatter.EnableBokehSettings:1      ; bokeh simulation when scattering]]
[2019.04.22-11.30.27:675][  0]LogConfig: Setting CVar [[r.DOF.Scatter.MaxSpriteRatio:0.1         ; only a maximum of 10% of scattered bokeh]]
[2019.04.22-11.30.27:675][  0]LogConfig: Setting CVar [[r.DOF.Recombine.Quality:1                ; cheap slight out of focus]]
[2019.04.22-11.30.27:675][  0]LogConfig: Setting CVar [[r.DOF.Recombine.EnableBokehSettings:0    ; no bokeh simulation on slight out of focus]]
[2019.04.22-11.30.27:675][  0]LogConfig: Setting CVar [[r.DOF.TemporalAAQuality:1                ; more stable temporal accumulation]]
[2019.04.22-11.30.27:675][  0]LogConfig: Setting CVar [[r.DOF.Kernel.MaxForegroundRadius:0.025]]
[2019.04.22-11.30.27:675][  0]LogConfig: Setting CVar [[r.DOF.Kernel.MaxBackgroundRadius:0.025]]
[2019.04.22-11.30.27:676][  0]LogConfig: Applying CVar settings from Section [TextureQuality@3] File [E:/Github/OverIT/MyProject3/Saved/Config/Windows/Scalability.ini]
[2019.04.22-11.30.27:676][  0]LogConfig: Setting CVar [[r.Streaming.MipBias:0]]
[2019.04.22-11.30.27:676][  0]LogConfig: Setting CVar [[r.Streaming.AmortizeCPUToGPUCopy:0]]
[2019.04.22-11.30.27:676][  0]LogConfig: Setting CVar [[r.Streaming.MaxNumTexturesToStreamPerFrame:0]]
[2019.04.22-11.30.27:676][  0]LogConfig: Setting CVar [[r.Streaming.Boost:1]]
[2019.04.22-11.30.27:676][  0]LogConfig: Setting CVar [[r.MaxAnisotropy:8]]
[2019.04.22-11.30.27:676][  0]LogConfig: Setting CVar [[r.Streaming.LimitPoolSizeToVRAM:0]]
[2019.04.22-11.30.27:676][  0]LogConfig: Setting CVar [[r.Streaming.PoolSize:1000]]
[2019.04.22-11.30.27:676][  0]LogConfig: Setting CVar [[r.Streaming.MaxEffectiveScreenSize:0]]
[2019.04.22-11.30.27:676][  0]LogConfig: Applying CVar settings from Section [EffectsQuality@3] File [E:/Github/OverIT/MyProject3/Saved/Config/Windows/Scalability.ini]
[2019.04.22-11.30.27:676][  0]LogConfig: Setting CVar [[r.TranslucencyLightingVolumeDim:4]]
[2019.04.22-11.30.27:676][  0]LogConfig: Setting CVar [[r.RefractionQuality:2]]
[2019.04.22-11.30.27:676][  0]LogConfig: Setting CVar [[r.SSR.Quality:0]]
[2019.04.22-11.30.27:676][  0]LogConfig: Setting CVar [[r.SceneColorFormat:2]]
[2019.04.22-11.30.27:676][  0]LogConfig: Setting CVar [[r.DetailMode:2]]
[2019.04.22-11.30.27:676][  0]LogConfig: Setting CVar [[r.TranslucencyVolumeBlur:0]]
[2019.04.22-11.30.27:676][  0]LogConfig: Setting CVar [[r.MaterialQualityLevel:1 ; High quality]]
[2019.04.22-11.30.27:676][  0]LogConfig: Setting CVar [[r.SSS.Scale:1]]
[2019.04.22-11.30.27:676][  0]LogConfig: Setting CVar [[r.SSS.SampleSet:2]]
[2019.04.22-11.30.27:676][  0]LogConfig: Setting CVar [[r.SSS.Quality:1]]
[2019.04.22-11.30.27:676][  0]LogConfig: Setting CVar [[r.SSS.HalfRes:1]]
[2019.04.22-11.30.27:676][  0]LogConfig: Setting CVar [[r.EmitterSpawnRateScale:1.0]]
[2019.04.22-11.30.27:676][  0]LogConfig: Setting CVar [[r.ParticleLightQuality:2]]
[2019.04.22-11.30.27:676][  0]LogConfig: Applying CVar settings from Section [FoliageQuality@3] File [E:/Github/OverIT/MyProject3/Saved/Config/Windows/Scalability.ini]
[2019.04.22-11.30.27:676][  0]LogConfig: Setting CVar [[foliage.DensityScale:1.0]]
[2019.04.22-11.30.27:676][  0]LogConfig: Setting CVar [[grass.DensityScale:1.0]]
[2019.04.22-11.30.27:676][  0]LogConfig: Applying CVar settings from Section [Startup] File [../../../Engine/Config/ConsoleVariables.ini]
[2019.04.22-11.30.27:680][  0]LogConfig: Setting CVar [[net.UseAdaptiveNetUpdateFrequency:0]]
[2019.04.22-11.30.27:680][  0]LogConfig: Applying CVar settings from Section [ConsoleVariables] File [E:/Github/OverIT/MyProject3/Saved/Config/Windows/Engine.ini]
[2019.04.22-11.30.27:681][  0]LogInit: Computer: LANCE
[2019.04.22-11.30.27:681][  0]LogInit: User: Ailsa
[2019.04.22-11.30.27:681][  0]LogInit: CPU Page size=4096, Cores=2
[2019.04.22-11.30.27:681][  0]LogInit: High frequency timer resolution =2.825500 MHz
[2019.04.22-11.30.27:681][  0]LogMemory: Memory total: Physical=15.9GB (16GB approx)
[2019.04.22-11.30.27:681][  0]LogMemory: Platform Memory Stats for Windows
[2019.04.22-11.30.27:681][  0]LogMemory: Process Physical Memory: 102.57 MB used, 102.57 MB peak
[2019.04.22-11.30.27:681][  0]LogMemory: Process Virtual Memory: 84.73 MB used, 84.73 MB peak
[2019.04.22-11.30.27:681][  0]LogMemory: Physical Memory: 9839.42 MB used,  6456.85 MB free, 16296.27 MB total
[2019.04.22-11.30.27:681][  0]LogMemory: Virtual Memory: 4628.91 MB used,  134213096.00 MB free, 134217728.00 MB total
[2019.04.22-11.30.28:607][  0]LogInit: Using OS detected language (en-US).
[2019.04.22-11.30.28:607][  0]LogInit: Using OS detected locale (en-US).
[2019.04.22-11.30.28:609][  0]LogTextLocalizationManager: No specific localization for 'en-US' exists, so the 'en' localization will be used.
[2019.04.22-11.30.29:177][  0]LogStreaming: Display: Took  0.570s to InitEngineTextLocalization.
[2019.04.22-11.30.29:177][  0]LogInit: Setting process to per monitor DPI aware
[2019.04.22-11.30.29:336][  0]LogSlate: New Slate User Created.  User Index 0, Is Virtual User: 0
[2019.04.22-11.30.29:336][  0]LogSlate: Slate User Registered.  User Index 0, Is Virtual User: 0
[2019.04.22-11.30.32:059][  0]LogHMD: Failed to initialize OpenVR with code 105
[2019.04.22-11.30.32:059][  0]LogD3D11RHI: D3D11 adapters:
[2019.04.22-11.30.32:108][  0]LogD3D11RHI:    0. 'NVIDIA GeForce GTX 960M' (Feature Level 11_0)
[2019.04.22-11.30.32:108][  0]LogD3D11RHI:       4064/0/8148 MB DedicatedVideo/DedicatedSystem/SharedSystem, Outputs:1, VendorId:0x10de
[2019.04.22-11.30.32:119][  0]LogD3D11RHI:    1. 'Intel(R) HD Graphics 4600' (Feature Level 11_0)
[2019.04.22-11.30.32:119][  0]LogD3D11RHI:       112/0/2048 MB DedicatedVideo/DedicatedSystem/SharedSystem, Outputs:0, VendorId:0x8086
[2019.04.22-11.30.32:123][  0]LogD3D11RHI:    2. 'Microsoft Basic Render Driver' (Feature Level 11_0)
[2019.04.22-11.30.32:123][  0]LogD3D11RHI:       0/0/8148 MB DedicatedVideo/DedicatedSystem/SharedSystem, Outputs:0, VendorId:0x1414
[2019.04.22-11.30.32:123][  0]LogD3D11RHI: Chosen D3D11 Adapter: 0
[2019.04.22-11.30.32:176][  0]LogD3D11RHI: Creating new Direct3DDevice
[2019.04.22-11.30.32:176][  0]LogD3D11RHI:     GPU DeviceId: 0x139b (for the marketing name, search the web for "GPU Device Id")
[2019.04.22-11.30.32:176][  0]LogWindows: EnumDisplayDevices:
[2019.04.22-11.30.32:176][  0]LogWindows:    0. 'Intel(R) HD Graphics 4600' (P:1 D:1)
[2019.04.22-11.30.32:177][  0]LogWindows:    1. 'Intel(R) HD Graphics 4600' (P:0 D:0)
[2019.04.22-11.30.32:178][  0]LogWindows:    2. 'Intel(R) HD Graphics 4600' (P:0 D:0)
[2019.04.22-11.30.32:179][  0]LogWindows: DebugString: PrimaryIsNotTheChoosenAdapter PrimaryIsNotTheChoosenAdapter PrimaryIsNotTheChoosenAdapter FoundDriverCount:0 
[2019.04.22-11.30.32:179][  0]LogD3D11RHI:     Adapter Name: NVIDIA GeForce GTX 960M
[2019.04.22-11.30.32:179][  0]LogD3D11RHI:   Driver Version: Unknown (internal:Unknown, unified:Unknown)
[2019.04.22-11.30.32:179][  0]LogD3D11RHI:      Driver Date: Unknown
[2019.04.22-11.30.32:179][  0]LogRHI: Texture pool is 2845 MB (70% of 4064 MB)
[2019.04.22-11.30.32:207][  0]LogD3D11RHI: Async texture creation enabled
[2019.04.22-11.30.32:221][  0]LogD3D11RHI: GPU Timing Frequency: 1000.000000 (Debug: 2 1)
[2019.04.22-11.30.33:133][  0]LogTemp: Display: Loaded TP AllDesktopTargetPlatform
[2019.04.22-11.30.33:162][  0]LogTemp: Display: Loaded TP MacClientTargetPlatform
[2019.04.22-11.30.33:191][  0]LogTemp: Display: Loaded TP MacNoEditorTargetPlatform
[2019.04.22-11.30.33:220][  0]LogTemp: Display: Loaded TP MacServerTargetPlatform
[2019.04.22-11.30.33:253][  0]LogTemp: Display: Loaded TP MacTargetPlatform
[2019.04.22-11.30.33:281][  0]LogTemp: Display: Loaded TP WindowsClientTargetPlatform
[2019.04.22-11.30.33:310][  0]LogTemp: Display: Loaded TP WindowsNoEditorTargetPlatform
[2019.04.22-11.30.33:339][  0]LogTemp: Display: Loaded TP WindowsServerTargetPlatform
[2019.04.22-11.30.33:359][  0]LogTemp: Display: Loaded TP WindowsTargetPlatform
[2019.04.22-11.30.33:480][  0]LogTemp: Display: Loaded TP AndroidTargetPlatform
[2019.04.22-11.30.33:480][  0]LogTemp: Display: Loaded TP AndroidTargetPlatform
[2019.04.22-11.30.33:480][  0]LogTemp: Display: Loaded TP AndroidTargetPlatform
[2019.04.22-11.30.33:480][  0]LogTemp: Display: Loaded TP AndroidTargetPlatform
[2019.04.22-11.30.33:480][  0]LogTemp: Display: Loaded TP AndroidTargetPlatform
[2019.04.22-11.30.33:480][  0]LogTemp: Display: Loaded TP AndroidTargetPlatform
[2019.04.22-11.30.33:480][  0]LogTemp: Display: Loaded TP AndroidTargetPlatform
[2019.04.22-11.30.33:480][  0]LogTemp: Display: Loaded TP AndroidTargetPlatform
[2019.04.22-11.30.33:480][  0]LogTemp: Display: Loaded TP AndroidTargetPlatform
[2019.04.22-11.30.33:480][  0]LogTemp: Display: Loaded TP AndroidTargetPlatform
[2019.04.22-11.30.33:480][  0]LogTemp: Display: Loaded TP AndroidTargetPlatform
[2019.04.22-11.30.33:480][  0]LogTemp: Display: Loaded TP AndroidTargetPlatform
[2019.04.22-11.30.33:480][  0]LogTemp: Display: Loaded TP AndroidTargetPlatform
[2019.04.22-11.30.33:480][  0]LogTemp: Display: Loaded TP AndroidTargetPlatform
[2019.04.22-11.30.33:480][  0]LogTemp: Display: Loaded TP AndroidTargetPlatform
[2019.04.22-11.30.33:480][  0]LogTemp: Display: Loaded TP AndroidTargetPlatform
[2019.04.22-11.30.33:480][  0]LogTemp: Display: Loaded TP AndroidTargetPlatform
[2019.04.22-11.30.33:480][  0]LogTemp: Display: Loaded TP AndroidTargetPlatform
[2019.04.22-11.30.33:494][  0]LogTemp: Display: Loaded TP HTML5TargetPlatform
[2019.04.22-11.30.33:606][  0]LogTemp: Display: Loaded TP IOSTargetPlatform
[2019.04.22-11.30.33:606][  0]LogTemp: Display: Loaded TP IOSTargetPlatform
[2019.04.22-11.30.33:652][  0]LogTemp: Display: Loaded TP TVOSTargetPlatform
[2019.04.22-11.30.33:652][  0]LogTemp: Display: Loaded TP TVOSTargetPlatform
[2019.04.22-11.30.33:680][  0]LogTemp: Display: Loaded TP LinuxClientTargetPlatform
[2019.04.22-11.30.33:707][  0]LogTemp: Display: Loaded TP LinuxNoEditorTargetPlatform
[2019.04.22-11.30.33:738][  0]LogTemp: Display: Loaded TP LinuxServerTargetPlatform
[2019.04.22-11.30.33:777][  0]LogTemp: Display: Loaded TP LinuxTargetPlatform
[2019.04.22-11.30.33:852][  0]LogTemp: Display: Loaded TP LuminTargetPlatform
[2019.04.22-11.30.33:852][  0]LogTemp: Display: Loaded TP LuminTargetPlatform
[2019.04.22-11.30.33:852][  0]LogTargetPlatformManager: Display: Building Assets For Windows
[2019.04.22-11.30.34:246][  0]LogShaderCompilers: Guid format shader working directory is 9 characters bigger than the processId version (../../../../Github/OverIT/MyProject3/Intermediate/Shaders/WorkingDirectory/94264/).
[2019.04.22-11.30.34:246][  0]LogShaderCompilers: Cleaned the shader compiler working directory 'C:/Users/Ailsa/AppData/Local/Temp/UnrealShaderWorkingDir/3F8C296F4F8A2B1CFA2881937D80877D/'.
[2019.04.22-11.30.34:249][  0]LogXGEController: Cleaning working directory: C:/Users/Ailsa/AppData/Local/Temp/UnrealXGEWorkingDir/
[2019.04.22-11.30.34:250][  0]LogXGEController: Cannot use XGE Controller as Incredibuild is not installed on this machine.
[2019.04.22-11.30.34:250][  0]LogShaderCompilers: Cannot use XGE Shader Compiler as Incredibuild is not installed on this machine.
[2019.04.22-11.30.34:250][  0]LogShaderCompilers: Display: Using Local Shader Compiler.
[2019.04.22-11.30.36:324][  0]LogDerivedDataCache: Display: Max Cache Size: 512 MB
[2019.04.22-11.30.36:426][  0]LogDerivedDataCache: Loaded boot cache 0.10s 71MB C:/Users/Ailsa/AppData/Local/UnrealEngine/4.21/DerivedDataCache/Boot.ddc.
[2019.04.22-11.30.36:426][  0]LogDerivedDataCache: Display: Loaded Boot cache: C:/Users/Ailsa/AppData/Local/UnrealEngine/4.21/DerivedDataCache/Boot.ddc
[2019.04.22-11.30.36:426][  0]LogDerivedDataCache: FDerivedDataBackendGraph:  Pak pak cache file ../../../../Github/OverIT/MyProject3/DerivedDataCache/DDC.ddp not found, will not use a pak cache.
[2019.04.22-11.30.36:426][  0]LogDerivedDataCache: Unable to find inner node Pak for hierarchical cache Hierarchy.
[2019.04.22-11.30.36:426][  0]LogDerivedDataCache: FDerivedDataBackendGraph:  CompressedPak pak cache file ../../../../Github/OverIT/MyProject3/DerivedDataCache/Compressed.ddp not found, will not use a pak cache.
[2019.04.22-11.30.36:426][  0]LogDerivedDataCache: Unable to find inner node CompressedPak for hierarchical cache Hierarchy.
[2019.04.22-11.30.36:453][  0]LogDerivedDataCache: Display: Pak cache opened for reading ../../../Engine/DerivedDataCache/Compressed.ddp.
[2019.04.22-11.30.36:453][  0]LogDerivedDataCache: FDerivedDataBackendGraph:  EnterprisePak pak cache file ../../../Enterprise/DerivedDataCache/Compressed.ddp not found, will not use a pak cache.
[2019.04.22-11.30.36:453][  0]LogDerivedDataCache: Unable to find inner node EnterprisePak for hierarchical cache Hierarchy.
[2019.04.22-11.30.36:466][  0]LogDerivedDataCache: Using Local data cache path C:/Users/Ailsa/AppData/Local/UnrealEngine/Common/DerivedDataCache: Writable
[2019.04.22-11.30.36:466][  0]LogDerivedDataCache: Shared data cache path not found in *engine.ini, will not use an Shared cache.
[2019.04.22-11.30.36:466][  0]LogDerivedDataCache: Unable to find inner node Shared for hierarchical cache Hierarchy.
[2019.04.22-11.30.36:494][  0]LogMaterial: Verifying Global Shaders for PCD3D_SM5
[2019.04.22-11.30.36:496][  0]LogSlate: Using FreeType 2.6.0
[2019.04.22-11.30.36:513][  0]LogSlate: SlateFontServices - WITH_FREETYPE: 1, WITH_HARFBUZZ: 1
[2019.04.22-11.30.36:868][  0]LogAssetRegistry: FAssetRegistry took 0.0379 seconds to start up
[2019.04.22-11.30.37:428][  0]LogInit: Selected Device Profile: [Windows]
[2019.04.22-11.30.37:923][  0]LogSimplygon: Simplygon DLL not present - disabling.
[2019.04.22-11.30.37:966][  0]LogMeshReduction: Using SimplygonSwarm for distributed automatic mesh merging
[2019.04.22-11.30.37:966][  0]LogMeshReduction: Using ProxyLODMeshReduction for automatic mesh merging
[2019.04.22-11.30.37:966][  0]LogMeshReduction: Using QuadricMeshReduction for automatic static mesh reduction
[2019.04.22-11.30.37:966][  0]LogMeshReduction: No automatic skeletal mesh reduction module available
[2019.04.22-11.30.38:010][  0]LogNetVersion: MyProject3 1.0.0, NetCL: 4541578, EngineNetVer: 5, GameNetVer: 0 (Checksum: 2916331349)
[2019.04.22-11.30.39:264][  0]LogPackageLocalizationCache: Processed 11 localized package path(s) for 2 prioritized culture(s) in 0.151489 seconds
[2019.04.22-11.30.39:276][  0]LogUObjectArray: 39775 objects as part of root set at end of initial load.
[2019.04.22-11.30.39:276][  0]LogUObjectAllocator: 6914664 out of 0 bytes used by permanent object pool.
[2019.04.22-11.30.39:276][  0]LogUObjectArray: CloseDisregardForGC: 0/0 objects in disregard for GC pool
[2019.04.22-11.30.43:891][  0]LogTcpMessaging: Initializing TcpMessaging bridge
[2019.04.22-11.30.43:919][  0]LogUdpMessaging: Initializing bridge on interface 0.0.0.0:0 to multicast group 230.0.0.1:6666.
[2019.04.22-11.30.45:540][  0]SourceControl: Source control is disabled
[2019.04.22-11.30.45:540][  0]SourceControl: Source control is disabled
[2019.04.22-11.30.45:570][  0]SourceControl: Source control is disabled
[2019.04.22-11.30.45:586][  0]SourceControl: Source control is disabled
[2019.04.22-11.30.46:401][  0]LogAndroidPermission: UAndroidPermissionCallbackProxy::GetInstance
[2019.04.22-11.30.46:682][  0]LogOcInput: OculusInput pre-init called
[2019.04.22-11.30.46:938][  0]LogEngine: Initializing Engine...
[2019.04.22-11.30.46:948][  0]LogHMD: Failed to initialize OpenVR with code 105
[2019.04.22-11.30.46:950][  0]LogStats: UGameplayTagsManager::ConstructGameplayTagTree: ImportINI prefixes -  0.000 s
[2019.04.22-11.30.46:950][  0]LogStats: UGameplayTagsManager::ConstructGameplayTagTree: Construct from data asset -  0.000 s
[2019.04.22-11.30.46:951][  0]LogStats: UGameplayTagsManager::ConstructGameplayTagTree: ImportINI -  0.000 s
[2019.04.22-11.30.46:951][  0]LogStats: UGameplayTagsManager::ConstructGameplayTagTree: GameplayTagTreeChangedEvent.Broadcast -  0.000 s
[2019.04.22-11.30.47:299][  0]LogInit: Initializing FReadOnlyCVARCache
[2019.04.22-11.30.47:344][  0]LogAIModule: Creating AISystem for world Untitled
[2019.04.22-11.30.47:381][  0]LogInit: XAudio2 using 'Speakers (Realtek High Definition Audio)' : 2 channels at 48 kHz using 32 bits per sample (channel mask 0x3)
[2019.04.22-11.30.47:469][  0]LogInit: FAudioDevice initialized.
[2019.04.22-11.30.47:470][  0]LogNetVersion: Set ProjectVersion to 1.0.0.0. Version Checksum will be recalculated on next use.
[2019.04.22-11.30.47:703][  0]LogDerivedDataCache: Saved boot cache 0.23s 71MB C:/Users/Ailsa/AppData/Local/UnrealEngine/4.21/DerivedDataCache/Boot.ddc.
[2019.04.22-11.30.47:724][  0]LogInit: Texture streaming: Enabled
[2019.04.22-11.30.47:804][  0]LogEngineSessionManager: EngineSessionManager initialized
[2019.04.22-11.30.47:862][  0]LogInit: Transaction tracking system initialized
[2019.04.22-11.30.47:993][  0]BlueprintLog: New page: Editor Load
[2019.04.22-11.30.48:424][  0]LocalizationService: Localization service is disabled
[2019.04.22-11.30.49:526][  0]LogFileCache: Scanning file cache for directory 'E:/Github/OverIT/MyProject3/Content/' took 0.03s
[2019.04.22-11.30.49:526][  0]LogCook: Display: Max memory allowance for cook 16384mb min free memory 0mb
[2019.04.22-11.30.49:526][  0]LogCook: Display: Mobile HDR setting 1
[2019.04.22-11.30.49:526][  0]LogGameplayTags: Display: UGameplayTagsManager::DoneAddingNativeTags. DelegateIsBound: 0
[2019.04.22-11.30.49:526][  0]LogStats: UGameplayTagsManager::ConstructGameplayTagTree: ImportINI prefixes -  0.000 s
[2019.04.22-11.30.49:526][  0]LogStats: UGameplayTagsManager::ConstructGameplayTagTree: Construct from data asset -  0.000 s
[2019.04.22-11.30.49:526][  0]LogStats: UGameplayTagsManager::ConstructGameplayTagTree: ImportINI -  0.000 s
[2019.04.22-11.30.49:526][  0]LogStats: UGameplayTagsManager::ConstructGameplayTagTree: GameplayTagTreeChangedEvent.Broadcast -  0.000 s
[2019.04.22-11.30.50:324][  0]SourceControl: Source control is disabled
[2019.04.22-11.30.50:324][  0]Cmd: MAP LOAD FILE="../../../../Github/OverIT/MyProject3/Content/StarterContent/Maps/Level1.umap" TEMPLATE=0 SHOWPROGRESS=1 FEATURELEVEL=3
[2019.04.22-11.30.50:324][  0]LightingResults: New page: Lighting Build
[2019.04.22-11.30.50:329][  0]MapCheck: New page: Map Check
[2019.04.22-11.30.50:329][  0]LightingResults: New page: Lighting Build
[2019.04.22-11.30.51:561][  0]LogLinker: Warning: Can't find file '/Game/Geometry/Objects/pCylinder2Mat'
[2019.04.22-11.30.51:561][  0]LoadErrors: Failed to load /Game/Geometry/Objects/hs_Pen.hs_Pen Referenced by Pen_GEN_VARIABLE
[2019.04.22-11.30.51:561][  0]LogLinker: Warning: Can't find file for asset '/Game/Geometry/Objects/pCylinder2Mat' while loading ../../../../Github/OverIT/MyProject3/Content/Geometry/Objects/hs_Pen.uasset.
[2019.04.22-11.30.51:561][  0]LoadErrors: Failed to load /Game/Geometry/Objects/hs_Pen.hs_Pen Referenced by Pen_GEN_VARIABLE
[2019.04.22-11.30.51:561][  0]LoadErrors: Error: /Game/Geometry/Objects/hs_Pen : Can't find file for asset. /Game/Geometry/Objects/pCylinder2Mat
[2019.04.22-11.30.51:561][  0]LogLinker: Warning: Can't find file '/Game/Geometry/Objects/pCylinder2Mat'
[2019.04.22-11.30.51:561][  0]LoadErrors: Failed to load /Game/Geometry/Objects/hs_Pen.hs_Pen Referenced by Pen_GEN_VARIABLE
[2019.04.22-11.30.51:562][  0]LogLinker: Warning: Can't find file for asset '/Game/Geometry/Objects/pCylinder2Mat' while loading ../../../../Github/OverIT/MyProject3/Content/Geometry/Objects/hs_Pen.uasset.
[2019.04.22-11.30.51:562][  0]LoadErrors: Failed to load /Game/Geometry/Objects/hs_Pen.hs_Pen Referenced by Pen_GEN_VARIABLE
[2019.04.22-11.30.51:562][  0]LoadErrors: Error: /Game/Geometry/Objects/hs_Pen : Can't find file for asset. /Game/Geometry/Objects/pCylinder2Mat
[2019.04.22-11.30.53:001][  0]LogLinker: Warning: Can't find file '/Game/Geometry/Objects/pCylinder2Mat'
[2019.04.22-11.30.53:001][  0]LoadErrors: Failed to load /Game/Geometry/Objects/pCylinder2Mat.pCylinder2Mat Referenced by hs_Pen
[2019.04.22-11.30.53:002][  0]LogLinker: Warning: Can't find file for asset '/Game/Geometry/Objects/pCylinder2Mat' while loading NULL.
[2019.04.22-11.30.53:002][  0]LoadErrors: Failed to load /Game/Geometry/Objects/pCylinder2Mat.pCylinder2Mat Referenced by hs_Pen
[2019.04.22-11.30.53:002][  0]LogLinker: Warning: Can't find file '/Game/Geometry/Objects/pCylinder2Mat'
[2019.04.22-11.30.53:002][  0]LoadErrors: Failed to load /Game/Geometry/Objects/pCylinder2Mat.pCylinder2Mat Referenced by hs_Pen
[2019.04.22-11.30.53:002][  0]LogLinker: Warning: Can't find file for asset '/Game/Geometry/Objects/pCylinder2Mat' while loading NULL.
[2019.04.22-11.30.53:002][  0]LoadErrors: Failed to load /Game/Geometry/Objects/pCylinder2Mat.pCylinder2Mat Referenced by hs_Pen
[2019.04.22-11.30.53:202][  0]LoadErrors: Warning: hs_clipBoard Min LOD value of 1 is out of range 0..0 and has been adjusted to 0. Please verify and resave the asset.
[2019.04.22-11.30.53:224][  0]LoadErrors: Warning: hs_Pen Min LOD value of 1 is out of range 0..0 and has been adjusted to 0. Please verify and resave the asset.
[2019.04.22-11.30.53:785][  0]LoadErrors: Warning: hs_slideDoor_Right Min LOD value of 1 is out of range 0..0 and has been adjusted to 0. Please verify and resave the asset.
[2019.04.22-11.30.53:812][  0]LoadErrors: Warning: hs_slideDoor_Left Min LOD value of 1 is out of range 0..0 and has been adjusted to 0. Please verify and resave the asset.
[2019.04.22-11.30.54:043][  0]LoadErrors: Warning: hs_shopcartWide Min LOD value of 1 is out of range 0..0 and has been adjusted to 0. Please verify and resave the asset.
[2019.04.22-11.30.54:173][  0]LoadErrors: Warning: hs_diamond Min LOD value of 1 is out of range 0..0 and has been adjusted to 0. Please verify and resave the asset.
[2019.04.22-11.30.54:751][  0]LoadErrors: Warning: hs_vase Min LOD value of 1 is out of range 0..0 and has been adjusted to 0. Please verify and resave the asset.
[2019.04.22-11.30.55:367][  0]LoadErrors: Warning: hs_cake Min LOD value of 1 is out of range 0..0 and has been adjusted to 0. Please verify and resave the asset.
[2019.04.22-11.30.55:475][  0]LoadErrors: Warning: hs_concreteBumper Min LOD value of 1 is out of range 0..0 and has been adjusted to 0. Please verify and resave the asset.
[2019.04.22-11.30.55:581][  0]LoadErrors: Warning: hs_groundPlane Min LOD value of 1 is out of range 0..0 and has been adjusted to 0. Please verify and resave the asset.
[2019.04.22-11.30.55:608][  0]LoadErrors: Warning: hs_lampTree Min LOD value of 1 is out of range 0..0 and has been adjusted to 0. Please verify and resave the asset.
[2019.04.22-11.30.55:642][  0]LoadErrors: Warning: HS_ObservationDeck Min LOD value of 1 is out of range 0..0 and has been adjusted to 0. Please verify and resave the asset.
[2019.04.22-11.30.55:693][  0]LoadErrors: Warning: hs_parkingMedian Min LOD value of 1 is out of range 0..0 and has been adjusted to 0. Please verify and resave the asset.
[2019.04.22-11.30.55:713][  0]LoadErrors: Warning: hs_poster Min LOD value of 1 is out of range 0..0 and has been adjusted to 0. Please verify and resave the asset.
[2019.04.22-11.30.55:862][  0]LoadErrors: Warning: skybox2 Min LOD value of 1 is out of range 0..0 and has been adjusted to 0. Please verify and resave the asset.
[2019.04.22-11.30.56:910][  0]LogAIModule: Creating AISystem for world Level1
[2019.04.22-11.30.56:990][  0]LogSlate: New Slate User Created.  User Index 8, Is Virtual User: 1
[2019.04.22-11.30.56:990][  0]LogSlate: Slate User Registered.  User Index 8, Is Virtual User: 1
[2019.04.22-11.30.57:049][  0]LogEditorServer: Finished looking for orphan Actors (0.000 secs)
[2019.04.22-11.30.57:102][  0]Cmd: MAP CHECKDEP NOCLEARLOG
[2019.04.22-11.30.57:103][  0]MapCheck: Map check complete: 0 Error(s), 0 Warning(s), took 0.241ms to complete.
[2019.04.22-11.30.57:103][  0]LogFileHelpers: Loading map 'Level1' took 6.779
[2019.04.22-11.30.57:268][  0]LogSlate: Updating window title bar state: overlay mode, drag disabled, window buttons hidden, title bar hidden
[2019.04.22-11.30.57:279][  0]LogSlate: Updating window title bar state: overlay mode, drag disabled, window buttons hidden, title bar hidden
[2019.04.22-11.30.57:288][  0]LogSlate: Updating window title bar state: overlay mode, drag disabled, window buttons hidden, title bar hidden
[2019.04.22-11.30.57:298][  0]LogSlate: Updating window title bar state: overlay mode, drag disabled, window buttons hidden, title bar hidden
[2019.04.22-11.30.57:324][  0]LogCollectionManager: Loaded 0 collections in 0.001651 seconds
[2019.04.22-11.30.57:365][  0]LogFileCache: Scanning file cache for directory 'E:/Github/OverIT/MyProject3/Saved/Collections/' took 0.01s
[2019.04.22-11.30.57:365][  0]LogFileCache: Scanning file cache for directory 'E:/Github/OverIT/MyProject3/Content/Developers/Ailsa/Collections/' took 0.01s
[2019.04.22-11.30.57:365][  0]LogFileCache: Scanning file cache for directory 'E:/Github/OverIT/MyProject3/Content/Collections/' took 0.01s
[2019.04.22-11.30.57:365][  0]LogCollectionManager: Rebuilt the GUID cache for 0 collections in 0.000000 seconds
[2019.04.22-11.30.57:375][  0]LogContentBrowser: Native class hierarchy populated in 0.0097 seconds. Added 2651 classes and 620 folders.
[2019.04.22-11.30.57:383][  0]LogContentBrowser: Native class hierarchy updated for 'WidgetCarousel' in 0.0003 seconds. Added 0 classes and 0 folders.
[2019.04.22-11.30.57:394][  0]LogPakFile: Registered encryption key '00000000000000000000000000000000': 0 pak files mounted, 0 remain pending
[2019.04.22-11.30.57:402][  0]LogPakFile: Registered encryption key '00000000000000000000000000000000': 0 pak files mounted, 0 remain pending
[2019.04.22-11.30.57:418][  0]LogPakFile: Registered encryption key '00000000000000000000000000000000': 0 pak files mounted, 0 remain pending
[2019.04.22-11.30.57:423][  0]LogPakFile: Registered encryption key '00000000000000000000000000000000': 0 pak files mounted, 0 remain pending
[2019.04.22-11.30.57:428][  0]LogPakFile: Registered encryption key '00000000000000000000000000000000': 0 pak files mounted, 0 remain pending
[2019.04.22-11.30.57:434][  0]LogPakFile: Registered encryption key '00000000000000000000000000000000': 0 pak files mounted, 0 remain pending
[2019.04.22-11.30.57:439][  0]LogPakFile: Registered encryption key '00000000000000000000000000000000': 0 pak files mounted, 0 remain pending
[2019.04.22-11.30.57:444][  0]LogPakFile: Registered encryption key '00000000000000000000000000000000': 0 pak files mounted, 0 remain pending
[2019.04.22-11.30.57:450][  0]LogPakFile: Registered encryption key '00000000000000000000000000000000': 0 pak files mounted, 0 remain pending
[2019.04.22-11.30.57:455][  0]LogPakFile: Registered encryption key '00000000000000000000000000000000': 0 pak files mounted, 0 remain pending
[2019.04.22-11.30.57:460][  0]LogPakFile: Registered encryption key '00000000000000000000000000000000': 0 pak files mounted, 0 remain pending
[2019.04.22-11.30.57:465][  0]LogPakFile: Registered encryption key '00000000000000000000000000000000': 0 pak files mounted, 0 remain pending
[2019.04.22-11.30.57:471][  0]LogPakFile: Registered encryption key '00000000000000000000000000000000': 0 pak files mounted, 0 remain pending
[2019.04.22-11.30.57:476][  0]LogPakFile: Registered encryption key '00000000000000000000000000000000': 0 pak files mounted, 0 remain pending
[2019.04.22-11.30.57:481][  0]LogPakFile: Registered encryption key '00000000000000000000000000000000': 0 pak files mounted, 0 remain pending
[2019.04.22-11.30.57:486][  0]LogPakFile: Registered encryption key '00000000000000000000000000000000': 0 pak files mounted, 0 remain pending
[2019.04.22-11.30.57:509][  0]LogPakFile: Registered encryption key '00000000000000000000000000000000': 0 pak files mounted, 0 remain pending
[2019.04.22-11.30.57:516][  0]LogPakFile: Registered encryption key '00000000000000000000000000000000': 0 pak files mounted, 0 remain pending
[2019.04.22-11.30.57:521][  0]LogPakFile: Registered encryption key '00000000000000000000000000000000': 0 pak files mounted, 0 remain pending
[2019.04.22-11.30.57:527][  0]LogPakFile: Registered encryption key '00000000000000000000000000000000': 0 pak files mounted, 0 remain pending
[2019.04.22-11.30.57:555][  0]LogPakFile: Registered encryption key '00000000000000000000000000000000': 0 pak files mounted, 0 remain pending
[2019.04.22-11.30.57:560][  0]LogPakFile: Registered encryption key '00000000000000000000000000000000': 0 pak files mounted, 0 remain pending
[2019.04.22-11.30.57:567][  0]LogPakFile: Registered encryption key '00000000000000000000000000000000': 0 pak files mounted, 0 remain pending
[2019.04.22-11.30.57:573][  0]LogPakFile: Registered encryption key '00000000000000000000000000000000': 0 pak files mounted, 0 remain pending
[2019.04.22-11.30.57:579][  0]LogPakFile: Registered encryption key '00000000000000000000000000000000': 0 pak files mounted, 0 remain pending
[2019.04.22-11.30.57:586][  0]LogPakFile: Registered encryption key '00000000000000000000000000000000': 0 pak files mounted, 0 remain pending
[2019.04.22-11.30.57:769][  0]LogContentBrowser: Native class hierarchy updated for 'AddContentDialog' in 0.0004 seconds. Added 0 classes and 0 folders.
[2019.04.22-11.30.57:792][  0]LogContentBrowser: Native class hierarchy updated for 'SceneOutliner' in 0.0004 seconds. Added 1 classes and 2 folders.
[2019.04.22-11.30.57:834][  0]LogSlate: Took 0.014728 seconds to synchronously load lazily loaded font '../../../Engine/Content/Slate/Fonts/Roboto-Regular.ttf' (155K)
[2019.04.22-11.30.57:854][  0]LogSlate: Took 0.014846 seconds to synchronously load lazily loaded font '../../../Engine/Content/Slate/Fonts/Roboto-Bold.ttf' (160K)
[2019.04.22-11.30.57:868][  0]LogSlate: Took 0.006424 seconds to synchronously load lazily loaded font '../../../Engine/Content/Editor/Slate/Fonts/FontAwesome.ttf' (139K)
[2019.04.22-11.30.58:026][  0]LogRenderer: Reallocating scene render targets to support 988x576 Format 26 NumSamples 1 (Frame:1).
[2019.04.22-11.30.58:158][  0]LogSlate: Took 0.005020 seconds to synchronously load lazily loaded font '../../../Engine/Content/Slate/Fonts/Roboto-Light.ttf' (167K)
[2019.04.22-11.30.58:335][  0]LogContentBrowser: Native class hierarchy updated for 'HierarchicalLODOutliner' in 0.0004 seconds. Added 0 classes and 0 folders.
[2019.04.22-11.30.58:335][  0]LogLoad: (Engine Initialization) Total time: 34.70 seconds
[2019.04.22-11.30.58:335][  0]LogLoad: (Engine Initialization) Total Blueprint compile time: 0.00 seconds
[2019.04.22-11.30.58:354][  0]LogWindowsTextInputMethodSystem: Display: IME system now deactivated.
[2019.04.22-11.30.58:429][  0]LogContentStreaming: Texture pool size now 1000 MB
[2019.04.22-11.30.58:436][  0]LogSlate: FSceneViewport::OnFocusLost() reason 2
[2019.04.22-11.30.59:549][ 11]LogAssetRegistry: Asset discovery search completed in 22.7035 seconds
[2019.04.22-11.30.59:551][ 11]LogCollectionManager: Rebuilt the object cache for 0 collections in 0.000000 seconds (found 0 objects)
[2019.04.22-11.30.59:552][ 11]LogCollectionManager: Fixed up redirectors for 0 collections in 0.000093 seconds (updated 0 objects)
[2019.04.22-11.31.20:419][787]LogSlate: Window 'Message Log' being destroyed
[2019.04.22-11.31.20:456][787]LogSlate: Window 'Message Log' being destroyed
[2019.04.22-11.33.50:547][233]LogEditorViewport: Clicking on Actor (context menu): StaticMeshActor (SuperGrid_Box23)
[2019.04.22-11.33.50:656][233]LogSlate: FSceneViewport::OnFocusLost() reason 2
[2019.04.22-11.33.51:748][272]LogEditorViewport: Clicking on Actor (context menu): StaticMeshActor (SuperGrid_Box24)
[2019.04.22-11.33.51:842][272]LogSlate: FSceneViewport::OnFocusLost() reason 2
[2019.04.22-11.45.36:122][862]LogUnrealEdMisc: Warning: Heartbeat event firing too frequently (0.000 sec). This should never happen. Something is wrong with the timer delegate!
[2019.04.22-11.45.36:122][862]LogUnrealEdMisc: Warning: Heartbeat event firing too frequently (0.000 sec). This should never happen. Something is wrong with the timer delegate!
[2019.04.22-11.45.36:122][862]LogUnrealEdMisc: Warning: Heartbeat event firing too frequently (0.000 sec). This should never happen. Something is wrong with the timer delegate!
[2019.04.22-11.45.36:122][862]LogUnrealEdMisc: Warning: Heartbeat event firing too frequently (0.000 sec). This should never happen. Something is wrong with the timer delegate!
[2019.04.22-11.45.36:122][862]LogUnrealEdMisc: Warning: Heartbeat event firing too frequently (0.000 sec). This should never happen. Something is wrong with the timer delegate!
[2019.04.22-11.45.36:122][862]LogUnrealEdMisc: Warning: Heartbeat event firing too frequently (0.000 sec). This should never happen. Something is wrong with the timer delegate!
[2019.04.22-11.45.36:122][862]LogUnrealEdMisc: Warning: Heartbeat event firing too frequently (0.000 sec). This should never happen. Something is wrong with the timer delegate!
[2019.04.22-11.45.36:122][862]LogUnrealEdMisc: Warning: Heartbeat event firing too frequently (0.000 sec). This should never happen. Something is wrong with the timer delegate!
[2019.04.22-11.45.36:122][862]LogUnrealEdMisc: Warning: Heartbeat event firing too frequently (0.000 sec). This should never happen. Something is wrong with the timer delegate!
[2019.04.22-11.45.36:122][862]LogUnrealEdMisc: Warning: Heartbeat event firing too frequently (0.000 sec). This should never happen. Something is wrong with the timer delegate!
[2019.04.22-11.45.36:881][864]LogSlate: Took 0.004682 seconds to synchronously load lazily loaded font '../../../Engine/Content/Slate/Fonts/Roboto-Light.ttf' (167K)
[2019.04.22-11.45.47:204][880]LogSavePackage: Moving '../../../../Github/OverIT/MyProject3/Saved/Level1_Auto111C6C5A9485EB17F2A0D90B41B12D347.tmp' to '../../../../Github/OverIT/MyProject3/Saved/Autosaves/Game/StarterContent/Maps/Level1_Auto1.umap'
[2019.04.22-11.45.47:280][880]LogFileHelpers: Editor autosave (incl. sublevels) for '/Game/StarterContent/Maps/Level1' took 1.903
[2019.04.22-11.45.47:280][880]LogFileHelpers: Editor autosave (incl. sublevels) for all levels took 1.903
[2019.04.22-11.45.58:370][914]LogUnrealEdMisc: Warning: Heartbeat event firing too frequently (22.248 sec). This should never happen. Something is wrong with the timer delegate!
[2019.04.22-11.46.52:447][118]LogSlate: FSceneViewport::OnFocusLost() reason 0
[2019.04.22-11.47.27:713][358]LogSlate: FSceneViewport::OnFocusLost() reason 2
[2019.04.22-11.47.27:736][358]LogFactory: FactoryCreateFile: Texture with ReimportTextureFactory (0 0 C:/Users/Ailsa/Pictures/arts/3d/humanStuff/hs_crabPoster.png)
[2019.04.22-11.47.27:772][358]LogTexture: Display: Building textures: hs_crabPoster (BGRA8, 858X1000)
[2019.04.22-11.47.27:879][358]LogFactory: FactoryCreateFile: Texture with ReimportTextureFactory (0 0 C:/Users/Ailsa/Pictures/arts/3d/humanStuff/hs_registerNewEmission.png)
[2019.04.22-11.47.27:960][358]LogTexture: Display: Building textures: hs_registerNewEmission (AutoDXT, 2048X2048)
[2019.04.22-11.47.28:296][358]LogFactory: FactoryCreateFile: Texture with ReimportTextureFactory (0 0 C:/Users/Ailsa/Pictures/arts/3d/humanStuff/hs_surgeryPoster.png)
[2019.04.22-11.47.28:346][358]LogTexture: Display: Building textures: hs_surgeryPoster (BGRA8, 858X1000)
[2019.04.22-11.47.30:194][420]LogEditorViewport: Clicking on Actor (LMB): StaticMeshActor (Convey32)
[2019.04.22-11.47.35:486][692]LogSlate: FSceneViewport::OnFocusLost() reason 0
[2019.04.22-11.47.38:815][853]LogMaterial: Display: Missing cached shader map for material hs_crabPoster_Mat, compiling. 
[2019.04.22-11.47.38:912][854]LogShaderCompilers: Display: Shaders left to compile 22
[2019.04.22-11.47.38:912][854]LogShaderCompilers: Display: Shaders left to compile 12
[2019.04.22-11.47.38:912][854]LogShaderCompilers: Display: Shaders left to compile 2
[2019.04.22-11.47.45:632][111]LogMaterial: Display: Missing cached shader map for material hs_surgeryPoster_Mat, compiling. 
[2019.04.22-11.47.45:697][112]LogShaderCompilers: Display: Shaders left to compile 22
[2019.04.22-11.47.55:335][436]LogShaderCompilers: Display: Shaders left to compile 12
[2019.04.22-11.47.58:363][549]LogUnrealEdMisc: Warning: Heartbeat event firing too frequently (29.852 sec). This should never happen. Something is wrong with the timer delegate!
[2019.04.22-11.48.02:335][696]LogAssetEditorManager: Opening Asset editor for Material /Game/Materials/hs_registerNew_Mat.hs_registerNew_Mat
[2019.04.22-11.48.02:348][696]LogMaterial: Display: Missing cached shader map for material hs_registerNew_Mat, compiling. 
[2019.04.22-11.48.03:169][696]LogMaterial: Display: Missing cached shader map for material hs_registerNew_Mat, compiling. 
[2019.04.22-11.48.03:216][696]LogMaterial: Display: Missing cached shader map for material hs_registerNew_Mat, compiling. 
[2019.04.22-11.48.03:286][696]LogMaterial: Display: Missing cached shader map for material FMatExpressionPreview MaterialExpressionTextureSample_0, compiling. 
[2019.04.22-11.48.03:385][696]LogSlate: Took 0.012923 seconds to synchronously load lazily loaded font '../../../Engine/Content/Slate/Fonts/Roboto-BoldCondensed.ttf' (158K)
[2019.04.22-11.48.03:725][697]LogShaderCompilers: Display: Shaders left to compile 25
[2019.04.22-11.48.04:361][699]LogShaderCompilers: Display: Shaders left to compile 24
[2019.04.22-11.48.04:865][699]LogShaderCompilers: Display: Shaders left to compile 23
[2019.04.22-11.48.05:473][699]LogShaderCompilers: Display: Shaders left to compile 22
[2019.04.22-11.48.05:537][699]LogShaderCompilers: Display: Shaders left to compile 21
[2019.04.22-11.48.05:892][699]LogShaderCompilers: Display: Shaders left to compile 20
[2019.04.22-11.48.05:914][699]LogShaderCompilers: Display: Shaders left to compile 19
[2019.04.22-11.48.06:353][699]LogShaderCompilers: Display: Shaders left to compile 18
[2019.04.22-11.48.06:422][699]LogShaderCompilers: Display: Shaders left to compile 17
[2019.04.22-11.48.07:786][734]LogShaderCompilers: Display: Shaders left to compile 16
[2019.04.22-11.48.07:927][738]LogShaderCompilers: Display: Shaders left to compile 15
[2019.04.22-11.48.10:313][803]LogShaderCompilers: Display: Shaders left to compile 14
[2019.04.22-11.48.10:883][823]LogShaderCompilers: Display: Shaders left to compile 13
[2019.04.22-11.48.11:865][857]LogShaderCompilers: Display: Shaders left to compile 12
[2019.04.22-11.48.13:426][909]LogShaderCompilers: Display: Shaders left to compile 11
[2019.04.22-11.48.14:808][952]LogShaderCompilers: Display: Shaders left to compile 10
[2019.04.22-11.48.14:871][954]LogShaderCompilers: Display: Shaders left to compile 9
[2019.04.22-11.48.15:489][975]LogMaterial: Display: Missing cached shader map for material hs_registerNew_Mat, compiling. 
[2019.04.22-11.48.15:541][975]LogMaterial: Display: Missing cached shader map for material FMatExpressionPreview MaterialExpressionTextureSample_1, compiling. 
[2019.04.22-11.48.17:903][ 46]LogShaderCompilers: Display: Shaders left to compile 25
[2019.04.22-11.48.18:403][ 63]LogShaderCompilers: Display: Shaders left to compile 24
[2019.04.22-11.48.18:865][ 79]LogShaderCompilers: Display: Shaders left to compile 23
[2019.04.22-11.48.19:973][112]LogShaderCompilers: Display: Shaders left to compile 22
[2019.04.22-11.48.20:408][121]LogShaderCompilers: Display: Shaders left to compile 21
[2019.04.22-11.48.20:525][122]LogShaderCompilers: Display: Shaders left to compile 20
[2019.04.22-11.48.20:738][122]LogShaderCompilers: Display: Shaders left to compile 19
[2019.04.22-11.48.20:858][122]LogShaderCompilers: Display: Shaders left to compile 18
[2019.04.22-11.48.20:888][122]LogShaderCompilers: Display: Shaders left to compile 17
[2019.04.22-11.48.21:087][122]LogShaderCompilers: Display: Shaders left to compile 16
[2019.04.22-11.48.21:307][122]LogShaderCompilers: Display: Shaders left to compile 15
[2019.04.22-11.48.21:328][122]LogShaderCompilers: Display: Shaders left to compile 14
[2019.04.22-11.48.21:414][122]LogShaderCompilers: Display: Shaders left to compile 13
[2019.04.22-11.48.22:086][142]LogShaderCompilers: Display: Shaders left to compile 12
[2019.04.22-11.48.23:889][194]LogShaderCompilers: Display: Shaders left to compile 11
[2019.04.22-11.48.24:110][200]LogShaderCompilers: Display: Shaders left to compile 10
[2019.04.22-11.48.24:178][201]LogMaterial: Display: Missing cached shader map for material hs_registerNew_Mat, compiling. 
[2019.04.22-11.48.24:229][201]LogMaterial: Display: Missing cached shader map for material FMatExpressionPreview MaterialExpressionTextureSample_1, compiling. 
[2019.04.22-11.48.24:268][201]LogMaterial: Display: Missing cached shader map for material hs_registerNew_Mat, compiling. 
[2019.04.22-11.48.24:390][203]LogShaderCompilers: Display: Shaders left to compile 25
[2019.04.22-11.48.27:394][291]LogShaderCompilers: Display: Shaders left to compile 24
[2019.04.22-11.48.27:423][292]LogShaderCompilers: Display: Shaders left to compile 23
[2019.04.22-11.48.28:025][311]LogMaterial: Display: Missing cached shader map for material hs_registerNew_Mat, compiling. 
[2019.04.22-11.48.28:074][311]LogShaderCompilers: Display: Shaders left to compile 23
[2019.04.22-11.48.28:083][311]LogMaterial: Display: Missing cached shader map for material FMatExpressionPreview MaterialExpressionTextureSample_1, compiling. 
[2019.04.22-11.48.28:985][333]LogShaderCompilers: Display: Shaders left to compile 24
[2019.04.22-11.48.29:052][335]LogShaderCompilers: Display: Shaders left to compile 23
[2019.04.22-11.48.29:798][358]LogShaderCompilers: Display: Shaders left to compile 22
[2019.04.22-11.48.30:505][378]LogShaderCompilers: Display: Shaders left to compile 21
[2019.04.22-11.48.30:698][384]LogShaderCompilers: Display: Shaders left to compile 20
[2019.04.22-11.48.31:376][401]LogShaderCompilers: Display: Shaders left to compile 19
[2019.04.22-11.48.31:779][413]LogShaderCompilers: Display: Shaders left to compile 18
[2019.04.22-11.48.31:779][413]LogShaderCompilers: Display: Shaders left to compile 17
[2019.04.22-11.48.32:321][429]LogShaderCompilers: Display: Shaders left to compile 16
[2019.04.22-11.48.32:611][438]LogShaderCompilers: Display: Shaders left to compile 15
[2019.04.22-11.48.32:876][444]LogShaderCompilers: Display: Shaders left to compile 14
[2019.04.22-11.48.33:767][470]LogMaterial: Display: Missing cached shader map for material hs_registerNew_Mat, compiling. 
[2019.04.22-11.48.35:428][514]LogShaderCompilers: Display: Shaders left to compile 25
[2019.04.22-11.48.35:746][524]LogShaderCompilers: Display: Shaders left to compile 24
[2019.04.22-11.48.36:037][534]LogMaterial: Display: Missing cached shader map for material hs_registerNew_Mat, compiling. 
[2019.04.22-11.48.36:087][534]LogMaterial: Display: Missing cached shader map for material FMatExpressionPreview MaterialExpressionTextureSample_1, compiling. 
[2019.04.22-11.48.36:428][543]LogShaderCompilers: Display: Shaders left to compile 25
[2019.04.22-11.48.37:448][572]LogMaterial: Display: Missing cached shader map for material hs_registerNew_Mat, compiling. 
[2019.04.22-11.48.37:485][572]LogShaderCompilers: Display: Shaders left to compile 4
[2019.04.22-11.48.37:492][572]LogShaderCompilers: Display: Shaders left to compile 24
[2019.04.22-11.48.37:492][572]LogMaterial: Display: Missing cached shader map for material FMatExpressionPreview MaterialExpressionConstant3Vector_0, compiling. 
[2019.04.22-11.48.38:769][604]LogShaderCompilers: Display: Shaders left to compile 25
[2019.04.22-11.48.39:759][634]LogMaterial: Display: Missing cached shader map for material hs_registerNew_Mat, compiling. 
[2019.04.22-11.48.39:814][634]LogMaterial: Display: Missing cached shader map for material FMatExpressionPreview MaterialExpressionConstant3Vector_0, compiling. 
[2019.04.22-11.48.39:838][634]LogShaderCompilers: Display: Shaders left to compile 25
[2019.04.22-11.48.39:877][635]LogShaderCompilers: Display: Shaders left to compile 24
[2019.04.22-11.48.40:452][651]LogShaderCompilers: Display: Shaders left to compile 23
[2019.04.22-11.48.40:499][652]LogMaterial: Display: Missing cached shader map for material hs_registerNew_Mat, compiling. 
[2019.04.22-11.48.40:553][652]LogMaterial: Display: Missing cached shader map for material FMatExpressionPreview MaterialExpressionConstant3Vector_0, compiling. 
[2019.04.22-11.48.41:427][674]LogShaderCompilers: Display: Shaders left to compile 25
[2019.04.22-11.48.41:590][679]LogShaderCompilers: Display: Shaders left to compile 24
[2019.04.22-11.48.41:609][679]LogMaterial: Display: Missing cached shader map for material hs_registerNew_Mat, compiling. 
[2019.04.22-11.48.41:652][679]LogMaterial: Display: Missing cached shader map for material FMatExpressionPreview MaterialExpressionConstant3Vector_0, compiling. 
[2019.04.22-11.48.42:388][699]LogShaderCompilers: Display: Shaders left to compile 25
[2019.04.22-11.48.42:558][704]LogMaterial: Display: Missing cached shader map for material hs_registerNew_Mat, compiling. 
[2019.04.22-11.48.42:605][704]LogMaterial: Display: Missing cached shader map for material FMatExpressionPreview MaterialExpressionConstant3Vector_0, compiling. 
[2019.04.22-11.48.42:639][704]LogSlate: Window 'Color Picker' being destroyed
[2019.04.22-11.48.43:018][715]LogShaderCompilers: Display: Shaders left to compile 25
[2019.04.22-11.48.43:409][727]LogShaderCompilers: Display: Shaders left to compile 24
[2019.04.22-11.48.44:410][757]LogShaderCompilers: Display: Shaders left to compile 23
[2019.04.22-11.48.45:039][776]LogShaderCompilers: Display: Shaders left to compile 4
[2019.04.22-11.48.45:039][776]LogMaterial: Display: Missing cached shader map for material hs_registerNew_Mat, compiling. 
[2019.04.22-11.48.45:081][776]LogMaterial: Display: Missing cached shader map for material FMatExpressionPreview MaterialExpressionConstant3Vector_0, compiling. 
[2019.04.22-11.48.45:140][777]LogShaderCompilers: Display: Shaders left to compile 25
[2019.04.22-11.48.45:836][797]LogShaderCompilers: Display: Shaders left to compile 24
[2019.04.22-11.48.46:816][829]LogShaderCompilers: Display: Shaders left to compile 23
[2019.04.22-11.48.46:967][834]LogShaderCompilers: Display: Shaders left to compile 22
[2019.04.22-11.48.47:525][852]LogShaderCompilers: Display: Shaders left to compile 21
[2019.04.22-11.48.48:281][873]LogMaterial: Display: Missing cached shader map for material FMatExpressionPreview MaterialExpressionMultiply_0, compiling. 
[2019.04.22-11.48.48:427][878]LogShaderCompilers: Display: Shaders left to compile 22
[2019.04.22-11.48.49:035][897]LogShaderCompilers: Display: Shaders left to compile 21
[2019.04.22-11.48.49:212][903]LogShaderCompilers: Display: Shaders left to compile 20
[2019.04.22-11.48.49:940][925]LogShaderCompilers: Display: Shaders left to compile 19
[2019.04.22-11.48.50:007][927]LogShaderCompilers: Display: Shaders left to compile 18
[2019.04.22-11.48.50:941][957]LogShaderCompilers: Display: Shaders left to compile 17
[2019.04.22-11.48.51:470][972]LogShaderCompilers: Display: Shaders left to compile 16
[2019.04.22-11.48.53:487][ 32]LogShaderCompilers: Display: Shaders left to compile 15
[2019.04.22-11.48.53:679][ 38]LogMaterial: Display: Missing cached shader map for material hs_registerNew_Mat, compiling. 
[2019.04.22-11.48.53:720][ 38]LogShaderCompilers: Display: Shaders left to compile 6
[2019.04.22-11.48.53:738][ 38]LogMaterial: Display: Missing cached shader map for material FMatExpressionPreview MaterialExpressionMultiply_0, compiling. 
[2019.04.22-11.48.56:072][104]LogShaderCompilers: Display: Shaders left to compile 26
[2019.04.22-11.48.57:422][146]LogShaderCompilers: Display: Shaders left to compile 25
[2019.04.22-11.48.57:900][162]LogShaderCompilers: Display: Shaders left to compile 24
[2019.04.22-11.48.57:961][164]LogShaderCompilers: Display: Shaders left to compile 23
[2019.04.22-11.48.58:651][166]LogShaderCompilers: Display: Shaders left to compile 22
[2019.04.22-11.48.58:687][166]LogShaderCompilers: Display: Shaders left to compile 21
[2019.04.22-11.48.58:727][166]LogShaderCompilers: Display: Shaders left to compile 20
[2019.04.22-11.48.59:038][166]LogShaderCompilers: Display: Shaders left to compile 19
[2019.04.22-11.48.59:057][166]LogShaderCompilers: Display: Shaders left to compile 18
[2019.04.22-11.48.59:109][166]LogShaderCompilers: Display: Shaders left to compile 17
[2019.04.22-11.48.59:435][166]LogShaderCompilers: Display: Shaders left to compile 16
[2019.04.22-11.48.59:497][166]LogShaderCompilers: Display: Shaders left to compile 15
[2019.04.22-11.48.59:519][166]LogShaderCompilers: Display: Shaders left to compile 14
[2019.04.22-11.49.00:185][166]LogShaderCompilers: Display: Shaders left to compile 13
[2019.04.22-11.49.00:538][166]LogShaderCompilers: Display: Shaders left to compile 12
[2019.04.22-11.49.01:049][166]LogShaderCompilers: Display: Shaders left to compile 11
[2019.04.22-11.49.01:664][166]LogShaderCompilers: Display: Shaders left to compile 10
[2019.04.22-11.49.01:784][166]LogShaderCompilers: Display: Shaders left to compile 9
[2019.04.22-11.49.02:020][166]LogShaderCompilers: Display: Shaders left to compile 8
[2019.04.22-11.49.02:665][166]LogShaderCompilers: Display: Shaders left to compile 7
[2019.04.22-11.49.02:800][166]LogShaderCompilers: Display: Shaders left to compile 6
[2019.04.22-11.49.02:913][166]LogShaderCompilers: Display: Shaders left to compile 5
[2019.04.22-11.49.03:802][174]LogShaderCompilers: Display: Shaders left to compile 4
[2019.04.22-11.49.03:859][175]LogShaderCompilers: Display: Shaders left to compile 3
[2019.04.22-11.49.04:092][178]LogShaderCompilers: Display: Shaders left to compile 2
[2019.04.22-11.49.04:329][180]MaterialEditorStats: Base pass shader: 108 instructions
[2019.04.22-11.49.04:330][180]MaterialEditorStats: Base pass shader with Volumetric Lightmap: 182 instructions
[2019.04.22-11.49.04:330][180]MaterialEditorStats: Base pass vertex shader: 36 instructions
[2019.04.22-11.49.04:330][180]MaterialEditorStats: Texture samplers: 5/16
[2019.04.22-11.49.04:330][180]MaterialEditorStats: Texture Lookups (Est.): VS(0), PS(2)
[2019.04.22-11.49.04:330][180]MaterialEditorStats: User interpolators: 2/4 Scalars (1/4 Vectors) (TexCoords: 2, Custom: 0)
[2019.04.22-11.55.47:629][381]LogFileHelpers: Editor autosave (incl. sublevels) for '/Game/StarterContent/Maps/Level1' took 0.028
[2019.04.22-11.55.47:630][381]OBJ SavePackage: Generating thumbnails for [1] asset(s) in package [/Game/Textures/hs_crabPoster] ([1] browsable assets)...
[2019.04.22-11.55.47:643][381]OBJ SavePackage:     Rendered thumbnail for [Texture2D /Game/Textures/hs_crabPoster.hs_crabPoster]
[2019.04.22-11.55.47:643][381]OBJ SavePackage: Finished generating thumbnails for package [/Game/Textures/hs_crabPoster]
[2019.04.22-11.55.47:643][381]Cmd: OBJ SAVEPACKAGE PACKAGE="/Game/Textures/hs_crabPoster" FILE="../../../../Github/OverIT/MyProject3/Saved/Autosaves/Game/Textures/hs_crabPoster_Auto2.uasset" SILENT=false AUTOSAVING=true
[2019.04.22-11.55.47:672][381]LogSavePackage: Moving '../../../../Github/OverIT/MyProject3/Saved/hs_crabPoster_Auto2436BB3264E95543807EFD897BA212A58.tmp' to '../../../../Github/OverIT/MyProject3/Saved/Autosaves/Game/Textures/hs_crabPoster_Auto2.uasset'
[2019.04.22-11.55.47:674][381]OBJ SavePackage: Generating thumbnails for [1] asset(s) in package [/Game/Textures/hs_registerNewEmission] ([1] browsable assets)...
[2019.04.22-11.55.47:682][381]OBJ SavePackage:     Rendered thumbnail for [Texture2D /Game/Textures/hs_registerNewEmission.hs_registerNewEmission]
[2019.04.22-11.55.47:682][381]OBJ SavePackage: Finished generating thumbnails for package [/Game/Textures/hs_registerNewEmission]
[2019.04.22-11.55.47:707][381]LogSavePackage: Moving '../../../../Github/OverIT/MyProject3/Saved/hs_registerNewEmission_Auto202F026654894F7B9F5082AAE7A5E5873.tmp' to '../../../../Github/OverIT/MyProject3/Saved/Autosaves/Game/Textures/hs_registerNewEmission_Auto2.uasset'
[2019.04.22-11.55.47:708][381]OBJ SavePackage: Generating thumbnails for [1] asset(s) in package [/Game/Textures/hs_surgeryPoster] ([1] browsable assets)...
[2019.04.22-11.55.47:716][381]OBJ SavePackage:     Rendered thumbnail for [Texture2D /Game/Textures/hs_surgeryPoster.hs_surgeryPoster]
[2019.04.22-11.55.47:716][381]OBJ SavePackage: Finished generating thumbnails for package [/Game/Textures/hs_surgeryPoster]
[2019.04.22-11.55.47:716][381]Cmd: OBJ SAVEPACKAGE PACKAGE="/Game/Textures/hs_surgeryPoster" FILE="../../../../Github/OverIT/MyProject3/Saved/Autosaves/Game/Textures/hs_surgeryPoster_Auto2.uasset" SILENT=false AUTOSAVING=true
[2019.04.22-11.55.47:733][381]LogSavePackage: Moving '../../../../Github/OverIT/MyProject3/Saved/hs_surgeryPoster_Auto2DFF30B4D4858D6601C468FA9AA533526.tmp' to '../../../../Github/OverIT/MyProject3/Saved/Autosaves/Game/Textures/hs_surgeryPoster_Auto2.uasset'
[2019.04.22-11.55.47:734][381]OBJ SavePackage: Generating thumbnails for [1] asset(s) in package [/Game/Textures/hs_crabPoster_Mat] ([1] browsable assets)...
[2019.04.22-11.55.47:768][381]OBJ SavePackage:     Rendered thumbnail for [Material /Game/Textures/hs_crabPoster_Mat.hs_crabPoster_Mat]
[2019.04.22-11.55.47:768][381]OBJ SavePackage: Finished generating thumbnails for package [/Game/Textures/hs_crabPoster_Mat]
[2019.04.22-11.55.47:768][381]Cmd: OBJ SAVEPACKAGE PACKAGE="/Game/Textures/hs_crabPoster_Mat" FILE="../../../../Github/OverIT/MyProject3/Saved/Autosaves/Game/Textures/hs_crabPoster_Mat_Auto2.uasset" SILENT=false AUTOSAVING=true
[2019.04.22-11.55.47:790][381]LogSavePackage: Moving '../../../../Github/OverIT/MyProject3/Saved/hs_crabPoster_Mat_Auto2C66DC56041C84FE828E0BAA04ED61E99.tmp' to '../../../../Github/OverIT/MyProject3/Saved/Autosaves/Game/Textures/hs_crabPoster_Mat_Auto2.uasset'
[2019.04.22-11.55.47:791][381]OBJ SavePackage: Generating thumbnails for [1] asset(s) in package [/Game/Textures/hs_surgeryPoster_Mat] ([1] browsable assets)...
[2019.04.22-11.55.47:819][381]OBJ SavePackage:     Rendered thumbnail for [Material /Game/Textures/hs_surgeryPoster_Mat.hs_surgeryPoster_Mat]
[2019.04.22-11.55.47:819][381]OBJ SavePackage: Finished generating thumbnails for package [/Game/Textures/hs_surgeryPoster_Mat]
[2019.04.22-11.55.47:819][381]Cmd: OBJ SAVEPACKAGE PACKAGE="/Game/Textures/hs_surgeryPoster_Mat" FILE="../../../../Github/OverIT/MyProject3/Saved/Autosaves/Game/Textures/hs_surgeryPoster_Mat_Auto2.uasset" SILENT=false AUTOSAVING=true
[2019.04.22-11.55.47:843][381]LogSavePackage: Moving '../../../../Github/OverIT/MyProject3/Saved/hs_surgeryPoster_Mat_Auto2280A4E9D45ADB841162C9AB2AB12A9B0.tmp' to '../../../../Github/OverIT/MyProject3/Saved/Autosaves/Game/Textures/hs_surgeryPoster_Mat_Auto2.uasset'
[2019.04.22-11.55.47:843][381]LogFileHelpers: Auto-saving content packages took 0.214
[2019.04.22-12.06.20:279][710]LogMaterial: Display: Missing cached shader map for material hs_registerNew_Mat, compiling. 
[2019.04.22-12.06.20:360][711]LogShaderCompilers: Display: Shaders left to compile 21
[2019.04.22-12.06.20:360][711]LogShaderCompilers: Display: Shaders left to compile 20
[2019.04.22-12.06.20:360][711]LogShaderCompilers: Display: Shaders left to compile 19
[2019.04.22-12.06.23:797][812]LogMaterial: Display: Missing cached shader map for material hs_registerNew_Mat, compiling. 
[2019.04.22-12.06.23:851][812]LogMaterial: Display: Missing cached shader map for material FMatExpressionPreview MaterialExpressionMultiply_0, compiling. 
[2019.04.22-12.06.25:118][845]LogMaterial: Display: Missing cached shader map for material hs_registerNew_Mat, compiling. 
[2019.04.22-12.06.26:011][867]LogShaderCompilers: Display: Shaders left to compile 23
[2019.04.22-12.06.28:744][946]LogMaterial: Display: Missing cached shader map for material hs_registerNew_Mat, compiling. 
[2019.04.22-12.06.30:347][989]LogShaderCompilers: Display: Shaders left to compile 22
[2019.04.22-12.06.31:180][ 13]LogShaderCompilers: Display: Shaders left to compile 21
[2019.04.22-12.06.34:092][ 92]LogMaterial: Display: Missing cached shader map for material hs_registerNew_Mat, compiling. 
[2019.04.22-12.06.34:137][ 92]LogMaterial: Display: Missing cached shader map for material hs_registerNew_Mat, compiling. 
[2019.04.22-12.06.35:716][134]LogMaterial: Display: Missing cached shader map for material hs_registerNew_Mat, compiling. 
[2019.04.22-12.06.35:999][140]LogShaderCompilers: Display: Shaders left to compile 21
[2019.04.22-12.06.36:840][165]LogMaterial: Display: Missing cached shader map for material hs_registerNew_Mat, compiling. 
[2019.04.22-12.06.37:379][178]LogShaderCompilers: Display: Shaders left to compile 21
[2019.04.22-12.06.38:663][212]LogShaderCompilers: Display: Shaders left to compile 20
[2019.04.22-12.06.39:295][230]LogMaterialEditor: Saving and Compiling material hs_registerNew_Mat
[2019.04.22-12.06.40:432][230]LogShaderCompilers: Display: Shaders left to compile 19
[2019.04.22-12.06.40:432][230]LogShaderCompilers: Display: Shaders left to compile 18
[2019.04.22-12.06.40:433][230]LogShaderCompilers: Display: Shaders left to compile 17
[2019.04.22-12.06.40:477][230]LogMaterial: Display: Missing cached shader map for material hs_registerNew_Mat, compiling. 
[2019.04.22-12.06.40:653][230]LogMaterial: Display: Missing cached shader map for material hs_registerNew_Mat, compiling. 
[2019.04.22-12.06.40:777][230]LogMaterial: Display: Missing cached shader map for material hs_registerNew_Mat, compiling. 
[2019.04.22-12.06.40:938][230]LogMaterial: Display: Missing cached shader map for material FDebugViewModeMaterialProxy hs_registerNew_Mat, compiling. 
[2019.04.22-12.06.51:089][230]LogShaderCompilers: Display: Shaders left to compile 44
[2019.04.22-12.06.51:089][230]LogShaderCompilers: Display: Shaders left to compile 43
[2019.04.22-12.06.51:089][230]LogShaderCompilers: Display: Shaders left to compile 42
[2019.04.22-12.06.51:089][230]LogShaderCompilers: Display: Shaders left to compile 41
[2019.04.22-12.06.51:089][230]LogShaderCompilers: Display: Shaders left to compile 40
[2019.04.22-12.06.51:089][230]LogShaderCompilers: Display: Shaders left to compile 39
[2019.04.22-12.06.51:089][230]LogShaderCompilers: Display: Shaders left to compile 38
[2019.04.22-12.06.51:089][230]LogShaderCompilers: Display: Shaders left to compile 37
[2019.04.22-12.06.51:089][230]LogShaderCompilers: Display: Shaders left to compile 36
[2019.04.22-12.06.51:089][230]LogShaderCompilers: Display: Shaders left to compile 35
[2019.04.22-12.06.51:089][230]LogShaderCompilers: Display: Shaders left to compile 34
[2019.04.22-12.06.51:089][230]LogShaderCompilers: Display: Shaders left to compile 33
[2019.04.22-12.06.51:089][230]LogShaderCompilers: Display: Shaders left to compile 32
[2019.04.22-12.06.51:089][230]LogShaderCompilers: Display: Shaders left to compile 31
[2019.04.22-12.06.51:089][230]LogShaderCompilers: Display: Shaders left to compile 30
[2019.04.22-12.06.51:090][230]LogShaderCompilers: Display: Shaders left to compile 29
[2019.04.22-12.06.51:090][230]LogShaderCompilers: Display: Shaders left to compile 28
[2019.04.22-12.06.51:090][230]LogShaderCompilers: Display: Shaders left to compile 27
[2019.04.22-12.06.51:090][230]LogShaderCompilers: Display: Shaders left to compile 26
[2019.04.22-12.06.51:090][230]LogShaderCompilers: Display: Shaders left to compile 25
[2019.04.22-12.06.51:090][230]LogShaderCompilers: Display: Shaders left to compile 24
[2019.04.22-12.06.51:090][230]LogShaderCompilers: Display: Shaders left to compile 23
[2019.04.22-12.06.51:090][230]LogShaderCompilers: Display: Shaders left to compile 22
[2019.04.22-12.06.51:090][230]LogShaderCompilers: Display: Shaders left to compile 12
[2019.04.22-12.06.51:090][230]LogShaderCompilers: Display: Shaders left to compile 2
[2019.04.22-12.06.51:504][230]TextureStreamingBuild: Display: Compiling optional shaders took 10.581 seconds.
[2019.04.22-12.06.57:499][230]Cmd: OBJ SAVEPACKAGE PACKAGE="/Game/Materials/hs_registerNew_Mat" FILE="../../../../Github/OverIT/MyProject3/Content/Materials/hs_registerNew_Mat.uasset" SILENT=true
[2019.04.22-12.06.57:535][230]LogSavePackage: Moving '../../../../Github/OverIT/MyProject3/Saved/hs_registerNew_MatF90286A64590FDD52DF68A9E67C731C9.tmp' to '../../../../Github/OverIT/MyProject3/Content/Materials/hs_registerNew_Mat.uasset'
[2019.04.22-12.06.57:571][230]MaterialEditorStats: Base pass shader: 108 instructions
[2019.04.22-12.06.57:571][230]MaterialEditorStats: Base pass shader with Volumetric Lightmap: 182 instructions
[2019.04.22-12.06.57:571][230]MaterialEditorStats: Base pass vertex shader: 36 instructions
[2019.04.22-12.06.57:571][230]MaterialEditorStats: Texture samplers: 5/16
[2019.04.22-12.06.57:571][230]MaterialEditorStats: Texture Lookups (Est.): VS(0), PS(2)
[2019.04.22-12.06.57:571][230]MaterialEditorStats: User interpolators: 2/4 Scalars (1/4 Vectors) (TexCoords: 2, Custom: 0)
[2019.04.22-12.35.36:926][340]LogSlate: Took 0.007209 seconds to synchronously load lazily loaded font '../../../Engine/Content/Slate/Fonts/Roboto-Italic.ttf' (157K)
[2019.04.22-12.35.40:929][442]LogSlate: Window 'hs_registerNew_Mat' being destroyed
[2019.04.22-12.35.40:948][442]LogSlate: Window 'hs_registerNew_Mat' being destroyed
[2019.04.22-12.35.46:902][668]LogEditorViewport: Clicking on Actor (context menu): StaticMeshActor (hs_wall12)
[2019.04.22-12.35.47:001][668]LogSlate: FSceneViewport::OnFocusLost() reason 2
[2019.04.22-12.36.05:638][525]Cmd: OBJ SAVEPACKAGE PACKAGE="/Game/Materials/hs_surgeryPoster" FILE="../../../../Github/OverIT/MyProject3/Content/Materials/hs_surgeryPoster.uasset" SILENT=true
[2019.04.22-12.36.05:716][525]LogSavePackage: Moving '../../../../Github/OverIT/MyProject3/Saved/hs_surgeryPoster9F59036F47A33C03E04C8890ACD59D0A.tmp' to '../../../../Github/OverIT/MyProject3/Content/Materials/hs_surgeryPoster.uasset'
[2019.04.22-12.36.05:736][525]Cmd: OBJ SAVEPACKAGE PACKAGE="/Game/Materials/hs_crabPoster" FILE="../../../../Github/OverIT/MyProject3/Content/Materials/hs_crabPoster.uasset" SILENT=true
[2019.04.22-12.36.05:840][525]LogSavePackage: Moving '../../../../Github/OverIT/MyProject3/Saved/hs_crabPosterAE4EECD54941B395B4A59A986C7C0ED1.tmp' to '../../../../Github/OverIT/MyProject3/Content/Materials/hs_crabPoster.uasset'
[2019.04.22-12.36.13:213][811]LogEditorViewport: Clicking on Actor (context menu): StaticMeshActor (hs_wall30)
[2019.04.22-12.36.13:315][811]LogSlate: FSceneViewport::OnFocusLost() reason 2
[2019.04.22-12.36.14:051][842]LogEditorViewport: Clicking on Actor (LMB): StaticMeshActor (Plane91)
[2019.04.22-12.36.31:505][573]LogSlate: FSceneViewport::OnFocusLost() reason 0
[2019.04.22-12.36.31:832][590]Cmd: TRANSACTION UNDO
[2019.04.22-12.36.31:832][590]LogEditorTransaction: Undo Move Actors
[2019.04.22-12.36.32:118][595]Cmd: TRANSACTION UNDO
[2019.04.22-12.36.32:118][595]LogEditorTransaction: Undo Clicking on Actors
[2019.04.22-12.36.32:969][627]Cmd: TRANSACTION UNDO
[2019.04.22-12.36.32:969][627]LogEditorTransaction: Undo Clicking on Actors (context menu)
[2019.04.22-12.36.33:861][662]Cmd: TRANSACTION UNDO
[2019.04.22-12.36.33:861][662]LogEditorTransaction: Undo Clicking on Actors (context menu)
[2019.04.22-12.36.35:811][746]Cmd: TRANSACTION UNDO
[2019.04.22-12.36.35:811][746]LogEditorTransaction: Undo Create Pin Link
[2019.04.22-12.36.35:857][746]LogMaterial: Display: Missing cached shader map for material hs_registerNew_Mat, compiling. 
[2019.04.22-12.36.35:910][747]LogShaderCompilers: Display: Shaders left to compile 21
[2019.04.22-12.36.35:910][747]LogShaderCompilers: Display: Shaders left to compile 20
[2019.04.22-12.36.35:910][747]LogShaderCompilers: Display: Shaders left to compile 19
[2019.04.22-12.36.37:470][810]Cmd: TRANSACTION UNDO
[2019.04.22-12.36.37:470][810]LogEditorTransaction: Undo Edit Value
[2019.04.22-12.36.37:501][810]LogMaterial: Display: Missing cached shader map for material hs_registerNew_Mat, compiling. 
[2019.04.22-12.36.39:882][896]Cmd: TRANSACTION REDO
[2019.04.22-12.36.39:883][896]LogEditorTransaction: Redo Edit Value
[2019.04.22-12.36.39:904][896]LogMaterial: Display: Missing cached shader map for material hs_registerNew_Mat, compiling. 
[2019.04.22-12.36.40:469][914]Cmd: TRANSACTION REDO
[2019.04.22-12.36.40:470][914]LogEditorTransaction: Redo Create Pin Link
[2019.04.22-12.36.40:493][914]LogMaterial: Display: Missing cached shader map for material hs_registerNew_Mat, compiling. 
[2019.04.22-12.36.42:496][982]Cmd: TRANSACTION REDO
[2019.04.22-12.36.42:496][982]LogEditorTransaction: Redo Clicking on Actors (context menu)
[2019.04.22-12.36.54:397][389]Cmd: OBJ SAVEPACKAGE PACKAGE="/Game/Textures/hs_crabPoster" FILE="../../../../Github/OverIT/MyProject3/Content/Textures/hs_crabPoster.uasset" SILENT=true
[2019.04.22-12.36.54:460][389]LogSavePackage: Moving '../../../../Github/OverIT/MyProject3/Saved/hs_crabPoster0664231F4C49FDD4DC3C768C4E4BFD23.tmp' to '../../../../Github/OverIT/MyProject3/Content/Textures/hs_crabPoster.uasset'
[2019.04.22-12.36.54:494][389]Cmd: OBJ SAVEPACKAGE PACKAGE="/Game/Textures/hs_surgeryPoster" FILE="../../../../Github/OverIT/MyProject3/Content/Textures/hs_surgeryPoster.uasset" SILENT=true
[2019.04.22-12.36.54:564][389]LogSavePackage: Moving '../../../../Github/OverIT/MyProject3/Saved/hs_surgeryPosterDD231D78461B2DC5BF8722B52AD19475.tmp' to '../../../../Github/OverIT/MyProject3/Content/Textures/hs_surgeryPoster.uasset'
[2019.04.22-12.37.08:168][822]Cmd: OBJ SAVEPACKAGE PACKAGE="/Game/Materials/hs_surgeryPoster_Mat" FILE="../../../../Github/OverIT/MyProject3/Content/Materials/hs_surgeryPoster_Mat.uasset" SILENT=true
[2019.04.22-12.37.08:231][822]LogSavePackage: Moving '../../../../Github/OverIT/MyProject3/Saved/hs_surgeryPoster_Mat2E3FA6C245CCB5DD07F5498395AF62D5.tmp' to '../../../../Github/OverIT/MyProject3/Content/Materials/hs_surgeryPoster_Mat.uasset'
[2019.04.22-12.37.08:289][822]Cmd: OBJ SAVEPACKAGE PACKAGE="/Game/Materials/hs_crabPoster_Mat" FILE="../../../../Github/OverIT/MyProject3/Content/Materials/hs_crabPoster_Mat.uasset" SILENT=true
[2019.04.22-12.37.08:333][822]LogSavePackage: Moving '../../../../Github/OverIT/MyProject3/Saved/hs_crabPoster_Mat831FA6BD4B63E73EF2A5C39729B0A440.tmp' to '../../../../Github/OverIT/MyProject3/Content/Materials/hs_crabPoster_Mat.uasset'
[2019.04.22-12.37.08:843][822]LogShaderCompilers: Display: Shaders left to compile 21
[2019.04.22-12.37.12:830][927]LogEditorViewport: Clicking on Actor (LMB): StaticMeshActor (Plane91)
[2019.04.22-12.37.14:986][993]LogShaderCompilers: Display: Shaders left to compile 20
[2019.04.22-12.37.27:517][416]LogSlate: FSceneViewport::OnFocusLost() reason 0
[2019.04.22-12.37.30:468][518]LogEditorViewport: Clicking on Actor (LMB): StaticMeshActor (hs_wall15)
[2019.04.22-12.37.30:668][519]LogShaderCompilers: Display: Shaders left to compile 19
[2019.04.22-12.37.32:629][587]LogSlate: FSceneViewport::OnFocusLost() reason 0
[2019.04.22-12.37.35:607][681]LogEditorViewport: Clicking on Actor (context menu): StaticMeshActor (hs_wall35)
[2019.04.22-12.37.35:718][681]LogSlate: FSceneViewport::OnFocusLost() reason 2
[2019.04.22-12.37.36:336][702]LogEditorViewport: Clicking on Actor (LMB): StaticMeshActor (hs_poster)
[2019.04.22-12.37.44:957][968]LogSlate: FSceneViewport::OnFocusLost() reason 0
[2019.04.22-12.38.08:722][719]LogShaderCompilers: Display: Shaders left to compile 18
[2019.04.22-12.38.14:426][883]LogShaderCompilers: Display: Shaders left to compile 17
[2019.04.22-12.38.15:079][894]LogShaderCompilers: Display: Shaders left to compile 16
[2019.04.22-12.38.15:552][909]LogEditorViewport: Clicking on Actor (LMB): StaticMeshActor (Plane92)
[2019.04.22-12.38.16:403][931]LogEditorViewport: Clicking on Actor (context menu): Sodepyramid_C (Sodepyramid8)
[2019.04.22-12.38.16:496][931]LogSlate: FSceneViewport::OnFocusLost() reason 2
[2019.04.22-12.38.17:905][974]LogEditorViewport: Clicking on Actor (context menu): StaticMeshActor (Plane91)
[2019.04.22-12.38.18:049][974]LogSlate: FSceneViewport::OnFocusLost() reason 2
[2019.04.22-12.38.20:646][ 53]LogEditorViewport: Clicking on Actor (LMB): StaticMeshActor (Plane92)
[2019.04.22-12.38.29:949][346]LogShaderCompilers: Display: Shaders left to compile 15
[2019.04.22-12.38.31:319][397]LogEditorViewport: Clicking on Actor (context menu): StaticMeshActor (pipe2)
[2019.04.22-12.38.31:451][397]LogSlate: FSceneViewport::OnFocusLost() reason 2
[2019.04.22-12.38.32:297][423]LogShaderCompilers: Display: Shaders left to compile 14
[2019.04.22-12.38.34:353][489]LogEditorViewport: Clicking on Actor (LMB): StaticMeshActor (Plane93)
[2019.04.22-12.38.40:285][711]LogShaderCompilers: Display: Shaders left to compile 13
[2019.04.22-12.38.49:044][ 33]LogEditorViewport: Clicking on Actor (context menu): StaticMeshActor (Plane93)
[2019.04.22-12.38.49:106][ 33]LogSlate: FSceneViewport::OnFocusLost() reason 2
[2019.04.22-12.38.49:868][ 60]LogEditorViewport: Clicking on Actor (LMB): StaticMeshActor (Plane93)
[2019.04.22-12.38.49:904][ 60]LogShaderCompilers: Display: Shaders left to compile 12
[2019.04.22-12.38.50:982][101]LogShaderCompilers: Display: Shaders left to compile 11
[2019.04.22-12.39.02:400][482]LogEditorViewport: Clicking on Actor (context menu): StaticMeshActor (SuperGrid_Box39)
[2019.04.22-12.39.02:610][482]LogSlate: FSceneViewport::OnFocusLost() reason 2
[2019.04.22-12.39.02:711][483]LogEditorViewport: Clicking on Component (context menu): StaticMeshComponent (StaticMeshComponent0)
[2019.04.22-12.39.02:979][483]LogShaderCompilers: Display: Shaders left to compile 10
[2019.04.22-12.39.11:388][719]LogEditorViewport: Clicking on Actor (LMB): StaticMeshActor (hs_poster2)
[2019.04.22-12.39.33:434][437]LogEditorViewport: Clicking on Actor (LMB): StaticMeshActor (hs_cieling33)
[2019.04.22-12.39.35:573][489]LogEditorViewport: Clicking on Actor (LMB): StaticMeshActor (hs_poster2)
[2019.04.22-12.39.35:728][489]LogShaderCompilers: Display: Shaders left to compile 9
[2019.04.22-12.39.42:343][714]LogSlate: FSceneViewport::OnFocusLost() reason 0
[2019.04.22-12.39.46:919][891]LogEditorViewport: Clicking on Actor (LMB): StaticMeshActor (shelves62)
[2019.04.22-12.39.47:571][907]LogEditorViewport: Clicking on Actor (LMB): StaticMeshActor (hs_poster2)
[2019.04.22-12.39.53:295][115]LogSlate: FSceneViewport::OnFocusLost() reason 0
[2019.04.22-12.39.53:384][119]Cmd: MODE ROTGRID=0
[2019.04.22-12.40.18:308][950]LogShaderCompilers: Display: Shaders left to compile 8
[2019.04.22-12.40.19:029][968]LogEditorViewport: Clicking on Actor (LMB): spliner_C (spliner2)
[2019.04.22-12.40.19:139][968]LogShaderCompilers: Display: Shaders left to compile 7
[2019.04.22-12.40.20:011][987]LogEditorViewport: Clicking on Actor (LMB): Sign_C (Sign3)
[2019.04.22-12.40.24:552][115]Cmd: TRANSACTION UNDO
[2019.04.22-12.40.24:552][115]LogEditorTransaction: Undo Scale Actors
[2019.04.22-12.40.26:756][180]LogSlate: FSceneViewport::OnFocusLost() reason 0
[2019.04.22-12.40.26:857][183]Cmd: MODE SCALEGRID=0
[2019.04.22-12.40.38:094][482]LogEditorViewport: Clicking on Actor (LMB): Sign_C (Sign2)
[2019.04.22-12.40.39:159][509]Cmd: DELETE
[2019.04.22-12.40.39:159][509]Cmd: ACTOR DELETE
[2019.04.22-12.40.39:218][509]LogSlate: FSceneViewport::OnFocusLost() reason 2
[2019.04.22-12.40.39:361][509]LogEditorActor: Deleted Actor: Sign_C
[2019.04.22-12.40.39:522][509]LogEditorActor: Deleted 1 Actors (0.364 secs)
[2019.04.22-12.40.40:449][533]LogEditorViewport: Clicking on Actor (LMB): Sign_C (Sign3)
[2019.04.22-12.40.53:862][878]LogEditorViewport: Clicking on Actor (LMB): Sign_C (Sign4)
[2019.04.22-12.40.55:322][928]LogEditorViewport: Clicking on Actor (LMB): Sign_C (Sign4)
[2019.04.22-12.41.11:283][408]LogSlate: FSceneViewport::OnFocusLost() reason 0
[2019.04.22-12.41.15:686][519]LogEditorViewport: Clicking on Actor (LMB): Sign_C (Sign4)
[2019.04.22-12.41.17:182][561]LogSlate: FSceneViewport::OnFocusLost() reason 2
[2019.04.22-12.41.18:116][592]LogSlate: FSceneViewport::OnFocusLost() reason 2
[2019.04.22-12.41.18:166][592]LogAssetEditorManager: Opening Asset editor for Blueprint /Game/Blueprints/Truckfollowspline/Sign.Sign
[2019.04.22-12.41.19:792][592]LogContentBrowser: Native class hierarchy updated for 'BlueprintGraph' in 0.0015 seconds. Added 117 classes and 0 folders.
[2019.04.22-12.41.22:209][592]LogShaderCompilers: Display: Shaders left to compile 6
[2019.04.22-12.41.22:209][592]LogShaderCompilers: Display: Shaders left to compile 5
[2019.04.22-12.41.22:413][592]LogShaderCompilers: Display: Shaders left to compile 4
[2019.04.22-12.41.36:323][894]LogEditorTransaction: Undo Modify Component(s)
[2019.04.22-12.41.39:217][964]LogEditorTransaction: Undo Modify Component(s)
[2019.04.22-12.41.41:893][ 27]LogSlate: FSceneViewport::OnFocusLost() reason 0
[2019.04.22-12.41.42:059][ 32]LogSlate: Window 'Sign' being destroyed
[2019.04.22-12.41.47:835][121]LogSlate: FSceneViewport::OnFocusLost() reason 2
[2019.04.22-12.41.49:095][159]LogSlate: FSceneViewport::OnFocusLost() reason 2
[2019.04.22-12.41.49:195][159]Cmd: OBJ SAVEPACKAGE PACKAGE="/Game/StarterContent/Maps/Level1" FILE="../../../../Github/OverIT/MyProject3/Content/StarterContent/Maps/Level1.umap" SILENT=true AUTOSAVING=false KEEPDIRTY=false
[2019.04.22-12.41.53:261][159]LogSavePackage: Moving '../../../../Github/OverIT/MyProject3/Saved/Level11A756B934EF062745B6E3DAAADD855C1.tmp' to '../../../../Github/OverIT/MyProject3/Content/StarterContent/Maps/Level1.umap'
[2019.04.22-12.41.53:549][159]LogFileHelpers: Saving map 'Level1' took 4.359
[2019.04.22-12.41.53:559][159]Cmd: OBJ SAVEPACKAGE PACKAGE="/Game/Textures/hs_registerNewEmission" FILE="../../../../Github/OverIT/MyProject3/Content/Textures/hs_registerNewEmission.uasset" SILENT=true
[2019.04.22-12.41.54:128][159]LogSavePackage: Moving '../../../../Github/OverIT/MyProject3/Saved/hs_registerNewEmissionB7C34DE14A6DDF2F10A346A146D1A11B.tmp' to '../../../../Github/OverIT/MyProject3/Content/Textures/hs_registerNewEmission.uasset'
[2019.04.22-12.42.05:784][203]LogShaderCompilers: Display: Shaders left to compile 3
[2019.04.22-12.42.06:035][205]LogShaderCompilers: Display: Shaders left to compile 2
[2019.04.22-12.42.06:921][211]LogShaderCompilers: Display: Shaders left to compile 1
