Log file open, 03/27/19 14:35:21
LogWindows: Failed to load 'aqProf.dll' (GetLastError=126)
LogWindows: File 'aqProf.dll' does not exist
LogWindows: Failed to load 'VtuneApi.dll' (GetLastError=126)
LogWindows: File 'VtuneApi.dll' does not exist
LogWindows: Failed to load 'VtuneApi32e.dll' (GetLastError=126)
LogWindows: File 'VtuneApi32e.dll' does not exist
LogConsoleResponse: Display: Failed to find resolution value strings in scalability ini. Falling back to default.
LogInit: Display: Running engine for game: MyProject3
LogPakFile: Registered encryption key '00000000000000000000000000000000': 0 pak files mounted, 0 remain pending
LogPlatformFile: Not using cached read wrapper
LogTaskGraph: Started task graph with 5 named threads and 35 total threads with 3 sets of task threads.
LogStats: Stats thread started at 1.643050
LogD3D11RHI: Loaded GFSDK_Aftermath_Lib.x64.dll
LogICUInternationalization: ICU TimeZone Detection - Raw Offset: -5:00, Platform Override: ''
LogPluginManager: Mounting plugin Paper2D
LogPluginManager: Mounting plugin AISupport
LogPluginManager: Mounting plugin LightPropagationVolume
LogPluginManager: Mounting plugin ActorLayerUtilities
LogPluginManager: Mounting plugin CLionSourceCodeAccess
LogPluginManager: Mounting plugin CodeLiteSourceCodeAccess
LogPluginManager: Mounting plugin GitSourceControl
LogPluginManager: Mounting plugin KDevelopSourceCodeAccess
LogPluginManager: Mounting plugin NullSourceCodeAccess
LogPluginManager: Mounting plugin PerforceSourceControl
LogPluginManager: Mounting plugin SubversionSourceControl
LogPluginManager: Mounting plugin UObjectPlugin
LogPluginManager: Mounting plugin VisualStudioCodeSourceCodeAccess
LogPluginManager: Mounting plugin VisualStudioSourceCodeAccess
LogPluginManager: Mounting plugin XCodeSourceCodeAccess
LogPluginManager: Mounting plugin AssetManagerEditor
LogPluginManager: Mounting plugin CryptoKeys
LogPluginManager: Mounting plugin DataValidation
LogPluginManager: Mounting plugin FacialAnimation
LogPluginManager: Mounting plugin GameplayTagsEditor
LogPluginManager: Mounting plugin MacGraphicsSwitching
LogPluginManager: Mounting plugin MeshEditor
LogPluginManager: Mounting plugin MobileLauncherProfileWizard
LogPluginManager: Mounting plugin PluginBrowser
LogPluginManager: Mounting plugin SpeedTreeImporter
LogPluginManager: Mounting plugin DatasmithContent
LogPluginManager: Mounting plugin VariantManagerContent
LogPluginManager: Mounting plugin AlembicImporter
LogPluginManager: Mounting plugin AppleImageUtils
LogPluginManager: Mounting plugin AppleVision
LogPluginManager: Mounting plugin BackChannel
LogPluginManager: Mounting plugin CharacterAI
LogPluginManager: Mounting plugin GeometryCache
LogPluginManager: Mounting plugin HTML5Networking
LogPluginManager: Mounting plugin ProxyLODPlugin
LogPluginManager: Mounting plugin MagicLeap
LogPluginManager: Mounting plugin MagicLeapMedia
LogPluginManager: Mounting plugin AndroidMedia
LogPluginManager: Mounting plugin AvfMedia
LogPluginManager: Mounting plugin ImgMedia
LogPluginManager: Mounting plugin LinearTimecode
LogPluginManager: Mounting plugin MediaCompositing
LogPluginManager: Mounting plugin MediaPlayerEditor
LogPluginManager: Mounting plugin WebMMedia
LogPluginManager: Mounting plugin WmfMedia
LogPluginManager: Mounting plugin TcpMessaging
LogPluginManager: Mounting plugin UdpMessaging
LogPluginManager: Mounting plugin ActorSequence
LogPluginManager: Mounting plugin LevelSequenceEditor
LogPluginManager: Mounting plugin MatineeToLevelSequence
LogPluginManager: Mounting plugin NetcodeUnitTest
LogPluginManager: Mounting plugin NUTUnrealEngine4
LogPluginManager: Mounting plugin OnlineSubsystemGooglePlay
LogPluginManager: Mounting plugin OnlineSubsystemIOS
LogPluginManager: Mounting plugin OnlineSubsystem
LogPluginManager: Mounting plugin OnlineSubsystemNull
LogPluginManager: Mounting plugin OnlineSubsystemUtils
LogPluginManager: Mounting plugin LauncherChunkInstaller
LogPluginManager: Mounting plugin AndroidDeviceProfileSelector
LogPluginManager: Mounting plugin AndroidMoviePlayer
LogPluginManager: Mounting plugin AndroidPermission
LogPluginManager: Mounting plugin AppleMoviePlayer
LogPluginManager: Mounting plugin ArchVisCharacter
LogPluginManager: Mounting plugin AudioCapture
LogPluginManager: Mounting plugin CableComponent
LogPluginManager: Mounting plugin CustomMeshComponent
LogPluginManager: Mounting plugin EditableMesh
LogPluginManager: Mounting plugin ExampleDeviceProfileSelector
LogPluginManager: Mounting plugin Firebase
LogPluginManager: Mounting plugin GoogleCloudMessaging
LogPluginManager: Mounting plugin IOSDeviceProfileSelector
LogPluginManager: Mounting plugin LinuxDeviceProfileSelector
LogPluginManager: Mounting plugin LocationServicesBPLibrary
LogPluginManager: Mounting plugin MobilePatchingUtils
LogPluginManager: Mounting plugin OculusVR
LogPluginManager: Mounting plugin PhysXVehicles
LogPluginManager: Mounting plugin ProceduralMeshComponent
LogPluginManager: Mounting plugin RuntimePhysXCooking
LogPluginManager: Mounting plugin SteamVR
LogPluginManager: Mounting plugin WebMMoviePlayer
LogPluginManager: Mounting plugin WindowsMoviePlayer
LogStreaming: Display: Took  0.183s to configure plugins.
LogInit: Using libcurl 7.55.1-DEV
LogInit:  - built for x86_64-pc-win32
LogInit:  - supports SSL with OpenSSL/1.0.2h
LogInit:  - supports HTTP deflate (compression) using libz 1.2.8
LogInit:  - other features:
LogInit:      CURL_VERSION_SSL
LogInit:      CURL_VERSION_LIBZ
LogInit:      CURL_VERSION_IPV6
LogInit:      CURL_VERSION_ASYNCHDNS
LogInit:      CURL_VERSION_LARGEFILE
LogInit:      CURL_VERSION_IDN
LogInit:  CurlRequestOptions (configurable via config and command line):
LogInit:  - bVerifyPeer = true  - Libcurl will verify peer certificate
LogInit:  - bUseHttpProxy = false  - Libcurl will NOT use HTTP proxy
LogInit:  - bDontReuseConnections = false  - Libcurl will reuse connections
LogInit:  - MaxHostConnections = 16  - Libcurl will limit the number of connections to a host
LogInit:  - LocalHostAddr = Default
LogInit:  - BufferSize = 65536
LogInit: WinSock: version 1.1 (2.2), MaxSocks=32767, MaxUdp=65467
LogHMD: Failed initializing OVRPlugin 1.28.0
LogInit: Build: ++UE4+Release-4.21-CL-4753647
LogInit: Engine Version: 4.21.2-4753647+++UE4+Release-4.21
LogInit: Compatible Engine Version: 4.21.0-4541578+++UE4+Release-4.21
LogInit: Net CL: 4541578
LogInit: OS: Windows 10 (), CPU: Intel(R) Core(TM) i7-8750H CPU @ 2.20GHz, GPU: Intel(R) UHD Graphics 630
LogInit: Compiled (64-bit): Jan 19 2019 02:07:31
LogInit: Compiled with Visual C++: 19.13.26129.00
LogInit: Build Configuration: Development
LogInit: Branch Name: ++UE4+Release-4.21
LogInit: Command Line: 
LogInit: Base Directory: C:/Program Files/Epic Games/UE_4.21/Engine/Binaries/Win64/
LogInit: Installed Engine Build: 1
LogDevObjectVersion: Number of dev versions registered: 22
LogDevObjectVersion:   Dev-Blueprints (B0D832E4-1F89-4F0D-ACCF-7EB736FD4AA2): 10
LogDevObjectVersion:   Dev-Build (E1C64328-A22C-4D53-A36C-8E866417BD8C): 0
LogDevObjectVersion:   Dev-Core (375EC13C-06E4-48FB-B500-84F0262A717E): 2
LogDevObjectVersion:   Dev-Editor (E4B068ED-F494-42E9-A231-DA0B2E46BB41): 26
LogDevObjectVersion:   Dev-Framework (CFFC743F-43B0-4480-9391-14DF171D2073): 34
LogDevObjectVersion:   Dev-Mobile (B02B49B5-BB20-44E9-A304-32B752E40360): 2
LogDevObjectVersion:   Dev-Networking (A4E4105C-59A1-49B5-A7C5-40C4547EDFEE): 0
LogDevObjectVersion:   Dev-Online (39C831C9-5AE6-47DC-9A44-9C173E1C8E7C): 0
LogDevObjectVersion:   Dev-Physics (78F01B33-EBEA-4F98-B9B4-84EACCB95AA2): 0
LogDevObjectVersion:   Dev-Platform (6631380F-2D4D-43E0-8009-CF276956A95A): 0
LogDevObjectVersion:   Dev-Rendering (12F88B9F-8875-4AFC-A67C-D90C383ABD29): 27
LogDevObjectVersion:   Dev-Sequencer (7B5AE74C-D270-4C10-A958-57980B212A5A): 9
LogDevObjectVersion:   Dev-VR (D7296918-1DD6-4BDD-9DE2-64A83CC13884): 2
LogDevObjectVersion:   Dev-LoadTimes (C2A15278-BFE7-4AFE-6C17-90FF531DF755): 1
LogDevObjectVersion:   Private-Geometry (6EACA3D4-40EC-4CC1-B786-8BED09428FC5): 3
LogDevObjectVersion:   Dev-AnimPhys (29E575DD-E0A3-4627-9D10-D276232CDCEA): 17
LogDevObjectVersion:   Dev-Anim (AF43A65D-7FD3-4947-9873-3E8ED9C1BB05): 2
LogDevObjectVersion:   Dev-ReflectionCapture (6B266CEC-1EC7-4B8F-A30B-E4D90942FC07): 1
LogDevObjectVersion:   Dev-Automation (0DF73D61-A23F-47EA-B727-89E90C41499A): 1
LogDevObjectVersion:   FortniteMain (601D1886-AC64-4F84-AA16-D3DE0DEAC7D6): 17
LogDevObjectVersion:   Dev-Enterprise (9DFFBCD6-494F-0158-E221-12823C92A888): 4
LogDevObjectVersion:   Dev-Niagara (F2AED0AC-9AFE-416F-8664-AA7FFA26D6FC): 1
LogStreaming: Display: Took  0.001s to delete old logs.
LogInit: Presizing for max 8388607 objects, including 0 objects not considered by GC, pre-allocating 0 bytes for permanent pool.
LogInit: Object subsystem initialized
LogConfig: Setting CVar [[con.DebugEarlyDefault:1]]
LogConfig: Setting CVar [[r.setres:1280x720]]
[2019.03.27-18.35.23:183][  0]LogConfig: Setting CVar [[r.VSync:0]]
[2019.03.27-18.35.23:183][  0]LogConfig: Setting CVar [[r.RHICmdBypass:0]]
[2019.03.27-18.35.23:183][  0]LogConfig: Applying CVar settings from Section [/Script/Engine.RendererSettings] File [D:/humanstuffFinal/MyProject3/Saved/Config/Windows/Engine.ini]
[2019.03.27-18.35.23:183][  0]LogConfig: Setting CVar [[r.GPUCrashDebugging:0]]
[2019.03.27-18.35.23:183][  0]LogConfig: Applying CVar settings from Section [/Script/Engine.RendererOverrideSettings] File [D:/humanstuffFinal/MyProject3/Saved/Config/Windows/Engine.ini]
[2019.03.27-18.35.23:183][  0]LogConfig: Applying CVar settings from Section [/Script/Engine.StreamingSettings] File [D:/humanstuffFinal/MyProject3/Saved/Config/Windows/Engine.ini]
[2019.03.27-18.35.23:183][  0]LogConfig: Setting CVar [[s.MinBulkDataSizeForAsyncLoading:131072]]
[2019.03.27-18.35.23:183][  0]LogConfig: Setting CVar [[s.AsyncLoadingThreadEnabled:0]]
[2019.03.27-18.35.23:183][  0]LogConfig: Setting CVar [[s.EventDrivenLoaderEnabled:1]]
[2019.03.27-18.35.23:183][  0]LogConfig: Setting CVar [[s.WarnIfTimeLimitExceeded:0]]
[2019.03.27-18.35.23:184][  0]LogConfig: Setting CVar [[s.TimeLimitExceededMultiplier:1.5]]
[2019.03.27-18.35.23:184][  0]LogConfig: Setting CVar [[s.TimeLimitExceededMinTime:0.005]]
[2019.03.27-18.35.23:184][  0]LogConfig: Setting CVar [[s.UseBackgroundLevelStreaming:1]]
[2019.03.27-18.35.23:184][  0]LogConfig: Setting CVar [[s.PriorityAsyncLoadingExtraTime:15.0]]
[2019.03.27-18.35.23:184][  0]LogConfig: Setting CVar [[s.LevelStreamingActorsUpdateTimeLimit:5.0]]
[2019.03.27-18.35.23:184][  0]LogConfig: Setting CVar [[s.PriorityLevelStreamingActorsUpdateExtraTime:5.0]]
[2019.03.27-18.35.23:184][  0]LogConfig: Setting CVar [[s.LevelStreamingComponentsRegistrationGranularity:10]]
[2019.03.27-18.35.23:184][  0]LogConfig: Setting CVar [[s.UnregisterComponentsTimeLimit:1.0]]
[2019.03.27-18.35.23:184][  0]LogConfig: Setting CVar [[s.LevelStreamingComponentsUnregistrationGranularity:5]]
[2019.03.27-18.35.23:184][  0]LogConfig: Applying CVar settings from Section [/Script/Engine.GarbageCollectionSettings] File [D:/humanstuffFinal/MyProject3/Saved/Config/Windows/Engine.ini]
[2019.03.27-18.35.23:184][  0]LogConfig: Setting CVar [[gc.MaxObjectsNotConsideredByGC:1]]
[2019.03.27-18.35.23:184][  0]LogConfig: Setting CVar [[gc.SizeOfPermanentObjectPool:0]]
[2019.03.27-18.35.23:184][  0]LogConfig: Setting CVar [[gc.FlushStreamingOnGC:0]]
[2019.03.27-18.35.23:184][  0]LogConfig: Setting CVar [[gc.NumRetriesBeforeForcingGC:10]]
[2019.03.27-18.35.23:184][  0]LogConfig: Setting CVar [[gc.AllowParallelGC:1]]
[2019.03.27-18.35.23:184][  0]LogConfig: Setting CVar [[gc.TimeBetweenPurgingPendingKillObjects:61.1]]
[2019.03.27-18.35.23:184][  0]LogConfig: Setting CVar [[gc.MaxObjectsInEditor:8388607]]
[2019.03.27-18.35.23:184][  0]LogConfig: Setting CVar [[gc.IncrementalBeginDestroyEnabled:1]]
[2019.03.27-18.35.23:184][  0]LogConfig: Setting CVar [[gc.CreateGCClusters:1]]
[2019.03.27-18.35.23:184][  0]LogConfig: Setting CVar [[gc.MergeGCClusters:0]]
[2019.03.27-18.35.23:184][  0]LogConfig: Setting CVar [[gc.MinGCClusterSize:5]]
[2019.03.27-18.35.23:184][  0]LogConfig: Setting CVar [[gc.ActorClusteringEnabled:0]]
[2019.03.27-18.35.23:184][  0]LogConfig: Setting CVar [[gc.BlueprintClusteringEnabled:0]]
[2019.03.27-18.35.23:184][  0]LogConfig: Setting CVar [[gc.UseDisregardForGCOnDedicatedServers:0]]
[2019.03.27-18.35.23:184][  0]LogConfig: Applying CVar settings from Section [/Script/Engine.NetworkSettings] File [D:/humanstuffFinal/MyProject3/Saved/Config/Windows/Engine.ini]
[2019.03.27-18.35.23:184][  0]LogConfig: Applying CVar settings from Section [/Script/UnrealEd.CookerSettings] File [D:/humanstuffFinal/MyProject3/Saved/Config/Windows/Engine.ini]
[2019.03.27-18.35.23:190][  0]LogConfig: Applying CVar settings from Section [ViewDistanceQuality@3] File [D:/humanstuffFinal/MyProject3/Saved/Config/Windows/Scalability.ini]
[2019.03.27-18.35.23:190][  0]LogConfig: Setting CVar [[r.SkeletalMeshLODBias:0]]
[2019.03.27-18.35.23:190][  0]LogConfig: Setting CVar [[r.ViewDistanceScale:1.0]]
[2019.03.27-18.35.23:190][  0]LogConfig: Applying CVar settings from Section [AntiAliasingQuality@3] File [D:/humanstuffFinal/MyProject3/Saved/Config/Windows/Scalability.ini]
[2019.03.27-18.35.23:190][  0]LogConfig: Setting CVar [[r.PostProcessAAQuality:3]]
[2019.03.27-18.35.23:190][  0]LogConfig: Applying CVar settings from Section [ShadowQuality@3] File [D:/humanstuffFinal/MyProject3/Saved/Config/Windows/Scalability.ini]
[2019.03.27-18.35.23:190][  0]LogConfig: Setting CVar [[r.LightFunctionQuality:1]]
[2019.03.27-18.35.23:190][  0]LogConfig: Setting CVar [[r.ShadowQuality:5]]
[2019.03.27-18.35.23:190][  0]LogConfig: Setting CVar [[r.Shadow.CSM.MaxCascades:10]]
[2019.03.27-18.35.23:190][  0]LogConfig: Setting CVar [[r.Shadow.MaxResolution:2048]]
[2019.03.27-18.35.23:190][  0]LogConfig: Setting CVar [[r.Shadow.MaxCSMResolution:2048]]
[2019.03.27-18.35.23:190][  0]LogConfig: Setting CVar [[r.Shadow.RadiusThreshold:0.01]]
[2019.03.27-18.35.23:190][  0]LogConfig: Setting CVar [[r.Shadow.DistanceScale:1.0]]
[2019.03.27-18.35.23:190][  0]LogConfig: Setting CVar [[r.Shadow.CSM.TransitionScale:1.0]]
[2019.03.27-18.35.23:190][  0]LogConfig: Setting CVar [[r.Shadow.PreShadowResolutionFactor:1.0]]
[2019.03.27-18.35.23:190][  0]LogConfig: Setting CVar [[r.DistanceFieldShadowing:1]]
[2019.03.27-18.35.23:190][  0]LogConfig: Setting CVar [[r.DistanceFieldAO:1]]
[2019.03.27-18.35.23:190][  0]LogConfig: Setting CVar [[r.AOQuality:2]]
[2019.03.27-18.35.23:190][  0]LogConfig: Setting CVar [[r.VolumetricFog:1]]
[2019.03.27-18.35.23:190][  0]LogConfig: Setting CVar [[r.VolumetricFog.GridPixelSize:8]]
[2019.03.27-18.35.23:190][  0]LogConfig: Setting CVar [[r.VolumetricFog.GridSizeZ:128]]
[2019.03.27-18.35.23:190][  0]LogConfig: Setting CVar [[r.VolumetricFog.HistoryMissSupersampleCount:4]]
[2019.03.27-18.35.23:190][  0]LogConfig: Setting CVar [[r.LightMaxDrawDistanceScale:1]]
[2019.03.27-18.35.23:190][  0]LogConfig: Setting CVar [[r.CapsuleShadows:1]]
[2019.03.27-18.35.23:190][  0]LogConfig: Applying CVar settings from Section [PostProcessQuality@3] File [D:/humanstuffFinal/MyProject3/Saved/Config/Windows/Scalability.ini]
[2019.03.27-18.35.23:191][  0]LogConfig: Setting CVar [[r.MotionBlurQuality:0]]
[2019.03.27-18.35.23:191][  0]LogConfig: Setting CVar [[r.AmbientOcclusionMipLevelFactor:0.4]]
[2019.03.27-18.35.23:191][  0]LogConfig: Setting CVar [[r.AmbientOcclusionMaxQuality:100]]
[2019.03.27-18.35.23:191][  0]LogConfig: Setting CVar [[r.AmbientOcclusionLevels:0]]
[2019.03.27-18.35.23:191][  0]LogConfig: Setting CVar [[r.AmbientOcclusionRadiusScale:1.0]]
[2019.03.27-18.35.23:191][  0]LogConfig: Setting CVar [[r.DepthOfFieldQuality:0]]
[2019.03.27-18.35.23:191][  0]LogConfig: Setting CVar [[r.RenderTargetPoolMin:400]]
[2019.03.27-18.35.23:191][  0]LogConfig: Setting CVar [[r.LensFlareQuality:0]]
[2019.03.27-18.35.23:191][  0]LogConfig: Setting CVar [[r.SceneColorFringeQuality:0]]
[2019.03.27-18.35.23:191][  0]LogConfig: Setting CVar [[r.EyeAdaptationQuality:2]]
[2019.03.27-18.35.23:191][  0]LogConfig: Setting CVar [[r.BloomQuality:1]]
[2019.03.27-18.35.23:191][  0]LogConfig: Setting CVar [[r.FastBlurThreshold:0]]
[2019.03.27-18.35.23:191][  0]LogConfig: Setting CVar [[r.Upscale.Quality:3]]
[2019.03.27-18.35.23:191][  0]LogConfig: Setting CVar [[r.Tonemapper.GrainQuantization:1]]
[2019.03.27-18.35.23:191][  0]LogConfig: Setting CVar [[r.LightShaftQuality:1]]
[2019.03.27-18.35.23:191][  0]LogConfig: Setting CVar [[r.Filter.SizeScale:1]]
[2019.03.27-18.35.23:191][  0]LogConfig: Setting CVar [[r.Tonemapper.Quality:5]]
[2019.03.27-18.35.23:191][  0]LogConfig: Setting CVar [[r.DOF.Gather.AccumulatorQuality:1        ; higher gathering accumulator quality]]
[2019.03.27-18.35.23:191][  0]LogConfig: Setting CVar [[r.DOF.Gather.PostfilterMethod:1          ; Median3x3 postfilering method]]
[2019.03.27-18.35.23:191][  0]LogConfig: Setting CVar [[r.DOF.Gather.EnableBokehSettings:0       ; no bokeh simulation when gathering]]
[2019.03.27-18.35.23:191][  0]LogConfig: Setting CVar [[r.DOF.Gather.RingCount:4                 ; medium number of samples when gathering]]
[2019.03.27-18.35.23:191][  0]LogConfig: Setting CVar [[r.DOF.Scatter.ForegroundCompositing:1    ; additive foreground scattering]]
[2019.03.27-18.35.23:191][  0]LogConfig: Setting CVar [[r.DOF.Scatter.BackgroundCompositing:2    ; additive background scattering]]
[2019.03.27-18.35.23:191][  0]LogConfig: Setting CVar [[r.DOF.Scatter.EnableBokehSettings:1      ; bokeh simulation when scattering]]
[2019.03.27-18.35.23:191][  0]LogConfig: Setting CVar [[r.DOF.Scatter.MaxSpriteRatio:0.1         ; only a maximum of 10% of scattered bokeh]]
[2019.03.27-18.35.23:191][  0]LogConfig: Setting CVar [[r.DOF.Recombine.Quality:1                ; cheap slight out of focus]]
[2019.03.27-18.35.23:191][  0]LogConfig: Setting CVar [[r.DOF.Recombine.EnableBokehSettings:0    ; no bokeh simulation on slight out of focus]]
[2019.03.27-18.35.23:191][  0]LogConfig: Setting CVar [[r.DOF.TemporalAAQuality:1                ; more stable temporal accumulation]]
[2019.03.27-18.35.23:191][  0]LogConfig: Setting CVar [[r.DOF.Kernel.MaxForegroundRadius:0.025]]
[2019.03.27-18.35.23:191][  0]LogConfig: Setting CVar [[r.DOF.Kernel.MaxBackgroundRadius:0.025]]
[2019.03.27-18.35.23:191][  0]LogConfig: Applying CVar settings from Section [TextureQuality@3] File [D:/humanstuffFinal/MyProject3/Saved/Config/Windows/Scalability.ini]
[2019.03.27-18.35.23:191][  0]LogConfig: Setting CVar [[r.Streaming.MipBias:0]]
[2019.03.27-18.35.23:191][  0]LogConfig: Setting CVar [[r.Streaming.AmortizeCPUToGPUCopy:0]]
[2019.03.27-18.35.23:191][  0]LogConfig: Setting CVar [[r.Streaming.MaxNumTexturesToStreamPerFrame:0]]
[2019.03.27-18.35.23:191][  0]LogConfig: Setting CVar [[r.Streaming.Boost:1]]
[2019.03.27-18.35.23:191][  0]LogConfig: Setting CVar [[r.MaxAnisotropy:8]]
[2019.03.27-18.35.23:191][  0]LogConfig: Setting CVar [[r.Streaming.LimitPoolSizeToVRAM:0]]
[2019.03.27-18.35.23:191][  0]LogConfig: Setting CVar [[r.Streaming.PoolSize:1000]]
[2019.03.27-18.35.23:191][  0]LogConfig: Setting CVar [[r.Streaming.MaxEffectiveScreenSize:0]]
[2019.03.27-18.35.23:191][  0]LogConfig: Applying CVar settings from Section [EffectsQuality@3] File [D:/humanstuffFinal/MyProject3/Saved/Config/Windows/Scalability.ini]
[2019.03.27-18.35.23:191][  0]LogConfig: Setting CVar [[r.TranslucencyLightingVolumeDim:4]]
[2019.03.27-18.35.23:191][  0]LogConfig: Setting CVar [[r.RefractionQuality:2]]
[2019.03.27-18.35.23:191][  0]LogConfig: Setting CVar [[r.SSR.Quality:0]]
[2019.03.27-18.35.23:191][  0]LogConfig: Setting CVar [[r.SceneColorFormat:2]]
[2019.03.27-18.35.23:191][  0]LogConfig: Setting CVar [[r.DetailMode:2]]
[2019.03.27-18.35.23:191][  0]LogConfig: Setting CVar [[r.TranslucencyVolumeBlur:0]]
[2019.03.27-18.35.23:191][  0]LogConfig: Setting CVar [[r.MaterialQualityLevel:1 ; High quality]]
[2019.03.27-18.35.23:191][  0]LogConfig: Setting CVar [[r.SSS.Scale:1]]
[2019.03.27-18.35.23:191][  0]LogConfig: Setting CVar [[r.SSS.SampleSet:2]]
[2019.03.27-18.35.23:191][  0]LogConfig: Setting CVar [[r.SSS.Quality:1]]
[2019.03.27-18.35.23:191][  0]LogConfig: Setting CVar [[r.SSS.HalfRes:1]]
[2019.03.27-18.35.23:191][  0]LogConfig: Setting CVar [[r.EmitterSpawnRateScale:1.0]]
[2019.03.27-18.35.23:191][  0]LogConfig: Setting CVar [[r.ParticleLightQuality:2]]
[2019.03.27-18.35.23:191][  0]LogConfig: Applying CVar settings from Section [FoliageQuality@3] File [D:/humanstuffFinal/MyProject3/Saved/Config/Windows/Scalability.ini]
[2019.03.27-18.35.23:191][  0]LogConfig: Setting CVar [[foliage.DensityScale:1.0]]
[2019.03.27-18.35.23:191][  0]LogConfig: Setting CVar [[grass.DensityScale:1.0]]
[2019.03.27-18.35.23:192][  0]LogInit: Selected Device Profile: [Windows]
[2019.03.27-18.35.23:192][  0]LogInit: Applying CVar settings loaded from the selected device profile: [Windows]
[2019.03.27-18.35.23:227][  0]LogHAL: Display: Platform has ~ 16 GB [17018638336 / 17179869184 / 16], which maps to Larger [LargestMinGB=32, LargerMinGB=12, DefaultMinGB=8, SmallerMinGB=6, SmallestMinGB=0)
[2019.03.27-18.35.23:228][  0]LogConfig: Setting CVar [[r.Vulkan.UseRealUBs:1]]
[2019.03.27-18.35.23:228][  0]LogInit: Going up to parent DeviceProfile []
[2019.03.27-18.35.23:228][  0]LogConfig: Applying CVar settings from Section [ViewDistanceQuality@3] File [D:/humanstuffFinal/MyProject3/Saved/Config/Windows/Scalability.ini]
[2019.03.27-18.35.23:228][  0]LogConfig: Setting CVar [[r.SkeletalMeshLODBias:0]]
[2019.03.27-18.35.23:228][  0]LogConfig: Setting CVar [[r.ViewDistanceScale:1.0]]
[2019.03.27-18.35.23:228][  0]LogConfig: Applying CVar settings from Section [AntiAliasingQuality@3] File [D:/humanstuffFinal/MyProject3/Saved/Config/Windows/Scalability.ini]
[2019.03.27-18.35.23:228][  0]LogConfig: Setting CVar [[r.PostProcessAAQuality:3]]
[2019.03.27-18.35.23:228][  0]LogConfig: Applying CVar settings from Section [ShadowQuality@3] File [D:/humanstuffFinal/MyProject3/Saved/Config/Windows/Scalability.ini]
[2019.03.27-18.35.23:228][  0]LogConfig: Setting CVar [[r.LightFunctionQuality:1]]
[2019.03.27-18.35.23:228][  0]LogConfig: Setting CVar [[r.ShadowQuality:5]]
[2019.03.27-18.35.23:228][  0]LogConfig: Setting CVar [[r.Shadow.CSM.MaxCascades:10]]
[2019.03.27-18.35.23:228][  0]LogConfig: Setting CVar [[r.Shadow.MaxResolution:2048]]
[2019.03.27-18.35.23:228][  0]LogConfig: Setting CVar [[r.Shadow.MaxCSMResolution:2048]]
[2019.03.27-18.35.23:228][  0]LogConfig: Setting CVar [[r.Shadow.RadiusThreshold:0.01]]
[2019.03.27-18.35.23:228][  0]LogConfig: Setting CVar [[r.Shadow.DistanceScale:1.0]]
[2019.03.27-18.35.23:228][  0]LogConfig: Setting CVar [[r.Shadow.CSM.TransitionScale:1.0]]
[2019.03.27-18.35.23:228][  0]LogConfig: Setting CVar [[r.Shadow.PreShadowResolutionFactor:1.0]]
[2019.03.27-18.35.23:228][  0]LogConfig: Setting CVar [[r.DistanceFieldShadowing:1]]
[2019.03.27-18.35.23:228][  0]LogConfig: Setting CVar [[r.DistanceFieldAO:1]]
[2019.03.27-18.35.23:228][  0]LogConfig: Setting CVar [[r.AOQuality:2]]
[2019.03.27-18.35.23:228][  0]LogConfig: Setting CVar [[r.VolumetricFog:1]]
[2019.03.27-18.35.23:228][  0]LogConfig: Setting CVar [[r.VolumetricFog.GridPixelSize:8]]
[2019.03.27-18.35.23:228][  0]LogConfig: Setting CVar [[r.VolumetricFog.GridSizeZ:128]]
[2019.03.27-18.35.23:228][  0]LogConfig: Setting CVar [[r.VolumetricFog.HistoryMissSupersampleCount:4]]
[2019.03.27-18.35.23:228][  0]LogConfig: Setting CVar [[r.LightMaxDrawDistanceScale:1]]
[2019.03.27-18.35.23:228][  0]LogConfig: Setting CVar [[r.CapsuleShadows:1]]
[2019.03.27-18.35.23:228][  0]LogConfig: Applying CVar settings from Section [PostProcessQuality@3] File [D:/humanstuffFinal/MyProject3/Saved/Config/Windows/Scalability.ini]
[2019.03.27-18.35.23:228][  0]LogConfig: Setting CVar [[r.MotionBlurQuality:0]]
[2019.03.27-18.35.23:228][  0]LogConfig: Setting CVar [[r.AmbientOcclusionMipLevelFactor:0.4]]
[2019.03.27-18.35.23:228][  0]LogConfig: Setting CVar [[r.AmbientOcclusionMaxQuality:100]]
[2019.03.27-18.35.23:228][  0]LogConfig: Setting CVar [[r.AmbientOcclusionLevels:0]]
[2019.03.27-18.35.23:228][  0]LogConfig: Setting CVar [[r.AmbientOcclusionRadiusScale:1.0]]
[2019.03.27-18.35.23:228][  0]LogConfig: Setting CVar [[r.DepthOfFieldQuality:0]]
[2019.03.27-18.35.23:228][  0]LogConfig: Setting CVar [[r.RenderTargetPoolMin:400]]
[2019.03.27-18.35.23:228][  0]LogConfig: Setting CVar [[r.LensFlareQuality:0]]
[2019.03.27-18.35.23:228][  0]LogConfig: Setting CVar [[r.SceneColorFringeQuality:0]]
[2019.03.27-18.35.23:228][  0]LogConfig: Setting CVar [[r.EyeAdaptationQuality:2]]
[2019.03.27-18.35.23:228][  0]LogConfig: Setting CVar [[r.BloomQuality:1]]
[2019.03.27-18.35.23:228][  0]LogConfig: Setting CVar [[r.FastBlurThreshold:0]]
[2019.03.27-18.35.23:228][  0]LogConfig: Setting CVar [[r.Upscale.Quality:3]]
[2019.03.27-18.35.23:228][  0]LogConfig: Setting CVar [[r.Tonemapper.GrainQuantization:1]]
[2019.03.27-18.35.23:228][  0]LogConfig: Setting CVar [[r.LightShaftQuality:1]]
[2019.03.27-18.35.23:228][  0]LogConfig: Setting CVar [[r.Filter.SizeScale:1]]
[2019.03.27-18.35.23:228][  0]LogConfig: Setting CVar [[r.Tonemapper.Quality:5]]
[2019.03.27-18.35.23:228][  0]LogConfig: Setting CVar [[r.DOF.Gather.AccumulatorQuality:1        ; higher gathering accumulator quality]]
[2019.03.27-18.35.23:228][  0]LogConfig: Setting CVar [[r.DOF.Gather.PostfilterMethod:1          ; Median3x3 postfilering method]]
[2019.03.27-18.35.23:228][  0]LogConfig: Setting CVar [[r.DOF.Gather.EnableBokehSettings:0       ; no bokeh simulation when gathering]]
[2019.03.27-18.35.23:228][  0]LogConfig: Setting CVar [[r.DOF.Gather.RingCount:4                 ; medium number of samples when gathering]]
[2019.03.27-18.35.23:228][  0]LogConfig: Setting CVar [[r.DOF.Scatter.ForegroundCompositing:1    ; additive foreground scattering]]
[2019.03.27-18.35.23:228][  0]LogConfig: Setting CVar [[r.DOF.Scatter.BackgroundCompositing:2    ; additive background scattering]]
[2019.03.27-18.35.23:228][  0]LogConfig: Setting CVar [[r.DOF.Scatter.EnableBokehSettings:1      ; bokeh simulation when scattering]]
[2019.03.27-18.35.23:228][  0]LogConfig: Setting CVar [[r.DOF.Scatter.MaxSpriteRatio:0.1         ; only a maximum of 10% of scattered bokeh]]
[2019.03.27-18.35.23:228][  0]LogConfig: Setting CVar [[r.DOF.Recombine.Quality:1                ; cheap slight out of focus]]
[2019.03.27-18.35.23:228][  0]LogConfig: Setting CVar [[r.DOF.Recombine.EnableBokehSettings:0    ; no bokeh simulation on slight out of focus]]
[2019.03.27-18.35.23:228][  0]LogConfig: Setting CVar [[r.DOF.TemporalAAQuality:1                ; more stable temporal accumulation]]
[2019.03.27-18.35.23:228][  0]LogConfig: Setting CVar [[r.DOF.Kernel.MaxForegroundRadius:0.025]]
[2019.03.27-18.35.23:228][  0]LogConfig: Setting CVar [[r.DOF.Kernel.MaxBackgroundRadius:0.025]]
[2019.03.27-18.35.23:228][  0]LogConfig: Applying CVar settings from Section [TextureQuality@3] File [D:/humanstuffFinal/MyProject3/Saved/Config/Windows/Scalability.ini]
[2019.03.27-18.35.23:228][  0]LogConfig: Setting CVar [[r.Streaming.MipBias:0]]
[2019.03.27-18.35.23:228][  0]LogConfig: Setting CVar [[r.Streaming.AmortizeCPUToGPUCopy:0]]
[2019.03.27-18.35.23:228][  0]LogConfig: Setting CVar [[r.Streaming.MaxNumTexturesToStreamPerFrame:0]]
[2019.03.27-18.35.23:228][  0]LogConfig: Setting CVar [[r.Streaming.Boost:1]]
[2019.03.27-18.35.23:228][  0]LogConfig: Setting CVar [[r.MaxAnisotropy:8]]
[2019.03.27-18.35.23:229][  0]LogConfig: Setting CVar [[r.Streaming.LimitPoolSizeToVRAM:0]]
[2019.03.27-18.35.23:229][  0]LogConfig: Setting CVar [[r.Streaming.PoolSize:1000]]
[2019.03.27-18.35.23:229][  0]LogConfig: Setting CVar [[r.Streaming.MaxEffectiveScreenSize:0]]
[2019.03.27-18.35.23:229][  0]LogConfig: Applying CVar settings from Section [EffectsQuality@3] File [D:/humanstuffFinal/MyProject3/Saved/Config/Windows/Scalability.ini]
[2019.03.27-18.35.23:229][  0]LogConfig: Setting CVar [[r.TranslucencyLightingVolumeDim:4]]
[2019.03.27-18.35.23:229][  0]LogConfig: Setting CVar [[r.RefractionQuality:2]]
[2019.03.27-18.35.23:229][  0]LogConfig: Setting CVar [[r.SSR.Quality:0]]
[2019.03.27-18.35.23:229][  0]LogConfig: Setting CVar [[r.SceneColorFormat:2]]
[2019.03.27-18.35.23:229][  0]LogConfig: Setting CVar [[r.DetailMode:2]]
[2019.03.27-18.35.23:229][  0]LogConfig: Setting CVar [[r.TranslucencyVolumeBlur:0]]
[2019.03.27-18.35.23:229][  0]LogConfig: Setting CVar [[r.MaterialQualityLevel:1 ; High quality]]
[2019.03.27-18.35.23:229][  0]LogConfig: Setting CVar [[r.SSS.Scale:1]]
[2019.03.27-18.35.23:229][  0]LogConfig: Setting CVar [[r.SSS.SampleSet:2]]
[2019.03.27-18.35.23:229][  0]LogConfig: Setting CVar [[r.SSS.Quality:1]]
[2019.03.27-18.35.23:229][  0]LogConfig: Setting CVar [[r.SSS.HalfRes:1]]
[2019.03.27-18.35.23:229][  0]LogConfig: Setting CVar [[r.EmitterSpawnRateScale:1.0]]
[2019.03.27-18.35.23:229][  0]LogConfig: Setting CVar [[r.ParticleLightQuality:2]]
[2019.03.27-18.35.23:229][  0]LogConfig: Applying CVar settings from Section [FoliageQuality@3] File [D:/humanstuffFinal/MyProject3/Saved/Config/Windows/Scalability.ini]
[2019.03.27-18.35.23:229][  0]LogConfig: Setting CVar [[foliage.DensityScale:1.0]]
[2019.03.27-18.35.23:229][  0]LogConfig: Setting CVar [[grass.DensityScale:1.0]]
[2019.03.27-18.35.23:229][  0]LogConfig: Applying CVar settings from Section [Startup] File [../../../Engine/Config/ConsoleVariables.ini]
[2019.03.27-18.35.23:229][  0]LogConfig: Setting CVar [[net.UseAdaptiveNetUpdateFrequency:0]]
[2019.03.27-18.35.23:229][  0]LogConfig: Applying CVar settings from Section [ConsoleVariables] File [D:/humanstuffFinal/MyProject3/Saved/Config/Windows/Engine.ini]
[2019.03.27-18.35.23:230][  0]LogInit: Computer: MSI
[2019.03.27-18.35.23:230][  0]LogInit: User: Gretchen
[2019.03.27-18.35.23:230][  0]LogInit: CPU Page size=4096, Cores=6
[2019.03.27-18.35.23:231][  0]LogInit: High frequency timer resolution =2.156251 MHz
[2019.03.27-18.35.23:231][  0]LogMemory: Memory total: Physical=15.8GB (16GB approx)
[2019.03.27-18.35.23:231][  0]LogMemory: Platform Memory Stats for Windows
[2019.03.27-18.35.23:231][  0]LogMemory: Process Physical Memory: 106.64 MB used, 106.64 MB peak
[2019.03.27-18.35.23:231][  0]LogMemory: Process Virtual Memory: 90.18 MB used, 90.18 MB peak
[2019.03.27-18.35.23:231][  0]LogMemory: Physical Memory: 5362.30 MB used,  10867.94 MB free, 16230.24 MB total
[2019.03.27-18.35.23:231][  0]LogMemory: Virtual Memory: 4680.54 MB used,  134213048.00 MB free, 134217728.00 MB total
[2019.03.27-18.35.23:638][  0]LogInit: Using OS detected language (en-US).
[2019.03.27-18.35.23:638][  0]LogInit: Using OS detected locale (en-US).
[2019.03.27-18.35.23:639][  0]LogTextLocalizationManager: No specific localization for 'en-US' exists, so the 'en' localization will be used.
[2019.03.27-18.35.24:263][  0]LogStreaming: Display: Took  0.624s to InitEngineTextLocalization.
[2019.03.27-18.35.24:264][  0]LogInit: Setting process to per monitor DPI aware
[2019.03.27-18.35.24:340][  0]LogSlate: New Slate User Created.  User Index 0, Is Virtual User: 0
[2019.03.27-18.35.24:340][  0]LogSlate: Slate User Registered.  User Index 0, Is Virtual User: 0
[2019.03.27-18.35.24:819][  0]LogHMD: Failed to initialize OpenVR with code 126
[2019.03.27-18.35.24:819][  0]LogD3D11RHI: D3D11 adapters:
[2019.03.27-18.35.25:065][  0]LogD3D11RHI:    0. 'NVIDIA GeForce GTX 1060' (Feature Level 11_0)
[2019.03.27-18.35.25:065][  0]LogD3D11RHI:       6052/0/8115 MB DedicatedVideo/DedicatedSystem/SharedSystem, Outputs:1, VendorId:0x10de
[2019.03.27-18.35.25:083][  0]LogD3D11RHI:    1. 'Intel(R) UHD Graphics 630' (Feature Level 11_0)
[2019.03.27-18.35.25:083][  0]LogD3D11RHI:       128/0/8115 MB DedicatedVideo/DedicatedSystem/SharedSystem, Outputs:0, VendorId:0x8086
[2019.03.27-18.35.25:089][  0]LogD3D11RHI:    2. 'Microsoft Basic Render Driver' (Feature Level 11_0)
[2019.03.27-18.35.25:089][  0]LogD3D11RHI:       0/0/8115 MB DedicatedVideo/DedicatedSystem/SharedSystem, Outputs:0, VendorId:0x1414
[2019.03.27-18.35.25:089][  0]LogD3D11RHI: Chosen D3D11 Adapter: 0
[2019.03.27-18.35.25:120][  0]LogD3D11RHI: Creating new Direct3DDevice
[2019.03.27-18.35.25:120][  0]LogD3D11RHI:     GPU DeviceId: 0x1c20 (for the marketing name, search the web for "GPU Device Id")
[2019.03.27-18.35.25:120][  0]LogWindows: EnumDisplayDevices:
[2019.03.27-18.35.25:121][  0]LogWindows:    0. 'Intel(R) UHD Graphics 630' (P:1 D:1)
[2019.03.27-18.35.25:121][  0]LogWindows:    1. 'Intel(R) UHD Graphics 630' (P:0 D:0)
[2019.03.27-18.35.25:121][  0]LogWindows:    2. 'Intel(R) UHD Graphics 630' (P:0 D:0)
[2019.03.27-18.35.25:121][  0]LogWindows:    3. 'NVIDIA GeForce GTX 1060' (P:0 D:0)
[2019.03.27-18.35.25:121][  0]LogWindows:    4. 'NVIDIA GeForce GTX 1060' (P:0 D:0)
[2019.03.27-18.35.25:122][  0]LogWindows:    5. 'NVIDIA GeForce GTX 1060' (P:0 D:0)
[2019.03.27-18.35.25:122][  0]LogWindows:    6. 'NVIDIA GeForce GTX 1060' (P:0 D:0)
[2019.03.27-18.35.25:122][  0]LogWindows: DebugString: PrimaryIsNotTheChoosenAdapter PrimaryIsNotTheChoosenAdapter PrimaryIsNotTheChoosenAdapter FoundDriverCount:4 
[2019.03.27-18.35.25:122][  0]LogD3D11RHI:     Adapter Name: NVIDIA GeForce GTX 1060
[2019.03.27-18.35.25:122][  0]LogD3D11RHI:   Driver Version: 419.35 (internal:25.21.14.1935, unified:419.35)
[2019.03.27-18.35.25:122][  0]LogD3D11RHI:      Driver Date: 3-1-2019
[2019.03.27-18.35.25:123][  0]LogRHI: Texture pool is 4236 MB (70% of 6052 MB)
[2019.03.27-18.35.25:170][  0]LogD3D11RHI: Async texture creation enabled
[2019.03.27-18.35.25:215][  0]LogD3D11RHI: GPU Timing Frequency: 1000.000000 (Debug: 2 1)
[2019.03.27-18.35.26:802][  0]LogTemp: Display: Loaded TP AllDesktopTargetPlatform
[2019.03.27-18.35.26:818][  0]LogTemp: Display: Loaded TP MacClientTargetPlatform
[2019.03.27-18.35.26:841][  0]LogTemp: Display: Loaded TP MacNoEditorTargetPlatform
[2019.03.27-18.35.26:856][  0]LogTemp: Display: Loaded TP MacServerTargetPlatform
[2019.03.27-18.35.26:879][  0]LogTemp: Display: Loaded TP MacTargetPlatform
[2019.03.27-18.35.26:895][  0]LogTemp: Display: Loaded TP WindowsClientTargetPlatform
[2019.03.27-18.35.26:924][  0]LogTemp: Display: Loaded TP WindowsNoEditorTargetPlatform
[2019.03.27-18.35.26:963][  0]LogTemp: Display: Loaded TP WindowsServerTargetPlatform
[2019.03.27-18.35.26:986][  0]LogTemp: Display: Loaded TP WindowsTargetPlatform
[2019.03.27-18.35.27:071][  0]LogTemp: Display: Loaded TP AndroidTargetPlatform
[2019.03.27-18.35.27:071][  0]LogTemp: Display: Loaded TP AndroidTargetPlatform
[2019.03.27-18.35.27:071][  0]LogTemp: Display: Loaded TP AndroidTargetPlatform
[2019.03.27-18.35.27:071][  0]LogTemp: Display: Loaded TP AndroidTargetPlatform
[2019.03.27-18.35.27:071][  0]LogTemp: Display: Loaded TP AndroidTargetPlatform
[2019.03.27-18.35.27:071][  0]LogTemp: Display: Loaded TP AndroidTargetPlatform
[2019.03.27-18.35.27:071][  0]LogTemp: Display: Loaded TP AndroidTargetPlatform
[2019.03.27-18.35.27:071][  0]LogTemp: Display: Loaded TP AndroidTargetPlatform
[2019.03.27-18.35.27:071][  0]LogTemp: Display: Loaded TP AndroidTargetPlatform
[2019.03.27-18.35.27:071][  0]LogTemp: Display: Loaded TP AndroidTargetPlatform
[2019.03.27-18.35.27:071][  0]LogTemp: Display: Loaded TP AndroidTargetPlatform
[2019.03.27-18.35.27:071][  0]LogTemp: Display: Loaded TP AndroidTargetPlatform
[2019.03.27-18.35.27:071][  0]LogTemp: Display: Loaded TP AndroidTargetPlatform
[2019.03.27-18.35.27:071][  0]LogTemp: Display: Loaded TP AndroidTargetPlatform
[2019.03.27-18.35.27:071][  0]LogTemp: Display: Loaded TP AndroidTargetPlatform
[2019.03.27-18.35.27:071][  0]LogTemp: Display: Loaded TP AndroidTargetPlatform
[2019.03.27-18.35.27:071][  0]LogTemp: Display: Loaded TP AndroidTargetPlatform
[2019.03.27-18.35.27:071][  0]LogTemp: Display: Loaded TP AndroidTargetPlatform
[2019.03.27-18.35.27:086][  0]LogTemp: Display: Loaded TP HTML5TargetPlatform
[2019.03.27-18.35.27:167][  0]LogTemp: Display: Loaded TP IOSTargetPlatform
[2019.03.27-18.35.27:167][  0]LogTemp: Display: Loaded TP IOSTargetPlatform
[2019.03.27-18.35.27:195][  0]LogTemp: Display: Loaded TP TVOSTargetPlatform
[2019.03.27-18.35.27:195][  0]LogTemp: Display: Loaded TP TVOSTargetPlatform
[2019.03.27-18.35.27:220][  0]LogTemp: Display: Loaded TP LinuxClientTargetPlatform
[2019.03.27-18.35.27:239][  0]LogTemp: Display: Loaded TP LinuxNoEditorTargetPlatform
[2019.03.27-18.35.27:259][  0]LogTemp: Display: Loaded TP LinuxServerTargetPlatform
[2019.03.27-18.35.27:287][  0]LogTemp: Display: Loaded TP LinuxTargetPlatform
[2019.03.27-18.35.27:340][  0]LogTemp: Display: Loaded TP LuminTargetPlatform
[2019.03.27-18.35.27:340][  0]LogTemp: Display: Loaded TP LuminTargetPlatform
[2019.03.27-18.35.27:340][  0]LogTargetPlatformManager: Display: Building Assets For Windows
[2019.03.27-18.35.27:612][  0]LogShaderCompilers: Guid format shader working directory is 20 characters bigger than the processId version (D:/humanstuffFinal/MyProject3/Intermediate/Shaders/WorkingDirectory/6440/).
[2019.03.27-18.35.27:612][  0]LogShaderCompilers: Cleaned the shader compiler working directory 'C:/Users/Gretchen/AppData/Local/Temp/UnrealShaderWorkingDir/5F3A0BD94C18C54EDD3315A9434F5095/'.
[2019.03.27-18.35.27:624][  0]LogXGEController: Cleaning working directory: C:/Users/Gretchen/AppData/Local/Temp/UnrealXGEWorkingDir/
[2019.03.27-18.35.27:624][  0]LogXGEController: Cannot use XGE Controller as Incredibuild is not installed on this machine.
[2019.03.27-18.35.27:624][  0]LogShaderCompilers: Cannot use XGE Shader Compiler as Incredibuild is not installed on this machine.
[2019.03.27-18.35.27:624][  0]LogShaderCompilers: Display: Using Local Shader Compiler.
[2019.03.27-18.35.28:505][  0]LogDerivedDataCache: Display: Max Cache Size: 512 MB
[2019.03.27-18.35.28:571][  0]LogDerivedDataCache: Loaded boot cache 0.07s 3MB C:/Users/Gretchen/AppData/Local/UnrealEngine/4.21/DerivedDataCache/Boot.ddc.
[2019.03.27-18.35.28:571][  0]LogDerivedDataCache: Display: Loaded Boot cache: C:/Users/Gretchen/AppData/Local/UnrealEngine/4.21/DerivedDataCache/Boot.ddc
[2019.03.27-18.35.28:571][  0]LogDerivedDataCache: FDerivedDataBackendGraph:  Pak pak cache file D:/humanstuffFinal/MyProject3/DerivedDataCache/DDC.ddp not found, will not use a pak cache.
[2019.03.27-18.35.28:571][  0]LogDerivedDataCache: Unable to find inner node Pak for hierarchical cache Hierarchy.
[2019.03.27-18.35.28:571][  0]LogDerivedDataCache: FDerivedDataBackendGraph:  CompressedPak pak cache file D:/humanstuffFinal/MyProject3/DerivedDataCache/Compressed.ddp not found, will not use a pak cache.
[2019.03.27-18.35.28:571][  0]LogDerivedDataCache: Unable to find inner node CompressedPak for hierarchical cache Hierarchy.
[2019.03.27-18.35.28:590][  0]LogDerivedDataCache: Display: Pak cache opened for reading ../../../Engine/DerivedDataCache/Compressed.ddp.
[2019.03.27-18.35.28:590][  0]LogDerivedDataCache: FDerivedDataBackendGraph:  EnterprisePak pak cache file ../../../Enterprise/DerivedDataCache/Compressed.ddp not found, will not use a pak cache.
[2019.03.27-18.35.28:590][  0]LogDerivedDataCache: Unable to find inner node EnterprisePak for hierarchical cache Hierarchy.
[2019.03.27-18.35.28:602][  0]LogDerivedDataCache: Using Local data cache path C:/Users/Gretchen/AppData/Local/UnrealEngine/Common/DerivedDataCache: Writable
[2019.03.27-18.35.28:602][  0]LogDerivedDataCache: Shared data cache path not found in *engine.ini, will not use an Shared cache.
[2019.03.27-18.35.28:602][  0]LogDerivedDataCache: Unable to find inner node Shared for hierarchical cache Hierarchy.
[2019.03.27-18.35.28:654][  0]LogMaterial: Verifying Global Shaders for PCD3D_SM5
[2019.03.27-18.35.28:669][  0]LogSlate: Using FreeType 2.6.0
[2019.03.27-18.35.28:677][  0]LogSlate: SlateFontServices - WITH_FREETYPE: 1, WITH_HARFBUZZ: 1
[2019.03.27-18.35.28:864][  0]LogAssetRegistry: FAssetRegistry took 0.0345 seconds to start up
[2019.03.27-18.35.29:227][  0]LogInit: Selected Device Profile: [Windows]
[2019.03.27-18.35.29:741][  0]LogSimplygon: Simplygon DLL not present - disabling.
[2019.03.27-18.35.29:775][  0]LogMeshReduction: Using SimplygonSwarm for distributed automatic mesh merging
[2019.03.27-18.35.29:776][  0]LogMeshReduction: Using ProxyLODMeshReduction for automatic mesh merging
[2019.03.27-18.35.29:777][  0]LogMeshReduction: Using QuadricMeshReduction for automatic static mesh reduction
[2019.03.27-18.35.29:777][  0]LogMeshReduction: No automatic skeletal mesh reduction module available
[2019.03.27-18.35.29:823][  0]LogNetVersion: MyProject3 1.0.0, NetCL: 4541578, EngineNetVer: 5, GameNetVer: 0 (Checksum: 2916331349)
[2019.03.27-18.35.31:072][  0]LogPackageLocalizationCache: Processed 11 localized package path(s) for 2 prioritized culture(s) in 0.177179 seconds
[2019.03.27-18.35.31:136][  0]LogUObjectArray: 39775 objects as part of root set at end of initial load.
[2019.03.27-18.35.31:136][  0]LogUObjectAllocator: 6914664 out of 0 bytes used by permanent object pool.
[2019.03.27-18.35.31:136][  0]LogUObjectArray: CloseDisregardForGC: 0/0 objects in disregard for GC pool
[2019.03.27-18.35.36:199][  0]LogTcpMessaging: Initializing TcpMessaging bridge
[2019.03.27-18.35.36:228][  0]LogUdpMessaging: Initializing bridge on interface 0.0.0.0:0 to multicast group 230.0.0.1:6666.
[2019.03.27-18.35.38:542][  0]SourceControl: Source control is disabled
[2019.03.27-18.35.38:542][  0]SourceControl: Source control is disabled
[2019.03.27-18.35.38:565][  0]SourceControl: Source control is disabled
[2019.03.27-18.35.38:577][  0]SourceControl: Source control is disabled
[2019.03.27-18.35.39:250][  0]LogAndroidPermission: UAndroidPermissionCallbackProxy::GetInstance
[2019.03.27-18.35.39:593][  0]LogOcInput: OculusInput pre-init called
[2019.03.27-18.35.39:813][  0]LogEngine: Initializing Engine...
[2019.03.27-18.35.39:833][  0]LogHMD: Failed to initialize OpenVR with code 126
[2019.03.27-18.35.39:834][  0]LogStats: UGameplayTagsManager::ConstructGameplayTagTree: ImportINI prefixes -  0.000 s
[2019.03.27-18.35.39:834][  0]LogStats: UGameplayTagsManager::ConstructGameplayTagTree: Construct from data asset -  0.000 s
[2019.03.27-18.35.39:834][  0]LogStats: UGameplayTagsManager::ConstructGameplayTagTree: ImportINI -  0.000 s
[2019.03.27-18.35.39:834][  0]LogStats: UGameplayTagsManager::ConstructGameplayTagTree: GameplayTagTreeChangedEvent.Broadcast -  0.000 s
[2019.03.27-18.35.40:423][  0]LogInit: Initializing FReadOnlyCVARCache
[2019.03.27-18.35.40:489][  0]LogAIModule: Creating AISystem for world Untitled
[2019.03.27-18.35.40:520][  0]LogInit: XAudio2 using 'Speakers (2- Realtek(R) Audio)' : 6 channels at 48 kHz using 32 bits per sample (channel mask 0x3f)
[2019.03.27-18.35.40:739][  0]LogInit: FAudioDevice initialized.
[2019.03.27-18.35.40:739][  0]LogNetVersion: Set ProjectVersion to 1.0.0.0. Version Checksum will be recalculated on next use.
[2019.03.27-18.35.40:975][  0]LogDerivedDataCache: Saved boot cache 0.24s 71MB C:/Users/Gretchen/AppData/Local/UnrealEngine/4.21/DerivedDataCache/Boot.ddc.
[2019.03.27-18.35.40:976][  0]LogInit: Texture streaming: Enabled
[2019.03.27-18.35.41:021][  0]LogEngineSessionManager: EngineSessionManager initialized
[2019.03.27-18.35.41:048][  0]LogWindowsTextInputMethodSystem: Display: IME system now deactivated.
[2019.03.27-18.35.41:105][  0]LogInit: Transaction tracking system initialized
[2019.03.27-18.35.41:233][  0]BlueprintLog: New page: Editor Load
[2019.03.27-18.35.41:571][  0]LocalizationService: Localization service is disabled
[2019.03.27-18.35.43:549][  0]LogFileCache: Scanning file cache for directory 'D:/humanstuffFinal/MyProject3/Content/' took 0.02s
[2019.03.27-18.35.43:549][  0]LogCook: Display: Max memory allowance for cook 16384mb min free memory 0mb
[2019.03.27-18.35.43:549][  0]LogCook: Display: Mobile HDR setting 1
[2019.03.27-18.35.43:549][  0]LogGameplayTags: Display: UGameplayTagsManager::DoneAddingNativeTags. DelegateIsBound: 0
[2019.03.27-18.35.43:549][  0]LogStats: UGameplayTagsManager::ConstructGameplayTagTree: ImportINI prefixes -  0.000 s
[2019.03.27-18.35.43:549][  0]LogStats: UGameplayTagsManager::ConstructGameplayTagTree: Construct from data asset -  0.000 s
[2019.03.27-18.35.43:549][  0]LogStats: UGameplayTagsManager::ConstructGameplayTagTree: ImportINI -  0.000 s
[2019.03.27-18.35.43:549][  0]LogStats: UGameplayTagsManager::ConstructGameplayTagTree: GameplayTagTreeChangedEvent.Broadcast -  0.000 s
[2019.03.27-18.35.44:141][  0]SourceControl: Source control is disabled
[2019.03.27-18.35.44:143][  0]Cmd: MAP LOAD FILE="D:/humanstuffFinal/MyProject3/Content/StarterContent/Maps/Level1.umap" TEMPLATE=0 SHOWPROGRESS=1 FEATURELEVEL=3
[2019.03.27-18.35.44:165][  0]LightingResults: New page: Lighting Build
[2019.03.27-18.35.44:185][  0]MapCheck: New page: Map Check
[2019.03.27-18.35.44:185][  0]LightingResults: New page: Lighting Build
[2019.03.27-18.35.46:594][  0]LogLinker: Warning: Can't find file '/Game/Geometry/Objects/pCube3Mat'
[2019.03.27-18.35.46:594][  0]LoadErrors: Failed to load /Game/Geometry/Objects/hs_clipBoard.hs_clipBoard Referenced by Clip_GEN_VARIABLE
[2019.03.27-18.35.46:594][  0]LogLinker: Warning: Can't find file for asset '/Game/Geometry/Objects/pCube3Mat' while loading D:/humanstuffFinal/MyProject3/Content/Geometry/Objects/hs_clipBoard.uasset.
[2019.03.27-18.35.46:594][  0]LoadErrors: Failed to load /Game/Geometry/Objects/hs_clipBoard.hs_clipBoard Referenced by Clip_GEN_VARIABLE
[2019.03.27-18.35.46:594][  0]LoadErrors: Error: /Game/Geometry/Objects/hs_clipBoard : Can't find file for asset. /Game/Geometry/Objects/pCube3Mat
[2019.03.27-18.35.46:595][  0]LogLinker: Warning: Can't find file '/Game/Geometry/Objects/pCube3Mat'
[2019.03.27-18.35.46:595][  0]LoadErrors: Failed to load /Game/Geometry/Objects/hs_clipBoard.hs_clipBoard Referenced by Clip_GEN_VARIABLE
[2019.03.27-18.35.46:595][  0]LogLinker: Warning: Can't find file for asset '/Game/Geometry/Objects/pCube3Mat' while loading D:/humanstuffFinal/MyProject3/Content/Geometry/Objects/hs_clipBoard.uasset.
[2019.03.27-18.35.46:595][  0]LoadErrors: Failed to load /Game/Geometry/Objects/hs_clipBoard.hs_clipBoard Referenced by Clip_GEN_VARIABLE
[2019.03.27-18.35.46:595][  0]LoadErrors: Error: /Game/Geometry/Objects/hs_clipBoard : Can't find file for asset. /Game/Geometry/Objects/pCube3Mat
[2019.03.27-18.35.46:597][  0]LogLinker: Warning: Can't find file '/Game/Geometry/Objects/pCylinder2Mat'
[2019.03.27-18.35.46:597][  0]LoadErrors: Failed to load /Game/Geometry/Objects/hs_Pen.hs_Pen Referenced by Pen_GEN_VARIABLE
[2019.03.27-18.35.46:597][  0]LogLinker: Warning: Can't find file for asset '/Game/Geometry/Objects/pCylinder2Mat' while loading D:/humanstuffFinal/MyProject3/Content/Geometry/Objects/hs_Pen.uasset.
[2019.03.27-18.35.46:597][  0]LoadErrors: Failed to load /Game/Geometry/Objects/hs_Pen.hs_Pen Referenced by Pen_GEN_VARIABLE
[2019.03.27-18.35.46:597][  0]LoadErrors: Error: /Game/Geometry/Objects/hs_Pen : Can't find file for asset. /Game/Geometry/Objects/pCylinder2Mat
[2019.03.27-18.35.46:598][  0]LogLinker: Warning: Can't find file '/Game/Geometry/Objects/pCylinder2Mat'
[2019.03.27-18.35.46:598][  0]LoadErrors: Failed to load /Game/Geometry/Objects/hs_Pen.hs_Pen Referenced by Pen_GEN_VARIABLE
[2019.03.27-18.35.46:598][  0]LogLinker: Warning: Can't find file for asset '/Game/Geometry/Objects/pCylinder2Mat' while loading D:/humanstuffFinal/MyProject3/Content/Geometry/Objects/hs_Pen.uasset.
[2019.03.27-18.35.46:598][  0]LoadErrors: Failed to load /Game/Geometry/Objects/hs_Pen.hs_Pen Referenced by Pen_GEN_VARIABLE
[2019.03.27-18.35.46:598][  0]LoadErrors: Error: /Game/Geometry/Objects/hs_Pen : Can't find file for asset. /Game/Geometry/Objects/pCylinder2Mat
[2019.03.27-18.35.49:239][  0]LogLinker: Warning: Can't find file '/Game/Geometry/Objects/pCube3Mat'
[2019.03.27-18.35.49:239][  0]LoadErrors: Failed to load /Game/Geometry/Objects/pCube3Mat.pCube3Mat Referenced by hs_clipBoard
[2019.03.27-18.35.49:239][  0]LogLinker: Warning: Can't find file for asset '/Game/Geometry/Objects/pCube3Mat' while loading NULL.
[2019.03.27-18.35.49:239][  0]LoadErrors: Failed to load /Game/Geometry/Objects/pCube3Mat.pCube3Mat Referenced by hs_clipBoard
[2019.03.27-18.35.49:239][  0]LogLinker: Warning: Can't find file '/Game/Geometry/Objects/pCube3Mat'
[2019.03.27-18.35.49:239][  0]LoadErrors: Failed to load /Game/Geometry/Objects/pCube3Mat.pCube3Mat Referenced by hs_clipBoard
[2019.03.27-18.35.49:239][  0]LogLinker: Warning: Can't find file for asset '/Game/Geometry/Objects/pCube3Mat' while loading NULL.
[2019.03.27-18.35.49:239][  0]LoadErrors: Failed to load /Game/Geometry/Objects/pCube3Mat.pCube3Mat Referenced by hs_clipBoard
[2019.03.27-18.35.49:239][  0]LogLinker: Warning: Can't find file '/Game/Geometry/Objects/pCylinder2Mat'
[2019.03.27-18.35.49:239][  0]LoadErrors: Failed to load /Game/Geometry/Objects/pCylinder2Mat.pCylinder2Mat Referenced by hs_Pen
[2019.03.27-18.35.49:239][  0]LogLinker: Warning: Can't find file for asset '/Game/Geometry/Objects/pCylinder2Mat' while loading NULL.
[2019.03.27-18.35.49:239][  0]LoadErrors: Failed to load /Game/Geometry/Objects/pCylinder2Mat.pCylinder2Mat Referenced by hs_Pen
[2019.03.27-18.35.49:240][  0]LogLinker: Warning: Can't find file '/Game/Geometry/Objects/pCylinder2Mat'
[2019.03.27-18.35.49:240][  0]LoadErrors: Failed to load /Game/Geometry/Objects/pCylinder2Mat.pCylinder2Mat Referenced by hs_Pen
[2019.03.27-18.35.49:240][  0]LogLinker: Warning: Can't find file for asset '/Game/Geometry/Objects/pCylinder2Mat' while loading NULL.
[2019.03.27-18.35.49:240][  0]LoadErrors: Failed to load /Game/Geometry/Objects/pCylinder2Mat.pCylinder2Mat Referenced by hs_Pen
[2019.03.27-18.35.49:799][  0]LoadErrors: Warning: hs_clipBoard Min LOD value of 1 is out of range 0..0 and has been adjusted to 0. Please verify and resave the asset.
[2019.03.27-18.35.49:805][  0]LoadErrors: Warning: hs_Pen Min LOD value of 1 is out of range 0..0 and has been adjusted to 0. Please verify and resave the asset.
[2019.03.27-18.35.50:002][  0]LoadErrors: Warning: hs_shopcartWide Min LOD value of 1 is out of range 0..0 and has been adjusted to 0. Please verify and resave the asset.
[2019.03.27-18.35.50:031][  0]LoadErrors: Warning: hs_diamond Min LOD value of 1 is out of range 0..0 and has been adjusted to 0. Please verify and resave the asset.
[2019.03.27-18.35.50:159][  0]LoadErrors: Warning: skybox2 Min LOD value of 1 is out of range 0..0 and has been adjusted to 0. Please verify and resave the asset.
[2019.03.27-18.35.50:186][  0]LoadErrors: Warning: pipe Min LOD value of 1 is out of range 0..0 and has been adjusted to 0. Please verify and resave the asset.
[2019.03.27-18.35.50:244][  0]LoadErrors: Warning: hs_concreteBumper Min LOD value of 1 is out of range 0..0 and has been adjusted to 0. Please verify and resave the asset.
[2019.03.27-18.35.50:269][  0]LoadErrors: Warning: hs_cake Min LOD value of 1 is out of range 0..0 and has been adjusted to 0. Please verify and resave the asset.
[2019.03.27-18.35.50:461][  0]LoadErrors: Warning: hs_poster Min LOD value of 1 is out of range 0..0 and has been adjusted to 0. Please verify and resave the asset.
[2019.03.27-18.35.50:471][  0]LoadErrors: Warning: hs_parkingMedian Min LOD value of 1 is out of range 0..0 and has been adjusted to 0. Please verify and resave the asset.
[2019.03.27-18.35.50:483][  0]LoadErrors: Warning: HS_ObservationDeck Min LOD value of 1 is out of range 0..0 and has been adjusted to 0. Please verify and resave the asset.
[2019.03.27-18.35.50:498][  0]LoadErrors: Warning: hs_lampTree Min LOD value of 1 is out of range 0..0 and has been adjusted to 0. Please verify and resave the asset.
[2019.03.27-18.35.50:519][  0]LoadErrors: Warning: hs_groundPlane Min LOD value of 1 is out of range 0..0 and has been adjusted to 0. Please verify and resave the asset.
[2019.03.27-18.35.50:715][  0]LoadErrors: Warning: hs_vase Min LOD value of 1 is out of range 0..0 and has been adjusted to 0. Please verify and resave the asset.
[2019.03.27-18.35.51:010][  0]LoadErrors: Warning: hs_slideDoor_Left Min LOD value of 1 is out of range 0..0 and has been adjusted to 0. Please verify and resave the asset.
[2019.03.27-18.35.51:013][  0]LoadErrors: Warning: hs_slideDoor_Right Min LOD value of 1 is out of range 0..0 and has been adjusted to 0. Please verify and resave the asset.
[2019.03.27-18.35.51:167][  0]LogAIModule: Creating AISystem for world Level1
[2019.03.27-18.35.51:415][  0]LogSlate: New Slate User Created.  User Index 8, Is Virtual User: 1
[2019.03.27-18.35.51:415][  0]LogSlate: Slate User Registered.  User Index 8, Is Virtual User: 1
[2019.03.27-18.35.51:458][  0]LogEditorServer: Finished looking for orphan Actors (0.000 secs)
[2019.03.27-18.35.51:505][  0]Cmd: MAP CHECKDEP NOCLEARLOG
[2019.03.27-18.35.51:506][  0]MapCheck: Map check complete: 0 Error(s), 0 Warning(s), took 0.187ms to complete.
[2019.03.27-18.35.51:506][  0]LogFileHelpers: Loading map 'Level1' took 7.364
[2019.03.27-18.35.51:689][  0]LogSlate: Updating window title bar state: overlay mode, drag disabled, window buttons hidden, title bar hidden
[2019.03.27-18.35.51:695][  0]LogSlate: Updating window title bar state: overlay mode, drag disabled, window buttons hidden, title bar hidden
[2019.03.27-18.35.51:702][  0]LogSlate: Updating window title bar state: overlay mode, drag disabled, window buttons hidden, title bar hidden
[2019.03.27-18.35.51:708][  0]LogSlate: Updating window title bar state: overlay mode, drag disabled, window buttons hidden, title bar hidden
[2019.03.27-18.35.51:745][  0]LogCollectionManager: Loaded 0 collections in 0.001593 seconds
[2019.03.27-18.35.51:796][  0]LogFileCache: Scanning file cache for directory 'D:/humanstuffFinal/MyProject3/Saved/Collections/' took 0.01s
[2019.03.27-18.35.51:796][  0]LogFileCache: Scanning file cache for directory 'D:/humanstuffFinal/MyProject3/Content/Developers/Gretchen/Collections/' took 0.01s
[2019.03.27-18.35.51:796][  0]LogFileCache: Scanning file cache for directory 'D:/humanstuffFinal/MyProject3/Content/Collections/' took 0.00s
[2019.03.27-18.35.51:796][  0]LogCollectionManager: Rebuilt the GUID cache for 0 collections in 0.000000 seconds
[2019.03.27-18.35.51:807][  0]LogContentBrowser: Native class hierarchy populated in 0.0095 seconds. Added 2651 classes and 620 folders.
[2019.03.27-18.35.51:820][  0]LogContentBrowser: Native class hierarchy updated for 'WidgetCarousel' in 0.0002 seconds. Added 0 classes and 0 folders.
[2019.03.27-18.35.51:828][  0]LogPakFile: Registered encryption key '00000000000000000000000000000000': 0 pak files mounted, 0 remain pending
[2019.03.27-18.35.51:831][  0]LogPakFile: Registered encryption key '00000000000000000000000000000000': 0 pak files mounted, 0 remain pending
[2019.03.27-18.35.51:833][  0]LogPakFile: Registered encryption key '00000000000000000000000000000000': 0 pak files mounted, 0 remain pending
[2019.03.27-18.35.51:835][  0]LogPakFile: Registered encryption key '00000000000000000000000000000000': 0 pak files mounted, 0 remain pending
[2019.03.27-18.35.51:837][  0]LogPakFile: Registered encryption key '00000000000000000000000000000000': 0 pak files mounted, 0 remain pending
[2019.03.27-18.35.51:839][  0]LogPakFile: Registered encryption key '00000000000000000000000000000000': 0 pak files mounted, 0 remain pending
[2019.03.27-18.35.51:841][  0]LogPakFile: Registered encryption key '00000000000000000000000000000000': 0 pak files mounted, 0 remain pending
[2019.03.27-18.35.51:843][  0]LogPakFile: Registered encryption key '00000000000000000000000000000000': 0 pak files mounted, 0 remain pending
[2019.03.27-18.35.51:845][  0]LogPakFile: Registered encryption key '00000000000000000000000000000000': 0 pak files mounted, 0 remain pending
[2019.03.27-18.35.51:847][  0]LogPakFile: Registered encryption key '00000000000000000000000000000000': 0 pak files mounted, 0 remain pending
[2019.03.27-18.35.51:849][  0]LogPakFile: Registered encryption key '00000000000000000000000000000000': 0 pak files mounted, 0 remain pending
[2019.03.27-18.35.51:851][  0]LogPakFile: Registered encryption key '00000000000000000000000000000000': 0 pak files mounted, 0 remain pending
[2019.03.27-18.35.51:854][  0]LogPakFile: Registered encryption key '00000000000000000000000000000000': 0 pak files mounted, 0 remain pending
[2019.03.27-18.35.51:856][  0]LogPakFile: Registered encryption key '00000000000000000000000000000000': 0 pak files mounted, 0 remain pending
[2019.03.27-18.35.51:858][  0]LogPakFile: Registered encryption key '00000000000000000000000000000000': 0 pak files mounted, 0 remain pending
[2019.03.27-18.35.51:860][  0]LogPakFile: Registered encryption key '00000000000000000000000000000000': 0 pak files mounted, 0 remain pending
[2019.03.27-18.35.51:862][  0]LogPakFile: Registered encryption key '00000000000000000000000000000000': 0 pak files mounted, 0 remain pending
[2019.03.27-18.35.51:864][  0]LogPakFile: Registered encryption key '00000000000000000000000000000000': 0 pak files mounted, 0 remain pending
[2019.03.27-18.35.51:866][  0]LogPakFile: Registered encryption key '00000000000000000000000000000000': 0 pak files mounted, 0 remain pending
[2019.03.27-18.35.51:868][  0]LogPakFile: Registered encryption key '00000000000000000000000000000000': 0 pak files mounted, 0 remain pending
[2019.03.27-18.35.51:870][  0]LogPakFile: Registered encryption key '00000000000000000000000000000000': 0 pak files mounted, 0 remain pending
[2019.03.27-18.35.51:872][  0]LogPakFile: Registered encryption key '00000000000000000000000000000000': 0 pak files mounted, 0 remain pending
[2019.03.27-18.35.51:874][  0]LogPakFile: Registered encryption key '00000000000000000000000000000000': 0 pak files mounted, 0 remain pending
[2019.03.27-18.35.51:877][  0]LogPakFile: Registered encryption key '00000000000000000000000000000000': 0 pak files mounted, 0 remain pending
[2019.03.27-18.35.51:879][  0]LogPakFile: Registered encryption key '00000000000000000000000000000000': 0 pak files mounted, 0 remain pending
[2019.03.27-18.35.51:881][  0]LogPakFile: Registered encryption key '00000000000000000000000000000000': 0 pak files mounted, 0 remain pending
[2019.03.27-18.35.51:953][  0]LogContentBrowser: Native class hierarchy updated for 'AddContentDialog' in 0.0003 seconds. Added 0 classes and 0 folders.
[2019.03.27-18.35.51:990][  0]LogContentBrowser: Native class hierarchy updated for 'SceneOutliner' in 0.0002 seconds. Added 1 classes and 2 folders.
[2019.03.27-18.35.52:276][  0]LogSlate: Took 0.002305 seconds to synchronously load lazily loaded font '../../../Engine/Content/Slate/Fonts/Roboto-Regular.ttf' (155K)
[2019.03.27-18.35.52:283][  0]LogSlate: Took 0.005063 seconds to synchronously load lazily loaded font '../../../Engine/Content/Slate/Fonts/Roboto-Bold.ttf' (160K)
[2019.03.27-18.35.52:300][  0]LogSlate: Took 0.010755 seconds to synchronously load lazily loaded font '../../../Engine/Content/Editor/Slate/Fonts/FontAwesome.ttf' (139K)
[2019.03.27-18.35.52:391][  0]LogRenderer: Reallocating scene render targets to support 916x396 Format 26 NumSamples 1 (Frame:1).
[2019.03.27-18.35.52:532][  0]LogSlate: Took 0.001937 seconds to synchronously load lazily loaded font '../../../Engine/Content/Slate/Fonts/Roboto-Light.ttf' (167K)
[2019.03.27-18.35.52:802][  0]LogContentBrowser: Native class hierarchy updated for 'HierarchicalLODOutliner' in 0.0002 seconds. Added 0 classes and 0 folders.
[2019.03.27-18.35.52:802][  0]LogLoad: (Engine Initialization) Total time: 35.22 seconds
[2019.03.27-18.35.52:802][  0]LogLoad: (Engine Initialization) Total Blueprint compile time: 0.00 seconds
[2019.03.27-18.35.52:877][  0]LogContentStreaming: Texture pool size now 1000 MB
[2019.03.27-18.35.52:883][  0]LogSlate: FSceneViewport::OnFocusLost() reason 2
[2019.03.27-18.35.53:009][  0]LogRenderer: Reallocating scene render targets to support 916x416 Format 26 NumSamples 1 (Frame:3).
[2019.03.27-18.35.53:473][  7]LogAssetRegistry: Asset discovery search completed in 24.6310 seconds
[2019.03.27-18.35.53:474][  7]LogCollectionManager: Rebuilt the object cache for 0 collections in 0.000000 seconds (found 0 objects)
[2019.03.27-18.35.53:474][  7]LogCollectionManager: Fixed up redirectors for 0 collections in 0.000058 seconds (updated 0 objects)
[2019.03.27-18.36.40:196][684]LogSlate: FSceneViewport::OnFocusLost() reason 0
[2019.03.27-18.36.51:960][388]LogSlate: FSceneViewport::OnFocusLost() reason 0
[2019.03.27-18.38.00:729][304]LogSlate: Took 0.000205 seconds to synchronously load lazily loaded font '../../../Engine/Content/Slate/Fonts/Roboto-Light.ttf' (167K)
[2019.03.27-18.38.00:736][304]LogAssetEditorManager: Opening Asset editor for Blueprint /Game/Blueprints/Scannables.Scannables
[2019.03.27-18.38.01:277][304]LogContentBrowser: Native class hierarchy updated for 'BlueprintGraph' in 0.0006 seconds. Added 117 classes and 0 folders.
[2019.03.27-18.38.02:483][304]LogSlate: Took 0.001997 seconds to synchronously load lazily loaded font '../../../Engine/Content/Slate/Fonts/Roboto-BoldCondensed.ttf' (158K)
[2019.03.27-18.38.02:829][305]LogSlate: Took 0.002363 seconds to synchronously load lazily loaded font '../../../Engine/Content/Slate/Fonts/Roboto-Italic.ttf' (157K)
[2019.03.27-18.45.52:997][697]LogFileHelpers: Editor autosave (incl. sublevels) for '/Game/StarterContent/Maps/Level1' took 0.029
[2019.03.27-18.45.52:998][697]OBJ SavePackage: Generating thumbnails for [1] asset(s) in package [/Game/Blueprints/Scannables] ([1] browsable assets)...
[2019.03.27-18.45.53:017][697]OBJ SavePackage:     Rendered thumbnail for [Blueprint /Game/Blueprints/Scannables.Scannables]
[2019.03.27-18.45.53:017][697]OBJ SavePackage: Finished generating thumbnails for package [/Game/Blueprints/Scannables]
[2019.03.27-18.45.53:017][697]Cmd: OBJ SAVEPACKAGE PACKAGE="/Game/Blueprints/Scannables" FILE="D:/humanstuffFinal/MyProject3/Saved/Autosaves/Game/Blueprints/Scannables_Auto1.uasset" SILENT=false AUTOSAVING=true
[2019.03.27-18.45.53:139][697]LogSavePackage: Moving 'D:/humanstuffFinal/MyProject3/Saved/Scannables_Auto108638EFE4C5F04BE4D8D3E9846D5B7DD.tmp' to 'D:/humanstuffFinal/MyProject3/Saved/Autosaves/Game/Blueprints/Scannables_Auto1.uasset'
[2019.03.27-18.45.53:149][697]LogFileHelpers: Auto-saving content packages took 0.152
[2019.03.27-18.54.25:325][458]LogRenderer: Reallocating scene render targets to support 916x524 Format 26 NumSamples 1 (Frame:1).
[2019.03.27-18.54.27:648][596]BlueprintLog: New page: Compile Scannables
[2019.03.27-18.54.27:734][596]LogBlueprint: Error: [Compiler Scannables] The current value (ObjectTypeQuery1) of the ' Object Types ' pin is invalid: Array inputs (like 'Object Types') must have an input wired into them (try connecting a MakeArray node).
[2019.03.27-18.54.27:969][596]LogBlueprint: Warning: [Compiler Scannables] [1150.39] Compile of Scannables failed. 1 Fatal Issue(s) 0 Warning(s) [in 321 ms] (/Game/Blueprints/Scannables.Scannables)
[2019.03.27-18.55.22:713][851]BlueprintLog: New page: Compile Scannables
[2019.03.27-18.55.53:342][645]Cmd: OBJ SAVEPACKAGE PACKAGE="/Game/StarterContent/Maps/Level1" FILE="D:/humanstuffFinal/MyProject3/Saved/Autosaves/Game/StarterContent/Maps/Level1_Auto2.umap" SILENT=true AUTOSAVING=true KEEPDIRTY=false
[2019.03.27-18.55.54:359][645]LogSavePackage: Moving 'D:/humanstuffFinal/MyProject3/Saved/Level1_Auto2F138318B4603B28D418DD4A5D13CBDB2.tmp' to 'D:/humanstuffFinal/MyProject3/Saved/Autosaves/Game/StarterContent/Maps/Level1_Auto2.umap'
[2019.03.27-18.55.54:367][645]LogFileHelpers: Editor autosave (incl. sublevels) for '/Game/StarterContent/Maps/Level1' took 1.059
[2019.03.27-18.55.54:367][645]LogFileHelpers: Editor autosave (incl. sublevels) for all levels took 1.059
[2019.03.27-18.55.54:380][645]OBJ SavePackage: Generating thumbnails for [1] asset(s) in package [/Game/Blueprints/Scannables] ([1] browsable assets)...
[2019.03.27-18.55.54:400][645]OBJ SavePackage:     Rendered thumbnail for [Blueprint /Game/Blueprints/Scannables.Scannables]
[2019.03.27-18.55.54:400][645]OBJ SavePackage: Finished generating thumbnails for package [/Game/Blueprints/Scannables]
[2019.03.27-18.55.54:400][645]Cmd: OBJ SAVEPACKAGE PACKAGE="/Game/Blueprints/Scannables" FILE="D:/humanstuffFinal/MyProject3/Saved/Autosaves/Game/Blueprints/Scannables_Auto2.uasset" SILENT=false AUTOSAVING=true
[2019.03.27-18.55.54:487][645]LogSavePackage: Moving 'D:/humanstuffFinal/MyProject3/Saved/Scannables_Auto215585EB1491CC22E02674492EE87EF41.tmp' to 'D:/humanstuffFinal/MyProject3/Saved/Autosaves/Game/Blueprints/Scannables_Auto2.uasset'
[2019.03.27-18.55.54:487][645]LogFileHelpers: Auto-saving content packages took 0.107
[2019.03.27-18.56.32:995][929]BlueprintLog: New page: Compile Scannables
[2019.03.27-18.56.39:882][298]BlueprintLog: New page: Compile Scannables
[2019.03.27-18.58.05:270][382]BlueprintLog: New page: Compile Scannables
[2019.03.27-19.05.55:079][785]Cmd: OBJ SAVEPACKAGE PACKAGE="/Game/StarterContent/Maps/Level1" FILE="D:/humanstuffFinal/MyProject3/Saved/Autosaves/Game/StarterContent/Maps/Level1_Auto3.umap" SILENT=true AUTOSAVING=true KEEPDIRTY=false
[2019.03.27-19.05.56:011][785]LogSavePackage: Moving 'D:/humanstuffFinal/MyProject3/Saved/Level1_Auto3CA3668E24A6BEAB169741E98EE03D29E.tmp' to 'D:/humanstuffFinal/MyProject3/Saved/Autosaves/Game/StarterContent/Maps/Level1_Auto3.umap'
[2019.03.27-19.05.56:014][785]LogFileHelpers: Editor autosave (incl. sublevels) for '/Game/StarterContent/Maps/Level1' took 0.965
[2019.03.27-19.05.56:014][785]LogFileHelpers: Editor autosave (incl. sublevels) for all levels took 0.965
[2019.03.27-19.05.56:023][785]OBJ SavePackage: Generating thumbnails for [1] asset(s) in package [/Game/Blueprints/Scannables] ([1] browsable assets)...
[2019.03.27-19.05.56:048][785]OBJ SavePackage:     Rendered thumbnail for [Blueprint /Game/Blueprints/Scannables.Scannables]
[2019.03.27-19.05.56:048][785]OBJ SavePackage: Finished generating thumbnails for package [/Game/Blueprints/Scannables]
[2019.03.27-19.05.56:048][785]Cmd: OBJ SAVEPACKAGE PACKAGE="/Game/Blueprints/Scannables" FILE="D:/humanstuffFinal/MyProject3/Saved/Autosaves/Game/Blueprints/Scannables_Auto3.uasset" SILENT=false AUTOSAVING=true
[2019.03.27-19.05.56:129][785]LogSavePackage: Moving 'D:/humanstuffFinal/MyProject3/Saved/Scannables_Auto3CE085FD74A2F440C66619994C557238F.tmp' to 'D:/humanstuffFinal/MyProject3/Saved/Autosaves/Game/Blueprints/Scannables_Auto3.uasset'
[2019.03.27-19.05.56:129][785]LogFileHelpers: Auto-saving content packages took 0.108
[2019.03.27-19.13.12:265][931]LogEditorViewport: Clicking on Actor (LMB): MotionControllerPawn_C (MotionControllerPawn)
[2019.03.27-19.13.13:775][ 13]LogSlate: FSceneViewport::OnFocusLost() reason 0
[2019.03.27-19.13.13:867][ 18]LogAssetEditorManager: Opening Asset editor for Blueprint /Game/VirtualRealityBP/Blueprints/MotionControllerPawn.MotionControllerPawn
[2019.03.27-19.14.31:905][118]BlueprintLog: New page: Compile MotionControllerPawn
[2019.03.27-19.16.23:654][272]BlueprintLog: New page: Compile MotionControllerPawn
[2019.03.27-19.16.43:020][308]LogSlate: FSceneViewport::OnFocusLost() reason 0
[2019.03.27-19.16.59:952][318]LogEditorViewport: Clicking on Actor (LMB): MotionControllerPawn_C (MotionControllerPawn)
[2019.03.27-19.17.01:343][397]LogSlate: FSceneViewport::OnFocusLost() reason 0
[2019.03.27-19.17.33:294][ 10]Cmd: OBJ SAVEPACKAGE PACKAGE="/Game/StarterContent/Maps/Level1" FILE="D:/humanstuffFinal/MyProject3/Saved/Autosaves/Game/StarterContent/Maps/Level1_Auto4.umap" SILENT=true AUTOSAVING=true KEEPDIRTY=false
[2019.03.27-19.17.34:255][ 10]LogSavePackage: Moving 'D:/humanstuffFinal/MyProject3/Saved/Level1_Auto4D60E6E424CE93882197E47837C2F5EB5.tmp' to 'D:/humanstuffFinal/MyProject3/Saved/Autosaves/Game/StarterContent/Maps/Level1_Auto4.umap'
[2019.03.27-19.17.34:259][ 10]LogFileHelpers: Editor autosave (incl. sublevels) for '/Game/StarterContent/Maps/Level1' took 0.994
[2019.03.27-19.17.34:259][ 10]LogFileHelpers: Editor autosave (incl. sublevels) for all levels took 0.994
[2019.03.27-19.17.34:269][ 10]OBJ SavePackage: Generating thumbnails for [1] asset(s) in package [/Game/Blueprints/Scannables] ([1] browsable assets)...
[2019.03.27-19.17.34:289][ 10]OBJ SavePackage:     Rendered thumbnail for [Blueprint /Game/Blueprints/Scannables.Scannables]
[2019.03.27-19.17.34:289][ 10]OBJ SavePackage: Finished generating thumbnails for package [/Game/Blueprints/Scannables]
[2019.03.27-19.17.34:289][ 10]Cmd: OBJ SAVEPACKAGE PACKAGE="/Game/Blueprints/Scannables" FILE="D:/humanstuffFinal/MyProject3/Saved/Autosaves/Game/Blueprints/Scannables_Auto4.uasset" SILENT=false AUTOSAVING=true
[2019.03.27-19.17.34:374][ 10]LogSavePackage: Moving 'D:/humanstuffFinal/MyProject3/Saved/Scannables_Auto46BCA0B9D4A946A4C9C2EFF90DE06EF18.tmp' to 'D:/humanstuffFinal/MyProject3/Saved/Autosaves/Game/Blueprints/Scannables_Auto4.uasset'
[2019.03.27-19.17.34:375][ 10]OBJ SavePackage: Generating thumbnails for [0] asset(s) in package [/Game/VirtualRealityBP/Blueprints/MotionControllerPawn] ([1] browsable assets)...
[2019.03.27-19.17.34:376][ 10]OBJ SavePackage: Finished generating thumbnails for package [/Game/VirtualRealityBP/Blueprints/MotionControllerPawn]
[2019.03.27-19.17.34:559][ 10]LogSavePackage: Moving 'D:/humanstuffFinal/MyProject3/Saved/MotionControllerPawn_Auto42014CB0F4E261D36FC7A028AF6651D3C.tmp' to 'D:/humanstuffFinal/MyProject3/Saved/Autosaves/Game/VirtualRealityBP/Blueprints/MotionControllerPawn_Auto4.uasset'
[2019.03.27-19.17.34:560][ 10]LogFileHelpers: Auto-saving content packages took 0.291
[2019.03.27-19.27.34:932][948]LogFileHelpers: Editor autosave (incl. sublevels) for '/Game/StarterContent/Maps/Level1' took 0.027
[2019.03.27-19.27.34:933][948]OBJ SavePackage: Generating thumbnails for [0] asset(s) in package [/Game/VirtualRealityBP/Blueprints/MotionControllerPawn] ([1] browsable assets)...
[2019.03.27-19.27.34:933][948]OBJ SavePackage: Finished generating thumbnails for package [/Game/VirtualRealityBP/Blueprints/MotionControllerPawn]
[2019.03.27-19.27.35:036][948]LogSavePackage: Moving 'D:/humanstuffFinal/MyProject3/Saved/MotionControllerPawn_Auto5CFF369604E6F9C9BD59E73B4FEB483DF.tmp' to 'D:/humanstuffFinal/MyProject3/Saved/Autosaves/Game/VirtualRealityBP/Blueprints/MotionControllerPawn_Auto5.uasset'
[2019.03.27-19.27.35:036][948]LogFileHelpers: Auto-saving content packages took 0.103
[2019.03.27-19.36.58:892][955]BlueprintLog: New page: Compile MotionControllerPawn
[2019.03.27-19.38.38:566][309]BlueprintLog: New page: Compile MotionControllerPawn
[2019.03.27-19.38.44:728][613]Cmd: OBJ SAVEPACKAGE PACKAGE="/Game/StarterContent/Maps/Level1" FILE="D:/humanstuffFinal/MyProject3/Saved/Autosaves/Game/StarterContent/Maps/Level1_Auto6.umap" SILENT=true AUTOSAVING=true KEEPDIRTY=false
[2019.03.27-19.38.45:679][613]LogSavePackage: Moving 'D:/humanstuffFinal/MyProject3/Saved/Level1_Auto6FF7F5ABD41E3D4291C70309A3D257759.tmp' to 'D:/humanstuffFinal/MyProject3/Saved/Autosaves/Game/StarterContent/Maps/Level1_Auto6.umap'
[2019.03.27-19.38.45:682][613]LogFileHelpers: Editor autosave (incl. sublevels) for '/Game/StarterContent/Maps/Level1' took 0.986
[2019.03.27-19.38.45:682][613]LogFileHelpers: Editor autosave (incl. sublevels) for all levels took 0.986
[2019.03.27-19.38.45:690][613]OBJ SavePackage: Generating thumbnails for [1] asset(s) in package [/Game/Blueprints/Scannables] ([1] browsable assets)...
[2019.03.27-19.38.45:704][613]OBJ SavePackage:     Rendered thumbnail for [Blueprint /Game/Blueprints/Scannables.Scannables]
[2019.03.27-19.38.45:704][613]OBJ SavePackage: Finished generating thumbnails for package [/Game/Blueprints/Scannables]
[2019.03.27-19.38.45:704][613]Cmd: OBJ SAVEPACKAGE PACKAGE="/Game/Blueprints/Scannables" FILE="D:/humanstuffFinal/MyProject3/Saved/Autosaves/Game/Blueprints/Scannables_Auto6.uasset" SILENT=false AUTOSAVING=true
[2019.03.27-19.38.45:787][613]LogSavePackage: Moving 'D:/humanstuffFinal/MyProject3/Saved/Scannables_Auto6C778350C4102AC2006075B97D60C3B6C.tmp' to 'D:/humanstuffFinal/MyProject3/Saved/Autosaves/Game/Blueprints/Scannables_Auto6.uasset'
[2019.03.27-19.38.45:787][613]OBJ SavePackage: Generating thumbnails for [0] asset(s) in package [/Game/VirtualRealityBP/Blueprints/MotionControllerPawn] ([1] browsable assets)...
[2019.03.27-19.38.45:788][613]OBJ SavePackage: Finished generating thumbnails for package [/Game/VirtualRealityBP/Blueprints/MotionControllerPawn]
[2019.03.27-19.38.45:932][613]LogSavePackage: Moving 'D:/humanstuffFinal/MyProject3/Saved/MotionControllerPawn_Auto6BC34A1284A56C3D7732D238A7415A263.tmp' to 'D:/humanstuffFinal/MyProject3/Saved/Autosaves/Game/VirtualRealityBP/Blueprints/MotionControllerPawn_Auto6.uasset'
[2019.03.27-19.38.45:933][613]LogFileHelpers: Auto-saving content packages took 0.243
[2019.03.27-19.41.29:274][724]LogSlate: Took 0.001265 seconds to synchronously load lazily loaded font '../../../Engine/Content/Slate/Fonts/Roboto-BoldCondensedItalic.ttf' (160K)
[2019.03.27-19.42.05:694][757]BlueprintLog: New page: Compile MotionControllerPawn
[2019.03.27-19.45.02:885][281]BlueprintLog: New page: Compile MotionControllerPawn
[2019.03.27-19.48.46:082][460]Cmd: OBJ SAVEPACKAGE PACKAGE="/Game/StarterContent/Maps/Level1" FILE="D:/humanstuffFinal/MyProject3/Saved/Autosaves/Game/StarterContent/Maps/Level1_Auto7.umap" SILENT=true AUTOSAVING=true KEEPDIRTY=false
[2019.03.27-19.48.48:935][460]LogSavePackage: Moving 'D:/humanstuffFinal/MyProject3/Saved/Level1_Auto70E669FC041C42DB486B41FACD103415D.tmp' to 'D:/humanstuffFinal/MyProject3/Saved/Autosaves/Game/StarterContent/Maps/Level1_Auto7.umap'
[2019.03.27-19.48.48:942][460]LogFileHelpers: Editor autosave (incl. sublevels) for '/Game/StarterContent/Maps/Level1' took 2.888
[2019.03.27-19.48.48:943][460]LogFileHelpers: Editor autosave (incl. sublevels) for all levels took 2.888
[2019.03.27-19.48.48:980][460]OBJ SavePackage: Generating thumbnails for [1] asset(s) in package [/Game/Blueprints/Scannables] ([1] browsable assets)...
[2019.03.27-19.48.49:077][460]OBJ SavePackage:     Rendered thumbnail for [Blueprint /Game/Blueprints/Scannables.Scannables]
[2019.03.27-19.48.49:077][460]OBJ SavePackage: Finished generating thumbnails for package [/Game/Blueprints/Scannables]
[2019.03.27-19.48.49:077][460]Cmd: OBJ SAVEPACKAGE PACKAGE="/Game/Blueprints/Scannables" FILE="D:/humanstuffFinal/MyProject3/Saved/Autosaves/Game/Blueprints/Scannables_Auto7.uasset" SILENT=false AUTOSAVING=true
[2019.03.27-19.48.49:530][460]LogSavePackage: Moving 'D:/humanstuffFinal/MyProject3/Saved/Scannables_Auto7BA7FF0B846D3B07B5327C4B59F26BC67.tmp' to 'D:/humanstuffFinal/MyProject3/Saved/Autosaves/Game/Blueprints/Scannables_Auto7.uasset'
[2019.03.27-19.48.49:535][460]OBJ SavePackage: Generating thumbnails for [0] asset(s) in package [/Game/VirtualRealityBP/Blueprints/MotionControllerPawn] ([1] browsable assets)...
[2019.03.27-19.48.49:535][460]OBJ SavePackage: Finished generating thumbnails for package [/Game/VirtualRealityBP/Blueprints/MotionControllerPawn]
[2019.03.27-19.48.49:649][460]LogSavePackage: Moving 'D:/humanstuffFinal/MyProject3/Saved/MotionControllerPawn_Auto797749991486B6FFC6CDA1EA023642EBB.tmp' to 'D:/humanstuffFinal/MyProject3/Saved/Autosaves/Game/VirtualRealityBP/Blueprints/MotionControllerPawn_Auto7.uasset'
[2019.03.27-19.48.49:650][460]LogFileHelpers: Auto-saving content packages took 0.671
[2019.03.27-19.48.52:999][512]LogD3D11RHI: Error: Result failed 
 at D:\Build\++UE4\Sync\Engine\Source\Runtime\Windows\D3D11RHI\Private\D3D11Query.cpp:140 
 with error DXGI_ERROR_DEVICE_REMOVED DXGI_ERROR_DEVICE_HUNG
[2019.03.27-19.48.52:999][512]LogD3D11RHI: [Aftermath] GDynamicRHI=00000290410CE180, GDX11NVAfterMathEnabled=0, Result=0xFFFFFFFF, bDeviceActive=0
[2019.03.27-19.48.53:002][512]LogWindows: Windows GetLastError: The operation completed successfully. (0)
[2019.03.27-19.48.54:288][512]LogOutputDevice: Warning: 

Script Stack (0 frames):

[2019.03.27-19.48.54:289][512]LogWindows: Windows GetLastError: The operation completed successfully. (0)
[2019.03.27-19.48.54:289][512]LogThreadingWindows: Error: Runnable thread RenderThread 19 crashed.
[2019.03.27-19.48.54:289][512]LogWindows: Error: === Critical error: ===
[2019.03.27-19.48.54:289][512]LogWindows: Error: 
[2019.03.27-19.48.54:289][512]LogWindows: Error: Fatal error: [File:D:\Build\++UE4\Sync\Engine\Source\Runtime\RenderCore\Private\RenderingThread.cpp] [Line: 826] 
[2019.03.27-19.48.54:289][512]LogWindows: Error: Rendering thread exception:
[2019.03.27-19.48.54:289][512]LogWindows: Error: Fatal error: [File:D:\Build\++UE4\Sync\Engine\Source\Runtime\Windows\D3D11RHI\Private\D3D11Util.cpp] [Line: 200] 
[2019.03.27-19.48.54:289][512]LogWindows: Error: Unreal Engine is exiting due to D3D device being lost. (Error: 0x887A0006 - 'HUNG')
[2019.03.27-19.48.54:289][512]LogWindows: Error: 
[2019.03.27-19.48.54:289][512]LogWindows: Error: 
[2019.03.27-19.48.54:289][512]LogWindows: Error: [Callstack] 0x00007ffb02dba388 KERNELBASE.dll!UnknownFunction []
[2019.03.27-19.48.54:289][512]LogWindows: Error: [Callstack] 0x00007ffa9fd1cd1a UE4Editor-Core.dll!UnknownFunction []
[2019.03.27-19.48.54:289][512]LogWindows: Error: [Callstack] 0x00007ffa9fafa967 UE4Editor-Core.dll!UnknownFunction []
[2019.03.27-19.48.54:289][512]LogWindows: Error: [Callstack] 0x00007ffa9fa30df7 UE4Editor-Core.dll!UnknownFunction []
[2019.03.27-19.48.54:289][512]LogWindows: Error: [Callstack] 0x00007ffa84ecd32a UE4Editor-D3D11RHI.dll!UnknownFunction []
[2019.03.27-19.48.54:289][512]LogWindows: Error: [Callstack] 0x00007ffa84ed0d64 UE4Editor-D3D11RHI.dll!UnknownFunction []
[2019.03.27-19.48.54:289][512]LogWindows: Error: [Callstack] 0x00007ffa84ea64f1 UE4Editor-D3D11RHI.dll!UnknownFunction []
[2019.03.27-19.48.54:289][512]LogWindows: Error: [Callstack] 0x00007ffa84ebc818 UE4Editor-D3D11RHI.dll!UnknownFunction []
[2019.03.27-19.48.54:289][512]LogWindows: Error: [Callstack] 0x00007ffac4443905 UE4Editor-RHI.dll!UnknownFunction []
[2019.03.27-19.48.54:289][512]LogWindows: Error: [Callstack] 0x00007ffac4443495 UE4Editor-RHI.dll!UnknownFunction []
[2019.03.27-19.48.54:289][512]LogWindows: Error: [Callstack] 0x00007ffac44445bc UE4Editor-RHI.dll!UnknownFunction []
[2019.03.27-19.48.54:289][512]LogWindows: Error: [Callstack] 0x00007ffac443ba45 UE4Editor-RHI.dll!UnknownFunction []
[2019.03.27-19.48.54:289][512]LogWindows: Error: [Callstack] 0x00007ffa84c3179e UE4Editor-SlateRHIRenderer.dll!UnknownFunction []
[2019.03.27-19.48.54:289][512]LogWindows: Error: [Callstack] 0x00007ffa84c379ca UE4Editor-SlateRHIRenderer.dll!UnknownFunction []
[2019.03.27-19.48.54:289][512]LogWindows: Error: [Callstack] 0x00007ffa9f8c1798 UE4Editor-Core.dll!UnknownFunction []
[2019.03.27-19.48.54:289][512]LogWindows: Error: [Callstack] 0x00007ffa9f8c1c56 UE4Editor-Core.dll!UnknownFunction []
[2019.03.27-19.48.54:289][512]LogWindows: Error: [Callstack] 0x00007ffadebb9af9 UE4Editor-RenderCore.dll!UnknownFunction []
[2019.03.27-19.48.54:289][512]LogWindows: Error: [Callstack] 0x00007ffadebbaa74 UE4Editor-RenderCore.dll!UnknownFunction []
[2019.03.27-19.48.54:289][512]LogWindows: Error: [Callstack] 0x00007ffa9fd1c500 UE4Editor-Core.dll!UnknownFunction []
[2019.03.27-19.48.54:289][512]LogWindows: Error: [Callstack] 0x00007ffa9fd0cac1 UE4Editor-Core.dll!UnknownFunction []
[2019.03.27-19.48.54:289][512]LogWindows: Error: [Callstack] 0x00007ffb03a73dc4 KERNEL32.DLL!UnknownFunction []
[2019.03.27-19.48.54:289][512]LogWindows: Error: [Callstack] 0x00007ffb05eb3691 ntdll.dll!UnknownFunction []
[2019.03.27-19.48.54:289][512]LogWindows: Error: 
[2019.03.27-19.48.54:289][512]LogWindows: Error: 
[2019.03.27-19.48.54:289][512]LogWindows: Error: 
[2019.03.27-19.48.54:289][512]LogWindows: Error: 
[2019.03.27-19.48.54:289][512]LogWindows: Error: Crash in runnable thread RenderThread 19
[2019.03.27-19.48.54:298][512]LogOutputDevice: Warning: 

Script Stack (0 frames):

[2019.03.27-19.48.54:298][512]LogWindows: Windows GetLastError: The operation completed successfully. (0)
[2019.03.27-19.48.54:298][512]LogWindows: Error: HandleError re-entered.
[2019.03.27-19.48.54:298][512]LogWindows: FPlatformMisc::RequestExit(1)
[2019.03.27-19.48.54:309][512]Log file closed, 03/27/19 15:48:54
