Log file open, 04/21/19 19:53:13
LogWindows: Failed to load 'aqProf.dll' (GetLastError=126)
LogWindows: File 'aqProf.dll' does not exist
LogWindows: Failed to load 'VtuneApi.dll' (GetLastError=126)
LogWindows: File 'VtuneApi.dll' does not exist
LogWindows: Failed to load 'VtuneApi32e.dll' (GetLastError=126)
LogWindows: File 'VtuneApi32e.dll' does not exist
LogConsoleResponse: Display: Failed to find resolution value strings in scalability ini. Falling back to default.
LogInit: Display: Running engine for game: MyProject3
LogPakFile: Registered encryption key '00000000000000000000000000000000': 0 pak files mounted, 0 remain pending
LogPlatformFile: Not using cached read wrapper
LogTaskGraph: Started task graph with 5 named threads and 11 total threads with 3 sets of task threads.
LogStats: Stats thread started at 0.655907
LogD3D11RHI: Loaded GFSDK_Aftermath_Lib.x64.dll
LogICUInternationalization: ICU TimeZone Detection - Raw Offset: -5:00, Platform Override: ''
LogPluginManager: Mounting plugin Paper2D
LogPluginManager: Mounting plugin AISupport
LogPluginManager: Mounting plugin LightPropagationVolume
LogPluginManager: Mounting plugin ActorLayerUtilities
LogPluginManager: Mounting plugin CLionSourceCodeAccess
LogPluginManager: Mounting plugin CodeLiteSourceCodeAccess
LogPluginManager: Mounting plugin GitSourceControl
LogPluginManager: Mounting plugin KDevelopSourceCodeAccess
LogPluginManager: Mounting plugin NullSourceCodeAccess
LogPluginManager: Mounting plugin PerforceSourceControl
LogPluginManager: Mounting plugin SubversionSourceControl
LogPluginManager: Mounting plugin UObjectPlugin
LogPluginManager: Mounting plugin VisualStudioCodeSourceCodeAccess
LogPluginManager: Mounting plugin VisualStudioSourceCodeAccess
LogPluginManager: Mounting plugin XCodeSourceCodeAccess
LogPluginManager: Mounting plugin AssetManagerEditor
LogPluginManager: Mounting plugin CryptoKeys
LogPluginManager: Mounting plugin DataValidation
LogPluginManager: Mounting plugin FacialAnimation
LogPluginManager: Mounting plugin GameplayTagsEditor
LogPluginManager: Mounting plugin MacGraphicsSwitching
LogPluginManager: Mounting plugin MeshEditor
LogPluginManager: Mounting plugin MobileLauncherProfileWizard
LogPluginManager: Mounting plugin PluginBrowser
LogPluginManager: Mounting plugin SpeedTreeImporter
LogPluginManager: Mounting plugin DatasmithContent
LogPluginManager: Mounting plugin VariantManagerContent
LogPluginManager: Mounting plugin AlembicImporter
LogPluginManager: Mounting plugin AppleImageUtils
LogPluginManager: Mounting plugin AppleVision
LogPluginManager: Mounting plugin BackChannel
LogPluginManager: Mounting plugin CharacterAI
LogPluginManager: Mounting plugin GeometryCache
LogPluginManager: Mounting plugin HTML5Networking
LogPluginManager: Mounting plugin ProxyLODPlugin
LogPluginManager: Mounting plugin MagicLeap
LogPluginManager: Mounting plugin MagicLeapMedia
LogPluginManager: Mounting plugin AndroidMedia
LogPluginManager: Mounting plugin AvfMedia
LogPluginManager: Mounting plugin ImgMedia
LogPluginManager: Mounting plugin LinearTimecode
LogPluginManager: Mounting plugin MediaCompositing
LogPluginManager: Mounting plugin MediaPlayerEditor
LogPluginManager: Mounting plugin WebMMedia
LogPluginManager: Mounting plugin WmfMedia
LogPluginManager: Mounting plugin TcpMessaging
LogPluginManager: Mounting plugin UdpMessaging
LogPluginManager: Mounting plugin ActorSequence
LogPluginManager: Mounting plugin LevelSequenceEditor
LogPluginManager: Mounting plugin MatineeToLevelSequence
LogPluginManager: Mounting plugin NetcodeUnitTest
LogPluginManager: Mounting plugin NUTUnrealEngine4
LogPluginManager: Mounting plugin OnlineSubsystemGooglePlay
LogPluginManager: Mounting plugin OnlineSubsystemIOS
LogPluginManager: Mounting plugin OnlineSubsystem
LogPluginManager: Mounting plugin OnlineSubsystemNull
LogPluginManager: Mounting plugin OnlineSubsystemUtils
LogPluginManager: Mounting plugin LauncherChunkInstaller
LogPluginManager: Mounting plugin AndroidDeviceProfileSelector
LogPluginManager: Mounting plugin AndroidMoviePlayer
LogPluginManager: Mounting plugin AndroidPermission
LogPluginManager: Mounting plugin AppleMoviePlayer
LogPluginManager: Mounting plugin ArchVisCharacter
LogPluginManager: Mounting plugin AudioCapture
LogPluginManager: Mounting plugin CableComponent
LogPluginManager: Mounting plugin CustomMeshComponent
LogPluginManager: Mounting plugin EditableMesh
LogPluginManager: Mounting plugin ExampleDeviceProfileSelector
LogPluginManager: Mounting plugin Firebase
LogPluginManager: Mounting plugin GoogleCloudMessaging
LogPluginManager: Mounting plugin IOSDeviceProfileSelector
LogPluginManager: Mounting plugin LinuxDeviceProfileSelector
LogPluginManager: Mounting plugin LocationServicesBPLibrary
LogPluginManager: Mounting plugin MobilePatchingUtils
LogPluginManager: Mounting plugin OculusVR
LogPluginManager: Mounting plugin PhysXVehicles
LogPluginManager: Mounting plugin ProceduralMeshComponent
LogPluginManager: Mounting plugin RuntimePhysXCooking
LogPluginManager: Mounting plugin SteamVR
LogPluginManager: Mounting plugin WebMMoviePlayer
LogPluginManager: Mounting plugin WindowsMoviePlayer
LogStreaming: Display: Took  0.195s to configure plugins.
LogInit: Using libcurl 7.55.1-DEV
LogInit:  - built for x86_64-pc-win32
LogInit:  - supports SSL with OpenSSL/1.0.2h
LogInit:  - supports HTTP deflate (compression) using libz 1.2.8
LogInit:  - other features:
LogInit:      CURL_VERSION_SSL
LogInit:      CURL_VERSION_LIBZ
LogInit:      CURL_VERSION_IPV6
LogInit:      CURL_VERSION_ASYNCHDNS
LogInit:      CURL_VERSION_LARGEFILE
LogInit:      CURL_VERSION_IDN
LogInit:  CurlRequestOptions (configurable via config and command line):
LogInit:  - bVerifyPeer = true  - Libcurl will verify peer certificate
LogInit:  - bUseHttpProxy = false  - Libcurl will NOT use HTTP proxy
LogInit:  - bDontReuseConnections = false  - Libcurl will reuse connections
LogInit:  - MaxHostConnections = 16  - Libcurl will limit the number of connections to a host
LogInit:  - LocalHostAddr = Default
LogInit:  - BufferSize = 65536
LogInit: WinSock: version 1.1 (2.2), MaxSocks=32767, MaxUdp=65467
LogInit: Build: ++UE4+Release-4.21-CL-4753647
LogInit: Engine Version: 4.21.2-4753647+++UE4+Release-4.21
LogInit: Compatible Engine Version: 4.21.0-4541578+++UE4+Release-4.21
LogInit: Net CL: 4541578
LogInit: OS: Windows 10 (), CPU: Intel(R) Core(TM) i5-4210H CPU @ 2.90GHz, GPU: Intel(R) HD Graphics 4600
LogInit: Compiled (64-bit): Jan 19 2019 02:07:31
LogInit: Compiled with Visual C++: 19.13.26129.00
LogInit: Build Configuration: Development
LogInit: Branch Name: ++UE4+Release-4.21
LogInit: Command Line: 
LogInit: Base Directory: E:/UE_4.21/Engine/Binaries/Win64/
LogInit: Installed Engine Build: 1
LogDevObjectVersion: Number of dev versions registered: 22
LogDevObjectVersion:   Dev-Blueprints (B0D832E4-1F89-4F0D-ACCF-7EB736FD4AA2): 10
LogDevObjectVersion:   Dev-Build (E1C64328-A22C-4D53-A36C-8E866417BD8C): 0
LogDevObjectVersion:   Dev-Core (375EC13C-06E4-48FB-B500-84F0262A717E): 2
LogDevObjectVersion:   Dev-Editor (E4B068ED-F494-42E9-A231-DA0B2E46BB41): 26
LogDevObjectVersion:   Dev-Framework (CFFC743F-43B0-4480-9391-14DF171D2073): 34
LogDevObjectVersion:   Dev-Mobile (B02B49B5-BB20-44E9-A304-32B752E40360): 2
LogDevObjectVersion:   Dev-Networking (A4E4105C-59A1-49B5-A7C5-40C4547EDFEE): 0
LogDevObjectVersion:   Dev-Online (39C831C9-5AE6-47DC-9A44-9C173E1C8E7C): 0
LogDevObjectVersion:   Dev-Physics (78F01B33-EBEA-4F98-B9B4-84EACCB95AA2): 0
LogDevObjectVersion:   Dev-Platform (6631380F-2D4D-43E0-8009-CF276956A95A): 0
LogDevObjectVersion:   Dev-Rendering (12F88B9F-8875-4AFC-A67C-D90C383ABD29): 27
LogDevObjectVersion:   Dev-Sequencer (7B5AE74C-D270-4C10-A958-57980B212A5A): 9
LogDevObjectVersion:   Dev-VR (D7296918-1DD6-4BDD-9DE2-64A83CC13884): 2
LogDevObjectVersion:   Dev-LoadTimes (C2A15278-BFE7-4AFE-6C17-90FF531DF755): 1
LogDevObjectVersion:   Private-Geometry (6EACA3D4-40EC-4CC1-B786-8BED09428FC5): 3
LogDevObjectVersion:   Dev-AnimPhys (29E575DD-E0A3-4627-9D10-D276232CDCEA): 17
LogDevObjectVersion:   Dev-Anim (AF43A65D-7FD3-4947-9873-3E8ED9C1BB05): 2
LogDevObjectVersion:   Dev-ReflectionCapture (6B266CEC-1EC7-4B8F-A30B-E4D90942FC07): 1
LogDevObjectVersion:   Dev-Automation (0DF73D61-A23F-47EA-B727-89E90C41499A): 1
LogDevObjectVersion:   FortniteMain (601D1886-AC64-4F84-AA16-D3DE0DEAC7D6): 17
LogDevObjectVersion:   Dev-Enterprise (9DFFBCD6-494F-0158-E221-12823C92A888): 4
LogDevObjectVersion:   Dev-Niagara (F2AED0AC-9AFE-416F-8664-AA7FFA26D6FC): 1
LogStreaming: Display: Took  0.002s to delete old logs.
LogInit: Presizing for max 8388607 objects, including 0 objects not considered by GC, pre-allocating 0 bytes for permanent pool.
LogInit: Object subsystem initialized
LogConfig: Setting CVar [[con.DebugEarlyDefault:1]]
LogConfig: Setting CVar [[r.setres:1280x720]]
[2019.04.21-23.53.15:159][  0]LogConfig: Setting CVar [[r.VSync:0]]
[2019.04.21-23.53.15:159][  0]LogConfig: Setting CVar [[r.RHICmdBypass:0]]
[2019.04.21-23.53.15:160][  0]LogConfig: Applying CVar settings from Section [/Script/Engine.RendererSettings] File [E:/Github/OverIT/MyProject3/Saved/Config/Windows/Engine.ini]
[2019.04.21-23.53.15:160][  0]LogConfig: Setting CVar [[r.GPUCrashDebugging:0]]
[2019.04.21-23.53.15:160][  0]LogConfig: Applying CVar settings from Section [/Script/Engine.RendererOverrideSettings] File [E:/Github/OverIT/MyProject3/Saved/Config/Windows/Engine.ini]
[2019.04.21-23.53.15:160][  0]LogConfig: Applying CVar settings from Section [/Script/Engine.StreamingSettings] File [E:/Github/OverIT/MyProject3/Saved/Config/Windows/Engine.ini]
[2019.04.21-23.53.15:160][  0]LogConfig: Setting CVar [[s.MinBulkDataSizeForAsyncLoading:131072]]
[2019.04.21-23.53.15:160][  0]LogConfig: Setting CVar [[s.AsyncLoadingThreadEnabled:0]]
[2019.04.21-23.53.15:160][  0]LogConfig: Setting CVar [[s.EventDrivenLoaderEnabled:1]]
[2019.04.21-23.53.15:160][  0]LogConfig: Setting CVar [[s.WarnIfTimeLimitExceeded:0]]
[2019.04.21-23.53.15:160][  0]LogConfig: Setting CVar [[s.TimeLimitExceededMultiplier:1.5]]
[2019.04.21-23.53.15:160][  0]LogConfig: Setting CVar [[s.TimeLimitExceededMinTime:0.005]]
[2019.04.21-23.53.15:160][  0]LogConfig: Setting CVar [[s.UseBackgroundLevelStreaming:1]]
[2019.04.21-23.53.15:160][  0]LogConfig: Setting CVar [[s.PriorityAsyncLoadingExtraTime:15.0]]
[2019.04.21-23.53.15:160][  0]LogConfig: Setting CVar [[s.LevelStreamingActorsUpdateTimeLimit:5.0]]
[2019.04.21-23.53.15:160][  0]LogConfig: Setting CVar [[s.PriorityLevelStreamingActorsUpdateExtraTime:5.0]]
[2019.04.21-23.53.15:160][  0]LogConfig: Setting CVar [[s.LevelStreamingComponentsRegistrationGranularity:10]]
[2019.04.21-23.53.15:160][  0]LogConfig: Setting CVar [[s.UnregisterComponentsTimeLimit:1.0]]
[2019.04.21-23.53.15:160][  0]LogConfig: Setting CVar [[s.LevelStreamingComponentsUnregistrationGranularity:5]]
[2019.04.21-23.53.15:160][  0]LogConfig: Applying CVar settings from Section [/Script/Engine.GarbageCollectionSettings] File [E:/Github/OverIT/MyProject3/Saved/Config/Windows/Engine.ini]
[2019.04.21-23.53.15:160][  0]LogConfig: Setting CVar [[gc.MaxObjectsNotConsideredByGC:1]]
[2019.04.21-23.53.15:160][  0]LogConfig: Setting CVar [[gc.SizeOfPermanentObjectPool:0]]
[2019.04.21-23.53.15:160][  0]LogConfig: Setting CVar [[gc.FlushStreamingOnGC:0]]
[2019.04.21-23.53.15:160][  0]LogConfig: Setting CVar [[gc.NumRetriesBeforeForcingGC:10]]
[2019.04.21-23.53.15:160][  0]LogConfig: Setting CVar [[gc.AllowParallelGC:1]]
[2019.04.21-23.53.15:160][  0]LogConfig: Setting CVar [[gc.TimeBetweenPurgingPendingKillObjects:61.1]]
[2019.04.21-23.53.15:160][  0]LogConfig: Setting CVar [[gc.MaxObjectsInEditor:8388607]]
[2019.04.21-23.53.15:160][  0]LogConfig: Setting CVar [[gc.IncrementalBeginDestroyEnabled:1]]
[2019.04.21-23.53.15:160][  0]LogConfig: Setting CVar [[gc.CreateGCClusters:1]]
[2019.04.21-23.53.15:160][  0]LogConfig: Setting CVar [[gc.MergeGCClusters:0]]
[2019.04.21-23.53.15:160][  0]LogConfig: Setting CVar [[gc.MinGCClusterSize:5]]
[2019.04.21-23.53.15:160][  0]LogConfig: Setting CVar [[gc.ActorClusteringEnabled:0]]
[2019.04.21-23.53.15:160][  0]LogConfig: Setting CVar [[gc.BlueprintClusteringEnabled:0]]
[2019.04.21-23.53.15:160][  0]LogConfig: Setting CVar [[gc.UseDisregardForGCOnDedicatedServers:0]]
[2019.04.21-23.53.15:160][  0]LogConfig: Applying CVar settings from Section [/Script/Engine.NetworkSettings] File [E:/Github/OverIT/MyProject3/Saved/Config/Windows/Engine.ini]
[2019.04.21-23.53.15:160][  0]LogConfig: Applying CVar settings from Section [/Script/UnrealEd.CookerSettings] File [E:/Github/OverIT/MyProject3/Saved/Config/Windows/Engine.ini]
[2019.04.21-23.53.15:169][  0]LogConfig: Applying CVar settings from Section [ViewDistanceQuality@3] File [E:/Github/OverIT/MyProject3/Saved/Config/Windows/Scalability.ini]
[2019.04.21-23.53.15:169][  0]LogConfig: Setting CVar [[r.SkeletalMeshLODBias:0]]
[2019.04.21-23.53.15:169][  0]LogConfig: Setting CVar [[r.ViewDistanceScale:1.0]]
[2019.04.21-23.53.15:169][  0]LogConfig: Applying CVar settings from Section [AntiAliasingQuality@3] File [E:/Github/OverIT/MyProject3/Saved/Config/Windows/Scalability.ini]
[2019.04.21-23.53.15:169][  0]LogConfig: Setting CVar [[r.PostProcessAAQuality:3]]
[2019.04.21-23.53.15:170][  0]LogConfig: Applying CVar settings from Section [ShadowQuality@3] File [E:/Github/OverIT/MyProject3/Saved/Config/Windows/Scalability.ini]
[2019.04.21-23.53.15:170][  0]LogConfig: Setting CVar [[r.LightFunctionQuality:1]]
[2019.04.21-23.53.15:170][  0]LogConfig: Setting CVar [[r.ShadowQuality:5]]
[2019.04.21-23.53.15:170][  0]LogConfig: Setting CVar [[r.Shadow.CSM.MaxCascades:10]]
[2019.04.21-23.53.15:170][  0]LogConfig: Setting CVar [[r.Shadow.MaxResolution:2048]]
[2019.04.21-23.53.15:170][  0]LogConfig: Setting CVar [[r.Shadow.MaxCSMResolution:2048]]
[2019.04.21-23.53.15:170][  0]LogConfig: Setting CVar [[r.Shadow.RadiusThreshold:0.01]]
[2019.04.21-23.53.15:170][  0]LogConfig: Setting CVar [[r.Shadow.DistanceScale:1.0]]
[2019.04.21-23.53.15:170][  0]LogConfig: Setting CVar [[r.Shadow.CSM.TransitionScale:1.0]]
[2019.04.21-23.53.15:170][  0]LogConfig: Setting CVar [[r.Shadow.PreShadowResolutionFactor:1.0]]
[2019.04.21-23.53.15:170][  0]LogConfig: Setting CVar [[r.DistanceFieldShadowing:1]]
[2019.04.21-23.53.15:170][  0]LogConfig: Setting CVar [[r.DistanceFieldAO:1]]
[2019.04.21-23.53.15:170][  0]LogConfig: Setting CVar [[r.AOQuality:2]]
[2019.04.21-23.53.15:170][  0]LogConfig: Setting CVar [[r.VolumetricFog:1]]
[2019.04.21-23.53.15:170][  0]LogConfig: Setting CVar [[r.VolumetricFog.GridPixelSize:8]]
[2019.04.21-23.53.15:170][  0]LogConfig: Setting CVar [[r.VolumetricFog.GridSizeZ:128]]
[2019.04.21-23.53.15:170][  0]LogConfig: Setting CVar [[r.VolumetricFog.HistoryMissSupersampleCount:4]]
[2019.04.21-23.53.15:170][  0]LogConfig: Setting CVar [[r.LightMaxDrawDistanceScale:1]]
[2019.04.21-23.53.15:170][  0]LogConfig: Setting CVar [[r.CapsuleShadows:1]]
[2019.04.21-23.53.15:170][  0]LogConfig: Applying CVar settings from Section [PostProcessQuality@3] File [E:/Github/OverIT/MyProject3/Saved/Config/Windows/Scalability.ini]
[2019.04.21-23.53.15:170][  0]LogConfig: Setting CVar [[r.MotionBlurQuality:0]]
[2019.04.21-23.53.15:170][  0]LogConfig: Setting CVar [[r.AmbientOcclusionMipLevelFactor:0.4]]
[2019.04.21-23.53.15:170][  0]LogConfig: Setting CVar [[r.AmbientOcclusionMaxQuality:100]]
[2019.04.21-23.53.15:170][  0]LogConfig: Setting CVar [[r.AmbientOcclusionLevels:0]]
[2019.04.21-23.53.15:170][  0]LogConfig: Setting CVar [[r.AmbientOcclusionRadiusScale:1.0]]
[2019.04.21-23.53.15:170][  0]LogConfig: Setting CVar [[r.DepthOfFieldQuality:0]]
[2019.04.21-23.53.15:170][  0]LogConfig: Setting CVar [[r.RenderTargetPoolMin:400]]
[2019.04.21-23.53.15:170][  0]LogConfig: Setting CVar [[r.LensFlareQuality:0]]
[2019.04.21-23.53.15:170][  0]LogConfig: Setting CVar [[r.SceneColorFringeQuality:0]]
[2019.04.21-23.53.15:170][  0]LogConfig: Setting CVar [[r.EyeAdaptationQuality:2]]
[2019.04.21-23.53.15:170][  0]LogConfig: Setting CVar [[r.BloomQuality:1]]
[2019.04.21-23.53.15:170][  0]LogConfig: Setting CVar [[r.FastBlurThreshold:0]]
[2019.04.21-23.53.15:170][  0]LogConfig: Setting CVar [[r.Upscale.Quality:3]]
[2019.04.21-23.53.15:170][  0]LogConfig: Setting CVar [[r.Tonemapper.GrainQuantization:1]]
[2019.04.21-23.53.15:170][  0]LogConfig: Setting CVar [[r.LightShaftQuality:1]]
[2019.04.21-23.53.15:170][  0]LogConfig: Setting CVar [[r.Filter.SizeScale:1]]
[2019.04.21-23.53.15:170][  0]LogConfig: Setting CVar [[r.Tonemapper.Quality:5]]
[2019.04.21-23.53.15:170][  0]LogConfig: Setting CVar [[r.DOF.Gather.AccumulatorQuality:1        ; higher gathering accumulator quality]]
[2019.04.21-23.53.15:170][  0]LogConfig: Setting CVar [[r.DOF.Gather.PostfilterMethod:1          ; Median3x3 postfilering method]]
[2019.04.21-23.53.15:170][  0]LogConfig: Setting CVar [[r.DOF.Gather.EnableBokehSettings:0       ; no bokeh simulation when gathering]]
[2019.04.21-23.53.15:170][  0]LogConfig: Setting CVar [[r.DOF.Gather.RingCount:4                 ; medium number of samples when gathering]]
[2019.04.21-23.53.15:170][  0]LogConfig: Setting CVar [[r.DOF.Scatter.ForegroundCompositing:1    ; additive foreground scattering]]
[2019.04.21-23.53.15:170][  0]LogConfig: Setting CVar [[r.DOF.Scatter.BackgroundCompositing:2    ; additive background scattering]]
[2019.04.21-23.53.15:170][  0]LogConfig: Setting CVar [[r.DOF.Scatter.EnableBokehSettings:1      ; bokeh simulation when scattering]]
[2019.04.21-23.53.15:170][  0]LogConfig: Setting CVar [[r.DOF.Scatter.MaxSpriteRatio:0.1         ; only a maximum of 10% of scattered bokeh]]
[2019.04.21-23.53.15:170][  0]LogConfig: Setting CVar [[r.DOF.Recombine.Quality:1                ; cheap slight out of focus]]
[2019.04.21-23.53.15:170][  0]LogConfig: Setting CVar [[r.DOF.Recombine.EnableBokehSettings:0    ; no bokeh simulation on slight out of focus]]
[2019.04.21-23.53.15:170][  0]LogConfig: Setting CVar [[r.DOF.TemporalAAQuality:1                ; more stable temporal accumulation]]
[2019.04.21-23.53.15:170][  0]LogConfig: Setting CVar [[r.DOF.Kernel.MaxForegroundRadius:0.025]]
[2019.04.21-23.53.15:170][  0]LogConfig: Setting CVar [[r.DOF.Kernel.MaxBackgroundRadius:0.025]]
[2019.04.21-23.53.15:170][  0]LogConfig: Applying CVar settings from Section [TextureQuality@3] File [E:/Github/OverIT/MyProject3/Saved/Config/Windows/Scalability.ini]
[2019.04.21-23.53.15:170][  0]LogConfig: Setting CVar [[r.Streaming.MipBias:0]]
[2019.04.21-23.53.15:170][  0]LogConfig: Setting CVar [[r.Streaming.AmortizeCPUToGPUCopy:0]]
[2019.04.21-23.53.15:170][  0]LogConfig: Setting CVar [[r.Streaming.MaxNumTexturesToStreamPerFrame:0]]
[2019.04.21-23.53.15:170][  0]LogConfig: Setting CVar [[r.Streaming.Boost:1]]
[2019.04.21-23.53.15:170][  0]LogConfig: Setting CVar [[r.MaxAnisotropy:8]]
[2019.04.21-23.53.15:170][  0]LogConfig: Setting CVar [[r.Streaming.LimitPoolSizeToVRAM:0]]
[2019.04.21-23.53.15:170][  0]LogConfig: Setting CVar [[r.Streaming.PoolSize:1000]]
[2019.04.21-23.53.15:170][  0]LogConfig: Setting CVar [[r.Streaming.MaxEffectiveScreenSize:0]]
[2019.04.21-23.53.15:170][  0]LogConfig: Applying CVar settings from Section [EffectsQuality@3] File [E:/Github/OverIT/MyProject3/Saved/Config/Windows/Scalability.ini]
[2019.04.21-23.53.15:171][  0]LogConfig: Setting CVar [[r.TranslucencyLightingVolumeDim:4]]
[2019.04.21-23.53.15:171][  0]LogConfig: Setting CVar [[r.RefractionQuality:2]]
[2019.04.21-23.53.15:171][  0]LogConfig: Setting CVar [[r.SSR.Quality:0]]
[2019.04.21-23.53.15:171][  0]LogConfig: Setting CVar [[r.SceneColorFormat:2]]
[2019.04.21-23.53.15:171][  0]LogConfig: Setting CVar [[r.DetailMode:2]]
[2019.04.21-23.53.15:171][  0]LogConfig: Setting CVar [[r.TranslucencyVolumeBlur:0]]
[2019.04.21-23.53.15:171][  0]LogConfig: Setting CVar [[r.MaterialQualityLevel:1 ; High quality]]
[2019.04.21-23.53.15:171][  0]LogConfig: Setting CVar [[r.SSS.Scale:1]]
[2019.04.21-23.53.15:171][  0]LogConfig: Setting CVar [[r.SSS.SampleSet:2]]
[2019.04.21-23.53.15:171][  0]LogConfig: Setting CVar [[r.SSS.Quality:1]]
[2019.04.21-23.53.15:171][  0]LogConfig: Setting CVar [[r.SSS.HalfRes:1]]
[2019.04.21-23.53.15:171][  0]LogConfig: Setting CVar [[r.EmitterSpawnRateScale:1.0]]
[2019.04.21-23.53.15:171][  0]LogConfig: Setting CVar [[r.ParticleLightQuality:2]]
[2019.04.21-23.53.15:171][  0]LogConfig: Applying CVar settings from Section [FoliageQuality@3] File [E:/Github/OverIT/MyProject3/Saved/Config/Windows/Scalability.ini]
[2019.04.21-23.53.15:171][  0]LogConfig: Setting CVar [[foliage.DensityScale:1.0]]
[2019.04.21-23.53.15:171][  0]LogConfig: Setting CVar [[grass.DensityScale:1.0]]
[2019.04.21-23.53.15:171][  0]LogInit: Selected Device Profile: [Windows]
[2019.04.21-23.53.15:172][  0]LogInit: Applying CVar settings loaded from the selected device profile: [Windows]
[2019.04.21-23.53.15:201][  0]LogHAL: Display: Platform has ~ 16 GB [17087881216 / 17179869184 / 16], which maps to Larger [LargestMinGB=32, LargerMinGB=12, DefaultMinGB=8, SmallerMinGB=6, SmallestMinGB=0)
[2019.04.21-23.53.15:201][  0]LogConfig: Setting CVar [[r.Vulkan.UseRealUBs:1]]
[2019.04.21-23.53.15:202][  0]LogInit: Going up to parent DeviceProfile []
[2019.04.21-23.53.15:202][  0]LogConfig: Applying CVar settings from Section [ViewDistanceQuality@3] File [E:/Github/OverIT/MyProject3/Saved/Config/Windows/Scalability.ini]
[2019.04.21-23.53.15:202][  0]LogConfig: Setting CVar [[r.SkeletalMeshLODBias:0]]
[2019.04.21-23.53.15:202][  0]LogConfig: Setting CVar [[r.ViewDistanceScale:1.0]]
[2019.04.21-23.53.15:202][  0]LogConfig: Applying CVar settings from Section [AntiAliasingQuality@3] File [E:/Github/OverIT/MyProject3/Saved/Config/Windows/Scalability.ini]
[2019.04.21-23.53.15:202][  0]LogConfig: Setting CVar [[r.PostProcessAAQuality:3]]
[2019.04.21-23.53.15:202][  0]LogConfig: Applying CVar settings from Section [ShadowQuality@3] File [E:/Github/OverIT/MyProject3/Saved/Config/Windows/Scalability.ini]
[2019.04.21-23.53.15:202][  0]LogConfig: Setting CVar [[r.LightFunctionQuality:1]]
[2019.04.21-23.53.15:202][  0]LogConfig: Setting CVar [[r.ShadowQuality:5]]
[2019.04.21-23.53.15:202][  0]LogConfig: Setting CVar [[r.Shadow.CSM.MaxCascades:10]]
[2019.04.21-23.53.15:202][  0]LogConfig: Setting CVar [[r.Shadow.MaxResolution:2048]]
[2019.04.21-23.53.15:202][  0]LogConfig: Setting CVar [[r.Shadow.MaxCSMResolution:2048]]
[2019.04.21-23.53.15:202][  0]LogConfig: Setting CVar [[r.Shadow.RadiusThreshold:0.01]]
[2019.04.21-23.53.15:202][  0]LogConfig: Setting CVar [[r.Shadow.DistanceScale:1.0]]
[2019.04.21-23.53.15:202][  0]LogConfig: Setting CVar [[r.Shadow.CSM.TransitionScale:1.0]]
[2019.04.21-23.53.15:202][  0]LogConfig: Setting CVar [[r.Shadow.PreShadowResolutionFactor:1.0]]
[2019.04.21-23.53.15:202][  0]LogConfig: Setting CVar [[r.DistanceFieldShadowing:1]]
[2019.04.21-23.53.15:202][  0]LogConfig: Setting CVar [[r.DistanceFieldAO:1]]
[2019.04.21-23.53.15:202][  0]LogConfig: Setting CVar [[r.AOQuality:2]]
[2019.04.21-23.53.15:202][  0]LogConfig: Setting CVar [[r.VolumetricFog:1]]
[2019.04.21-23.53.15:202][  0]LogConfig: Setting CVar [[r.VolumetricFog.GridPixelSize:8]]
[2019.04.21-23.53.15:202][  0]LogConfig: Setting CVar [[r.VolumetricFog.GridSizeZ:128]]
[2019.04.21-23.53.15:202][  0]LogConfig: Setting CVar [[r.VolumetricFog.HistoryMissSupersampleCount:4]]
[2019.04.21-23.53.15:202][  0]LogConfig: Setting CVar [[r.LightMaxDrawDistanceScale:1]]
[2019.04.21-23.53.15:202][  0]LogConfig: Setting CVar [[r.CapsuleShadows:1]]
[2019.04.21-23.53.15:202][  0]LogConfig: Applying CVar settings from Section [PostProcessQuality@3] File [E:/Github/OverIT/MyProject3/Saved/Config/Windows/Scalability.ini]
[2019.04.21-23.53.15:202][  0]LogConfig: Setting CVar [[r.MotionBlurQuality:0]]
[2019.04.21-23.53.15:202][  0]LogConfig: Setting CVar [[r.AmbientOcclusionMipLevelFactor:0.4]]
[2019.04.21-23.53.15:202][  0]LogConfig: Setting CVar [[r.AmbientOcclusionMaxQuality:100]]
[2019.04.21-23.53.15:202][  0]LogConfig: Setting CVar [[r.AmbientOcclusionLevels:0]]
[2019.04.21-23.53.15:202][  0]LogConfig: Setting CVar [[r.AmbientOcclusionRadiusScale:1.0]]
[2019.04.21-23.53.15:202][  0]LogConfig: Setting CVar [[r.DepthOfFieldQuality:0]]
[2019.04.21-23.53.15:202][  0]LogConfig: Setting CVar [[r.RenderTargetPoolMin:400]]
[2019.04.21-23.53.15:202][  0]LogConfig: Setting CVar [[r.LensFlareQuality:0]]
[2019.04.21-23.53.15:202][  0]LogConfig: Setting CVar [[r.SceneColorFringeQuality:0]]
[2019.04.21-23.53.15:202][  0]LogConfig: Setting CVar [[r.EyeAdaptationQuality:2]]
[2019.04.21-23.53.15:202][  0]LogConfig: Setting CVar [[r.BloomQuality:1]]
[2019.04.21-23.53.15:202][  0]LogConfig: Setting CVar [[r.FastBlurThreshold:0]]
[2019.04.21-23.53.15:202][  0]LogConfig: Setting CVar [[r.Upscale.Quality:3]]
[2019.04.21-23.53.15:202][  0]LogConfig: Setting CVar [[r.Tonemapper.GrainQuantization:1]]
[2019.04.21-23.53.15:202][  0]LogConfig: Setting CVar [[r.LightShaftQuality:1]]
[2019.04.21-23.53.15:202][  0]LogConfig: Setting CVar [[r.Filter.SizeScale:1]]
[2019.04.21-23.53.15:202][  0]LogConfig: Setting CVar [[r.Tonemapper.Quality:5]]
[2019.04.21-23.53.15:202][  0]LogConfig: Setting CVar [[r.DOF.Gather.AccumulatorQuality:1        ; higher gathering accumulator quality]]
[2019.04.21-23.53.15:202][  0]LogConfig: Setting CVar [[r.DOF.Gather.PostfilterMethod:1          ; Median3x3 postfilering method]]
[2019.04.21-23.53.15:202][  0]LogConfig: Setting CVar [[r.DOF.Gather.EnableBokehSettings:0       ; no bokeh simulation when gathering]]
[2019.04.21-23.53.15:202][  0]LogConfig: Setting CVar [[r.DOF.Gather.RingCount:4                 ; medium number of samples when gathering]]
[2019.04.21-23.53.15:202][  0]LogConfig: Setting CVar [[r.DOF.Scatter.ForegroundCompositing:1    ; additive foreground scattering]]
[2019.04.21-23.53.15:202][  0]LogConfig: Setting CVar [[r.DOF.Scatter.BackgroundCompositing:2    ; additive background scattering]]
[2019.04.21-23.53.15:202][  0]LogConfig: Setting CVar [[r.DOF.Scatter.EnableBokehSettings:1      ; bokeh simulation when scattering]]
[2019.04.21-23.53.15:202][  0]LogConfig: Setting CVar [[r.DOF.Scatter.MaxSpriteRatio:0.1         ; only a maximum of 10% of scattered bokeh]]
[2019.04.21-23.53.15:202][  0]LogConfig: Setting CVar [[r.DOF.Recombine.Quality:1                ; cheap slight out of focus]]
[2019.04.21-23.53.15:202][  0]LogConfig: Setting CVar [[r.DOF.Recombine.EnableBokehSettings:0    ; no bokeh simulation on slight out of focus]]
[2019.04.21-23.53.15:202][  0]LogConfig: Setting CVar [[r.DOF.TemporalAAQuality:1                ; more stable temporal accumulation]]
[2019.04.21-23.53.15:202][  0]LogConfig: Setting CVar [[r.DOF.Kernel.MaxForegroundRadius:0.025]]
[2019.04.21-23.53.15:202][  0]LogConfig: Setting CVar [[r.DOF.Kernel.MaxBackgroundRadius:0.025]]
[2019.04.21-23.53.15:202][  0]LogConfig: Applying CVar settings from Section [TextureQuality@3] File [E:/Github/OverIT/MyProject3/Saved/Config/Windows/Scalability.ini]
[2019.04.21-23.53.15:203][  0]LogConfig: Setting CVar [[r.Streaming.MipBias:0]]
[2019.04.21-23.53.15:203][  0]LogConfig: Setting CVar [[r.Streaming.AmortizeCPUToGPUCopy:0]]
[2019.04.21-23.53.15:203][  0]LogConfig: Setting CVar [[r.Streaming.MaxNumTexturesToStreamPerFrame:0]]
[2019.04.21-23.53.15:203][  0]LogConfig: Setting CVar [[r.Streaming.Boost:1]]
[2019.04.21-23.53.15:203][  0]LogConfig: Setting CVar [[r.MaxAnisotropy:8]]
[2019.04.21-23.53.15:203][  0]LogConfig: Setting CVar [[r.Streaming.LimitPoolSizeToVRAM:0]]
[2019.04.21-23.53.15:203][  0]LogConfig: Setting CVar [[r.Streaming.PoolSize:1000]]
[2019.04.21-23.53.15:203][  0]LogConfig: Setting CVar [[r.Streaming.MaxEffectiveScreenSize:0]]
[2019.04.21-23.53.15:203][  0]LogConfig: Applying CVar settings from Section [EffectsQuality@3] File [E:/Github/OverIT/MyProject3/Saved/Config/Windows/Scalability.ini]
[2019.04.21-23.53.15:203][  0]LogConfig: Setting CVar [[r.TranslucencyLightingVolumeDim:4]]
[2019.04.21-23.53.15:203][  0]LogConfig: Setting CVar [[r.RefractionQuality:2]]
[2019.04.21-23.53.15:203][  0]LogConfig: Setting CVar [[r.SSR.Quality:0]]
[2019.04.21-23.53.15:203][  0]LogConfig: Setting CVar [[r.SceneColorFormat:2]]
[2019.04.21-23.53.15:203][  0]LogConfig: Setting CVar [[r.DetailMode:2]]
[2019.04.21-23.53.15:203][  0]LogConfig: Setting CVar [[r.TranslucencyVolumeBlur:0]]
[2019.04.21-23.53.15:203][  0]LogConfig: Setting CVar [[r.MaterialQualityLevel:1 ; High quality]]
[2019.04.21-23.53.15:203][  0]LogConfig: Setting CVar [[r.SSS.Scale:1]]
[2019.04.21-23.53.15:203][  0]LogConfig: Setting CVar [[r.SSS.SampleSet:2]]
[2019.04.21-23.53.15:203][  0]LogConfig: Setting CVar [[r.SSS.Quality:1]]
[2019.04.21-23.53.15:203][  0]LogConfig: Setting CVar [[r.SSS.HalfRes:1]]
[2019.04.21-23.53.15:203][  0]LogConfig: Setting CVar [[r.EmitterSpawnRateScale:1.0]]
[2019.04.21-23.53.15:203][  0]LogConfig: Setting CVar [[r.ParticleLightQuality:2]]
[2019.04.21-23.53.15:203][  0]LogConfig: Applying CVar settings from Section [FoliageQuality@3] File [E:/Github/OverIT/MyProject3/Saved/Config/Windows/Scalability.ini]
[2019.04.21-23.53.15:203][  0]LogConfig: Setting CVar [[foliage.DensityScale:1.0]]
[2019.04.21-23.53.15:203][  0]LogConfig: Setting CVar [[grass.DensityScale:1.0]]
[2019.04.21-23.53.15:203][  0]LogConfig: Applying CVar settings from Section [Startup] File [../../../Engine/Config/ConsoleVariables.ini]
[2019.04.21-23.53.15:210][  0]LogConfig: Setting CVar [[net.UseAdaptiveNetUpdateFrequency:0]]
[2019.04.21-23.53.15:210][  0]LogConfig: Applying CVar settings from Section [ConsoleVariables] File [E:/Github/OverIT/MyProject3/Saved/Config/Windows/Engine.ini]
[2019.04.21-23.53.15:211][  0]LogInit: Computer: LANCE
[2019.04.21-23.53.15:211][  0]LogInit: User: Ailsa
[2019.04.21-23.53.15:211][  0]LogInit: CPU Page size=4096, Cores=2
[2019.04.21-23.53.15:211][  0]LogInit: High frequency timer resolution =2.825500 MHz
[2019.04.21-23.53.15:211][  0]LogMemory: Memory total: Physical=15.9GB (16GB approx)
[2019.04.21-23.53.15:211][  0]LogMemory: Platform Memory Stats for Windows
[2019.04.21-23.53.15:211][  0]LogMemory: Process Physical Memory: 102.58 MB used, 102.58 MB peak
[2019.04.21-23.53.15:211][  0]LogMemory: Process Virtual Memory: 84.73 MB used, 84.73 MB peak
[2019.04.21-23.53.15:211][  0]LogMemory: Physical Memory: 7680.69 MB used,  8615.59 MB free, 16296.27 MB total
[2019.04.21-23.53.15:211][  0]LogMemory: Virtual Memory: 4628.91 MB used,  134213096.00 MB free, 134217728.00 MB total
[2019.04.21-23.53.16:228][  0]LogInit: Using OS detected language (en-US).
[2019.04.21-23.53.16:229][  0]LogInit: Using OS detected locale (en-US).
[2019.04.21-23.53.16:232][  0]LogTextLocalizationManager: No specific localization for 'en-US' exists, so the 'en' localization will be used.
[2019.04.21-23.53.16:963][  0]LogStreaming: Display: Took  0.734s to InitEngineTextLocalization.
[2019.04.21-23.53.16:964][  0]LogInit: Setting process to per monitor DPI aware
[2019.04.21-23.53.17:092][  0]LogSlate: New Slate User Created.  User Index 0, Is Virtual User: 0
[2019.04.21-23.53.17:092][  0]LogSlate: Slate User Registered.  User Index 0, Is Virtual User: 0
[2019.04.21-23.53.20:381][  0]LogHMD: Failed to initialize OpenVR with code 105
[2019.04.21-23.53.20:382][  0]LogD3D11RHI: D3D11 adapters:
[2019.04.21-23.53.20:435][  0]LogD3D11RHI:    0. 'NVIDIA GeForce GTX 960M' (Feature Level 11_0)
[2019.04.21-23.53.20:436][  0]LogD3D11RHI:       4064/0/8148 MB DedicatedVideo/DedicatedSystem/SharedSystem, Outputs:1, VendorId:0x10de
[2019.04.21-23.53.20:448][  0]LogD3D11RHI:    1. 'Intel(R) HD Graphics 4600' (Feature Level 11_0)
[2019.04.21-23.53.20:448][  0]LogD3D11RHI:       112/0/2048 MB DedicatedVideo/DedicatedSystem/SharedSystem, Outputs:0, VendorId:0x8086
[2019.04.21-23.53.20:452][  0]LogD3D11RHI:    2. 'Microsoft Basic Render Driver' (Feature Level 11_0)
[2019.04.21-23.53.20:452][  0]LogD3D11RHI:       0/0/8148 MB DedicatedVideo/DedicatedSystem/SharedSystem, Outputs:0, VendorId:0x1414
[2019.04.21-23.53.20:452][  0]LogD3D11RHI: Chosen D3D11 Adapter: 0
[2019.04.21-23.53.20:518][  0]LogD3D11RHI: Creating new Direct3DDevice
[2019.04.21-23.53.20:518][  0]LogD3D11RHI:     GPU DeviceId: 0x139b (for the marketing name, search the web for "GPU Device Id")
[2019.04.21-23.53.20:518][  0]LogWindows: EnumDisplayDevices:
[2019.04.21-23.53.20:518][  0]LogWindows:    0. 'Intel(R) HD Graphics 4600' (P:1 D:1)
[2019.04.21-23.53.20:519][  0]LogWindows:    1. 'Intel(R) HD Graphics 4600' (P:0 D:0)
[2019.04.21-23.53.20:521][  0]LogWindows:    2. 'Intel(R) HD Graphics 4600' (P:0 D:0)
[2019.04.21-23.53.20:521][  0]LogWindows: DebugString: PrimaryIsNotTheChoosenAdapter PrimaryIsNotTheChoosenAdapter PrimaryIsNotTheChoosenAdapter FoundDriverCount:0 
[2019.04.21-23.53.20:522][  0]LogD3D11RHI:     Adapter Name: NVIDIA GeForce GTX 960M
[2019.04.21-23.53.20:522][  0]LogD3D11RHI:   Driver Version: Unknown (internal:Unknown, unified:Unknown)
[2019.04.21-23.53.20:522][  0]LogD3D11RHI:      Driver Date: Unknown
[2019.04.21-23.53.20:522][  0]LogRHI: Texture pool is 2845 MB (70% of 4064 MB)
[2019.04.21-23.53.20:554][  0]LogD3D11RHI: Async texture creation enabled
[2019.04.21-23.53.20:578][  0]LogD3D11RHI: GPU Timing Frequency: 1000.000000 (Debug: 2 1)
[2019.04.21-23.53.21:725][  0]LogTemp: Display: Loaded TP AllDesktopTargetPlatform
[2019.04.21-23.53.21:764][  0]LogTemp: Display: Loaded TP MacClientTargetPlatform
[2019.04.21-23.53.21:822][  0]LogTemp: Display: Loaded TP MacNoEditorTargetPlatform
[2019.04.21-23.53.21:875][  0]LogTemp: Display: Loaded TP MacServerTargetPlatform
[2019.04.21-23.53.21:916][  0]LogTemp: Display: Loaded TP MacTargetPlatform
[2019.04.21-23.53.21:966][  0]LogTemp: Display: Loaded TP WindowsClientTargetPlatform
[2019.04.21-23.53.22:017][  0]LogTemp: Display: Loaded TP WindowsNoEditorTargetPlatform
[2019.04.21-23.53.22:065][  0]LogTemp: Display: Loaded TP WindowsServerTargetPlatform
[2019.04.21-23.53.22:108][  0]LogTemp: Display: Loaded TP WindowsTargetPlatform
[2019.04.21-23.53.22:324][  0]LogTemp: Display: Loaded TP AndroidTargetPlatform
[2019.04.21-23.53.22:324][  0]LogTemp: Display: Loaded TP AndroidTargetPlatform
[2019.04.21-23.53.22:324][  0]LogTemp: Display: Loaded TP AndroidTargetPlatform
[2019.04.21-23.53.22:324][  0]LogTemp: Display: Loaded TP AndroidTargetPlatform
[2019.04.21-23.53.22:324][  0]LogTemp: Display: Loaded TP AndroidTargetPlatform
[2019.04.21-23.53.22:324][  0]LogTemp: Display: Loaded TP AndroidTargetPlatform
[2019.04.21-23.53.22:324][  0]LogTemp: Display: Loaded TP AndroidTargetPlatform
[2019.04.21-23.53.22:324][  0]LogTemp: Display: Loaded TP AndroidTargetPlatform
[2019.04.21-23.53.22:324][  0]LogTemp: Display: Loaded TP AndroidTargetPlatform
[2019.04.21-23.53.22:324][  0]LogTemp: Display: Loaded TP AndroidTargetPlatform
[2019.04.21-23.53.22:324][  0]LogTemp: Display: Loaded TP AndroidTargetPlatform
[2019.04.21-23.53.22:324][  0]LogTemp: Display: Loaded TP AndroidTargetPlatform
[2019.04.21-23.53.22:324][  0]LogTemp: Display: Loaded TP AndroidTargetPlatform
[2019.04.21-23.53.22:325][  0]LogTemp: Display: Loaded TP AndroidTargetPlatform
[2019.04.21-23.53.22:325][  0]LogTemp: Display: Loaded TP AndroidTargetPlatform
[2019.04.21-23.53.22:325][  0]LogTemp: Display: Loaded TP AndroidTargetPlatform
[2019.04.21-23.53.22:325][  0]LogTemp: Display: Loaded TP AndroidTargetPlatform
[2019.04.21-23.53.22:325][  0]LogTemp: Display: Loaded TP AndroidTargetPlatform
[2019.04.21-23.53.22:350][  0]LogTemp: Display: Loaded TP HTML5TargetPlatform
[2019.04.21-23.53.22:531][  0]LogTemp: Display: Loaded TP IOSTargetPlatform
[2019.04.21-23.53.22:531][  0]LogTemp: Display: Loaded TP IOSTargetPlatform
[2019.04.21-23.53.22:596][  0]LogTemp: Display: Loaded TP TVOSTargetPlatform
[2019.04.21-23.53.22:596][  0]LogTemp: Display: Loaded TP TVOSTargetPlatform
[2019.04.21-23.53.22:636][  0]LogTemp: Display: Loaded TP LinuxClientTargetPlatform
[2019.04.21-23.53.22:677][  0]LogTemp: Display: Loaded TP LinuxNoEditorTargetPlatform
[2019.04.21-23.53.22:707][  0]LogTemp: Display: Loaded TP LinuxServerTargetPlatform
[2019.04.21-23.53.22:745][  0]LogTemp: Display: Loaded TP LinuxTargetPlatform
[2019.04.21-23.53.22:824][  0]LogTemp: Display: Loaded TP LuminTargetPlatform
[2019.04.21-23.53.22:824][  0]LogTemp: Display: Loaded TP LuminTargetPlatform
[2019.04.21-23.53.22:824][  0]LogTargetPlatformManager: Display: Building Assets For Windows
[2019.04.21-23.53.23:241][  0]LogShaderCompilers: Guid format shader working directory is 9 characters bigger than the processId version (../../../../Github/OverIT/MyProject3/Intermediate/Shaders/WorkingDirectory/74720/).
[2019.04.21-23.53.23:241][  0]LogShaderCompilers: Cleaned the shader compiler working directory 'C:/Users/Ailsa/AppData/Local/Temp/UnrealShaderWorkingDir/A3005ADF4490ED0F0FE5E191959B1C6E/'.
[2019.04.21-23.53.23:245][  0]LogXGEController: Cleaning working directory: C:/Users/Ailsa/AppData/Local/Temp/UnrealXGEWorkingDir/
[2019.04.21-23.53.23:246][  0]LogXGEController: Cannot use XGE Controller as Incredibuild is not installed on this machine.
[2019.04.21-23.53.23:246][  0]LogShaderCompilers: Cannot use XGE Shader Compiler as Incredibuild is not installed on this machine.
[2019.04.21-23.53.23:246][  0]LogShaderCompilers: Display: Using Local Shader Compiler.
[2019.04.21-23.53.26:071][  0]LogDerivedDataCache: Display: Max Cache Size: 512 MB
[2019.04.21-23.53.26:472][  0]LogDerivedDataCache: Loaded boot cache 0.40s 71MB C:/Users/Ailsa/AppData/Local/UnrealEngine/4.21/DerivedDataCache/Boot.ddc.
[2019.04.21-23.53.26:473][  0]LogDerivedDataCache: Display: Loaded Boot cache: C:/Users/Ailsa/AppData/Local/UnrealEngine/4.21/DerivedDataCache/Boot.ddc
[2019.04.21-23.53.26:473][  0]LogDerivedDataCache: FDerivedDataBackendGraph:  Pak pak cache file ../../../../Github/OverIT/MyProject3/DerivedDataCache/DDC.ddp not found, will not use a pak cache.
[2019.04.21-23.53.26:473][  0]LogDerivedDataCache: Unable to find inner node Pak for hierarchical cache Hierarchy.
[2019.04.21-23.53.26:473][  0]LogDerivedDataCache: FDerivedDataBackendGraph:  CompressedPak pak cache file ../../../../Github/OverIT/MyProject3/DerivedDataCache/Compressed.ddp not found, will not use a pak cache.
[2019.04.21-23.53.26:473][  0]LogDerivedDataCache: Unable to find inner node CompressedPak for hierarchical cache Hierarchy.
[2019.04.21-23.53.26:512][  0]LogDerivedDataCache: Display: Pak cache opened for reading ../../../Engine/DerivedDataCache/Compressed.ddp.
[2019.04.21-23.53.26:512][  0]LogDerivedDataCache: FDerivedDataBackendGraph:  EnterprisePak pak cache file ../../../Enterprise/DerivedDataCache/Compressed.ddp not found, will not use a pak cache.
[2019.04.21-23.53.26:512][  0]LogDerivedDataCache: Unable to find inner node EnterprisePak for hierarchical cache Hierarchy.
[2019.04.21-23.53.26:525][  0]LogDerivedDataCache: Using Local data cache path C:/Users/Ailsa/AppData/Local/UnrealEngine/Common/DerivedDataCache: Writable
[2019.04.21-23.53.26:525][  0]LogDerivedDataCache: Shared data cache path not found in *engine.ini, will not use an Shared cache.
[2019.04.21-23.53.26:525][  0]LogDerivedDataCache: Unable to find inner node Shared for hierarchical cache Hierarchy.
[2019.04.21-23.53.26:574][  0]LogMaterial: Verifying Global Shaders for PCD3D_SM5
[2019.04.21-23.53.26:580][  0]LogSlate: Using FreeType 2.6.0
[2019.04.21-23.53.26:613][  0]LogSlate: SlateFontServices - WITH_FREETYPE: 1, WITH_HARFBUZZ: 1
[2019.04.21-23.53.27:345][  0]LogAssetRegistry: FAssetRegistry took 0.0480 seconds to start up
[2019.04.21-23.53.28:403][  0]LogInit: Selected Device Profile: [Windows]
[2019.04.21-23.53.29:334][  0]LogSimplygon: Simplygon DLL not present - disabling.
[2019.04.21-23.53.29:401][  0]LogMeshReduction: Using SimplygonSwarm for distributed automatic mesh merging
[2019.04.21-23.53.29:401][  0]LogMeshReduction: Using ProxyLODMeshReduction for automatic mesh merging
[2019.04.21-23.53.29:402][  0]LogMeshReduction: Using QuadricMeshReduction for automatic static mesh reduction
[2019.04.21-23.53.29:402][  0]LogMeshReduction: No automatic skeletal mesh reduction module available
[2019.04.21-23.53.29:488][  0]LogNetVersion: MyProject3 1.0.0, NetCL: 4541578, EngineNetVer: 5, GameNetVer: 0 (Checksum: 2916331349)
[2019.04.21-23.53.31:725][  0]LogPackageLocalizationCache: Processed 11 localized package path(s) for 2 prioritized culture(s) in 0.274240 seconds
[2019.04.21-23.53.31:737][  0]LogUObjectArray: 39775 objects as part of root set at end of initial load.
[2019.04.21-23.53.31:737][  0]LogUObjectAllocator: 6914656 out of 0 bytes used by permanent object pool.
[2019.04.21-23.53.31:737][  0]LogUObjectArray: CloseDisregardForGC: 0/0 objects in disregard for GC pool
[2019.04.21-23.53.39:387][  0]LogTcpMessaging: Initializing TcpMessaging bridge
[2019.04.21-23.53.39:418][  0]LogUdpMessaging: Initializing bridge on interface 0.0.0.0:0 to multicast group 230.0.0.1:6666.
[2019.04.21-23.53.41:209][  0]SourceControl: Source control is disabled
[2019.04.21-23.53.41:210][  0]SourceControl: Source control is disabled
[2019.04.21-23.53.41:239][  0]SourceControl: Source control is disabled
[2019.04.21-23.53.41:263][  0]SourceControl: Source control is disabled
[2019.04.21-23.53.42:192][  0]LogAndroidPermission: UAndroidPermissionCallbackProxy::GetInstance
[2019.04.21-23.53.42:503][  0]LogOcInput: OculusInput pre-init called
[2019.04.21-23.53.42:803][  0]LogEngine: Initializing Engine...
[2019.04.21-23.53.42:816][  0]LogHMD: Failed to initialize OpenVR with code 105
[2019.04.21-23.53.42:819][  0]LogStats: UGameplayTagsManager::ConstructGameplayTagTree: ImportINI prefixes -  0.000 s
[2019.04.21-23.53.42:819][  0]LogStats: UGameplayTagsManager::ConstructGameplayTagTree: Construct from data asset -  0.000 s
[2019.04.21-23.53.42:820][  0]LogStats: UGameplayTagsManager::ConstructGameplayTagTree: ImportINI -  0.000 s
[2019.04.21-23.53.42:820][  0]LogStats: UGameplayTagsManager::ConstructGameplayTagTree: GameplayTagTreeChangedEvent.Broadcast -  0.000 s
[2019.04.21-23.53.43:297][  0]LogInit: Initializing FReadOnlyCVARCache
[2019.04.21-23.53.43:363][  0]LogAIModule: Creating AISystem for world Untitled
[2019.04.21-23.53.43:411][  0]LogInit: XAudio2 using 'Speakers (Realtek High Definition Audio)' : 2 channels at 48 kHz using 32 bits per sample (channel mask 0x3)
[2019.04.21-23.53.43:461][  0]LogInit: FAudioDevice initialized.
[2019.04.21-23.53.43:462][  0]LogNetVersion: Set ProjectVersion to 1.0.0.0. Version Checksum will be recalculated on next use.
[2019.04.21-23.53.43:716][  0]LogDerivedDataCache: Saved boot cache 0.25s 71MB C:/Users/Ailsa/AppData/Local/UnrealEngine/4.21/DerivedDataCache/Boot.ddc.
[2019.04.21-23.53.43:740][  0]LogInit: Texture streaming: Enabled
[2019.04.21-23.53.43:831][  0]LogEngineSessionManager: EngineSessionManager initialized
[2019.04.21-23.53.43:895][  0]LogInit: Transaction tracking system initialized
[2019.04.21-23.53.44:053][  0]BlueprintLog: New page: Editor Load
[2019.04.21-23.53.44:591][  0]LocalizationService: Localization service is disabled
[2019.04.21-23.53.46:007][  0]LogCook: Display: Max memory allowance for cook 16384mb min free memory 0mb
[2019.04.21-23.53.46:007][  0]LogFileCache: Scanning file cache for directory 'E:/Github/OverIT/MyProject3/Content/' took 0.03s
[2019.04.21-23.53.46:007][  0]LogCook: Display: Mobile HDR setting 1
[2019.04.21-23.53.46:008][  0]LogGameplayTags: Display: UGameplayTagsManager::DoneAddingNativeTags. DelegateIsBound: 0
[2019.04.21-23.53.46:008][  0]LogStats: UGameplayTagsManager::ConstructGameplayTagTree: ImportINI prefixes -  0.000 s
[2019.04.21-23.53.46:008][  0]LogStats: UGameplayTagsManager::ConstructGameplayTagTree: Construct from data asset -  0.000 s
[2019.04.21-23.53.46:008][  0]LogStats: UGameplayTagsManager::ConstructGameplayTagTree: ImportINI -  0.000 s
[2019.04.21-23.53.46:008][  0]LogStats: UGameplayTagsManager::ConstructGameplayTagTree: GameplayTagTreeChangedEvent.Broadcast -  0.000 s
[2019.04.21-23.53.47:127][  0]SourceControl: Source control is disabled
[2019.04.21-23.53.47:129][  0]Cmd: MAP LOAD FILE="../../../../Github/OverIT/MyProject3/Content/StarterContent/Maps/Level1.umap" TEMPLATE=0 SHOWPROGRESS=1 FEATURELEVEL=3
[2019.04.21-23.53.47:130][  0]LightingResults: New page: Lighting Build
[2019.04.21-23.53.47:140][  0]MapCheck: New page: Map Check
[2019.04.21-23.53.47:140][  0]LightingResults: New page: Lighting Build
[2019.04.21-23.53.48:800][  0]LogLinker: Warning: Can't find file '/Game/Geometry/Objects/pCylinder2Mat'
[2019.04.21-23.53.48:800][  0]LoadErrors: Failed to load /Game/Geometry/Objects/hs_Pen.hs_Pen Referenced by Pen_GEN_VARIABLE
[2019.04.21-23.53.48:801][  0]LogLinker: Warning: Can't find file for asset '/Game/Geometry/Objects/pCylinder2Mat' while loading ../../../../Github/OverIT/MyProject3/Content/Geometry/Objects/hs_Pen.uasset.
[2019.04.21-23.53.48:801][  0]LoadErrors: Failed to load /Game/Geometry/Objects/hs_Pen.hs_Pen Referenced by Pen_GEN_VARIABLE
[2019.04.21-23.53.48:801][  0]LoadErrors: Error: /Game/Geometry/Objects/hs_Pen : Can't find file for asset. /Game/Geometry/Objects/pCylinder2Mat
[2019.04.21-23.53.48:801][  0]LogLinker: Warning: Can't find file '/Game/Geometry/Objects/pCylinder2Mat'
[2019.04.21-23.53.48:801][  0]LoadErrors: Failed to load /Game/Geometry/Objects/hs_Pen.hs_Pen Referenced by Pen_GEN_VARIABLE
[2019.04.21-23.53.48:801][  0]LogLinker: Warning: Can't find file for asset '/Game/Geometry/Objects/pCylinder2Mat' while loading ../../../../Github/OverIT/MyProject3/Content/Geometry/Objects/hs_Pen.uasset.
[2019.04.21-23.53.48:801][  0]LoadErrors: Failed to load /Game/Geometry/Objects/hs_Pen.hs_Pen Referenced by Pen_GEN_VARIABLE
[2019.04.21-23.53.48:801][  0]LoadErrors: Error: /Game/Geometry/Objects/hs_Pen : Can't find file for asset. /Game/Geometry/Objects/pCylinder2Mat
[2019.04.21-23.53.51:086][  0]LogLinker: Warning: Can't find file '/Game/Geometry/Objects/pCylinder2Mat'
[2019.04.21-23.53.51:086][  0]LoadErrors: Failed to load /Game/Geometry/Objects/pCylinder2Mat.pCylinder2Mat Referenced by hs_Pen
[2019.04.21-23.53.51:086][  0]LogLinker: Warning: Can't find file for asset '/Game/Geometry/Objects/pCylinder2Mat' while loading NULL.
[2019.04.21-23.53.51:086][  0]LoadErrors: Failed to load /Game/Geometry/Objects/pCylinder2Mat.pCylinder2Mat Referenced by hs_Pen
[2019.04.21-23.53.51:087][  0]LogLinker: Warning: Can't find file '/Game/Geometry/Objects/pCylinder2Mat'
[2019.04.21-23.53.51:087][  0]LoadErrors: Failed to load /Game/Geometry/Objects/pCylinder2Mat.pCylinder2Mat Referenced by hs_Pen
[2019.04.21-23.53.51:087][  0]LogLinker: Warning: Can't find file for asset '/Game/Geometry/Objects/pCylinder2Mat' while loading NULL.
[2019.04.21-23.53.51:087][  0]LoadErrors: Failed to load /Game/Geometry/Objects/pCylinder2Mat.pCylinder2Mat Referenced by hs_Pen
[2019.04.21-23.53.51:940][  0]LoadErrors: Warning: hs_clipBoard Min LOD value of 1 is out of range 0..0 and has been adjusted to 0. Please verify and resave the asset.
[2019.04.21-23.53.52:031][  0]LoadErrors: Warning: hs_Pen Min LOD value of 1 is out of range 0..0 and has been adjusted to 0. Please verify and resave the asset.
[2019.04.21-23.53.52:410][  0]LoadErrors: Warning: hs_slideDoor_Left Min LOD value of 1 is out of range 0..0 and has been adjusted to 0. Please verify and resave the asset.
[2019.04.21-23.53.52:444][  0]LoadErrors: Warning: hs_slideDoor_Right Min LOD value of 1 is out of range 0..0 and has been adjusted to 0. Please verify and resave the asset.
[2019.04.21-23.53.52:683][  0]LoadErrors: Warning: hs_shopcartWide Min LOD value of 1 is out of range 0..0 and has been adjusted to 0. Please verify and resave the asset.
[2019.04.21-23.53.53:464][  0]LoadErrors: Warning: skybox2 Min LOD value of 1 is out of range 0..0 and has been adjusted to 0. Please verify and resave the asset.
[2019.04.21-23.53.53:914][  0]LoadErrors: Warning: hs_poster Min LOD value of 1 is out of range 0..0 and has been adjusted to 0. Please verify and resave the asset.
[2019.04.21-23.53.53:988][  0]LoadErrors: Warning: hs_parkingMedian Min LOD value of 1 is out of range 0..0 and has been adjusted to 0. Please verify and resave the asset.
[2019.04.21-23.53.54:121][  0]LoadErrors: Warning: HS_ObservationDeck Min LOD value of 1 is out of range 0..0 and has been adjusted to 0. Please verify and resave the asset.
[2019.04.21-23.53.54:241][  0]LoadErrors: Warning: hs_lampTree Min LOD value of 1 is out of range 0..0 and has been adjusted to 0. Please verify and resave the asset.
[2019.04.21-23.53.54:355][  0]LoadErrors: Warning: hs_groundPlane Min LOD value of 1 is out of range 0..0 and has been adjusted to 0. Please verify and resave the asset.
[2019.04.21-23.53.55:219][  0]LoadErrors: Warning: hs_vase Min LOD value of 1 is out of range 0..0 and has been adjusted to 0. Please verify and resave the asset.
[2019.04.21-23.53.55:454][  0]LoadErrors: Warning: hs_cake Min LOD value of 1 is out of range 0..0 and has been adjusted to 0. Please verify and resave the asset.
[2019.04.21-23.53.55:986][  0]LoadErrors: Warning: hs_concreteBumper Min LOD value of 1 is out of range 0..0 and has been adjusted to 0. Please verify and resave the asset.
[2019.04.21-23.53.56:406][  0]LoadErrors: Warning: hs_diamond Min LOD value of 1 is out of range 0..0 and has been adjusted to 0. Please verify and resave the asset.
[2019.04.21-23.53.57:498][  0]LogAIModule: Creating AISystem for world Level1
[2019.04.21-23.53.57:605][  0]LogSlate: New Slate User Created.  User Index 8, Is Virtual User: 1
[2019.04.21-23.53.57:605][  0]LogSlate: Slate User Registered.  User Index 8, Is Virtual User: 1
[2019.04.21-23.53.57:700][  0]LogEditorServer: Finished looking for orphan Actors (0.001 secs)
[2019.04.21-23.53.57:802][  0]Cmd: MAP CHECKDEP NOCLEARLOG
[2019.04.21-23.53.57:802][  0]MapCheck: Map check complete: 0 Error(s), 0 Warning(s), took 0.37ms to complete.
[2019.04.21-23.53.57:803][  0]LogFileHelpers: Loading map 'Level1' took 10.674
[2019.04.21-23.53.58:018][  0]LogSlate: Updating window title bar state: overlay mode, drag disabled, window buttons hidden, title bar hidden
[2019.04.21-23.53.58:037][  0]LogSlate: Updating window title bar state: overlay mode, drag disabled, window buttons hidden, title bar hidden
[2019.04.21-23.53.58:051][  0]LogSlate: Updating window title bar state: overlay mode, drag disabled, window buttons hidden, title bar hidden
[2019.04.21-23.53.58:069][  0]LogSlate: Updating window title bar state: overlay mode, drag disabled, window buttons hidden, title bar hidden
[2019.04.21-23.53.58:113][  0]LogCollectionManager: Loaded 0 collections in 0.002568 seconds
[2019.04.21-23.53.58:168][  0]LogFileCache: Scanning file cache for directory 'E:/Github/OverIT/MyProject3/Saved/Collections/' took 0.01s
[2019.04.21-23.53.58:168][  0]LogFileCache: Scanning file cache for directory 'E:/Github/OverIT/MyProject3/Content/Developers/Ailsa/Collections/' took 0.01s
[2019.04.21-23.53.58:168][  0]LogFileCache: Scanning file cache for directory 'E:/Github/OverIT/MyProject3/Content/Collections/' took 0.01s
[2019.04.21-23.53.58:169][  0]LogCollectionManager: Rebuilt the GUID cache for 0 collections in 0.000000 seconds
[2019.04.21-23.53.58:182][  0]LogContentBrowser: Native class hierarchy populated in 0.0136 seconds. Added 2651 classes and 620 folders.
[2019.04.21-23.53.58:197][  0]LogContentBrowser: Native class hierarchy updated for 'WidgetCarousel' in 0.0005 seconds. Added 0 classes and 0 folders.
[2019.04.21-23.53.58:220][  0]LogPakFile: Registered encryption key '00000000000000000000000000000000': 0 pak files mounted, 0 remain pending
[2019.04.21-23.53.58:231][  0]LogPakFile: Registered encryption key '00000000000000000000000000000000': 0 pak files mounted, 0 remain pending
[2019.04.21-23.53.58:257][  0]LogPakFile: Registered encryption key '00000000000000000000000000000000': 0 pak files mounted, 0 remain pending
[2019.04.21-23.53.58:265][  0]LogPakFile: Registered encryption key '00000000000000000000000000000000': 0 pak files mounted, 0 remain pending
[2019.04.21-23.53.58:274][  0]LogPakFile: Registered encryption key '00000000000000000000000000000000': 0 pak files mounted, 0 remain pending
[2019.04.21-23.53.58:284][  0]LogPakFile: Registered encryption key '00000000000000000000000000000000': 0 pak files mounted, 0 remain pending
[2019.04.21-23.53.58:294][  0]LogPakFile: Registered encryption key '00000000000000000000000000000000': 0 pak files mounted, 0 remain pending
[2019.04.21-23.53.58:304][  0]LogPakFile: Registered encryption key '00000000000000000000000000000000': 0 pak files mounted, 0 remain pending
[2019.04.21-23.53.58:314][  0]LogPakFile: Registered encryption key '00000000000000000000000000000000': 0 pak files mounted, 0 remain pending
[2019.04.21-23.53.58:322][  0]LogPakFile: Registered encryption key '00000000000000000000000000000000': 0 pak files mounted, 0 remain pending
[2019.04.21-23.53.58:329][  0]LogPakFile: Registered encryption key '00000000000000000000000000000000': 0 pak files mounted, 0 remain pending
[2019.04.21-23.53.58:339][  0]LogPakFile: Registered encryption key '00000000000000000000000000000000': 0 pak files mounted, 0 remain pending
[2019.04.21-23.53.58:348][  0]LogPakFile: Registered encryption key '00000000000000000000000000000000': 0 pak files mounted, 0 remain pending
[2019.04.21-23.53.58:361][  0]LogPakFile: Registered encryption key '00000000000000000000000000000000': 0 pak files mounted, 0 remain pending
[2019.04.21-23.53.58:370][  0]LogPakFile: Registered encryption key '00000000000000000000000000000000': 0 pak files mounted, 0 remain pending
[2019.04.21-23.53.58:383][  0]LogPakFile: Registered encryption key '00000000000000000000000000000000': 0 pak files mounted, 0 remain pending
[2019.04.21-23.53.58:431][  0]LogPakFile: Registered encryption key '00000000000000000000000000000000': 0 pak files mounted, 0 remain pending
[2019.04.21-23.53.58:441][  0]LogPakFile: Registered encryption key '00000000000000000000000000000000': 0 pak files mounted, 0 remain pending
[2019.04.21-23.53.58:451][  0]LogPakFile: Registered encryption key '00000000000000000000000000000000': 0 pak files mounted, 0 remain pending
[2019.04.21-23.53.58:462][  0]LogPakFile: Registered encryption key '00000000000000000000000000000000': 0 pak files mounted, 0 remain pending
[2019.04.21-23.53.58:504][  0]LogPakFile: Registered encryption key '00000000000000000000000000000000': 0 pak files mounted, 0 remain pending
[2019.04.21-23.53.58:512][  0]LogPakFile: Registered encryption key '00000000000000000000000000000000': 0 pak files mounted, 0 remain pending
[2019.04.21-23.53.58:521][  0]LogPakFile: Registered encryption key '00000000000000000000000000000000': 0 pak files mounted, 0 remain pending
[2019.04.21-23.53.58:529][  0]LogPakFile: Registered encryption key '00000000000000000000000000000000': 0 pak files mounted, 0 remain pending
[2019.04.21-23.53.58:538][  0]LogPakFile: Registered encryption key '00000000000000000000000000000000': 0 pak files mounted, 0 remain pending
[2019.04.21-23.53.58:545][  0]LogPakFile: Registered encryption key '00000000000000000000000000000000': 0 pak files mounted, 0 remain pending
[2019.04.21-23.53.58:853][  0]LogContentBrowser: Native class hierarchy updated for 'AddContentDialog' in 0.0008 seconds. Added 0 classes and 0 folders.
[2019.04.21-23.53.58:888][  0]LogContentBrowser: Native class hierarchy updated for 'SceneOutliner' in 0.0006 seconds. Added 1 classes and 2 folders.
[2019.04.21-23.53.58:968][  0]LogSlate: Took 0.009100 seconds to synchronously load lazily loaded font '../../../Engine/Content/Slate/Fonts/Roboto-Regular.ttf' (155K)
[2019.04.21-23.53.58:981][  0]LogSlate: Took 0.010646 seconds to synchronously load lazily loaded font '../../../Engine/Content/Slate/Fonts/Roboto-Bold.ttf' (160K)
[2019.04.21-23.53.59:002][  0]LogSlate: Took 0.009243 seconds to synchronously load lazily loaded font '../../../Engine/Content/Editor/Slate/Fonts/FontAwesome.ttf' (139K)
[2019.04.21-23.53.59:235][  0]LogRenderer: Reallocating scene render targets to support 988x576 Format 26 NumSamples 1 (Frame:1).
[2019.04.21-23.53.59:400][  0]LogSlate: Took 0.009855 seconds to synchronously load lazily loaded font '../../../Engine/Content/Slate/Fonts/Roboto-Light.ttf' (167K)
[2019.04.21-23.53.59:596][  0]LogContentBrowser: Native class hierarchy updated for 'HierarchicalLODOutliner' in 0.0005 seconds. Added 0 classes and 0 folders.
[2019.04.21-23.53.59:596][  0]LogLoad: (Engine Initialization) Total time: 50.14 seconds
[2019.04.21-23.53.59:596][  0]LogLoad: (Engine Initialization) Total Blueprint compile time: 0.00 seconds
[2019.04.21-23.53.59:728][  0]LogContentStreaming: Texture pool size now 1000 MB
[2019.04.21-23.53.59:737][  0]LogSlate: FSceneViewport::OnFocusLost() reason 2
[2019.04.21-23.54.00:926][  7]LogSlate: Took 0.000368 seconds to synchronously load lazily loaded font '../../../Engine/Content/Slate/Fonts/Roboto-Light.ttf' (167K)
[2019.04.21-23.54.01:950][ 15]LogAssetRegistry: Asset discovery search completed in 34.6278 seconds
[2019.04.21-23.54.01:955][ 15]LogCollectionManager: Rebuilt the object cache for 0 collections in 0.000001 seconds (found 0 objects)
[2019.04.21-23.54.01:956][ 15]LogCollectionManager: Fixed up redirectors for 0 collections in 0.001330 seconds (updated 0 objects)
[2019.04.21-23.54.39:429][130]LogSlate: Window 'Message Log' being destroyed
[2019.04.21-23.54.39:441][130]LogSlate: Window 'Message Log' being destroyed
[2019.04.21-23.54.43:216][279]LogEditorViewport: Clicking on Actor (context menu): StaticMeshActor (hs_pallet2)
[2019.04.21-23.54.43:437][279]LogSlate: FSceneViewport::OnFocusLost() reason 2
[2019.04.21-23.54.45:284][370]LogEditorViewport: Clicking on Actor (context menu): StaticMeshActor (hs_pallet2)
[2019.04.21-23.54.45:318][370]LogSlate: FSceneViewport::OnFocusLost() reason 2
[2019.04.21-23.54.46:012][410]LogEditorViewport: Clicking on Actor (LMB): StaticMeshActor (hs_pallet2)
[2019.04.21-23.54.46:552][435]LogEditorViewport: Clicking on Actor (LMB): Sodepyramid1_C (Sodepyramid1)
[2019.04.21-23.54.54:503][880]Cmd: CAMERA ALIGN ACTIVEVIEWPORTONLY
[2019.04.21-23.54.55:158][919]LogEditorViewport: Clicking on Actor (context menu): StaticMeshActor (hs_pallet2)
[2019.04.21-23.54.55:227][919]LogSlate: FSceneViewport::OnFocusLost() reason 2
[2019.04.21-23.54.55:698][944]LogEditorViewport: Clicking on Actor (context menu): Sodepyramid1_C (Sodepyramid6)
[2019.04.21-23.54.55:743][944]LogSlate: FSceneViewport::OnFocusLost() reason 2
[2019.04.21-23.54.55:801][945]LogEditorViewport: Clicking on Actor (context menu): Sodepyramid1_C (Sodepyramid6)
[2019.04.21-23.54.55:835][945]LogSlate: FSceneViewport::OnFocusLost() reason 2
[2019.04.21-23.54.57:117][ 21]LogEditorViewport: Clicking on Actor (LMB): StaticMeshActor (hs_pallet2)
[2019.04.21-23.54.58:609][103]LogEditorViewport: Clicking on Actor (LMB): Sodepyramid1_C (Sodepyramid6)
[2019.04.21-23.55.03:781][381]LogEditorViewport: Clicking on Actor (LMB): Sodepyramid1_C (Sodepyramid6)
[2019.04.21-23.55.04:462][418]LogEditorViewport: Clicking on Actor (LMB): Sodepyramid1_C (Sodepyramid13)
[2019.04.21-23.55.15:118][ 25]LogEditorViewport: Clicking on Actor (LMB): Sodepyramid1_C (Sodepyramid2)
[2019.04.21-23.55.25:021][576]Cmd: TRANSACTION UNDO
[2019.04.21-23.55.25:022][576]LogEditorTransaction: Undo Move Actors
[2019.04.21-23.55.26:290][635]LogEditorViewport: Clicking on Actor (LMB): Sodepyramid1_C (Sodepyramid16)
[2019.04.21-23.55.30:715][849]LogEditorViewport: Clicking on Actor (LMB): Sodepyramid1_C (Sodepyramid2)
[2019.04.21-23.55.31:720][899]LogEditorViewport: Clicking on Actor (LMB): Sodepyramid1_C (Sodepyramid16)
[2019.04.21-23.58.26:398][652]LogEditorViewport: Clicking on Actor (context menu): StaticMeshActor (hs_pallet2)
[2019.04.21-23.58.26:475][652]LogSlate: FSceneViewport::OnFocusLost() reason 2
[2019.04.21-23.58.26:898][674]LogEditorViewport: Clicking on Actor (context menu): Sodepyramid1_C (Sodepyramid2)
[2019.04.21-23.58.26:951][674]LogSlate: FSceneViewport::OnFocusLost() reason 2
[2019.04.21-23.58.28:007][731]LogEditorViewport: Clicking on Actor (context menu): StaticMeshActor (hs_pallet2)
[2019.04.21-23.58.28:073][731]LogSlate: FSceneViewport::OnFocusLost() reason 2
[2019.04.21-23.58.28:974][782]LogEditorViewport: Clicking on Actor (LMB): Sodepyramid1_C (Sodepyramid19)
[2019.04.21-23.58.29:956][837]LogEditorViewport: Clicking on Actor (LMB): Sodepyramid1_C (Sodepyramid19)
[2019.04.21-23.58.41:387][487]Cmd: TRANSACTION UNDO
[2019.04.21-23.58.41:388][487]LogEditorTransaction: Undo Move Actors
[2019.04.21-23.58.43:792][613]Cmd: TRANSACTION UNDO
[2019.04.21-23.58.43:792][613]LogEditorTransaction: Undo Move Actors
[2019.04.21-23.58.47:334][814]Cmd: TRANSACTION UNDO
[2019.04.21-23.58.47:334][814]LogEditorTransaction: Undo Move Actors
[2019.04.21-23.58.53:059][139]LogEditorViewport: Clicking on Actor (LMB): Sodepyramid1_C (Sodepyramid16)
[2019.04.21-23.58.58:594][452]LogEditorViewport: Clicking on Actor (LMB): Sodepyramid1_C (Sodepyramid28)
[2019.04.21-23.59.14:908][351]LogEditorViewport: Clicking on Actor (LMB): Sodepyramid1_C (Sodepyramid23)
[2019.04.21-23.59.19:929][631]LogEditorViewport: Clicking on Actor (LMB): Sodepyramid1_C (Sodepyramid33)
[2019.04.21-23.59.21:005][688]Cmd: DELETE
[2019.04.21-23.59.21:005][688]Cmd: ACTOR DELETE
[2019.04.21-23.59.21:027][688]LogSlate: FSceneViewport::OnFocusLost() reason 2
[2019.04.21-23.59.21:105][688]LogEditorActor: Deleted Actor: Sodepyramid1_C
[2019.04.21-23.59.21:152][688]LogEditorActor: Deleted 1 Actors (0.147 secs)
[2019.04.21-23.59.22:072][732]LogEditorViewport: Clicking on Actor (LMB): Sodepyramid1_C (Sodepyramid32)
[2019.04.21-23.59.22:259][739]Cmd: DELETE
[2019.04.21-23.59.22:259][739]Cmd: ACTOR DELETE
[2019.04.21-23.59.22:312][739]LogEditorActor: Deleted Actor: Sodepyramid1_C
[2019.04.21-23.59.22:338][739]LogEditorActor: Deleted 1 Actors (0.078 secs)
[2019.04.21-23.59.22:855][769]LogEditorViewport: Clicking on Actor (LMB): Sodepyramid1_C (Sodepyramid17)
[2019.04.21-23.59.23:005][775]Cmd: DELETE
[2019.04.21-23.59.23:005][775]Cmd: ACTOR DELETE
[2019.04.21-23.59.23:054][775]LogEditorActor: Deleted Actor: Sodepyramid1_C
[2019.04.21-23.59.23:082][775]LogEditorActor: Deleted 1 Actors (0.077 secs)
[2019.04.21-23.59.23:920][817]LogEditorViewport: Clicking on Actor (LMB): Sodepyramid1_C (Sodepyramid18)
[2019.04.21-23.59.24:048][822]Cmd: DELETE
[2019.04.21-23.59.24:048][822]Cmd: ACTOR DELETE
[2019.04.21-23.59.24:114][822]LogEditorActor: Deleted Actor: Sodepyramid1_C
[2019.04.21-23.59.24:156][822]LogEditorActor: Deleted 1 Actors (0.108 secs)
[2019.04.21-23.59.26:856][971]LogEditorViewport: Clicking on Actor (LMB): Sodepyramid1_C (Sodepyramid30)
[2019.04.21-23.59.27:704][ 16]Cmd: DELETE
[2019.04.21-23.59.27:704][ 16]Cmd: ACTOR DELETE
[2019.04.21-23.59.27:755][ 16]LogEditorActor: Deleted Actor: Sodepyramid1_C
[2019.04.21-23.59.27:782][ 16]LogEditorActor: Deleted 1 Actors (0.078 secs)
[2019.04.21-23.59.28:975][ 81]LogEditorViewport: Clicking on Actor (LMB): Sodepyramid1_C (Sodepyramid28)
[2019.04.21-23.59.29:253][ 94]Cmd: DELETE
[2019.04.21-23.59.29:253][ 94]Cmd: ACTOR DELETE
[2019.04.21-23.59.29:313][ 94]LogEditorActor: Deleted Actor: Sodepyramid1_C
[2019.04.21-23.59.29:345][ 94]LogEditorActor: Deleted 1 Actors (0.092 secs)
[2019.04.21-23.59.30:942][178]Cmd: TRANSACTION UNDO
[2019.04.21-23.59.30:942][178]LogEditorTransaction: Undo Delete Actors
[2019.04.21-23.59.33:014][282]LogEditorViewport: Clicking on Actor (LMB): Sodepyramid1_C (Sodepyramid29)
[2019.04.21-23.59.33:921][332]Cmd: DELETE
[2019.04.21-23.59.33:921][332]Cmd: ACTOR DELETE
[2019.04.21-23.59.33:976][332]LogEditorActor: Deleted Actor: Sodepyramid1_C
[2019.04.21-23.59.34:004][332]LogEditorActor: Deleted 1 Actors (0.083 secs)
[2019.04.21-23.59.34:793][378]LogEditorViewport: Clicking on Actor (LMB): Sodepyramid1_C (Sodepyramid34)
[2019.04.21-23.59.35:069][392]Cmd: DELETE
[2019.04.21-23.59.35:069][392]Cmd: ACTOR DELETE
[2019.04.21-23.59.35:115][392]LogEditorActor: Deleted Actor: Sodepyramid1_C
[2019.04.21-23.59.35:141][392]LogEditorActor: Deleted 1 Actors (0.071 secs)
[2019.04.21-23.59.35:910][431]LogEditorViewport: Clicking on Actor (LMB): Sodepyramid1_C (Sodepyramid35)
[2019.04.21-23.59.36:290][451]Cmd: DELETE
[2019.04.21-23.59.36:290][451]Cmd: ACTOR DELETE
[2019.04.21-23.59.36:344][451]LogEditorActor: Deleted Actor: Sodepyramid1_C
[2019.04.21-23.59.36:372][451]LogEditorActor: Deleted 1 Actors (0.082 secs)
[2019.04.21-23.59.39:359][622]LogEditorViewport: Clicking on Actor (LMB): Sodepyramid1_C (Sodepyramid15)
[2019.04.21-23.59.56:686][583]LogEditorViewport: Clicking on Actor (LMB): StaticMeshActor (SuperGrid_Box31)
[2019.04.22-00.00.11:668][464]LogEditorViewport: Clicking on Actor (LMB): Sodepyramid1_C (Sodepyramid16)
[2019.04.22-00.01.21:859][422]LogEditorViewport: Clicking on Actor (LMB): Sodepyramid1_C (Sodepyramid17)
[2019.04.22-00.01.29:664][761]LogEditorViewport: Clicking on Actor (LMB): Sodepyramid1_C (Sodepyramid29)
[2019.04.22-00.01.46:972][492]LogEditorViewport: Clicking on Actor (LMB): Sodepyramid1_C (Sodepyramid17)
[2019.04.22-00.02.14:325][710]LogEditorViewport: Clicking on Actor (context menu): StaticMeshActor (SuperGrid_Box30)
[2019.04.22-00.02.14:422][710]LogSlate: FSceneViewport::OnFocusLost() reason 2
[2019.04.22-00.02.14:851][726]LogEditorViewport: Clicking on Actor (context menu): StaticMeshActor (SuperGrid_Box4)
[2019.04.22-00.02.14:928][726]LogSlate: FSceneViewport::OnFocusLost() reason 2
[2019.04.22-00.02.14:950][726]LogEditorViewport: Clicking on Actor (context menu): StaticMeshActor (SuperGrid_Box4)
[2019.04.22-00.02.15:001][726]LogSlate: FSceneViewport::OnFocusLost() reason 2
[2019.04.22-00.02.15:974][776]LogEditorViewport: Clicking on Actor (LMB): StaticMeshActor (shelves78)
[2019.04.22-00.02.18:139][873]LogEditorViewport: Clicking on Actor (LMB): Sodepyramid1_C (Sodepyramid32)
[2019.04.22-00.02.36:099][636]LogEditorViewport: Clicking on Actor (LMB): Sodepyramid1_C (Sodepyramid17)
[2019.04.22-00.02.46:204][ 49]LogEditorViewport: Clicking on Component (LMB): StaticMeshComponent (Sodar)
[2019.04.22-00.02.54:453][380]Cmd: TRANSACTION UNDO
[2019.04.22-00.02.54:453][380]LogEditorTransaction: Undo Move Components
[2019.04.22-00.02.56:282][448]Cmd: TRANSACTION UNDO
[2019.04.22-00.02.56:282][448]LogEditorTransaction: Undo Move Components
[2019.04.22-00.03.01:299][647]Cmd: TRANSACTION UNDO
[2019.04.22-00.03.01:299][647]LogEditorTransaction: Undo Move Components
[2019.04.22-00.03.02:468][685]LogEditorViewport: Clicking on Actor (LMB): Sodepyramid1_C (Sodepyramid28)
[2019.04.22-00.03.08:254][927]LogEditorViewport: Clicking on Actor (context menu): Sodepyramid1_C (Sodepyramid18)
[2019.04.22-00.03.08:325][927]LogSlate: FSceneViewport::OnFocusLost() reason 2
[2019.04.22-00.03.08:902][949]LogEditorViewport: Clicking on Actor (context menu): Sodepyramid1_C (Sodepyramid18)
[2019.04.22-00.03.08:944][949]LogSlate: FSceneViewport::OnFocusLost() reason 2
[2019.04.22-00.03.08:978][949]LogEditorViewport: Clicking on Actor (context menu): Sodepyramid1_C (Sodepyramid18)
[2019.04.22-00.03.09:025][949]LogSlate: FSceneViewport::OnFocusLost() reason 2
[2019.04.22-00.03.10:143][  5]LogEditorViewport: Clicking on Actor (LMB): StaticMeshActor (shelves6)
[2019.04.22-00.03.10:917][ 36]LogEditorViewport: Clicking on Actor (LMB): Sodepyramid1_C (Sodepyramid30)
[2019.04.22-00.03.13:024][132]LogEditorViewport: Clicking on Actor (LMB): Sodepyramid1_C (Sodepyramid38)
[2019.04.22-00.03.29:470][815]LogEditorViewport: Clicking on Actor (LMB): Sodepyramid1_C (Sodepyramid40)
[2019.04.22-00.03.32:551][936]LogEditorViewport: Clicking on Actor (LMB): Sodepyramid1_C (Sodepyramid40)
[2019.04.22-00.03.50:495][640]LogEditorViewport: Clicking on Actor (LMB): Sodepyramid1_C (Sodepyramid39)
[2019.04.22-00.04.26:056][888]Cmd: TRANSACTION UNDO
[2019.04.22-00.04.26:056][888]LogEditorTransaction: Undo Move Actors
[2019.04.22-00.04.26:349][892]Cmd: TRANSACTION UNDO
[2019.04.22-00.04.26:349][892]LogEditorTransaction: Undo Move Actors
[2019.04.22-00.04.27:583][932]LogEditorViewport: Clicking on Actor (LMB): StaticMeshActor (SuperGrid_Box31)
[2019.04.22-00.04.53:469][638]LogSlate: FSceneViewport::OnFocusLost() reason 0
[2019.04.22-00.04.53:612][643]Cmd: OBJ SAVEPACKAGE PACKAGE="/Game/StarterContent/Maps/Level1" FILE="../../../../Github/OverIT/MyProject3/Content/StarterContent/Maps/Level1.umap" SILENT=true AUTOSAVING=false KEEPDIRTY=false
[2019.04.22-00.04.55:543][643]LogSavePackage: Moving '../../../../Github/OverIT/MyProject3/Saved/Level15435CF8F440525C9F5E94DB8092C1694.tmp' to '../../../../Github/OverIT/MyProject3/Content/StarterContent/Maps/Level1.umap'
[2019.04.22-00.04.55:607][643]Cmd: OBJ SAVEPACKAGE PACKAGE="/Game/StarterContent/Maps/Level1_BuiltData" FILE="../../../../Github/OverIT/MyProject3/Content/StarterContent/Maps/Level1_BuiltData.uasset" SILENT=true
[2019.04.22-00.05.02:391][643]LogSavePackage: Moving '../../../../Github/OverIT/MyProject3/Saved/Level1_BuiltData7AFDE5B846A7F5CFB282C78E0BF243CC.tmp' to '../../../../Github/OverIT/MyProject3/Content/StarterContent/Maps/Level1_BuiltData.uasset'
[2019.04.22-00.05.03:178][668]LogSlate: FSceneViewport::OnFocusLost() reason 2
