Log file open, 05/21/19 11:48:26
LogWindows: Failed to load 'aqProf.dll' (GetLastError=126)
LogWindows: File 'aqProf.dll' does not exist
LogWindows: Failed to load 'VtuneApi.dll' (GetLastError=126)
LogWindows: File 'VtuneApi.dll' does not exist
LogWindows: Failed to load 'VtuneApi32e.dll' (GetLastError=126)
LogWindows: File 'VtuneApi32e.dll' does not exist
LogConsoleResponse: Display: Failed to find resolution value strings in scalability ini. Falling back to default.
LogInit: Display: Running engine for game: MyProject3
LogPakFile: Registered encryption key '00000000000000000000000000000000': 0 pak files mounted, 0 remain pending
LogPlatformFile: Not using cached read wrapper
LogTaskGraph: Started task graph with 5 named threads and 35 total threads with 3 sets of task threads.
LogStats: Stats thread started at 0.403613
LogD3D11RHI: Loaded GFSDK_Aftermath_Lib.x64.dll
LogICUInternationalization: ICU TimeZone Detection - Raw Offset: -5:00, Platform Override: ''
LogPluginManager: Mounting plugin Paper2D
LogPluginManager: Mounting plugin AISupport
LogPluginManager: Mounting plugin LightPropagationVolume
LogPluginManager: Mounting plugin ActorLayerUtilities
LogPluginManager: Mounting plugin CLionSourceCodeAccess
LogPluginManager: Mounting plugin CodeLiteSourceCodeAccess
LogPluginManager: Mounting plugin GitSourceControl
LogPluginManager: Mounting plugin KDevelopSourceCodeAccess
LogPluginManager: Mounting plugin NullSourceCodeAccess
LogPluginManager: Mounting plugin PerforceSourceControl
LogPluginManager: Mounting plugin SubversionSourceControl
LogPluginManager: Mounting plugin UObjectPlugin
LogPluginManager: Mounting plugin VisualStudioCodeSourceCodeAccess
LogPluginManager: Mounting plugin VisualStudioSourceCodeAccess
LogPluginManager: Mounting plugin XCodeSourceCodeAccess
LogPluginManager: Mounting plugin AssetManagerEditor
LogPluginManager: Mounting plugin CryptoKeys
LogPluginManager: Mounting plugin DataValidation
LogPluginManager: Mounting plugin FacialAnimation
LogPluginManager: Mounting plugin GameplayTagsEditor
LogPluginManager: Mounting plugin MacGraphicsSwitching
LogPluginManager: Mounting plugin MeshEditor
LogPluginManager: Mounting plugin MobileLauncherProfileWizard
LogPluginManager: Mounting plugin PluginBrowser
LogPluginManager: Mounting plugin SpeedTreeImporter
LogPluginManager: Mounting plugin DatasmithContent
LogPluginManager: Mounting plugin VariantManagerContent
LogPluginManager: Mounting plugin AlembicImporter
LogPluginManager: Mounting plugin AppleImageUtils
LogPluginManager: Mounting plugin AppleVision
LogPluginManager: Mounting plugin BackChannel
LogPluginManager: Mounting plugin CharacterAI
LogPluginManager: Mounting plugin GeometryCache
LogPluginManager: Mounting plugin HTML5Networking
LogPluginManager: Mounting plugin ProxyLODPlugin
LogPluginManager: Mounting plugin MagicLeap
LogPluginManager: Mounting plugin MagicLeapMedia
LogPluginManager: Mounting plugin AndroidMedia
LogPluginManager: Mounting plugin AvfMedia
LogPluginManager: Mounting plugin ImgMedia
LogPluginManager: Mounting plugin LinearTimecode
LogPluginManager: Mounting plugin MediaCompositing
LogPluginManager: Mounting plugin MediaPlayerEditor
LogPluginManager: Mounting plugin WebMMedia
LogPluginManager: Mounting plugin WmfMedia
LogPluginManager: Mounting plugin TcpMessaging
LogPluginManager: Mounting plugin UdpMessaging
LogPluginManager: Mounting plugin ActorSequence
LogPluginManager: Mounting plugin LevelSequenceEditor
LogPluginManager: Mounting plugin MatineeToLevelSequence
LogPluginManager: Mounting plugin NetcodeUnitTest
LogPluginManager: Mounting plugin NUTUnrealEngine4
LogPluginManager: Mounting plugin OnlineSubsystemGooglePlay
LogPluginManager: Mounting plugin OnlineSubsystemIOS
LogPluginManager: Mounting plugin OnlineSubsystem
LogPluginManager: Mounting plugin OnlineSubsystemNull
LogPluginManager: Mounting plugin OnlineSubsystemUtils
LogPluginManager: Mounting plugin LauncherChunkInstaller
LogPluginManager: Mounting plugin AndroidDeviceProfileSelector
LogPluginManager: Mounting plugin AndroidMoviePlayer
LogPluginManager: Mounting plugin AndroidPermission
LogPluginManager: Mounting plugin AppleMoviePlayer
LogPluginManager: Mounting plugin ArchVisCharacter
LogPluginManager: Mounting plugin AudioCapture
LogPluginManager: Mounting plugin CableComponent
LogPluginManager: Mounting plugin CustomMeshComponent
LogPluginManager: Mounting plugin EditableMesh
LogPluginManager: Mounting plugin ExampleDeviceProfileSelector
LogPluginManager: Mounting plugin Firebase
LogPluginManager: Mounting plugin GoogleCloudMessaging
LogPluginManager: Mounting plugin IOSDeviceProfileSelector
LogPluginManager: Mounting plugin LinuxDeviceProfileSelector
LogPluginManager: Mounting plugin LocationServicesBPLibrary
LogPluginManager: Mounting plugin MobilePatchingUtils
LogPluginManager: Mounting plugin OculusVR
LogPluginManager: Mounting plugin PhysXVehicles
LogPluginManager: Mounting plugin ProceduralMeshComponent
LogPluginManager: Mounting plugin RuntimePhysXCooking
LogPluginManager: Mounting plugin SteamVR
LogPluginManager: Mounting plugin WebMMoviePlayer
LogPluginManager: Mounting plugin WindowsMoviePlayer
LogStreaming: Display: Took  0.084s to configure plugins.
LogInit: Using libcurl 7.55.1-DEV
LogInit:  - built for x86_64-pc-win32
LogInit:  - supports SSL with OpenSSL/1.0.2h
LogInit:  - supports HTTP deflate (compression) using libz 1.2.8
LogInit:  - other features:
LogInit:      CURL_VERSION_SSL
LogInit:      CURL_VERSION_LIBZ
LogInit:      CURL_VERSION_IPV6
LogInit:      CURL_VERSION_ASYNCHDNS
LogInit:      CURL_VERSION_LARGEFILE
LogInit:      CURL_VERSION_IDN
LogInit:  CurlRequestOptions (configurable via config and command line):
LogInit:  - bVerifyPeer = true  - Libcurl will verify peer certificate
LogInit:  - bUseHttpProxy = false  - Libcurl will NOT use HTTP proxy
LogInit:  - bDontReuseConnections = false  - Libcurl will reuse connections
LogInit:  - MaxHostConnections = 16  - Libcurl will limit the number of connections to a host
LogInit:  - LocalHostAddr = Default
LogInit:  - BufferSize = 65536
LogInit: WinSock: version 1.1 (2.2), MaxSocks=32767, MaxUdp=65467
LogInit: Build: ++UE4+Release-4.21-CL-4753647
LogInit: Engine Version: 4.21.2-4753647+++UE4+Release-4.21
LogInit: Compatible Engine Version: 4.21.0-4541578+++UE4+Release-4.21
LogInit: Net CL: 4541578
LogInit: OS: Windows 10 (), CPU: Intel(R) Core(TM) i7-8750H CPU @ 2.20GHz, GPU: Intel(R) UHD Graphics 630
LogInit: Compiled (64-bit): Jan 19 2019 02:07:31
LogInit: Compiled with Visual C++: 19.13.26129.00
LogInit: Build Configuration: Development
LogInit: Branch Name: ++UE4+Release-4.21
LogInit: Command Line: 
LogInit: Base Directory: C:/Program Files/Epic Games/UE_4.21/Engine/Binaries/Win64/
LogInit: Installed Engine Build: 1
LogDevObjectVersion: Number of dev versions registered: 22
LogDevObjectVersion:   Dev-Blueprints (B0D832E4-1F89-4F0D-ACCF-7EB736FD4AA2): 10
LogDevObjectVersion:   Dev-Build (E1C64328-A22C-4D53-A36C-8E866417BD8C): 0
LogDevObjectVersion:   Dev-Core (375EC13C-06E4-48FB-B500-84F0262A717E): 2
LogDevObjectVersion:   Dev-Editor (E4B068ED-F494-42E9-A231-DA0B2E46BB41): 26
LogDevObjectVersion:   Dev-Framework (CFFC743F-43B0-4480-9391-14DF171D2073): 34
LogDevObjectVersion:   Dev-Mobile (B02B49B5-BB20-44E9-A304-32B752E40360): 2
LogDevObjectVersion:   Dev-Networking (A4E4105C-59A1-49B5-A7C5-40C4547EDFEE): 0
LogDevObjectVersion:   Dev-Online (39C831C9-5AE6-47DC-9A44-9C173E1C8E7C): 0
LogDevObjectVersion:   Dev-Physics (78F01B33-EBEA-4F98-B9B4-84EACCB95AA2): 0
LogDevObjectVersion:   Dev-Platform (6631380F-2D4D-43E0-8009-CF276956A95A): 0
LogDevObjectVersion:   Dev-Rendering (12F88B9F-8875-4AFC-A67C-D90C383ABD29): 27
LogDevObjectVersion:   Dev-Sequencer (7B5AE74C-D270-4C10-A958-57980B212A5A): 9
LogDevObjectVersion:   Dev-VR (D7296918-1DD6-4BDD-9DE2-64A83CC13884): 2
LogDevObjectVersion:   Dev-LoadTimes (C2A15278-BFE7-4AFE-6C17-90FF531DF755): 1
LogDevObjectVersion:   Private-Geometry (6EACA3D4-40EC-4CC1-B786-8BED09428FC5): 3
LogDevObjectVersion:   Dev-AnimPhys (29E575DD-E0A3-4627-9D10-D276232CDCEA): 17
LogDevObjectVersion:   Dev-Anim (AF43A65D-7FD3-4947-9873-3E8ED9C1BB05): 2
LogDevObjectVersion:   Dev-ReflectionCapture (6B266CEC-1EC7-4B8F-A30B-E4D90942FC07): 1
LogDevObjectVersion:   Dev-Automation (0DF73D61-A23F-47EA-B727-89E90C41499A): 1
LogDevObjectVersion:   FortniteMain (601D1886-AC64-4F84-AA16-D3DE0DEAC7D6): 17
LogDevObjectVersion:   Dev-Enterprise (9DFFBCD6-494F-0158-E221-12823C92A888): 4
LogDevObjectVersion:   Dev-Niagara (F2AED0AC-9AFE-416F-8664-AA7FFA26D6FC): 1
LogStreaming: Display: Took  0.001s to delete old logs.
LogInit: Presizing for max 8388607 objects, including 0 objects not considered by GC, pre-allocating 0 bytes for permanent pool.
LogInit: Object subsystem initialized
LogConfig: Setting CVar [[con.DebugEarlyDefault:1]]
LogConfig: Setting CVar [[r.setres:1280x720]]
[2019.05.21-15.48.27:022][  0]LogConfig: Setting CVar [[r.VSync:0]]
[2019.05.21-15.48.27:022][  0]LogConfig: Setting CVar [[r.RHICmdBypass:0]]
[2019.05.21-15.48.27:022][  0]LogConfig: Applying CVar settings from Section [/Script/Engine.RendererSettings] File [D:/FOLDER/OverIT/MyProject3/Saved/Config/Windows/Engine.ini]
[2019.05.21-15.48.27:022][  0]LogConfig: Setting CVar [[r.GPUCrashDebugging:0]]
[2019.05.21-15.48.27:022][  0]LogConfig: Applying CVar settings from Section [/Script/Engine.RendererOverrideSettings] File [D:/FOLDER/OverIT/MyProject3/Saved/Config/Windows/Engine.ini]
[2019.05.21-15.48.27:022][  0]LogConfig: Applying CVar settings from Section [/Script/Engine.StreamingSettings] File [D:/FOLDER/OverIT/MyProject3/Saved/Config/Windows/Engine.ini]
[2019.05.21-15.48.27:022][  0]LogConfig: Setting CVar [[s.MinBulkDataSizeForAsyncLoading:131072]]
[2019.05.21-15.48.27:022][  0]LogConfig: Setting CVar [[s.AsyncLoadingThreadEnabled:0]]
[2019.05.21-15.48.27:022][  0]LogConfig: Setting CVar [[s.EventDrivenLoaderEnabled:1]]
[2019.05.21-15.48.27:023][  0]LogConfig: Setting CVar [[s.WarnIfTimeLimitExceeded:0]]
[2019.05.21-15.48.27:023][  0]LogConfig: Setting CVar [[s.TimeLimitExceededMultiplier:1.5]]
[2019.05.21-15.48.27:023][  0]LogConfig: Setting CVar [[s.TimeLimitExceededMinTime:0.005]]
[2019.05.21-15.48.27:023][  0]LogConfig: Setting CVar [[s.UseBackgroundLevelStreaming:1]]
[2019.05.21-15.48.27:023][  0]LogConfig: Setting CVar [[s.PriorityAsyncLoadingExtraTime:15.0]]
[2019.05.21-15.48.27:023][  0]LogConfig: Setting CVar [[s.LevelStreamingActorsUpdateTimeLimit:5.0]]
[2019.05.21-15.48.27:023][  0]LogConfig: Setting CVar [[s.PriorityLevelStreamingActorsUpdateExtraTime:5.0]]
[2019.05.21-15.48.27:023][  0]LogConfig: Setting CVar [[s.LevelStreamingComponentsRegistrationGranularity:10]]
[2019.05.21-15.48.27:023][  0]LogConfig: Setting CVar [[s.UnregisterComponentsTimeLimit:1.0]]
[2019.05.21-15.48.27:023][  0]LogConfig: Setting CVar [[s.LevelStreamingComponentsUnregistrationGranularity:5]]
[2019.05.21-15.48.27:023][  0]LogConfig: Applying CVar settings from Section [/Script/Engine.GarbageCollectionSettings] File [D:/FOLDER/OverIT/MyProject3/Saved/Config/Windows/Engine.ini]
[2019.05.21-15.48.27:023][  0]LogConfig: Setting CVar [[gc.MaxObjectsNotConsideredByGC:1]]
[2019.05.21-15.48.27:023][  0]LogConfig: Setting CVar [[gc.SizeOfPermanentObjectPool:0]]
[2019.05.21-15.48.27:023][  0]LogConfig: Setting CVar [[gc.FlushStreamingOnGC:0]]
[2019.05.21-15.48.27:023][  0]LogConfig: Setting CVar [[gc.NumRetriesBeforeForcingGC:10]]
[2019.05.21-15.48.27:023][  0]LogConfig: Setting CVar [[gc.AllowParallelGC:1]]
[2019.05.21-15.48.27:023][  0]LogConfig: Setting CVar [[gc.TimeBetweenPurgingPendingKillObjects:61.1]]
[2019.05.21-15.48.27:023][  0]LogConfig: Setting CVar [[gc.MaxObjectsInEditor:8388607]]
[2019.05.21-15.48.27:023][  0]LogConfig: Setting CVar [[gc.IncrementalBeginDestroyEnabled:1]]
[2019.05.21-15.48.27:023][  0]LogConfig: Setting CVar [[gc.CreateGCClusters:1]]
[2019.05.21-15.48.27:023][  0]LogConfig: Setting CVar [[gc.MergeGCClusters:0]]
[2019.05.21-15.48.27:023][  0]LogConfig: Setting CVar [[gc.MinGCClusterSize:5]]
[2019.05.21-15.48.27:023][  0]LogConfig: Setting CVar [[gc.ActorClusteringEnabled:0]]
[2019.05.21-15.48.27:023][  0]LogConfig: Setting CVar [[gc.BlueprintClusteringEnabled:0]]
[2019.05.21-15.48.27:023][  0]LogConfig: Setting CVar [[gc.UseDisregardForGCOnDedicatedServers:0]]
[2019.05.21-15.48.27:023][  0]LogConfig: Applying CVar settings from Section [/Script/Engine.NetworkSettings] File [D:/FOLDER/OverIT/MyProject3/Saved/Config/Windows/Engine.ini]
[2019.05.21-15.48.27:023][  0]LogConfig: Applying CVar settings from Section [/Script/UnrealEd.CookerSettings] File [D:/FOLDER/OverIT/MyProject3/Saved/Config/Windows/Engine.ini]
[2019.05.21-15.48.27:024][  0]LogConfig: Applying CVar settings from Section [ViewDistanceQuality@3] File [D:/FOLDER/OverIT/MyProject3/Saved/Config/Windows/Scalability.ini]
[2019.05.21-15.48.27:024][  0]LogConfig: Setting CVar [[r.SkeletalMeshLODBias:0]]
[2019.05.21-15.48.27:024][  0]LogConfig: Setting CVar [[r.ViewDistanceScale:1.0]]
[2019.05.21-15.48.27:024][  0]LogConfig: Applying CVar settings from Section [AntiAliasingQuality@3] File [D:/FOLDER/OverIT/MyProject3/Saved/Config/Windows/Scalability.ini]
[2019.05.21-15.48.27:024][  0]LogConfig: Setting CVar [[r.PostProcessAAQuality:3]]
[2019.05.21-15.48.27:024][  0]LogConfig: Applying CVar settings from Section [ShadowQuality@3] File [D:/FOLDER/OverIT/MyProject3/Saved/Config/Windows/Scalability.ini]
[2019.05.21-15.48.27:024][  0]LogConfig: Setting CVar [[r.LightFunctionQuality:1]]
[2019.05.21-15.48.27:024][  0]LogConfig: Setting CVar [[r.ShadowQuality:5]]
[2019.05.21-15.48.27:024][  0]LogConfig: Setting CVar [[r.Shadow.CSM.MaxCascades:10]]
[2019.05.21-15.48.27:025][  0]LogConfig: Setting CVar [[r.Shadow.MaxResolution:2048]]
[2019.05.21-15.48.27:025][  0]LogConfig: Setting CVar [[r.Shadow.MaxCSMResolution:2048]]
[2019.05.21-15.48.27:025][  0]LogConfig: Setting CVar [[r.Shadow.RadiusThreshold:0.01]]
[2019.05.21-15.48.27:025][  0]LogConfig: Setting CVar [[r.Shadow.DistanceScale:1.0]]
[2019.05.21-15.48.27:025][  0]LogConfig: Setting CVar [[r.Shadow.CSM.TransitionScale:1.0]]
[2019.05.21-15.48.27:025][  0]LogConfig: Setting CVar [[r.Shadow.PreShadowResolutionFactor:1.0]]
[2019.05.21-15.48.27:025][  0]LogConfig: Setting CVar [[r.DistanceFieldShadowing:1]]
[2019.05.21-15.48.27:025][  0]LogConfig: Setting CVar [[r.DistanceFieldAO:1]]
[2019.05.21-15.48.27:025][  0]LogConfig: Setting CVar [[r.AOQuality:2]]
[2019.05.21-15.48.27:025][  0]LogConfig: Setting CVar [[r.VolumetricFog:1]]
[2019.05.21-15.48.27:025][  0]LogConfig: Setting CVar [[r.VolumetricFog.GridPixelSize:8]]
[2019.05.21-15.48.27:025][  0]LogConfig: Setting CVar [[r.VolumetricFog.GridSizeZ:128]]
[2019.05.21-15.48.27:025][  0]LogConfig: Setting CVar [[r.VolumetricFog.HistoryMissSupersampleCount:4]]
[2019.05.21-15.48.27:025][  0]LogConfig: Setting CVar [[r.LightMaxDrawDistanceScale:1]]
[2019.05.21-15.48.27:025][  0]LogConfig: Setting CVar [[r.CapsuleShadows:1]]
[2019.05.21-15.48.27:025][  0]LogConfig: Applying CVar settings from Section [PostProcessQuality@3] File [D:/FOLDER/OverIT/MyProject3/Saved/Config/Windows/Scalability.ini]
[2019.05.21-15.48.27:025][  0]LogConfig: Setting CVar [[r.MotionBlurQuality:0]]
[2019.05.21-15.48.27:025][  0]LogConfig: Setting CVar [[r.AmbientOcclusionMipLevelFactor:0.4]]
[2019.05.21-15.48.27:025][  0]LogConfig: Setting CVar [[r.AmbientOcclusionMaxQuality:100]]
[2019.05.21-15.48.27:025][  0]LogConfig: Setting CVar [[r.AmbientOcclusionLevels:0]]
[2019.05.21-15.48.27:025][  0]LogConfig: Setting CVar [[r.AmbientOcclusionRadiusScale:1.0]]
[2019.05.21-15.48.27:025][  0]LogConfig: Setting CVar [[r.DepthOfFieldQuality:0]]
[2019.05.21-15.48.27:025][  0]LogConfig: Setting CVar [[r.RenderTargetPoolMin:400]]
[2019.05.21-15.48.27:025][  0]LogConfig: Setting CVar [[r.LensFlareQuality:0]]
[2019.05.21-15.48.27:025][  0]LogConfig: Setting CVar [[r.SceneColorFringeQuality:0]]
[2019.05.21-15.48.27:025][  0]LogConfig: Setting CVar [[r.EyeAdaptationQuality:2]]
[2019.05.21-15.48.27:025][  0]LogConfig: Setting CVar [[r.BloomQuality:1]]
[2019.05.21-15.48.27:025][  0]LogConfig: Setting CVar [[r.FastBlurThreshold:0]]
[2019.05.21-15.48.27:025][  0]LogConfig: Setting CVar [[r.Upscale.Quality:3]]
[2019.05.21-15.48.27:025][  0]LogConfig: Setting CVar [[r.Tonemapper.GrainQuantization:1]]
[2019.05.21-15.48.27:025][  0]LogConfig: Setting CVar [[r.LightShaftQuality:1]]
[2019.05.21-15.48.27:025][  0]LogConfig: Setting CVar [[r.Filter.SizeScale:1]]
[2019.05.21-15.48.27:025][  0]LogConfig: Setting CVar [[r.Tonemapper.Quality:5]]
[2019.05.21-15.48.27:025][  0]LogConfig: Setting CVar [[r.DOF.Gather.AccumulatorQuality:1        ; higher gathering accumulator quality]]
[2019.05.21-15.48.27:025][  0]LogConfig: Setting CVar [[r.DOF.Gather.PostfilterMethod:1          ; Median3x3 postfilering method]]
[2019.05.21-15.48.27:025][  0]LogConfig: Setting CVar [[r.DOF.Gather.EnableBokehSettings:0       ; no bokeh simulation when gathering]]
[2019.05.21-15.48.27:025][  0]LogConfig: Setting CVar [[r.DOF.Gather.RingCount:4                 ; medium number of samples when gathering]]
[2019.05.21-15.48.27:025][  0]LogConfig: Setting CVar [[r.DOF.Scatter.ForegroundCompositing:1    ; additive foreground scattering]]
[2019.05.21-15.48.27:025][  0]LogConfig: Setting CVar [[r.DOF.Scatter.BackgroundCompositing:2    ; additive background scattering]]
[2019.05.21-15.48.27:025][  0]LogConfig: Setting CVar [[r.DOF.Scatter.EnableBokehSettings:1      ; bokeh simulation when scattering]]
[2019.05.21-15.48.27:025][  0]LogConfig: Setting CVar [[r.DOF.Scatter.MaxSpriteRatio:0.1         ; only a maximum of 10% of scattered bokeh]]
[2019.05.21-15.48.27:025][  0]LogConfig: Setting CVar [[r.DOF.Recombine.Quality:1                ; cheap slight out of focus]]
[2019.05.21-15.48.27:025][  0]LogConfig: Setting CVar [[r.DOF.Recombine.EnableBokehSettings:0    ; no bokeh simulation on slight out of focus]]
[2019.05.21-15.48.27:025][  0]LogConfig: Setting CVar [[r.DOF.TemporalAAQuality:1                ; more stable temporal accumulation]]
[2019.05.21-15.48.27:025][  0]LogConfig: Setting CVar [[r.DOF.Kernel.MaxForegroundRadius:0.025]]
[2019.05.21-15.48.27:025][  0]LogConfig: Setting CVar [[r.DOF.Kernel.MaxBackgroundRadius:0.025]]
[2019.05.21-15.48.27:025][  0]LogConfig: Applying CVar settings from Section [TextureQuality@3] File [D:/FOLDER/OverIT/MyProject3/Saved/Config/Windows/Scalability.ini]
[2019.05.21-15.48.27:025][  0]LogConfig: Setting CVar [[r.Streaming.MipBias:0]]
[2019.05.21-15.48.27:025][  0]LogConfig: Setting CVar [[r.Streaming.AmortizeCPUToGPUCopy:0]]
[2019.05.21-15.48.27:025][  0]LogConfig: Setting CVar [[r.Streaming.MaxNumTexturesToStreamPerFrame:0]]
[2019.05.21-15.48.27:025][  0]LogConfig: Setting CVar [[r.Streaming.Boost:1]]
[2019.05.21-15.48.27:025][  0]LogConfig: Setting CVar [[r.MaxAnisotropy:8]]
[2019.05.21-15.48.27:025][  0]LogConfig: Setting CVar [[r.Streaming.LimitPoolSizeToVRAM:0]]
[2019.05.21-15.48.27:025][  0]LogConfig: Setting CVar [[r.Streaming.PoolSize:1000]]
[2019.05.21-15.48.27:025][  0]LogConfig: Setting CVar [[r.Streaming.MaxEffectiveScreenSize:0]]
[2019.05.21-15.48.27:025][  0]LogConfig: Applying CVar settings from Section [EffectsQuality@3] File [D:/FOLDER/OverIT/MyProject3/Saved/Config/Windows/Scalability.ini]
[2019.05.21-15.48.27:025][  0]LogConfig: Setting CVar [[r.TranslucencyLightingVolumeDim:4]]
[2019.05.21-15.48.27:025][  0]LogConfig: Setting CVar [[r.RefractionQuality:2]]
[2019.05.21-15.48.27:025][  0]LogConfig: Setting CVar [[r.SSR.Quality:0]]
[2019.05.21-15.48.27:025][  0]LogConfig: Setting CVar [[r.SceneColorFormat:2]]
[2019.05.21-15.48.27:025][  0]LogConfig: Setting CVar [[r.DetailMode:2]]
[2019.05.21-15.48.27:025][  0]LogConfig: Setting CVar [[r.TranslucencyVolumeBlur:0]]
[2019.05.21-15.48.27:025][  0]LogConfig: Setting CVar [[r.MaterialQualityLevel:1 ; High quality]]
[2019.05.21-15.48.27:025][  0]LogConfig: Setting CVar [[r.SSS.Scale:1]]
[2019.05.21-15.48.27:025][  0]LogConfig: Setting CVar [[r.SSS.SampleSet:2]]
[2019.05.21-15.48.27:025][  0]LogConfig: Setting CVar [[r.SSS.Quality:1]]
[2019.05.21-15.48.27:025][  0]LogConfig: Setting CVar [[r.SSS.HalfRes:1]]
[2019.05.21-15.48.27:025][  0]LogConfig: Setting CVar [[r.EmitterSpawnRateScale:1.0]]
[2019.05.21-15.48.27:025][  0]LogConfig: Setting CVar [[r.ParticleLightQuality:2]]
[2019.05.21-15.48.27:025][  0]LogConfig: Applying CVar settings from Section [FoliageQuality@3] File [D:/FOLDER/OverIT/MyProject3/Saved/Config/Windows/Scalability.ini]
[2019.05.21-15.48.27:025][  0]LogConfig: Setting CVar [[foliage.DensityScale:1.0]]
[2019.05.21-15.48.27:025][  0]LogConfig: Setting CVar [[grass.DensityScale:1.0]]
[2019.05.21-15.48.27:025][  0]LogInit: Selected Device Profile: [Windows]
[2019.05.21-15.48.27:025][  0]LogInit: Applying CVar settings loaded from the selected device profile: [Windows]
[2019.05.21-15.48.27:032][  0]LogHAL: Display: Platform has ~ 16 GB [17018638336 / 17179869184 / 16], which maps to Larger [LargestMinGB=32, LargerMinGB=12, DefaultMinGB=8, SmallerMinGB=6, SmallestMinGB=0)
[2019.05.21-15.48.27:032][  0]LogConfig: Setting CVar [[r.Vulkan.UseRealUBs:1]]
[2019.05.21-15.48.27:032][  0]LogInit: Going up to parent DeviceProfile []
[2019.05.21-15.48.27:032][  0]LogConfig: Applying CVar settings from Section [ViewDistanceQuality@3] File [D:/FOLDER/OverIT/MyProject3/Saved/Config/Windows/Scalability.ini]
[2019.05.21-15.48.27:032][  0]LogConfig: Setting CVar [[r.SkeletalMeshLODBias:0]]
[2019.05.21-15.48.27:032][  0]LogConfig: Setting CVar [[r.ViewDistanceScale:1.0]]
[2019.05.21-15.48.27:032][  0]LogConfig: Applying CVar settings from Section [AntiAliasingQuality@3] File [D:/FOLDER/OverIT/MyProject3/Saved/Config/Windows/Scalability.ini]
[2019.05.21-15.48.27:032][  0]LogConfig: Setting CVar [[r.PostProcessAAQuality:3]]
[2019.05.21-15.48.27:032][  0]LogConfig: Applying CVar settings from Section [ShadowQuality@3] File [D:/FOLDER/OverIT/MyProject3/Saved/Config/Windows/Scalability.ini]
[2019.05.21-15.48.27:032][  0]LogConfig: Setting CVar [[r.LightFunctionQuality:1]]
[2019.05.21-15.48.27:032][  0]LogConfig: Setting CVar [[r.ShadowQuality:5]]
[2019.05.21-15.48.27:032][  0]LogConfig: Setting CVar [[r.Shadow.CSM.MaxCascades:10]]
[2019.05.21-15.48.27:032][  0]LogConfig: Setting CVar [[r.Shadow.MaxResolution:2048]]
[2019.05.21-15.48.27:032][  0]LogConfig: Setting CVar [[r.Shadow.MaxCSMResolution:2048]]
[2019.05.21-15.48.27:032][  0]LogConfig: Setting CVar [[r.Shadow.RadiusThreshold:0.01]]
[2019.05.21-15.48.27:032][  0]LogConfig: Setting CVar [[r.Shadow.DistanceScale:1.0]]
[2019.05.21-15.48.27:032][  0]LogConfig: Setting CVar [[r.Shadow.CSM.TransitionScale:1.0]]
[2019.05.21-15.48.27:032][  0]LogConfig: Setting CVar [[r.Shadow.PreShadowResolutionFactor:1.0]]
[2019.05.21-15.48.27:032][  0]LogConfig: Setting CVar [[r.DistanceFieldShadowing:1]]
[2019.05.21-15.48.27:032][  0]LogConfig: Setting CVar [[r.DistanceFieldAO:1]]
[2019.05.21-15.48.27:032][  0]LogConfig: Setting CVar [[r.AOQuality:2]]
[2019.05.21-15.48.27:032][  0]LogConfig: Setting CVar [[r.VolumetricFog:1]]
[2019.05.21-15.48.27:032][  0]LogConfig: Setting CVar [[r.VolumetricFog.GridPixelSize:8]]
[2019.05.21-15.48.27:032][  0]LogConfig: Setting CVar [[r.VolumetricFog.GridSizeZ:128]]
[2019.05.21-15.48.27:032][  0]LogConfig: Setting CVar [[r.VolumetricFog.HistoryMissSupersampleCount:4]]
[2019.05.21-15.48.27:032][  0]LogConfig: Setting CVar [[r.LightMaxDrawDistanceScale:1]]
[2019.05.21-15.48.27:032][  0]LogConfig: Setting CVar [[r.CapsuleShadows:1]]
[2019.05.21-15.48.27:032][  0]LogConfig: Applying CVar settings from Section [PostProcessQuality@3] File [D:/FOLDER/OverIT/MyProject3/Saved/Config/Windows/Scalability.ini]
[2019.05.21-15.48.27:032][  0]LogConfig: Setting CVar [[r.MotionBlurQuality:0]]
[2019.05.21-15.48.27:032][  0]LogConfig: Setting CVar [[r.AmbientOcclusionMipLevelFactor:0.4]]
[2019.05.21-15.48.27:032][  0]LogConfig: Setting CVar [[r.AmbientOcclusionMaxQuality:100]]
[2019.05.21-15.48.27:032][  0]LogConfig: Setting CVar [[r.AmbientOcclusionLevels:0]]
[2019.05.21-15.48.27:032][  0]LogConfig: Setting CVar [[r.AmbientOcclusionRadiusScale:1.0]]
[2019.05.21-15.48.27:032][  0]LogConfig: Setting CVar [[r.DepthOfFieldQuality:0]]
[2019.05.21-15.48.27:032][  0]LogConfig: Setting CVar [[r.RenderTargetPoolMin:400]]
[2019.05.21-15.48.27:032][  0]LogConfig: Setting CVar [[r.LensFlareQuality:0]]
[2019.05.21-15.48.27:032][  0]LogConfig: Setting CVar [[r.SceneColorFringeQuality:0]]
[2019.05.21-15.48.27:032][  0]LogConfig: Setting CVar [[r.EyeAdaptationQuality:2]]
[2019.05.21-15.48.27:032][  0]LogConfig: Setting CVar [[r.BloomQuality:1]]
[2019.05.21-15.48.27:032][  0]LogConfig: Setting CVar [[r.FastBlurThreshold:0]]
[2019.05.21-15.48.27:032][  0]LogConfig: Setting CVar [[r.Upscale.Quality:3]]
[2019.05.21-15.48.27:032][  0]LogConfig: Setting CVar [[r.Tonemapper.GrainQuantization:1]]
[2019.05.21-15.48.27:032][  0]LogConfig: Setting CVar [[r.LightShaftQuality:1]]
[2019.05.21-15.48.27:032][  0]LogConfig: Setting CVar [[r.Filter.SizeScale:1]]
[2019.05.21-15.48.27:032][  0]LogConfig: Setting CVar [[r.Tonemapper.Quality:5]]
[2019.05.21-15.48.27:032][  0]LogConfig: Setting CVar [[r.DOF.Gather.AccumulatorQuality:1        ; higher gathering accumulator quality]]
[2019.05.21-15.48.27:032][  0]LogConfig: Setting CVar [[r.DOF.Gather.PostfilterMethod:1          ; Median3x3 postfilering method]]
[2019.05.21-15.48.27:032][  0]LogConfig: Setting CVar [[r.DOF.Gather.EnableBokehSettings:0       ; no bokeh simulation when gathering]]
[2019.05.21-15.48.27:032][  0]LogConfig: Setting CVar [[r.DOF.Gather.RingCount:4                 ; medium number of samples when gathering]]
[2019.05.21-15.48.27:032][  0]LogConfig: Setting CVar [[r.DOF.Scatter.ForegroundCompositing:1    ; additive foreground scattering]]
[2019.05.21-15.48.27:032][  0]LogConfig: Setting CVar [[r.DOF.Scatter.BackgroundCompositing:2    ; additive background scattering]]
[2019.05.21-15.48.27:032][  0]LogConfig: Setting CVar [[r.DOF.Scatter.EnableBokehSettings:1      ; bokeh simulation when scattering]]
[2019.05.21-15.48.27:032][  0]LogConfig: Setting CVar [[r.DOF.Scatter.MaxSpriteRatio:0.1         ; only a maximum of 10% of scattered bokeh]]
[2019.05.21-15.48.27:032][  0]LogConfig: Setting CVar [[r.DOF.Recombine.Quality:1                ; cheap slight out of focus]]
[2019.05.21-15.48.27:032][  0]LogConfig: Setting CVar [[r.DOF.Recombine.EnableBokehSettings:0    ; no bokeh simulation on slight out of focus]]
[2019.05.21-15.48.27:032][  0]LogConfig: Setting CVar [[r.DOF.TemporalAAQuality:1                ; more stable temporal accumulation]]
[2019.05.21-15.48.27:032][  0]LogConfig: Setting CVar [[r.DOF.Kernel.MaxForegroundRadius:0.025]]
[2019.05.21-15.48.27:032][  0]LogConfig: Setting CVar [[r.DOF.Kernel.MaxBackgroundRadius:0.025]]
[2019.05.21-15.48.27:032][  0]LogConfig: Applying CVar settings from Section [TextureQuality@3] File [D:/FOLDER/OverIT/MyProject3/Saved/Config/Windows/Scalability.ini]
[2019.05.21-15.48.27:032][  0]LogConfig: Setting CVar [[r.Streaming.MipBias:0]]
[2019.05.21-15.48.27:032][  0]LogConfig: Setting CVar [[r.Streaming.AmortizeCPUToGPUCopy:0]]
[2019.05.21-15.48.27:032][  0]LogConfig: Setting CVar [[r.Streaming.MaxNumTexturesToStreamPerFrame:0]]
[2019.05.21-15.48.27:032][  0]LogConfig: Setting CVar [[r.Streaming.Boost:1]]
[2019.05.21-15.48.27:032][  0]LogConfig: Setting CVar [[r.MaxAnisotropy:8]]
[2019.05.21-15.48.27:032][  0]LogConfig: Setting CVar [[r.Streaming.LimitPoolSizeToVRAM:0]]
[2019.05.21-15.48.27:032][  0]LogConfig: Setting CVar [[r.Streaming.PoolSize:1000]]
[2019.05.21-15.48.27:032][  0]LogConfig: Setting CVar [[r.Streaming.MaxEffectiveScreenSize:0]]
[2019.05.21-15.48.27:032][  0]LogConfig: Applying CVar settings from Section [EffectsQuality@3] File [D:/FOLDER/OverIT/MyProject3/Saved/Config/Windows/Scalability.ini]
[2019.05.21-15.48.27:032][  0]LogConfig: Setting CVar [[r.TranslucencyLightingVolumeDim:4]]
[2019.05.21-15.48.27:032][  0]LogConfig: Setting CVar [[r.RefractionQuality:2]]
[2019.05.21-15.48.27:033][  0]LogConfig: Setting CVar [[r.SSR.Quality:0]]
[2019.05.21-15.48.27:033][  0]LogConfig: Setting CVar [[r.SceneColorFormat:2]]
[2019.05.21-15.48.27:033][  0]LogConfig: Setting CVar [[r.DetailMode:2]]
[2019.05.21-15.48.27:033][  0]LogConfig: Setting CVar [[r.TranslucencyVolumeBlur:0]]
[2019.05.21-15.48.27:033][  0]LogConfig: Setting CVar [[r.MaterialQualityLevel:1 ; High quality]]
[2019.05.21-15.48.27:033][  0]LogConfig: Setting CVar [[r.SSS.Scale:1]]
[2019.05.21-15.48.27:033][  0]LogConfig: Setting CVar [[r.SSS.SampleSet:2]]
[2019.05.21-15.48.27:033][  0]LogConfig: Setting CVar [[r.SSS.Quality:1]]
[2019.05.21-15.48.27:033][  0]LogConfig: Setting CVar [[r.SSS.HalfRes:1]]
[2019.05.21-15.48.27:033][  0]LogConfig: Setting CVar [[r.EmitterSpawnRateScale:1.0]]
[2019.05.21-15.48.27:033][  0]LogConfig: Setting CVar [[r.ParticleLightQuality:2]]
[2019.05.21-15.48.27:033][  0]LogConfig: Applying CVar settings from Section [FoliageQuality@3] File [D:/FOLDER/OverIT/MyProject3/Saved/Config/Windows/Scalability.ini]
[2019.05.21-15.48.27:033][  0]LogConfig: Setting CVar [[foliage.DensityScale:1.0]]
[2019.05.21-15.48.27:033][  0]LogConfig: Setting CVar [[grass.DensityScale:1.0]]
[2019.05.21-15.48.27:033][  0]LogConfig: Applying CVar settings from Section [Startup] File [../../../Engine/Config/ConsoleVariables.ini]
[2019.05.21-15.48.27:033][  0]LogConfig: Setting CVar [[net.UseAdaptiveNetUpdateFrequency:0]]
[2019.05.21-15.48.27:033][  0]LogConfig: Applying CVar settings from Section [ConsoleVariables] File [D:/FOLDER/OverIT/MyProject3/Saved/Config/Windows/Engine.ini]
[2019.05.21-15.48.27:033][  0]LogInit: Computer: MSI
[2019.05.21-15.48.27:033][  0]LogInit: User: Gretchen
[2019.05.21-15.48.27:033][  0]LogInit: CPU Page size=4096, Cores=6
[2019.05.21-15.48.27:033][  0]LogInit: High frequency timer resolution =10.000000 MHz
[2019.05.21-15.48.27:033][  0]LogMemory: Memory total: Physical=15.8GB (16GB approx)
[2019.05.21-15.48.27:033][  0]LogMemory: Platform Memory Stats for Windows
[2019.05.21-15.48.27:033][  0]LogMemory: Process Physical Memory: 110.27 MB used, 110.28 MB peak
[2019.05.21-15.48.27:033][  0]LogMemory: Process Virtual Memory: 100.23 MB used, 100.23 MB peak
[2019.05.21-15.48.27:033][  0]LogMemory: Physical Memory: 6335.45 MB used,  9894.79 MB free, 16230.24 MB total
[2019.05.21-15.48.27:033][  0]LogMemory: Virtual Memory: 4695.76 MB used,  134213032.00 MB free, 134217728.00 MB total
[2019.05.21-15.48.27:274][  0]LogInit: Using OS detected language (en-US).
[2019.05.21-15.48.27:274][  0]LogInit: Using OS detected locale (en-US).
[2019.05.21-15.48.27:275][  0]LogTextLocalizationManager: No specific localization for 'en-US' exists, so the 'en' localization will be used.
[2019.05.21-15.48.27:613][  0]LogStreaming: Display: Took  0.339s to InitEngineTextLocalization.
[2019.05.21-15.48.27:613][  0]LogInit: Setting process to per monitor DPI aware
[2019.05.21-15.48.27:647][  0]LogSlate: New Slate User Created.  User Index 0, Is Virtual User: 0
[2019.05.21-15.48.27:647][  0]LogSlate: Slate User Registered.  User Index 0, Is Virtual User: 0
[2019.05.21-15.48.27:827][  0]LogD3D11RHI: D3D11 adapters:
[2019.05.21-15.48.27:878][  0]LogD3D11RHI:    0. 'NVIDIA GeForce GTX 1060' (Feature Level 11_0)
[2019.05.21-15.48.27:878][  0]LogD3D11RHI:       6052/0/8115 MB DedicatedVideo/DedicatedSystem/SharedSystem, Outputs:1, VendorId:0x10de
[2019.05.21-15.48.27:892][  0]LogD3D11RHI:    1. 'Intel(R) UHD Graphics 630' (Feature Level 11_0)
[2019.05.21-15.48.27:892][  0]LogD3D11RHI:       128/0/8115 MB DedicatedVideo/DedicatedSystem/SharedSystem, Outputs:0, VendorId:0x8086
[2019.05.21-15.48.27:894][  0]LogD3D11RHI:    2. 'Microsoft Basic Render Driver' (Feature Level 11_0)
[2019.05.21-15.48.27:894][  0]LogD3D11RHI:       0/0/8115 MB DedicatedVideo/DedicatedSystem/SharedSystem, Outputs:0, VendorId:0x1414
[2019.05.21-15.48.27:894][  0]LogD3D11RHI: Chosen D3D11 Adapter: 0
[2019.05.21-15.48.27:920][  0]LogD3D11RHI: Creating new Direct3DDevice
[2019.05.21-15.48.27:920][  0]LogD3D11RHI:     GPU DeviceId: 0x1c20 (for the marketing name, search the web for "GPU Device Id")
[2019.05.21-15.48.27:920][  0]LogWindows: EnumDisplayDevices:
[2019.05.21-15.48.27:920][  0]LogWindows:    0. 'Intel(R) UHD Graphics 630' (P:1 D:1)
[2019.05.21-15.48.27:921][  0]LogWindows:    1. 'Intel(R) UHD Graphics 630' (P:0 D:0)
[2019.05.21-15.48.27:921][  0]LogWindows:    2. 'Intel(R) UHD Graphics 630' (P:0 D:0)
[2019.05.21-15.48.27:921][  0]LogWindows:    3. 'NVIDIA GeForce GTX 1060' (P:0 D:0)
[2019.05.21-15.48.27:921][  0]LogWindows:    4. 'NVIDIA GeForce GTX 1060' (P:0 D:0)
[2019.05.21-15.48.27:921][  0]LogWindows:    5. 'NVIDIA GeForce GTX 1060' (P:0 D:0)
[2019.05.21-15.48.27:921][  0]LogWindows:    6. 'NVIDIA GeForce GTX 1060' (P:0 D:0)
[2019.05.21-15.48.27:922][  0]LogWindows: DebugString: PrimaryIsNotTheChoosenAdapter PrimaryIsNotTheChoosenAdapter PrimaryIsNotTheChoosenAdapter FoundDriverCount:4 
[2019.05.21-15.48.27:922][  0]LogD3D11RHI:     Adapter Name: NVIDIA GeForce GTX 1060
[2019.05.21-15.48.27:922][  0]LogD3D11RHI:   Driver Version: 419.35 (internal:25.21.14.1935, unified:419.35)
[2019.05.21-15.48.27:922][  0]LogD3D11RHI:      Driver Date: 3-1-2019
[2019.05.21-15.48.27:922][  0]LogRHI: Texture pool is 4236 MB (70% of 6052 MB)
[2019.05.21-15.48.27:961][  0]LogD3D11RHI: Async texture creation enabled
[2019.05.21-15.48.27:977][  0]LogD3D11RHI: GPU Timing Frequency: 1000.000000 (Debug: 2 1)
[2019.05.21-15.48.28:775][  0]LogTemp: Display: Loaded TP AllDesktopTargetPlatform
[2019.05.21-15.48.28:787][  0]LogTemp: Display: Loaded TP MacClientTargetPlatform
[2019.05.21-15.48.28:798][  0]LogTemp: Display: Loaded TP MacNoEditorTargetPlatform
[2019.05.21-15.48.28:810][  0]LogTemp: Display: Loaded TP MacServerTargetPlatform
[2019.05.21-15.48.28:822][  0]LogTemp: Display: Loaded TP MacTargetPlatform
[2019.05.21-15.48.28:833][  0]LogTemp: Display: Loaded TP WindowsClientTargetPlatform
[2019.05.21-15.48.28:844][  0]LogTemp: Display: Loaded TP WindowsNoEditorTargetPlatform
[2019.05.21-15.48.28:856][  0]LogTemp: Display: Loaded TP WindowsServerTargetPlatform
[2019.05.21-15.48.28:861][  0]LogTemp: Display: Loaded TP WindowsTargetPlatform
[2019.05.21-15.48.28:923][  0]LogTemp: Display: Loaded TP AndroidTargetPlatform
[2019.05.21-15.48.28:923][  0]LogTemp: Display: Loaded TP AndroidTargetPlatform
[2019.05.21-15.48.28:923][  0]LogTemp: Display: Loaded TP AndroidTargetPlatform
[2019.05.21-15.48.28:923][  0]LogTemp: Display: Loaded TP AndroidTargetPlatform
[2019.05.21-15.48.28:923][  0]LogTemp: Display: Loaded TP AndroidTargetPlatform
[2019.05.21-15.48.28:923][  0]LogTemp: Display: Loaded TP AndroidTargetPlatform
[2019.05.21-15.48.28:923][  0]LogTemp: Display: Loaded TP AndroidTargetPlatform
[2019.05.21-15.48.28:923][  0]LogTemp: Display: Loaded TP AndroidTargetPlatform
[2019.05.21-15.48.28:923][  0]LogTemp: Display: Loaded TP AndroidTargetPlatform
[2019.05.21-15.48.28:923][  0]LogTemp: Display: Loaded TP AndroidTargetPlatform
[2019.05.21-15.48.28:923][  0]LogTemp: Display: Loaded TP AndroidTargetPlatform
[2019.05.21-15.48.28:923][  0]LogTemp: Display: Loaded TP AndroidTargetPlatform
[2019.05.21-15.48.28:923][  0]LogTemp: Display: Loaded TP AndroidTargetPlatform
[2019.05.21-15.48.28:923][  0]LogTemp: Display: Loaded TP AndroidTargetPlatform
[2019.05.21-15.48.28:923][  0]LogTemp: Display: Loaded TP AndroidTargetPlatform
[2019.05.21-15.48.28:923][  0]LogTemp: Display: Loaded TP AndroidTargetPlatform
[2019.05.21-15.48.28:923][  0]LogTemp: Display: Loaded TP AndroidTargetPlatform
[2019.05.21-15.48.28:923][  0]LogTemp: Display: Loaded TP AndroidTargetPlatform
[2019.05.21-15.48.28:924][  0]LogTemp: Display: Loaded TP HTML5TargetPlatform
[2019.05.21-15.48.28:979][  0]LogTemp: Display: Loaded TP IOSTargetPlatform
[2019.05.21-15.48.28:979][  0]LogTemp: Display: Loaded TP IOSTargetPlatform
[2019.05.21-15.48.28:999][  0]LogTemp: Display: Loaded TP TVOSTargetPlatform
[2019.05.21-15.48.28:999][  0]LogTemp: Display: Loaded TP TVOSTargetPlatform
[2019.05.21-15.48.29:009][  0]LogTemp: Display: Loaded TP LinuxClientTargetPlatform
[2019.05.21-15.48.29:019][  0]LogTemp: Display: Loaded TP LinuxNoEditorTargetPlatform
[2019.05.21-15.48.29:030][  0]LogTemp: Display: Loaded TP LinuxServerTargetPlatform
[2019.05.21-15.48.29:041][  0]LogTemp: Display: Loaded TP LinuxTargetPlatform
[2019.05.21-15.48.29:078][  0]LogTemp: Display: Loaded TP LuminTargetPlatform
[2019.05.21-15.48.29:078][  0]LogTemp: Display: Loaded TP LuminTargetPlatform
[2019.05.21-15.48.29:078][  0]LogTargetPlatformManager: Display: Building Assets For Windows
[2019.05.21-15.48.29:126][  0]LogShaderCompilers: Guid format shader working directory is 22 characters bigger than the processId version (D:/FOLDER/OverIT/MyProject3/Intermediate/Shaders/WorkingDirectory/6348/).
[2019.05.21-15.48.29:126][  0]LogShaderCompilers: Cleaned the shader compiler working directory 'C:/Users/Gretchen/AppData/Local/Temp/UnrealShaderWorkingDir/44244A6948DAB0A81042D399750F183A/'.
[2019.05.21-15.48.29:128][  0]LogXGEController: Cleaning working directory: C:/Users/Gretchen/AppData/Local/Temp/UnrealXGEWorkingDir/
[2019.05.21-15.48.29:128][  0]LogXGEController: Cannot use XGE Controller as Incredibuild is not installed on this machine.
[2019.05.21-15.48.29:128][  0]LogShaderCompilers: Cannot use XGE Shader Compiler as Incredibuild is not installed on this machine.
[2019.05.21-15.48.29:128][  0]LogShaderCompilers: Display: Using Local Shader Compiler.
[2019.05.21-15.48.29:669][  0]LogDerivedDataCache: Display: Max Cache Size: 512 MB
[2019.05.21-15.48.29:715][  0]LogDerivedDataCache: Loaded boot cache 0.05s 71MB C:/Users/Gretchen/AppData/Local/UnrealEngine/4.21/DerivedDataCache/Boot.ddc.
[2019.05.21-15.48.29:715][  0]LogDerivedDataCache: Display: Loaded Boot cache: C:/Users/Gretchen/AppData/Local/UnrealEngine/4.21/DerivedDataCache/Boot.ddc
[2019.05.21-15.48.29:715][  0]LogDerivedDataCache: FDerivedDataBackendGraph:  Pak pak cache file D:/FOLDER/OverIT/MyProject3/DerivedDataCache/DDC.ddp not found, will not use a pak cache.
[2019.05.21-15.48.29:715][  0]LogDerivedDataCache: Unable to find inner node Pak for hierarchical cache Hierarchy.
[2019.05.21-15.48.29:715][  0]LogDerivedDataCache: FDerivedDataBackendGraph:  CompressedPak pak cache file D:/FOLDER/OverIT/MyProject3/DerivedDataCache/Compressed.ddp not found, will not use a pak cache.
[2019.05.21-15.48.29:715][  0]LogDerivedDataCache: Unable to find inner node CompressedPak for hierarchical cache Hierarchy.
[2019.05.21-15.48.29:731][  0]LogDerivedDataCache: Display: Pak cache opened for reading ../../../Engine/DerivedDataCache/Compressed.ddp.
[2019.05.21-15.48.29:731][  0]LogDerivedDataCache: FDerivedDataBackendGraph:  EnterprisePak pak cache file ../../../Enterprise/DerivedDataCache/Compressed.ddp not found, will not use a pak cache.
[2019.05.21-15.48.29:731][  0]LogDerivedDataCache: Unable to find inner node EnterprisePak for hierarchical cache Hierarchy.
[2019.05.21-15.48.29:743][  0]LogDerivedDataCache: Using Local data cache path C:/Users/Gretchen/AppData/Local/UnrealEngine/Common/DerivedDataCache: Writable
[2019.05.21-15.48.29:743][  0]LogDerivedDataCache: Shared data cache path not found in *engine.ini, will not use an Shared cache.
[2019.05.21-15.48.29:743][  0]LogDerivedDataCache: Unable to find inner node Shared for hierarchical cache Hierarchy.
[2019.05.21-15.48.29:763][  0]LogMaterial: Verifying Global Shaders for PCD3D_SM5
[2019.05.21-15.48.29:764][  0]LogSlate: Using FreeType 2.6.0
[2019.05.21-15.48.29:765][  0]LogSlate: SlateFontServices - WITH_FREETYPE: 1, WITH_HARFBUZZ: 1
[2019.05.21-15.48.29:842][  0]LogAssetRegistry: FAssetRegistry took 0.0320 seconds to start up
[2019.05.21-15.48.30:134][  0]LogInit: Selected Device Profile: [Windows]
[2019.05.21-15.48.30:273][  0]LogSimplygon: Simplygon DLL not present - disabling.
[2019.05.21-15.48.30:276][  0]LogMeshReduction: Using SimplygonSwarm for distributed automatic mesh merging
[2019.05.21-15.48.30:276][  0]LogMeshReduction: Using ProxyLODMeshReduction for automatic mesh merging
[2019.05.21-15.48.30:276][  0]LogMeshReduction: Using QuadricMeshReduction for automatic static mesh reduction
[2019.05.21-15.48.30:276][  0]LogMeshReduction: No automatic skeletal mesh reduction module available
[2019.05.21-15.48.30:294][  0]LogNetVersion: MyProject3 1.0.0, NetCL: 4541578, EngineNetVer: 5, GameNetVer: 0 (Checksum: 2916331349)
[2019.05.21-15.48.30:745][  0]LogPackageLocalizationCache: Processed 11 localized package path(s) for 2 prioritized culture(s) in 0.075122 seconds
[2019.05.21-15.48.30:751][  0]LogUObjectArray: 39775 objects as part of root set at end of initial load.
[2019.05.21-15.48.30:751][  0]LogUObjectAllocator: 6914656 out of 0 bytes used by permanent object pool.
[2019.05.21-15.48.30:751][  0]LogUObjectArray: CloseDisregardForGC: 0/0 objects in disregard for GC pool
[2019.05.21-15.48.31:570][  0]LogTcpMessaging: Initializing TcpMessaging bridge
[2019.05.21-15.48.31:584][  0]LogUdpMessaging: Initializing bridge on interface 0.0.0.0:0 to multicast group 230.0.0.1:6666.
[2019.05.21-15.48.32:201][  0]SourceControl: Source control is disabled
[2019.05.21-15.48.32:201][  0]SourceControl: Source control is disabled
[2019.05.21-15.48.32:202][  0]SourceControl: Source control is disabled
[2019.05.21-15.48.32:203][  0]SourceControl: Source control is disabled
[2019.05.21-15.48.32:357][  0]LogAndroidPermission: UAndroidPermissionCallbackProxy::GetInstance
[2019.05.21-15.48.32:632][  0]LogOcInput: OculusInput pre-init called
[2019.05.21-15.48.32:762][  0]LogEngine: Initializing Engine...
[2019.05.21-15.48.32:762][  0]LogHMD: Oculus plugin initialized. Version: 4.21.2-4753647+++UE4+Release-4.21, OVRPlugin: 1.28.0
[2019.05.21-15.48.32:764][  0]LogStats: UGameplayTagsManager::ConstructGameplayTagTree: ImportINI prefixes -  0.000 s
[2019.05.21-15.48.32:764][  0]LogStats: UGameplayTagsManager::ConstructGameplayTagTree: Construct from data asset -  0.000 s
[2019.05.21-15.48.32:764][  0]LogStats: UGameplayTagsManager::ConstructGameplayTagTree: ImportINI -  0.000 s
[2019.05.21-15.48.32:764][  0]LogStats: UGameplayTagsManager::ConstructGameplayTagTree: GameplayTagTreeChangedEvent.Broadcast -  0.000 s
[2019.05.21-15.48.32:983][  0]LogInit: Initializing FReadOnlyCVARCache
[2019.05.21-15.48.32:994][  0]LogAIModule: Creating AISystem for world Untitled
[2019.05.21-15.48.33:013][  0]LogInit: XAudio2 using 'Headphones (Rift Audio)' : 2 channels at 48 kHz using 16 bits per sample (channel mask 0x3)
[2019.05.21-15.48.33:032][  0]LogInit: FAudioDevice initialized.
[2019.05.21-15.48.33:033][  0]LogNetVersion: Set ProjectVersion to 1.0.0.0. Version Checksum will be recalculated on next use.
[2019.05.21-15.48.33:180][  0]LogDerivedDataCache: Saved boot cache 0.15s 71MB C:/Users/Gretchen/AppData/Local/UnrealEngine/4.21/DerivedDataCache/Boot.ddc.
[2019.05.21-15.48.33:187][  0]LogInit: Texture streaming: Enabled
[2019.05.21-15.48.33:203][  0]LogEngineSessionManager: EngineSessionManager initialized
[2019.05.21-15.48.33:203][  0]LogEngineSessionManager: EngineSessionManager sent abnormal shutdown report. Type=Crashed, SessionId={79AEFEB0-4B61-36DF-05E5-139BDA742C2A}
[2019.05.21-15.48.33:214][  0]LogInit: Transaction tracking system initialized
[2019.05.21-15.48.33:234][  0]BlueprintLog: New page: Editor Load
[2019.05.21-15.48.33:298][  0]LocalizationService: Localization service is disabled
[2019.05.21-15.48.33:700][  0]LogFileCache: Scanning file cache for directory 'D:/FOLDER/OverIT/MyProject3/Content/' took 0.02s
[2019.05.21-15.48.33:700][  0]LogCook: Display: Max memory allowance for cook 16384mb min free memory 0mb
[2019.05.21-15.48.33:700][  0]LogCook: Display: Mobile HDR setting 1
[2019.05.21-15.48.33:701][  0]LogGameplayTags: Display: UGameplayTagsManager::DoneAddingNativeTags. DelegateIsBound: 0
[2019.05.21-15.48.33:701][  0]LogStats: UGameplayTagsManager::ConstructGameplayTagTree: ImportINI prefixes -  0.000 s
[2019.05.21-15.48.33:701][  0]LogStats: UGameplayTagsManager::ConstructGameplayTagTree: Construct from data asset -  0.000 s
[2019.05.21-15.48.33:701][  0]LogStats: UGameplayTagsManager::ConstructGameplayTagTree: ImportINI -  0.000 s
[2019.05.21-15.48.33:701][  0]LogStats: UGameplayTagsManager::ConstructGameplayTagTree: GameplayTagTreeChangedEvent.Broadcast -  0.000 s
[2019.05.21-15.48.33:811][  0]SourceControl: Source control is disabled
[2019.05.21-15.48.33:811][  0]Cmd: MAP LOAD FILE="D:/FOLDER/OverIT/MyProject3/Content/StarterContent/Maps/Level1.umap" TEMPLATE=0 SHOWPROGRESS=1 FEATURELEVEL=3
[2019.05.21-15.48.33:811][  0]LightingResults: New page: Lighting Build
[2019.05.21-15.48.33:814][  0]MapCheck: New page: Map Check
[2019.05.21-15.48.33:814][  0]LightingResults: New page: Lighting Build
[2019.05.21-15.48.34:437][  0]LogLinker: Warning: Can't find file '/Game/Geometry/Objects/pCylinder2Mat'
[2019.05.21-15.48.34:437][  0]LoadErrors: Failed to load /Game/Geometry/Objects/hs_Pen.hs_Pen Referenced by Pen_GEN_VARIABLE
[2019.05.21-15.48.34:437][  0]LogLinker: Warning: Can't find file for asset '/Game/Geometry/Objects/pCylinder2Mat' while loading D:/FOLDER/OverIT/MyProject3/Content/Geometry/Objects/hs_Pen.uasset.
[2019.05.21-15.48.34:437][  0]LoadErrors: Failed to load /Game/Geometry/Objects/hs_Pen.hs_Pen Referenced by Pen_GEN_VARIABLE
[2019.05.21-15.48.34:437][  0]LoadErrors: Error: /Game/Geometry/Objects/hs_Pen : Can't find file for asset. /Game/Geometry/Objects/pCylinder2Mat
[2019.05.21-15.48.34:437][  0]LogLinker: Warning: Can't find file '/Game/Geometry/Objects/pCylinder2Mat'
[2019.05.21-15.48.34:437][  0]LoadErrors: Failed to load /Game/Geometry/Objects/hs_Pen.hs_Pen Referenced by Pen_GEN_VARIABLE
[2019.05.21-15.48.34:438][  0]LogLinker: Warning: Can't find file for asset '/Game/Geometry/Objects/pCylinder2Mat' while loading D:/FOLDER/OverIT/MyProject3/Content/Geometry/Objects/hs_Pen.uasset.
[2019.05.21-15.48.34:438][  0]LoadErrors: Failed to load /Game/Geometry/Objects/hs_Pen.hs_Pen Referenced by Pen_GEN_VARIABLE
[2019.05.21-15.48.34:438][  0]LoadErrors: Error: /Game/Geometry/Objects/hs_Pen : Can't find file for asset. /Game/Geometry/Objects/pCylinder2Mat
[2019.05.21-15.48.35:221][  0]LogLinker: Warning: Can't find file '/Game/Geometry/Objects/pCylinder2Mat'
[2019.05.21-15.48.35:221][  0]LoadErrors: Failed to load /Game/Geometry/Objects/pCylinder2Mat.pCylinder2Mat Referenced by hs_Pen
[2019.05.21-15.48.35:221][  0]LogLinker: Warning: Can't find file for asset '/Game/Geometry/Objects/pCylinder2Mat' while loading NULL.
[2019.05.21-15.48.35:221][  0]LoadErrors: Failed to load /Game/Geometry/Objects/pCylinder2Mat.pCylinder2Mat Referenced by hs_Pen
[2019.05.21-15.48.35:221][  0]LogLinker: Warning: Can't find file '/Game/Geometry/Objects/pCylinder2Mat'
[2019.05.21-15.48.35:221][  0]LoadErrors: Failed to load /Game/Geometry/Objects/pCylinder2Mat.pCylinder2Mat Referenced by hs_Pen
[2019.05.21-15.48.35:221][  0]LogLinker: Warning: Can't find file for asset '/Game/Geometry/Objects/pCylinder2Mat' while loading NULL.
[2019.05.21-15.48.35:221][  0]LoadErrors: Failed to load /Game/Geometry/Objects/pCylinder2Mat.pCylinder2Mat Referenced by hs_Pen
[2019.05.21-15.48.35:260][  0]LoadErrors: Warning: hs_concreteBumper Min LOD value of 1 is out of range 0..0 and has been adjusted to 0. Please verify and resave the asset.
[2019.05.21-15.48.35:276][  0]LoadErrors: Warning: hs_cake Min LOD value of 1 is out of range 0..0 and has been adjusted to 0. Please verify and resave the asset.
[2019.05.21-15.48.35:294][  0]LoadErrors: Warning: hs_poster Min LOD value of 1 is out of range 0..0 and has been adjusted to 0. Please verify and resave the asset.
[2019.05.21-15.48.35:373][  0]LoadErrors: Warning: hs_slideDoor_Left Min LOD value of 1 is out of range 0..0 and has been adjusted to 0. Please verify and resave the asset.
[2019.05.21-15.48.35:374][  0]LoadErrors: Warning: hs_slideDoor_Right Min LOD value of 1 is out of range 0..0 and has been adjusted to 0. Please verify and resave the asset.
[2019.05.21-15.48.35:375][  0]LoadErrors: Warning: hs_shopcartWide Min LOD value of 1 is out of range 0..0 and has been adjusted to 0. Please verify and resave the asset.
[2019.05.21-15.48.35:378][  0]LoadErrors: Warning: hs_vase Min LOD value of 1 is out of range 0..0 and has been adjusted to 0. Please verify and resave the asset.
[2019.05.21-15.48.35:383][  0]LoadErrors: Warning: hs_groundPlane Min LOD value of 1 is out of range 0..0 and has been adjusted to 0. Please verify and resave the asset.
[2019.05.21-15.48.35:384][  0]LoadErrors: Warning: hs_lampTree Min LOD value of 1 is out of range 0..0 and has been adjusted to 0. Please verify and resave the asset.
[2019.05.21-15.48.35:387][  0]LoadErrors: Warning: hs_parkingMedian Min LOD value of 1 is out of range 0..0 and has been adjusted to 0. Please verify and resave the asset.
[2019.05.21-15.48.35:394][  0]LoadErrors: Warning: skybox2 Min LOD value of 1 is out of range 0..0 and has been adjusted to 0. Please verify and resave the asset.
[2019.05.21-15.48.35:586][  0]LoadErrors: Warning: hs_diamond Min LOD value of 1 is out of range 0..0 and has been adjusted to 0. Please verify and resave the asset.
[2019.05.21-15.48.36:028][  0]LoadErrors: Warning: hs_Pen Min LOD value of 1 is out of range 0..0 and has been adjusted to 0. Please verify and resave the asset.
[2019.05.21-15.48.36:033][  0]LoadErrors: Warning: hs_clipBoard Min LOD value of 1 is out of range 0..0 and has been adjusted to 0. Please verify and resave the asset.
[2019.05.21-15.48.36:217][  0]LogAIModule: Creating AISystem for world Level1
[2019.05.21-15.48.36:263][  0]LogSlate: New Slate User Created.  User Index 8, Is Virtual User: 1
[2019.05.21-15.48.36:263][  0]LogSlate: Slate User Registered.  User Index 8, Is Virtual User: 1
[2019.05.21-15.48.36:316][  0]LogEditorServer: Finished looking for orphan Actors (0.000 secs)
[2019.05.21-15.48.36:356][  0]Cmd: MAP CHECKDEP NOCLEARLOG
[2019.05.21-15.48.36:357][  0]MapCheck: Map check complete: 0 Error(s), 0 Warning(s), took 0.174ms to complete.
[2019.05.21-15.48.36:357][  0]LogFileHelpers: Loading map 'Level1' took 2.546
[2019.05.21-15.48.36:445][  0]LogSlate: Updating window title bar state: overlay mode, drag disabled, window buttons hidden, title bar hidden
[2019.05.21-15.48.36:453][  0]LogSlate: Updating window title bar state: overlay mode, drag disabled, window buttons hidden, title bar hidden
[2019.05.21-15.48.36:462][  0]LogSlate: Updating window title bar state: overlay mode, drag disabled, window buttons hidden, title bar hidden
[2019.05.21-15.48.36:470][  0]LogSlate: Updating window title bar state: overlay mode, drag disabled, window buttons hidden, title bar hidden
[2019.05.21-15.48.36:476][  0]LogCollectionManager: Loaded 0 collections in 0.001621 seconds
[2019.05.21-15.48.36:514][  0]LogFileCache: Scanning file cache for directory 'D:/FOLDER/OverIT/MyProject3/Saved/Collections/' took 0.01s
[2019.05.21-15.48.36:514][  0]LogFileCache: Scanning file cache for directory 'D:/FOLDER/OverIT/MyProject3/Content/Developers/Gretchen/Collections/' took 0.01s
[2019.05.21-15.48.36:514][  0]LogFileCache: Scanning file cache for directory 'D:/FOLDER/OverIT/MyProject3/Content/Collections/' took 0.01s
[2019.05.21-15.48.36:514][  0]LogCollectionManager: Rebuilt the GUID cache for 0 collections in 0.000000 seconds
[2019.05.21-15.48.36:522][  0]LogContentBrowser: Native class hierarchy populated in 0.0078 seconds. Added 2651 classes and 620 folders.
[2019.05.21-15.48.36:528][  0]LogContentBrowser: Native class hierarchy updated for 'WidgetCarousel' in 0.0003 seconds. Added 0 classes and 0 folders.
[2019.05.21-15.48.36:529][  0]LogPakFile: Registered encryption key '00000000000000000000000000000000': 0 pak files mounted, 0 remain pending
[2019.05.21-15.48.36:530][  0]LogPakFile: Registered encryption key '00000000000000000000000000000000': 0 pak files mounted, 0 remain pending
[2019.05.21-15.48.36:530][  0]LogPakFile: Registered encryption key '00000000000000000000000000000000': 0 pak files mounted, 0 remain pending
[2019.05.21-15.48.36:531][  0]LogPakFile: Registered encryption key '00000000000000000000000000000000': 0 pak files mounted, 0 remain pending
[2019.05.21-15.48.36:531][  0]LogPakFile: Registered encryption key '00000000000000000000000000000000': 0 pak files mounted, 0 remain pending
[2019.05.21-15.48.36:532][  0]LogPakFile: Registered encryption key '00000000000000000000000000000000': 0 pak files mounted, 0 remain pending
[2019.05.21-15.48.36:532][  0]LogPakFile: Registered encryption key '00000000000000000000000000000000': 0 pak files mounted, 0 remain pending
[2019.05.21-15.48.36:533][  0]LogPakFile: Registered encryption key '00000000000000000000000000000000': 0 pak files mounted, 0 remain pending
[2019.05.21-15.48.36:533][  0]LogPakFile: Registered encryption key '00000000000000000000000000000000': 0 pak files mounted, 0 remain pending
[2019.05.21-15.48.36:534][  0]LogPakFile: Registered encryption key '00000000000000000000000000000000': 0 pak files mounted, 0 remain pending
[2019.05.21-15.48.36:535][  0]LogPakFile: Registered encryption key '00000000000000000000000000000000': 0 pak files mounted, 0 remain pending
[2019.05.21-15.48.36:535][  0]LogPakFile: Registered encryption key '00000000000000000000000000000000': 0 pak files mounted, 0 remain pending
[2019.05.21-15.48.36:536][  0]LogPakFile: Registered encryption key '00000000000000000000000000000000': 0 pak files mounted, 0 remain pending
[2019.05.21-15.48.36:537][  0]LogPakFile: Registered encryption key '00000000000000000000000000000000': 0 pak files mounted, 0 remain pending
[2019.05.21-15.48.36:537][  0]LogPakFile: Registered encryption key '00000000000000000000000000000000': 0 pak files mounted, 0 remain pending
[2019.05.21-15.48.36:538][  0]LogPakFile: Registered encryption key '00000000000000000000000000000000': 0 pak files mounted, 0 remain pending
[2019.05.21-15.48.36:538][  0]LogPakFile: Registered encryption key '00000000000000000000000000000000': 0 pak files mounted, 0 remain pending
[2019.05.21-15.48.36:539][  0]LogPakFile: Registered encryption key '00000000000000000000000000000000': 0 pak files mounted, 0 remain pending
[2019.05.21-15.48.36:539][  0]LogPakFile: Registered encryption key '00000000000000000000000000000000': 0 pak files mounted, 0 remain pending
[2019.05.21-15.48.36:540][  0]LogPakFile: Registered encryption key '00000000000000000000000000000000': 0 pak files mounted, 0 remain pending
[2019.05.21-15.48.36:540][  0]LogPakFile: Registered encryption key '00000000000000000000000000000000': 0 pak files mounted, 0 remain pending
[2019.05.21-15.48.36:541][  0]LogPakFile: Registered encryption key '00000000000000000000000000000000': 0 pak files mounted, 0 remain pending
[2019.05.21-15.48.36:541][  0]LogPakFile: Registered encryption key '00000000000000000000000000000000': 0 pak files mounted, 0 remain pending
[2019.05.21-15.48.36:542][  0]LogPakFile: Registered encryption key '00000000000000000000000000000000': 0 pak files mounted, 0 remain pending
[2019.05.21-15.48.36:542][  0]LogPakFile: Registered encryption key '00000000000000000000000000000000': 0 pak files mounted, 0 remain pending
[2019.05.21-15.48.36:543][  0]LogPakFile: Registered encryption key '00000000000000000000000000000000': 0 pak files mounted, 0 remain pending
[2019.05.21-15.48.36:575][  0]LogContentBrowser: Native class hierarchy updated for 'AddContentDialog' in 0.0003 seconds. Added 0 classes and 0 folders.
[2019.05.21-15.48.36:580][  0]LogContentBrowser: Native class hierarchy updated for 'SceneOutliner' in 0.0003 seconds. Added 1 classes and 2 folders.
[2019.05.21-15.48.36:709][  0]LogSlate: Took 0.000139 seconds to synchronously load lazily loaded font '../../../Engine/Content/Slate/Fonts/Roboto-Regular.ttf' (155K)
[2019.05.21-15.48.36:710][  0]LogSlate: Took 0.000120 seconds to synchronously load lazily loaded font '../../../Engine/Content/Slate/Fonts/Roboto-Bold.ttf' (160K)
[2019.05.21-15.48.36:714][  0]LogSlate: Took 0.000141 seconds to synchronously load lazily loaded font '../../../Engine/Content/Editor/Slate/Fonts/FontAwesome.ttf' (139K)
[2019.05.21-15.48.36:792][  0]LogRenderer: Reallocating scene render targets to support 872x356 Format 26 NumSamples 1 (Frame:1).
[2019.05.21-15.48.36:967][  0]LogContentBrowser: Native class hierarchy updated for 'HierarchicalLODOutliner' in 0.0003 seconds. Added 0 classes and 0 folders.
[2019.05.21-15.48.36:967][  0]LogLoad: (Engine Initialization) Total time: 11.78 seconds
[2019.05.21-15.48.36:967][  0]LogLoad: (Engine Initialization) Total Blueprint compile time: 0.00 seconds
[2019.05.21-15.48.36:989][  0]LogOcInput: OculusInput is initialized
[2019.05.21-15.48.37:062][  0]LogContentStreaming: Texture pool size now 1000 MB
[2019.05.21-15.48.37:068][  0]LogSlate: FSceneViewport::OnFocusLost() reason 2
[2019.05.21-15.48.37:155][  1]LogRenderer: Reallocating scene render targets to support 872x364 Format 26 NumSamples 1 (Frame:3).
[2019.05.21-15.48.37:706][  8]LogAssetRegistry: Asset discovery search completed in 7.8863 seconds
[2019.05.21-15.48.37:708][  8]LogCollectionManager: Rebuilt the object cache for 0 collections in 0.000000 seconds (found 0 objects)
[2019.05.21-15.48.37:708][  8]LogCollectionManager: Fixed up redirectors for 0 collections in 0.000042 seconds (updated 0 objects)
[2019.05.21-15.48.37:988][ 24]LogSlate: Took 0.000161 seconds to synchronously load lazily loaded font '../../../Engine/Content/Slate/Fonts/Roboto-Light.ttf' (167K)
[2019.05.21-15.48.39:286][ 98]LogSlate: Window 'Message Log' being destroyed
[2019.05.21-15.48.39:299][ 98]LogSlate: Window 'Message Log' being destroyed
[2019.05.21-15.48.46:907][536]LogSlate: FSceneViewport::OnFocusLost() reason 0
[2019.05.21-15.48.57:300][156]LogEditorViewport: Clicking on Actor (LMB): MotionControllerPawn_C (MotionControllerPawn)
[2019.05.21-15.48.59:443][278]LogSlate: FSceneViewport::OnFocusLost() reason 0
[2019.05.21-15.49.05:605][504]LogSlate: Window 'Message' being destroyed
[2019.05.21-15.49.05:611][504]LoadErrors: Error: The Skeleton  MannequinHand_Right_Skeleton is missing bones that SkeletalMesh  MannequinHand_Right needs. They will be added now. Please save the Skeleton!
[2019.05.21-15.49.07:239][591]LogSlate: Window 'Message Log' being destroyed
[2019.05.21-15.49.07:244][591]LogSlate: Window 'Message Log' being destroyed
[2019.05.21-15.49.10:680][796]LogAssetEditorManager: Opening Asset editor for Blueprint /Game/Blueprints/Spawner.Spawner
[2019.05.21-15.49.11:146][796]LogContentBrowser: Native class hierarchy updated for 'BlueprintGraph' in 0.0007 seconds. Added 117 classes and 0 folders.
[2019.05.21-15.49.11:871][796]LogSlate: Took 0.000159 seconds to synchronously load lazily loaded font '../../../Engine/Content/Slate/Fonts/Roboto-BoldCondensed.ttf' (158K)
[2019.05.21-15.49.12:161][797]LogSlate: Took 0.000134 seconds to synchronously load lazily loaded font '../../../Engine/Content/Slate/Fonts/Roboto-Italic.ttf' (157K)
[2019.05.21-15.49.32:160][879]BlueprintLog: New page: Compile Spawner
[2019.05.21-15.49.33:360][908]Cmd: OBJ SAVEPACKAGE PACKAGE="/Game/StarterContent/Maps/Level1" FILE="D:/FOLDER/OverIT/MyProject3/Content/StarterContent/Maps/Level1.umap" SILENT=true AUTOSAVING=false KEEPDIRTY=false
[2019.05.21-15.49.34:467][908]LogSavePackage: Moving 'D:/FOLDER/OverIT/MyProject3/Saved/Level13C5BC54F43EE3FA9B65D998375B7E2EE.tmp' to 'D:/FOLDER/OverIT/MyProject3/Content/StarterContent/Maps/Level1.umap'
[2019.05.21-15.49.34:488][908]LogFileHelpers: Saving map 'Level1' took 1.128
[2019.05.21-15.49.34:518][908]Cmd: OBJ SAVEPACKAGE PACKAGE="/Game/Blueprints/Spawner" FILE="D:/FOLDER/OverIT/MyProject3/Content/Blueprints/Spawner.uasset" SILENT=true
[2019.05.21-15.49.34:645][908]LogSavePackage: Moving 'D:/FOLDER/OverIT/MyProject3/Saved/SpawnerD62EF88F4B093DF539D7FE8C6A21C4D7.tmp' to 'D:/FOLDER/OverIT/MyProject3/Content/Blueprints/Spawner.uasset'
[2019.05.21-15.49.36:044][989]LogTemp: Repeating last play command: VR Preview
[2019.05.21-15.49.36:072][989]LogBlueprintUserMessages: Early PlayInEditor Detection: Level '/Game/StarterContent/Maps/Level1.Level1:PersistentLevel' has LevelScriptBlueprint '/Game/StarterContent/Maps/Level1.Level1:PersistentLevel.Level1' with GeneratedClass '/Game/StarterContent/Maps/Level1.Level1_C' with ClassGeneratedBy '/Game/StarterContent/Maps/Level1.Level1:PersistentLevel.Level1'
[2019.05.21-15.49.36:073][989]LogPlayLevel: PlayLevel: No blueprints needed recompiling
[2019.05.21-15.49.36:073][989]LogHMD: Initializing OVRPlugin session
[2019.05.21-15.49.36:174][989]PIE: New page: PIE session: Level1 (May 21, 2019, 7:49:36 AM)
[2019.05.21-15.49.36:186][989]LogPlayLevel: Creating play world package: /Game/StarterContent/Maps/UEDPIE_0_Level1
[2019.05.21-15.49.36:261][989]LogPlayLevel: PIE: StaticDuplicateObject took: (0.074824s)
[2019.05.21-15.49.36:261][989]LogAIModule: Creating AISystem for world Level1
[2019.05.21-15.49.36:262][989]LogPlayLevel: PIE: World Init took: (0.000582s)
[2019.05.21-15.49.36:262][989]LogPlayLevel: PIE: Created PIE world by copying editor world from /Game/StarterContent/Maps/Level1.Level1 to /Game/StarterContent/Maps/UEDPIE_0_Level1.Level1 (0.075788s)
[2019.05.21-15.49.36:337][989]LogInit: XAudio2 using 'Headphones (Rift Audio)' : 2 channels at 48 kHz using 16 bits per sample (channel mask 0x3)
[2019.05.21-15.49.36:348][989]LogInit: FAudioDevice initialized.
[2019.05.21-15.49.36:354][989]LogSlate: Updating window title bar state: overlay mode, drag disabled, window buttons hidden, title bar hidden
[2019.05.21-15.49.36:439][989]LogHMD: Allocating Oculus 2656 x 1584 rendertarget swapchain
[2019.05.21-15.49.36:487][989]LogLoad: Game class is 'GameModeBase'
[2019.05.21-15.49.36:511][989]LogWorld: Bringing World /Game/StarterContent/Maps/UEDPIE_0_Level1.Level1 up for play (max tick rate 0) at 2019.05.21-11.49.36
[2019.05.21-15.49.36:518][989]LogWorld: Bringing up level for play took: 0.029881
[2019.05.21-15.49.36:539][989]LogContentBrowser: Native class hierarchy updated for 'MovieSceneCapture' in 0.0004 seconds. Added 20 classes and 0 folders.
[2019.05.21-15.49.36:541][989]Cmd: vr.bEnableStereo True
[2019.05.21-15.49.36:542][989]LogBlueprintUserMessages: Warning: SetTimer passed a bad function (TimeFunctionTick) or object (MotionControllerPawn_2)
[2019.05.21-15.49.36:550][989]PIE: Play in editor start time for /Game/StarterContent/Maps/UEDPIE_0_Level1 0.639
[2019.05.21-15.49.36:550][989]LogBlueprintUserMessages: Late PlayInEditor Detection: Level '/Game/StarterContent/Maps/Level1.Level1:PersistentLevel' has LevelScriptBlueprint '/Game/StarterContent/Maps/Level1.Level1:PersistentLevel.Level1' with GeneratedClass '/Game/StarterContent/Maps/Level1.Level1_C' with ClassGeneratedBy '/Game/StarterContent/Maps/Level1.Level1:PersistentLevel.Level1'
[2019.05.21-15.49.36:552][989]LogEngine: Changing dynamic resolution state.
[2019.05.21-15.49.36:567][989]LogRenderer: Releasing previous depth to switch default clear from depth: 0.000000 stencil: 0 to depth: 0.000000 stencil: 0
[2019.05.21-15.49.36:567][989]LogRenderer: Releasing previous depth to switch default clear from depth: 0.000000 stencil: 0 to depth: 0.000000 stencil: 0
[2019.05.21-15.49.36:567][989]LogRenderer: Releasing previous depth to switch default clear from depth: 0.000000 stencil: 0 to depth: 0.000000 stencil: 0
[2019.05.21-15.49.36:567][989]LogRenderer: Releasing previous depth to switch default clear from depth: 0.000000 stencil: 0 to depth: 0.000000 stencil: 0
[2019.05.21-15.49.36:567][989]LogRenderer: Releasing previous depth to switch default clear from depth: 0.000000 stencil: 0 to depth: 0.000000 stencil: 0
[2019.05.21-15.49.36:567][989]LogRenderer: Releasing previous depth to switch default clear from depth: 0.000000 stencil: 0 to depth: 0.000000 stencil: 0
[2019.05.21-15.49.36:571][989]LogRenderer: Reallocating scene render targets to support 2656x1584 Format 26 NumSamples 1 (Frame:1).
[2019.05.21-15.49.36:571][989]LogHMD: Allocating Oculus 2656 x 1584 depth rendertarget swapchain
[2019.05.21-15.49.37:318][ 11]LogScript: Warning: Accessed None trying to read property ScanVar
	Spawner_C /Game/StarterContent/Maps/UEDPIE_0_Level1.Level1:PersistentLevel.Spawner_2
	Function /Game/Blueprints/Spawner.Spawner_C:ExecuteUbergraph_Spawner:1459
[2019.05.21-15.49.37:318][ 11]PIE: Error: Blueprint Runtime Error: "Accessed None trying to read property ScanVar". Blueprint:  Spawner Function:  Execute Ubergraph Spawner Graph:  EventGraph Node:  Branch
[2019.05.21-15.49.38:241][ 24]LogScript: Warning: UGameplayStatics::BeginSpawningActorFromClass: can not spawn an actor from a NULL class
[2019.05.21-15.49.38:242][ 24]LogScript: Warning: Accessed None trying to read property CallFunc_FinishSpawningActor_ReturnValue
	CartSpawn_C /Game/StarterContent/Maps/UEDPIE_0_Level1.Level1:PersistentLevel.CartSpawn_2
	Function /Game/Blueprints/CartSpawn.CartSpawn_C:SpawnCartOnSpline:05AE
[2019.05.21-15.49.38:242][ 24]PIE: Error: Blueprint Runtime Error: "Accessed None trying to read property CallFunc_FinishSpawningActor_ReturnValue". Blueprint:  CartSpawn Function:  Spawn Cart on Spline Graph:  SpawnCartOnSpline Node:  Set SplineReference
[2019.05.21-15.49.38:242][ 24]LogScript: Warning: Accessed None attempting to assign variable on an object
	CartSpawn_C /Game/StarterContent/Maps/UEDPIE_0_Level1.Level1:PersistentLevel.CartSpawn_2
	Function /Game/Blueprints/CartSpawn.CartSpawn_C:SpawnCartOnSpline:05C3
[2019.05.21-15.49.38:242][ 24]PIE: Error: Blueprint Runtime Error: "Accessed None attempting to assign variable on an object". Blueprint:  CartSpawn Function:  Spawn Cart on Spline Graph:  SpawnCartOnSpline Node:  Set SplineReference
[2019.05.21-15.49.38:242][ 24]LogScript: Warning: Accessed None trying to read property CallFunc_FinishSpawningActor_ReturnValue
	CartSpawn_C /Game/StarterContent/Maps/UEDPIE_0_Level1.Level1:PersistentLevel.CartSpawn_2
	Function /Game/Blueprints/CartSpawn.CartSpawn_C:SpawnCartOnSpline:05E1
[2019.05.21-15.49.38:242][ 24]PIE: Error: Blueprint Runtime Error: "Accessed None trying to read property CallFunc_FinishSpawningActor_ReturnValue". Blueprint:  CartSpawn Function:  Spawn Cart on Spline Graph:  SpawnCartOnSpline Node:  Set Distance
[2019.05.21-15.49.38:242][ 24]LogScript: Warning: Attempted to assign to None
	CartSpawn_C /Game/StarterContent/Maps/UEDPIE_0_Level1.Level1:PersistentLevel.CartSpawn_2
	Function /Game/Blueprints/CartSpawn.CartSpawn_C:SpawnCartOnSpline:05F6
[2019.05.21-15.49.38:242][ 24]PIE: Error: Blueprint Runtime Error: "Attempted to assign to None". Blueprint:  CartSpawn Function:  Spawn Cart on Spline Graph:  SpawnCartOnSpline Node:  Set Distance
[2019.05.21-15.49.38:242][ 24]LogScript: Warning: Accessed None trying to read property CallFunc_FinishSpawningActor_ReturnValue
	CartSpawn_C /Game/StarterContent/Maps/UEDPIE_0_Level1.Level1:PersistentLevel.CartSpawn_2
	Function /Game/Blueprints/CartSpawn.CartSpawn_C:SpawnCartOnSpline:060B
[2019.05.21-15.49.38:242][ 24]PIE: Error: Blueprint Runtime Error: "Accessed None trying to read property CallFunc_FinishSpawningActor_ReturnValue". Blueprint:  CartSpawn Function:  Spawn Cart on Spline Graph:  SpawnCartOnSpline Node:  Spawn Default Controller
[2019.05.21-15.49.38:243][ 24]LogScript: Warning: UGameplayStatics::BeginSpawningActorFromClass: can not spawn an actor from a NULL class
[2019.05.21-15.49.38:243][ 24]LogScript: Warning: Accessed None trying to read property CallFunc_FinishSpawningActor_ReturnValue
	CartSpawn_C /Game/StarterContent/Maps/UEDPIE_0_Level1.Level1:PersistentLevel.CartSpawn_2
	Function /Game/Blueprints/CartSpawn.CartSpawn_C:SpawnCartOnSpline:05AE
[2019.05.21-15.49.38:243][ 24]PIE: Error: Blueprint Runtime Error: "Accessed None trying to read property CallFunc_FinishSpawningActor_ReturnValue". Blueprint:  CartSpawn Function:  Spawn Cart on Spline Graph:  SpawnCartOnSpline Node:  Set SplineReference
[2019.05.21-15.49.38:243][ 24]LogScript: Warning: Accessed None attempting to assign variable on an object
	CartSpawn_C /Game/StarterContent/Maps/UEDPIE_0_Level1.Level1:PersistentLevel.CartSpawn_2
	Function /Game/Blueprints/CartSpawn.CartSpawn_C:SpawnCartOnSpline:05C3
[2019.05.21-15.49.38:243][ 24]PIE: Error: Blueprint Runtime Error: "Accessed None attempting to assign variable on an object". Blueprint:  CartSpawn Function:  Spawn Cart on Spline Graph:  SpawnCartOnSpline Node:  Set SplineReference
[2019.05.21-15.49.38:243][ 24]LogScript: Warning: Accessed None trying to read property CallFunc_FinishSpawningActor_ReturnValue
	CartSpawn_C /Game/StarterContent/Maps/UEDPIE_0_Level1.Level1:PersistentLevel.CartSpawn_2
	Function /Game/Blueprints/CartSpawn.CartSpawn_C:SpawnCartOnSpline:05E1
[2019.05.21-15.49.38:243][ 24]PIE: Error: Blueprint Runtime Error: "Accessed None trying to read property CallFunc_FinishSpawningActor_ReturnValue". Blueprint:  CartSpawn Function:  Spawn Cart on Spline Graph:  SpawnCartOnSpline Node:  Set Distance
[2019.05.21-15.49.38:243][ 24]LogScript: Warning: Attempted to assign to None
	CartSpawn_C /Game/StarterContent/Maps/UEDPIE_0_Level1.Level1:PersistentLevel.CartSpawn_2
	Function /Game/Blueprints/CartSpawn.CartSpawn_C:SpawnCartOnSpline:05F6
[2019.05.21-15.49.38:243][ 24]PIE: Error: Blueprint Runtime Error: "Attempted to assign to None". Blueprint:  CartSpawn Function:  Spawn Cart on Spline Graph:  SpawnCartOnSpline Node:  Set Distance
[2019.05.21-15.49.38:243][ 24]LogScript: Warning: Accessed None trying to read property CallFunc_FinishSpawningActor_ReturnValue
	CartSpawn_C /Game/StarterContent/Maps/UEDPIE_0_Level1.Level1:PersistentLevel.CartSpawn_2
	Function /Game/Blueprints/CartSpawn.CartSpawn_C:SpawnCartOnSpline:060B
[2019.05.21-15.49.38:244][ 24]PIE: Error: Blueprint Runtime Error: "Accessed None trying to read property CallFunc_FinishSpawningActor_ReturnValue". Blueprint:  CartSpawn Function:  Spawn Cart on Spline Graph:  SpawnCartOnSpline Node:  Spawn Default Controller
[2019.05.21-15.49.38:245][ 24]LogScript: Warning: UGameplayStatics::BeginSpawningActorFromClass: can not spawn an actor from a NULL class
[2019.05.21-15.49.38:245][ 24]LogScript: Warning: Accessed None trying to read property CallFunc_FinishSpawningActor_ReturnValue
	CartSpawn_C /Game/StarterContent/Maps/UEDPIE_0_Level1.Level1:PersistentLevel.CartSpawn2_2
	Function /Game/Blueprints/CartSpawn.CartSpawn_C:SpawnCartOnSpline:05AE
[2019.05.21-15.49.38:245][ 24]PIE: Error: Blueprint Runtime Error: "Accessed None trying to read property CallFunc_FinishSpawningActor_ReturnValue". Blueprint:  CartSpawn Function:  Spawn Cart on Spline Graph:  SpawnCartOnSpline Node:  Set SplineReference
[2019.05.21-15.49.38:245][ 24]LogScript: Warning: Accessed None attempting to assign variable on an object
	CartSpawn_C /Game/StarterContent/Maps/UEDPIE_0_Level1.Level1:PersistentLevel.CartSpawn2_2
	Function /Game/Blueprints/CartSpawn.CartSpawn_C:SpawnCartOnSpline:05C3
[2019.05.21-15.49.38:245][ 24]PIE: Error: Blueprint Runtime Error: "Accessed None attempting to assign variable on an object". Blueprint:  CartSpawn Function:  Spawn Cart on Spline Graph:  SpawnCartOnSpline Node:  Set SplineReference
[2019.05.21-15.49.38:245][ 24]LogScript: Warning: Accessed None trying to read property CallFunc_FinishSpawningActor_ReturnValue
	CartSpawn_C /Game/StarterContent/Maps/UEDPIE_0_Level1.Level1:PersistentLevel.CartSpawn2_2
	Function /Game/Blueprints/CartSpawn.CartSpawn_C:SpawnCartOnSpline:05E1
[2019.05.21-15.49.38:245][ 24]PIE: Error: Blueprint Runtime Error: "Accessed None trying to read property CallFunc_FinishSpawningActor_ReturnValue". Blueprint:  CartSpawn Function:  Spawn Cart on Spline Graph:  SpawnCartOnSpline Node:  Set Distance
[2019.05.21-15.49.38:245][ 24]LogScript: Warning: Attempted to assign to None
	CartSpawn_C /Game/StarterContent/Maps/UEDPIE_0_Level1.Level1:PersistentLevel.CartSpawn2_2
	Function /Game/Blueprints/CartSpawn.CartSpawn_C:SpawnCartOnSpline:05F6
[2019.05.21-15.49.38:245][ 24]PIE: Error: Blueprint Runtime Error: "Attempted to assign to None". Blueprint:  CartSpawn Function:  Spawn Cart on Spline Graph:  SpawnCartOnSpline Node:  Set Distance
[2019.05.21-15.49.38:245][ 24]LogScript: Warning: Accessed None trying to read property CallFunc_FinishSpawningActor_ReturnValue
	CartSpawn_C /Game/StarterContent/Maps/UEDPIE_0_Level1.Level1:PersistentLevel.CartSpawn2_2
	Function /Game/Blueprints/CartSpawn.CartSpawn_C:SpawnCartOnSpline:060B
[2019.05.21-15.49.38:245][ 24]PIE: Error: Blueprint Runtime Error: "Accessed None trying to read property CallFunc_FinishSpawningActor_ReturnValue". Blueprint:  CartSpawn Function:  Spawn Cart on Spline Graph:  SpawnCartOnSpline Node:  Spawn Default Controller
[2019.05.21-15.49.38:247][ 24]LogScript: Warning: UGameplayStatics::BeginSpawningActorFromClass: can not spawn an actor from a NULL class
[2019.05.21-15.49.38:247][ 24]LogScript: Warning: Accessed None trying to read property CallFunc_FinishSpawningActor_ReturnValue
	CartSpawn_C /Game/StarterContent/Maps/UEDPIE_0_Level1.Level1:PersistentLevel.CartSpawn2_2
	Function /Game/Blueprints/CartSpawn.CartSpawn_C:SpawnCartOnSpline:05AE
[2019.05.21-15.49.38:247][ 24]PIE: Error: Blueprint Runtime Error: "Accessed None trying to read property CallFunc_FinishSpawningActor_ReturnValue". Blueprint:  CartSpawn Function:  Spawn Cart on Spline Graph:  SpawnCartOnSpline Node:  Set SplineReference
[2019.05.21-15.49.38:247][ 24]LogScript: Warning: Accessed None attempting to assign variable on an object
	CartSpawn_C /Game/StarterContent/Maps/UEDPIE_0_Level1.Level1:PersistentLevel.CartSpawn2_2
	Function /Game/Blueprints/CartSpawn.CartSpawn_C:SpawnCartOnSpline:05C3
[2019.05.21-15.49.38:247][ 24]PIE: Error: Blueprint Runtime Error: "Accessed None attempting to assign variable on an object". Blueprint:  CartSpawn Function:  Spawn Cart on Spline Graph:  SpawnCartOnSpline Node:  Set SplineReference
[2019.05.21-15.49.38:247][ 24]LogScript: Warning: Accessed None trying to read property CallFunc_FinishSpawningActor_ReturnValue
	CartSpawn_C /Game/StarterContent/Maps/UEDPIE_0_Level1.Level1:PersistentLevel.CartSpawn2_2
	Function /Game/Blueprints/CartSpawn.CartSpawn_C:SpawnCartOnSpline:05E1
[2019.05.21-15.49.38:247][ 24]PIE: Error: Blueprint Runtime Error: "Accessed None trying to read property CallFunc_FinishSpawningActor_ReturnValue". Blueprint:  CartSpawn Function:  Spawn Cart on Spline Graph:  SpawnCartOnSpline Node:  Set Distance
[2019.05.21-15.49.38:247][ 24]LogScript: Warning: Attempted to assign to None
	CartSpawn_C /Game/StarterContent/Maps/UEDPIE_0_Level1.Level1:PersistentLevel.CartSpawn2_2
	Function /Game/Blueprints/CartSpawn.CartSpawn_C:SpawnCartOnSpline:05F6
[2019.05.21-15.49.38:247][ 24]PIE: Error: Blueprint Runtime Error: "Attempted to assign to None". Blueprint:  CartSpawn Function:  Spawn Cart on Spline Graph:  SpawnCartOnSpline Node:  Set Distance
[2019.05.21-15.49.38:247][ 24]LogScript: Warning: Accessed None trying to read property CallFunc_FinishSpawningActor_ReturnValue
	CartSpawn_C /Game/StarterContent/Maps/UEDPIE_0_Level1.Level1:PersistentLevel.CartSpawn2_2
	Function /Game/Blueprints/CartSpawn.CartSpawn_C:SpawnCartOnSpline:060B
[2019.05.21-15.49.38:247][ 24]PIE: Error: Blueprint Runtime Error: "Accessed None trying to read property CallFunc_FinishSpawningActor_ReturnValue". Blueprint:  CartSpawn Function:  Spawn Cart on Spline Graph:  SpawnCartOnSpline Node:  Spawn Default Controller
[2019.05.21-15.49.39:120][ 43]LogSlate: FSceneViewport::OnFocusLost() reason 2
[2019.05.21-15.49.56:908][333]LogSkeletalMesh: USkeletalMeshComponent::InitArticulated : Could not find root physics body: '/Game/StarterContent/Maps/UEDPIE_0_Level1.Level1:PersistentLevel.BP_MotionController_C_0.HandMesh'
[2019.05.21-15.49.57:708][369]LogScript: Warning: Attempted to access Scannables_C_4 via property Scannables, but Scannables_C_4 is pending kill
	Eats_C /Game/StarterContent/Maps/UEDPIE_0_Level1.Level1:PersistentLevel.Eats_5
	Function /Game/Blueprints/Eats.Eats_C:ExecuteUbergraph_Eats:006D
[2019.05.21-15.49.57:708][369]PIE: Error: Blueprint Runtime Error: "Attempted to access Scannables_C_4 via property Scannables, but Scannables_C_4 is pending kill". Blueprint:  Eats Function:  Execute Ubergraph Eats Graph:  EventGraph Node:  SetWorldLocation
[2019.05.21-15.49.57:708][369]LogScript: Warning: Attempted to access Scannables_C_4 via property Scannables, but Scannables_C_4 is pending kill
	Eats_C /Game/StarterContent/Maps/UEDPIE_0_Level1.Level1:PersistentLevel.Eats_5
	Function /Game/Blueprints/Eats.Eats_C:ExecuteUbergraph_Eats:00FC
[2019.05.21-15.49.57:708][369]PIE: Error: Blueprint Runtime Error: "Attempted to access Scannables_C_4 via property Scannables, but Scannables_C_4 is pending kill". Blueprint:  Eats Function:  Execute Ubergraph Eats Graph:  EventGraph Node:  DestroyActor
[2019.05.21-15.49.58:155][389]LogSkeletalMesh: USkeletalMeshComponent::InitArticulated : Could not find root physics body: '/Game/StarterContent/Maps/UEDPIE_0_Level1.Level1:PersistentLevel.BP_MotionController_C_0.HandMesh'
[2019.05.21-15.49.59:130][433]LogSkeletalMesh: USkeletalMeshComponent::InitArticulated : Could not find root physics body: '/Game/StarterContent/Maps/UEDPIE_0_Level1.Level1:PersistentLevel.BP_MotionController_C_0.HandMesh'
[2019.05.21-15.49.59:953][470]LogNet: Browse: /Game/StarterContent/Maps/Level1
[2019.05.21-15.49.59:953][470]LogLoadingSplash: Loading begins
[2019.05.21-15.49.59:969][470]LogHMD: FSplash::OnShow
[2019.05.21-15.49.59:969][470]LogLoad: LoadMap: /Game/StarterContent/Maps/Level1
[2019.05.21-15.50.00:014][470]LogPlayLevel: Creating play world package: /Game/StarterContent/Maps/UEDPIE_0_Level1
[2019.05.21-15.50.00:085][470]LogPlayLevel: PIE: StaticDuplicateObject took: (0.071214s)
[2019.05.21-15.50.00:086][470]LogAIModule: Creating AISystem for world Level1
[2019.05.21-15.50.00:086][470]LogPlayLevel: PIE: World Init took: (0.000525s)
[2019.05.21-15.50.00:086][470]LogPlayLevel: PIE: Created PIE world by copying editor world from /Game/StarterContent/Maps/Level1.Level1 to /Game/StarterContent/Maps/UEDPIE_0_Level1.Level1 (0.072032s)
[2019.05.21-15.50.00:086][470]LogLoad: Game class is 'GameModeBase'
[2019.05.21-15.50.00:108][470]LogWorld: Bringing World /Game/StarterContent/Maps/UEDPIE_0_Level1.Level1 up for play (max tick rate 0) at 2019.05.21-11.50.00
[2019.05.21-15.50.00:112][470]LogWorld: Bringing up level for play took: 0.024897
[2019.05.21-15.50.00:112][470]LogGameMode: FindPlayerStart: PATHS NOT DEFINED or NO PLAYERSTART with positive rating
[2019.05.21-15.50.00:116][470]Cmd: vr.bEnableStereo True
[2019.05.21-15.50.00:116][470]LogBlueprintUserMessages: Warning: SetTimer passed a bad function (TimeFunctionTick) or object (MotionControllerPawn_2)
[2019.05.21-15.50.00:118][470]LogLoadingSplash: Loading ends
[2019.05.21-15.50.00:118][470]LogHMD: FSplash::OnHide
[2019.05.21-15.50.00:121][470]LogLoad: Took 0.153002 seconds to LoadMap(/Game/StarterContent/Maps/UEDPIE_0_Level1)
[2019.05.21-15.50.00:967][507]LogScript: Warning: Accessed None trying to read property ScanVar
	Spawner_C /Game/StarterContent/Maps/UEDPIE_0_Level1.Level1:PersistentLevel.Spawner_2
	Function /Game/Blueprints/Spawner.Spawner_C:ExecuteUbergraph_Spawner:1459
[2019.05.21-15.50.00:967][507]PIE: Error: Blueprint Runtime Error: "Accessed None trying to read property ScanVar". Blueprint:  Spawner Function:  Execute Ubergraph Spawner Graph:  EventGraph Node:  Branch
[2019.05.21-15.50.01:967][552]LogScript: Warning: UGameplayStatics::BeginSpawningActorFromClass: can not spawn an actor from a NULL class
[2019.05.21-15.50.01:968][552]LogScript: Warning: Accessed None trying to read property CallFunc_FinishSpawningActor_ReturnValue
	CartSpawn_C /Game/StarterContent/Maps/UEDPIE_0_Level1.Level1:PersistentLevel.CartSpawn2_2
	Function /Game/Blueprints/CartSpawn.CartSpawn_C:SpawnCartOnSpline:05AE
[2019.05.21-15.50.01:968][552]PIE: Error: Blueprint Runtime Error: "Accessed None trying to read property CallFunc_FinishSpawningActor_ReturnValue". Blueprint:  CartSpawn Function:  Spawn Cart on Spline Graph:  SpawnCartOnSpline Node:  Set SplineReference
[2019.05.21-15.50.01:968][552]LogScript: Warning: Accessed None attempting to assign variable on an object
	CartSpawn_C /Game/StarterContent/Maps/UEDPIE_0_Level1.Level1:PersistentLevel.CartSpawn2_2
	Function /Game/Blueprints/CartSpawn.CartSpawn_C:SpawnCartOnSpline:05C3
[2019.05.21-15.50.01:968][552]PIE: Error: Blueprint Runtime Error: "Accessed None attempting to assign variable on an object". Blueprint:  CartSpawn Function:  Spawn Cart on Spline Graph:  SpawnCartOnSpline Node:  Set SplineReference
[2019.05.21-15.50.01:968][552]LogScript: Warning: Accessed None trying to read property CallFunc_FinishSpawningActor_ReturnValue
	CartSpawn_C /Game/StarterContent/Maps/UEDPIE_0_Level1.Level1:PersistentLevel.CartSpawn2_2
	Function /Game/Blueprints/CartSpawn.CartSpawn_C:SpawnCartOnSpline:05E1
[2019.05.21-15.50.01:968][552]PIE: Error: Blueprint Runtime Error: "Accessed None trying to read property CallFunc_FinishSpawningActor_ReturnValue". Blueprint:  CartSpawn Function:  Spawn Cart on Spline Graph:  SpawnCartOnSpline Node:  Set Distance
[2019.05.21-15.50.01:968][552]LogScript: Warning: Attempted to assign to None
	CartSpawn_C /Game/StarterContent/Maps/UEDPIE_0_Level1.Level1:PersistentLevel.CartSpawn2_2
	Function /Game/Blueprints/CartSpawn.CartSpawn_C:SpawnCartOnSpline:05F6
[2019.05.21-15.50.01:968][552]PIE: Error: Blueprint Runtime Error: "Attempted to assign to None". Blueprint:  CartSpawn Function:  Spawn Cart on Spline Graph:  SpawnCartOnSpline Node:  Set Distance
[2019.05.21-15.50.01:968][552]LogScript: Warning: Accessed None trying to read property CallFunc_FinishSpawningActor_ReturnValue
	CartSpawn_C /Game/StarterContent/Maps/UEDPIE_0_Level1.Level1:PersistentLevel.CartSpawn2_2
	Function /Game/Blueprints/CartSpawn.CartSpawn_C:SpawnCartOnSpline:060B
[2019.05.21-15.50.01:968][552]PIE: Error: Blueprint Runtime Error: "Accessed None trying to read property CallFunc_FinishSpawningActor_ReturnValue". Blueprint:  CartSpawn Function:  Spawn Cart on Spline Graph:  SpawnCartOnSpline Node:  Spawn Default Controller
[2019.05.21-15.50.01:969][552]LogScript: Warning: UGameplayStatics::BeginSpawningActorFromClass: can not spawn an actor from a NULL class
[2019.05.21-15.50.01:969][552]LogScript: Warning: Accessed None trying to read property CallFunc_FinishSpawningActor_ReturnValue
	CartSpawn_C /Game/StarterContent/Maps/UEDPIE_0_Level1.Level1:PersistentLevel.CartSpawn2_2
	Function /Game/Blueprints/CartSpawn.CartSpawn_C:SpawnCartOnSpline:05AE
[2019.05.21-15.50.01:969][552]PIE: Error: Blueprint Runtime Error: "Accessed None trying to read property CallFunc_FinishSpawningActor_ReturnValue". Blueprint:  CartSpawn Function:  Spawn Cart on Spline Graph:  SpawnCartOnSpline Node:  Set SplineReference
[2019.05.21-15.50.01:969][552]LogScript: Warning: Accessed None attempting to assign variable on an object
	CartSpawn_C /Game/StarterContent/Maps/UEDPIE_0_Level1.Level1:PersistentLevel.CartSpawn2_2
	Function /Game/Blueprints/CartSpawn.CartSpawn_C:SpawnCartOnSpline:05C3
[2019.05.21-15.50.01:969][552]PIE: Error: Blueprint Runtime Error: "Accessed None attempting to assign variable on an object". Blueprint:  CartSpawn Function:  Spawn Cart on Spline Graph:  SpawnCartOnSpline Node:  Set SplineReference
[2019.05.21-15.50.01:969][552]PIE: Error: Blueprint Runtime Error: "Accessed None trying to read property CallFunc_FinishSpawningActor_ReturnValue". Blueprint:  CartSpawn Function:  Spawn Cart on Spline Graph:  SpawnCartOnSpline Node:  Set Distance
[2019.05.21-15.50.01:969][552]PIE: Error: Blueprint Runtime Error: "Attempted to assign to None". Blueprint:  CartSpawn Function:  Spawn Cart on Spline Graph:  SpawnCartOnSpline Node:  Set Distance
[2019.05.21-15.50.01:969][552]PIE: Error: Blueprint Runtime Error: "Accessed None trying to read property CallFunc_FinishSpawningActor_ReturnValue". Blueprint:  CartSpawn Function:  Spawn Cart on Spline Graph:  SpawnCartOnSpline Node:  Spawn Default Controller
[2019.05.21-15.50.01:970][552]LogScript: Warning: UGameplayStatics::BeginSpawningActorFromClass: can not spawn an actor from a NULL class
[2019.05.21-15.50.01:970][552]LogScript: Warning: Accessed None trying to read property CallFunc_FinishSpawningActor_ReturnValue
	CartSpawn_C /Game/StarterContent/Maps/UEDPIE_0_Level1.Level1:PersistentLevel.CartSpawn_2
	Function /Game/Blueprints/CartSpawn.CartSpawn_C:SpawnCartOnSpline:05AE
[2019.05.21-15.50.01:970][552]PIE: Error: Blueprint Runtime Error: "Accessed None trying to read property CallFunc_FinishSpawningActor_ReturnValue". Blueprint:  CartSpawn Function:  Spawn Cart on Spline Graph:  SpawnCartOnSpline Node:  Set SplineReference
[2019.05.21-15.50.01:970][552]LogScript: Warning: Accessed None attempting to assign variable on an object
	CartSpawn_C /Game/StarterContent/Maps/UEDPIE_0_Level1.Level1:PersistentLevel.CartSpawn_2
	Function /Game/Blueprints/CartSpawn.CartSpawn_C:SpawnCartOnSpline:05C3
[2019.05.21-15.50.01:970][552]PIE: Error: Blueprint Runtime Error: "Accessed None attempting to assign variable on an object". Blueprint:  CartSpawn Function:  Spawn Cart on Spline Graph:  SpawnCartOnSpline Node:  Set SplineReference
[2019.05.21-15.50.01:970][552]LogScript: Warning: Accessed None trying to read property CallFunc_FinishSpawningActor_ReturnValue
	CartSpawn_C /Game/StarterContent/Maps/UEDPIE_0_Level1.Level1:PersistentLevel.CartSpawn_2
	Function /Game/Blueprints/CartSpawn.CartSpawn_C:SpawnCartOnSpline:05E1
[2019.05.21-15.50.01:971][552]PIE: Error: Blueprint Runtime Error: "Accessed None trying to read property CallFunc_FinishSpawningActor_ReturnValue". Blueprint:  CartSpawn Function:  Spawn Cart on Spline Graph:  SpawnCartOnSpline Node:  Set Distance
[2019.05.21-15.50.01:971][552]LogScript: Warning: Attempted to assign to None
	CartSpawn_C /Game/StarterContent/Maps/UEDPIE_0_Level1.Level1:PersistentLevel.CartSpawn_2
	Function /Game/Blueprints/CartSpawn.CartSpawn_C:SpawnCartOnSpline:05F6
[2019.05.21-15.50.01:971][552]PIE: Error: Blueprint Runtime Error: "Attempted to assign to None". Blueprint:  CartSpawn Function:  Spawn Cart on Spline Graph:  SpawnCartOnSpline Node:  Set Distance
[2019.05.21-15.50.01:971][552]LogScript: Warning: Accessed None trying to read property CallFunc_FinishSpawningActor_ReturnValue
	CartSpawn_C /Game/StarterContent/Maps/UEDPIE_0_Level1.Level1:PersistentLevel.CartSpawn_2
	Function /Game/Blueprints/CartSpawn.CartSpawn_C:SpawnCartOnSpline:060B
[2019.05.21-15.50.01:971][552]PIE: Error: Blueprint Runtime Error: "Accessed None trying to read property CallFunc_FinishSpawningActor_ReturnValue". Blueprint:  CartSpawn Function:  Spawn Cart on Spline Graph:  SpawnCartOnSpline Node:  Spawn Default Controller
[2019.05.21-15.50.01:971][552]LogScript: Warning: UGameplayStatics::BeginSpawningActorFromClass: can not spawn an actor from a NULL class
[2019.05.21-15.50.01:971][552]LogScript: Warning: Accessed None trying to read property CallFunc_FinishSpawningActor_ReturnValue
	CartSpawn_C /Game/StarterContent/Maps/UEDPIE_0_Level1.Level1:PersistentLevel.CartSpawn_2
	Function /Game/Blueprints/CartSpawn.CartSpawn_C:SpawnCartOnSpline:05AE
[2019.05.21-15.50.01:972][552]PIE: Error: Blueprint Runtime Error: "Accessed None trying to read property CallFunc_FinishSpawningActor_ReturnValue". Blueprint:  CartSpawn Function:  Spawn Cart on Spline Graph:  SpawnCartOnSpline Node:  Set SplineReference
[2019.05.21-15.50.01:972][552]LogScript: Warning: Accessed None attempting to assign variable on an object
	CartSpawn_C /Game/StarterContent/Maps/UEDPIE_0_Level1.Level1:PersistentLevel.CartSpawn_2
	Function /Game/Blueprints/CartSpawn.CartSpawn_C:SpawnCartOnSpline:05C3
[2019.05.21-15.50.01:972][552]PIE: Error: Blueprint Runtime Error: "Accessed None attempting to assign variable on an object". Blueprint:  CartSpawn Function:  Spawn Cart on Spline Graph:  SpawnCartOnSpline Node:  Set SplineReference
[2019.05.21-15.50.01:972][552]PIE: Error: Blueprint Runtime Error: "Accessed None trying to read property CallFunc_FinishSpawningActor_ReturnValue". Blueprint:  CartSpawn Function:  Spawn Cart on Spline Graph:  SpawnCartOnSpline Node:  Set Distance
[2019.05.21-15.50.01:972][552]PIE: Error: Blueprint Runtime Error: "Attempted to assign to None". Blueprint:  CartSpawn Function:  Spawn Cart on Spline Graph:  SpawnCartOnSpline Node:  Set Distance
[2019.05.21-15.50.01:972][552]PIE: Error: Blueprint Runtime Error: "Accessed None trying to read property CallFunc_FinishSpawningActor_ReturnValue". Blueprint:  CartSpawn Function:  Spawn Cart on Spline Graph:  SpawnCartOnSpline Node:  Spawn Default Controller
[2019.05.21-15.50.11:956][  1]LogSlate: FSceneViewport::OnFocusLost() reason 2
[2019.05.21-15.50.21:668][393]PIE: Warning: Scannables_C_3.StaticMeshComponent0 hs_fireworks has to have 'Simulate Physics' enabled if you'd like to AddImpulse. 
[2019.05.21-15.50.21:789][398]PIE: Warning: Scannables_C_3.StaticMeshComponent0 hs_fireworks has to have 'Simulate Physics' enabled if you'd like to AddImpulse. 
[2019.05.21-15.50.26:601][612]LogSlate: FSceneViewport::OnFocusLost() reason 2
[2019.05.21-15.50.50:288][628]LogSkeletalMesh: USkeletalMeshComponent::InitArticulated : Could not find root physics body: '/Game/StarterContent/Maps/UEDPIE_0_Level1.Level1:PersistentLevel.BP_MotionController_C_1.HandMesh'
[2019.05.21-15.50.50:823][652]LogSkeletalMesh: USkeletalMeshComponent::InitArticulated : Could not find root physics body: '/Game/StarterContent/Maps/UEDPIE_0_Level1.Level1:PersistentLevel.BP_MotionController_C_1.HandMesh'
[2019.05.21-15.50.53:050][752]LogSkeletalMesh: USkeletalMeshComponent::InitArticulated : Could not find root physics body: '/Game/StarterContent/Maps/UEDPIE_0_Level1.Level1:PersistentLevel.BP_MotionController_C_0.HandMesh'
[2019.05.21-15.50.53:424][769]LogSkeletalMesh: USkeletalMeshComponent::InitArticulated : Could not find root physics body: '/Game/StarterContent/Maps/UEDPIE_0_Level1.Level1:PersistentLevel.BP_MotionController_C_0.HandMesh'
[2019.05.21-15.50.56:200][894]LogSkeletalMesh: USkeletalMeshComponent::InitArticulated : Could not find root physics body: '/Game/StarterContent/Maps/UEDPIE_0_Level1.Level1:PersistentLevel.BP_MotionController_C_1.HandMesh'
[2019.05.21-15.50.59:664][ 50]LogSkeletalMesh: USkeletalMeshComponent::InitArticulated : Could not find root physics body: '/Game/StarterContent/Maps/UEDPIE_0_Level1.Level1:PersistentLevel.BP_MotionController_C_1.HandMesh'
[2019.05.21-15.51.03:091][204]LogSkeletalMesh: USkeletalMeshComponent::InitArticulated : Could not find root physics body: '/Game/StarterContent/Maps/UEDPIE_0_Level1.Level1:PersistentLevel.BP_MotionController_C_1.HandMesh'
[2019.05.21-15.51.06:931][377]LogSkeletalMesh: USkeletalMeshComponent::InitArticulated : Could not find root physics body: '/Game/StarterContent/Maps/UEDPIE_0_Level1.Level1:PersistentLevel.BP_MotionController_C_1.HandMesh'
[2019.05.21-15.51.13:290][662]LogSkeletalMesh: USkeletalMeshComponent::InitArticulated : Could not find root physics body: '/Game/StarterContent/Maps/UEDPIE_0_Level1.Level1:PersistentLevel.BP_MotionController_C_0.HandMesh'
[2019.05.21-15.51.26:103][240]LogBlueprintUserMessages: Early EndPlayMap Detection: Level '/Game/StarterContent/Maps/Level1.Level1:PersistentLevel' has LevelScriptBlueprint '/Game/StarterContent/Maps/Level1.Level1:PersistentLevel.Level1' with GeneratedClass '/Game/StarterContent/Maps/Level1.Level1_C' with ClassGeneratedBy '/Game/StarterContent/Maps/Level1.Level1:PersistentLevel.Level1'
[2019.05.21-15.51.26:183][240]LogSlate: Updating window title bar state: overlay mode, drag disabled, window buttons hidden, title bar hidden
[2019.05.21-15.51.26:199][240]LogSlate: Window 'MyProject3 Game Preview Standalone (64-bit/PCD3D_SM5)' being destroyed
[2019.05.21-15.51.26:247][240]LogPlayLevel: Display: Shutting down PIE online subsystems
[2019.05.21-15.51.26:247][240]LogBlueprintUserMessages: Late EndPlayMap Detection: Level '/Game/StarterContent/Maps/Level1.Level1:PersistentLevel' has LevelScriptBlueprint '/Game/StarterContent/Maps/Level1.Level1:PersistentLevel.Level1' with GeneratedClass '/Game/StarterContent/Maps/Level1.Level1_C' with ClassGeneratedBy '/Game/StarterContent/Maps/Level1.Level1:PersistentLevel.Level1'
[2019.05.21-15.51.26:363][241]LogPlayLevel: Display: Destroying online subsystem :Context_16
[2019.05.21-15.51.26:364][241]LogEngine: Changing dynamic resolution state.
[2019.05.21-15.51.28:230][352]LogSlate: Window 'Message Log' being destroyed
[2019.05.21-15.51.28:236][352]LogSlate: Window 'Message Log' being destroyed
[2019.05.21-15.51.28:464][366]LogEditorViewport: Clicking on Actor (LMB): StaticMeshActor (Convey19)
[2019.05.21-15.51.31:126][415]LogSlate: FSceneViewport::OnFocusLost() reason 2
[2019.05.21-15.51.40:210][949]LogAssetEditorManager: Opening Asset editor for Blueprint /Game/Blueprints/Scannables.Scannables
[2019.05.21-15.51.41:197][961]LogD3D11RHI: Error: SwapChain->ResizeBuffers(1, SizeX, SizeY, RenderTargetFormat, DXGI_SWAP_CHAIN_FLAG_ALLOW_MODE_SWITCH) failed 
 at D:\Build\++UE4\Sync\Engine\Source\Runtime\Windows\D3D11RHI\Private\D3D11Viewport.cpp:257 
 with error DXGI_ERROR_INVALID_CALL, 
 Size=701x256 Format=DXGI_FORMAT_R10G10B10A2_UNORM(0x00000018)
[2019.05.21-15.51.41:197][961]LogOutputDevice: Warning: 

Script Stack (0 frames):

[2019.05.21-15.51.41:198][961]LogWindows: Windows GetLastError: The operation completed successfully. (0)
[2019.05.21-15.51.42:094][961]LogWindows: Error: === Critical error: ===
[2019.05.21-15.51.42:094][961]LogWindows: Error: 
[2019.05.21-15.51.42:094][961]LogWindows: Error: Fatal error: [File:D:\Build\++UE4\Sync\Engine\Source\Runtime\Windows\D3D11RHI\Private\D3D11Util.cpp] [Line: 363] 
[2019.05.21-15.51.42:094][961]LogWindows: Error: SwapChain->ResizeBuffers(1, SizeX, SizeY, RenderTargetFormat, DXGI_SWAP_CHAIN_FLAG_ALLOW_MODE_SWITCH) failed 
[2019.05.21-15.51.42:094][961]LogWindows: Error:  at D:\Build\++UE4\Sync\Engine\Source\Runtime\Windows\D3D11RHI\Private\D3D11Viewport.cpp:257 
[2019.05.21-15.51.42:094][961]LogWindows: Error:  with error DXGI_ERROR_INVALID_CALL, 
[2019.05.21-15.51.42:094][961]LogWindows: Error:  Size=701x256 Format=DXGI_FORMAT_R10G10B10A2_UNORM(0x00000018)
[2019.05.21-15.51.42:094][961]LogWindows: Error: 
[2019.05.21-15.51.42:094][961]LogWindows: Error: 
[2019.05.21-15.51.42:094][961]LogWindows: Error: [Callstack] 0x00007ff833389129 KERNELBASE.dll!UnknownFunction []
[2019.05.21-15.51.42:094][961]LogWindows: Error: [Callstack] 0x00007fffd84fcd1a UE4Editor-Core.dll!UnknownFunction []
[2019.05.21-15.51.42:094][961]LogWindows: Error: [Callstack] 0x00007fffd82da967 UE4Editor-Core.dll!UnknownFunction []
[2019.05.21-15.51.42:094][961]LogWindows: Error: [Callstack] 0x00007fffd8210df7 UE4Editor-Core.dll!UnknownFunction []
[2019.05.21-15.51.42:094][961]LogWindows: Error: [Callstack] 0x00007fffba380b7f UE4Editor-D3D11RHI.dll!UnknownFunction []
[2019.05.21-15.51.42:094][961]LogWindows: Error: [Callstack] 0x00007fffba3790a2 UE4Editor-D3D11RHI.dll!UnknownFunction []
[2019.05.21-15.51.42:094][961]LogWindows: Error: [Callstack] 0x00007fffba370141 UE4Editor-D3D11RHI.dll!UnknownFunction []
[2019.05.21-15.51.42:094][961]LogWindows: Error: [Callstack] 0x00007fffba099b87 UE4Editor-SlateRHIRenderer.dll!UnknownFunction []
[2019.05.21-15.51.42:094][961]LogWindows: Error: [Callstack] 0x00007fffba0b2c68 UE4Editor-SlateRHIRenderer.dll!UnknownFunction []
[2019.05.21-15.51.42:094][961]LogWindows: Error: [Callstack] 0x00007fffd7b641e0 UE4Editor-Slate.dll!UnknownFunction []
[2019.05.21-15.51.42:094][961]LogWindows: Error: [Callstack] 0x00007fffd7b2e222 UE4Editor-Slate.dll!UnknownFunction []
[2019.05.21-15.51.42:094][961]LogWindows: Error: [Callstack] 0x00007fffd7b8f5a6 UE4Editor-Slate.dll!UnknownFunction []
[2019.05.21-15.51.42:094][961]LogWindows: Error: [Callstack] 0x00007fffd7b8e483 UE4Editor-Slate.dll!UnknownFunction []
[2019.05.21-15.51.42:094][961]LogWindows: Error: [Callstack] 0x00007ff66d707094 UE4Editor.exe!UnknownFunction []
[2019.05.21-15.51.42:094][961]LogWindows: Error: [Callstack] 0x00007ff66d71596c UE4Editor.exe!UnknownFunction []
[2019.05.21-15.51.42:094][961]LogWindows: Error: [Callstack] 0x00007ff66d7159ea UE4Editor.exe!UnknownFunction []
[2019.05.21-15.51.42:094][961]LogWindows: Error: [Callstack] 0x00007ff66d7248da UE4Editor.exe!UnknownFunction []
[2019.05.21-15.51.42:094][961]LogWindows: Error: [Callstack] 0x00007ff66d72659a UE4Editor.exe!UnknownFunction []
[2019.05.21-15.51.42:094][961]LogWindows: Error: [Callstack] 0x00007ff8362e81f4 KERNEL32.DLL!UnknownFunction []
[2019.05.21-15.51.42:094][961]LogWindows: Error: [Callstack] 0x00007ff83642a271 ntdll.dll!UnknownFunction []
[2019.05.21-15.51.42:094][961]LogWindows: Error: 
[2019.05.21-15.51.42:100][961]LogExit: Executing StaticShutdownAfterError
[2019.05.21-15.51.42:104][961]LogWindows: FPlatformMisc::RequestExit(1)
[2019.05.21-15.51.42:106][961]Log file closed, 05/21/19 11:51:42
