Log file open, 05/01/19 15:32:26
LogWindows: Failed to load 'aqProf.dll' (GetLastError=126)
LogWindows: File 'aqProf.dll' does not exist
LogWindows: Failed to load 'VtuneApi.dll' (GetLastError=126)
LogWindows: File 'VtuneApi.dll' does not exist
LogWindows: Failed to load 'VtuneApi32e.dll' (GetLastError=126)
LogWindows: File 'VtuneApi32e.dll' does not exist
LogConsoleResponse: Display: Failed to find resolution value strings in scalability ini. Falling back to default.
LogInit: Display: Running engine for game: MyProject3
LogPakFile: Registered encryption key '00000000000000000000000000000000': 0 pak files mounted, 0 remain pending
LogPlatformFile: Not using cached read wrapper
LogTaskGraph: Started task graph with 5 named threads and 35 total threads with 3 sets of task threads.
LogStats: Stats thread started at 0.405210
LogD3D11RHI: Loaded GFSDK_Aftermath_Lib.x64.dll
LogICUInternationalization: ICU TimeZone Detection - Raw Offset: -5:00, Platform Override: ''
LogPluginManager: Mounting plugin Paper2D
LogPluginManager: Mounting plugin AISupport
LogPluginManager: Mounting plugin LightPropagationVolume
LogPluginManager: Mounting plugin ActorLayerUtilities
LogPluginManager: Mounting plugin CLionSourceCodeAccess
LogPluginManager: Mounting plugin CodeLiteSourceCodeAccess
LogPluginManager: Mounting plugin GitSourceControl
LogPluginManager: Mounting plugin KDevelopSourceCodeAccess
LogPluginManager: Mounting plugin NullSourceCodeAccess
LogPluginManager: Mounting plugin PerforceSourceControl
LogPluginManager: Mounting plugin SubversionSourceControl
LogPluginManager: Mounting plugin UObjectPlugin
LogPluginManager: Mounting plugin VisualStudioCodeSourceCodeAccess
LogPluginManager: Mounting plugin VisualStudioSourceCodeAccess
LogPluginManager: Mounting plugin XCodeSourceCodeAccess
LogPluginManager: Mounting plugin AssetManagerEditor
LogPluginManager: Mounting plugin CryptoKeys
LogPluginManager: Mounting plugin DataValidation
LogPluginManager: Mounting plugin FacialAnimation
LogPluginManager: Mounting plugin GameplayTagsEditor
LogPluginManager: Mounting plugin MacGraphicsSwitching
LogPluginManager: Mounting plugin MeshEditor
LogPluginManager: Mounting plugin MobileLauncherProfileWizard
LogPluginManager: Mounting plugin PluginBrowser
LogPluginManager: Mounting plugin SpeedTreeImporter
LogPluginManager: Mounting plugin DatasmithContent
LogPluginManager: Mounting plugin VariantManagerContent
LogPluginManager: Mounting plugin AlembicImporter
LogPluginManager: Mounting plugin AppleImageUtils
LogPluginManager: Mounting plugin AppleVision
LogPluginManager: Mounting plugin BackChannel
LogPluginManager: Mounting plugin CharacterAI
LogPluginManager: Mounting plugin GeometryCache
LogPluginManager: Mounting plugin HTML5Networking
LogPluginManager: Mounting plugin ProxyLODPlugin
LogPluginManager: Mounting plugin MagicLeap
LogPluginManager: Mounting plugin MagicLeapMedia
LogPluginManager: Mounting plugin AndroidMedia
LogPluginManager: Mounting plugin AvfMedia
LogPluginManager: Mounting plugin ImgMedia
LogPluginManager: Mounting plugin LinearTimecode
LogPluginManager: Mounting plugin MediaCompositing
LogPluginManager: Mounting plugin MediaPlayerEditor
LogPluginManager: Mounting plugin WebMMedia
LogPluginManager: Mounting plugin WmfMedia
LogPluginManager: Mounting plugin TcpMessaging
LogPluginManager: Mounting plugin UdpMessaging
LogPluginManager: Mounting plugin ActorSequence
LogPluginManager: Mounting plugin LevelSequenceEditor
LogPluginManager: Mounting plugin MatineeToLevelSequence
LogPluginManager: Mounting plugin NetcodeUnitTest
LogPluginManager: Mounting plugin NUTUnrealEngine4
LogPluginManager: Mounting plugin OnlineSubsystemGooglePlay
LogPluginManager: Mounting plugin OnlineSubsystemIOS
LogPluginManager: Mounting plugin OnlineSubsystem
LogPluginManager: Mounting plugin OnlineSubsystemNull
LogPluginManager: Mounting plugin OnlineSubsystemUtils
LogPluginManager: Mounting plugin LauncherChunkInstaller
LogPluginManager: Mounting plugin AndroidDeviceProfileSelector
LogPluginManager: Mounting plugin AndroidMoviePlayer
LogPluginManager: Mounting plugin AndroidPermission
LogPluginManager: Mounting plugin AppleMoviePlayer
LogPluginManager: Mounting plugin ArchVisCharacter
LogPluginManager: Mounting plugin AudioCapture
LogPluginManager: Mounting plugin CableComponent
LogPluginManager: Mounting plugin CustomMeshComponent
LogPluginManager: Mounting plugin EditableMesh
LogPluginManager: Mounting plugin ExampleDeviceProfileSelector
LogPluginManager: Mounting plugin Firebase
LogPluginManager: Mounting plugin GoogleCloudMessaging
LogPluginManager: Mounting plugin IOSDeviceProfileSelector
LogPluginManager: Mounting plugin LinuxDeviceProfileSelector
LogPluginManager: Mounting plugin LocationServicesBPLibrary
LogPluginManager: Mounting plugin MobilePatchingUtils
LogPluginManager: Mounting plugin OculusVR
LogPluginManager: Mounting plugin PhysXVehicles
LogPluginManager: Mounting plugin ProceduralMeshComponent
LogPluginManager: Mounting plugin RuntimePhysXCooking
LogPluginManager: Mounting plugin SteamVR
LogPluginManager: Mounting plugin WebMMoviePlayer
LogPluginManager: Mounting plugin WindowsMoviePlayer
LogStreaming: Display: Took  0.068s to configure plugins.
LogInit: Using libcurl 7.55.1-DEV
LogInit:  - built for x86_64-pc-win32
LogInit:  - supports SSL with OpenSSL/1.0.2h
LogInit:  - supports HTTP deflate (compression) using libz 1.2.8
LogInit:  - other features:
LogInit:      CURL_VERSION_SSL
LogInit:      CURL_VERSION_LIBZ
LogInit:      CURL_VERSION_IPV6
LogInit:      CURL_VERSION_ASYNCHDNS
LogInit:      CURL_VERSION_LARGEFILE
LogInit:      CURL_VERSION_IDN
LogInit:  CurlRequestOptions (configurable via config and command line):
LogInit:  - bVerifyPeer = true  - Libcurl will verify peer certificate
LogInit:  - bUseHttpProxy = false  - Libcurl will NOT use HTTP proxy
LogInit:  - bDontReuseConnections = false  - Libcurl will reuse connections
LogInit:  - MaxHostConnections = 16  - Libcurl will limit the number of connections to a host
LogInit:  - LocalHostAddr = Default
LogInit:  - BufferSize = 65536
LogInit: WinSock: version 1.1 (2.2), MaxSocks=32767, MaxUdp=65467
LogInit: Build: ++UE4+Release-4.21-CL-4753647
LogInit: Engine Version: 4.21.2-4753647+++UE4+Release-4.21
LogInit: Compatible Engine Version: 4.21.0-4541578+++UE4+Release-4.21
LogInit: Net CL: 4541578
LogInit: OS: Windows 10 (), CPU: Intel(R) Core(TM) i7-8750H CPU @ 2.20GHz, GPU: Intel(R) UHD Graphics 630
LogInit: Compiled (64-bit): Jan 19 2019 02:07:31
LogInit: Compiled with Visual C++: 19.13.26129.00
LogInit: Build Configuration: Development
LogInit: Branch Name: ++UE4+Release-4.21
LogInit: Command Line: 
LogInit: Base Directory: C:/Program Files/Epic Games/UE_4.21/Engine/Binaries/Win64/
LogInit: Installed Engine Build: 1
LogDevObjectVersion: Number of dev versions registered: 22
LogDevObjectVersion:   Dev-Blueprints (B0D832E4-1F89-4F0D-ACCF-7EB736FD4AA2): 10
LogDevObjectVersion:   Dev-Build (E1C64328-A22C-4D53-A36C-8E866417BD8C): 0
LogDevObjectVersion:   Dev-Core (375EC13C-06E4-48FB-B500-84F0262A717E): 2
LogDevObjectVersion:   Dev-Editor (E4B068ED-F494-42E9-A231-DA0B2E46BB41): 26
LogDevObjectVersion:   Dev-Framework (CFFC743F-43B0-4480-9391-14DF171D2073): 34
LogDevObjectVersion:   Dev-Mobile (B02B49B5-BB20-44E9-A304-32B752E40360): 2
LogDevObjectVersion:   Dev-Networking (A4E4105C-59A1-49B5-A7C5-40C4547EDFEE): 0
LogDevObjectVersion:   Dev-Online (39C831C9-5AE6-47DC-9A44-9C173E1C8E7C): 0
LogDevObjectVersion:   Dev-Physics (78F01B33-EBEA-4F98-B9B4-84EACCB95AA2): 0
LogDevObjectVersion:   Dev-Platform (6631380F-2D4D-43E0-8009-CF276956A95A): 0
LogDevObjectVersion:   Dev-Rendering (12F88B9F-8875-4AFC-A67C-D90C383ABD29): 27
LogDevObjectVersion:   Dev-Sequencer (7B5AE74C-D270-4C10-A958-57980B212A5A): 9
LogDevObjectVersion:   Dev-VR (D7296918-1DD6-4BDD-9DE2-64A83CC13884): 2
LogDevObjectVersion:   Dev-LoadTimes (C2A15278-BFE7-4AFE-6C17-90FF531DF755): 1
LogDevObjectVersion:   Private-Geometry (6EACA3D4-40EC-4CC1-B786-8BED09428FC5): 3
LogDevObjectVersion:   Dev-AnimPhys (29E575DD-E0A3-4627-9D10-D276232CDCEA): 17
LogDevObjectVersion:   Dev-Anim (AF43A65D-7FD3-4947-9873-3E8ED9C1BB05): 2
LogDevObjectVersion:   Dev-ReflectionCapture (6B266CEC-1EC7-4B8F-A30B-E4D90942FC07): 1
LogDevObjectVersion:   Dev-Automation (0DF73D61-A23F-47EA-B727-89E90C41499A): 1
LogDevObjectVersion:   FortniteMain (601D1886-AC64-4F84-AA16-D3DE0DEAC7D6): 17
LogDevObjectVersion:   Dev-Enterprise (9DFFBCD6-494F-0158-E221-12823C92A888): 4
LogDevObjectVersion:   Dev-Niagara (F2AED0AC-9AFE-416F-8664-AA7FFA26D6FC): 1
LogStreaming: Display: Took  0.001s to delete old logs.
LogInit: Presizing for max 8388607 objects, including 0 objects not considered by GC, pre-allocating 0 bytes for permanent pool.
LogInit: Object subsystem initialized
LogConfig: Setting CVar [[con.DebugEarlyDefault:1]]
LogConfig: Setting CVar [[r.setres:1280x720]]
[2019.05.01-19.32.27:240][  0]LogConfig: Setting CVar [[r.VSync:0]]
[2019.05.01-19.32.27:240][  0]LogConfig: Setting CVar [[r.RHICmdBypass:0]]
[2019.05.01-19.32.27:240][  0]LogConfig: Applying CVar settings from Section [/Script/Engine.RendererSettings] File [D:/FOLDER/OverIT/MyProject3/Saved/Config/Windows/Engine.ini]
[2019.05.01-19.32.27:240][  0]LogConfig: Setting CVar [[r.GPUCrashDebugging:0]]
[2019.05.01-19.32.27:240][  0]LogConfig: Applying CVar settings from Section [/Script/Engine.RendererOverrideSettings] File [D:/FOLDER/OverIT/MyProject3/Saved/Config/Windows/Engine.ini]
[2019.05.01-19.32.27:240][  0]LogConfig: Applying CVar settings from Section [/Script/Engine.StreamingSettings] File [D:/FOLDER/OverIT/MyProject3/Saved/Config/Windows/Engine.ini]
[2019.05.01-19.32.27:240][  0]LogConfig: Setting CVar [[s.MinBulkDataSizeForAsyncLoading:131072]]
[2019.05.01-19.32.27:240][  0]LogConfig: Setting CVar [[s.AsyncLoadingThreadEnabled:0]]
[2019.05.01-19.32.27:240][  0]LogConfig: Setting CVar [[s.EventDrivenLoaderEnabled:1]]
[2019.05.01-19.32.27:240][  0]LogConfig: Setting CVar [[s.WarnIfTimeLimitExceeded:0]]
[2019.05.01-19.32.27:241][  0]LogConfig: Setting CVar [[s.TimeLimitExceededMultiplier:1.5]]
[2019.05.01-19.32.27:241][  0]LogConfig: Setting CVar [[s.TimeLimitExceededMinTime:0.005]]
[2019.05.01-19.32.27:241][  0]LogConfig: Setting CVar [[s.UseBackgroundLevelStreaming:1]]
[2019.05.01-19.32.27:241][  0]LogConfig: Setting CVar [[s.PriorityAsyncLoadingExtraTime:15.0]]
[2019.05.01-19.32.27:241][  0]LogConfig: Setting CVar [[s.LevelStreamingActorsUpdateTimeLimit:5.0]]
[2019.05.01-19.32.27:241][  0]LogConfig: Setting CVar [[s.PriorityLevelStreamingActorsUpdateExtraTime:5.0]]
[2019.05.01-19.32.27:241][  0]LogConfig: Setting CVar [[s.LevelStreamingComponentsRegistrationGranularity:10]]
[2019.05.01-19.32.27:241][  0]LogConfig: Setting CVar [[s.UnregisterComponentsTimeLimit:1.0]]
[2019.05.01-19.32.27:241][  0]LogConfig: Setting CVar [[s.LevelStreamingComponentsUnregistrationGranularity:5]]
[2019.05.01-19.32.27:241][  0]LogConfig: Applying CVar settings from Section [/Script/Engine.GarbageCollectionSettings] File [D:/FOLDER/OverIT/MyProject3/Saved/Config/Windows/Engine.ini]
[2019.05.01-19.32.27:241][  0]LogConfig: Setting CVar [[gc.MaxObjectsNotConsideredByGC:1]]
[2019.05.01-19.32.27:241][  0]LogConfig: Setting CVar [[gc.SizeOfPermanentObjectPool:0]]
[2019.05.01-19.32.27:241][  0]LogConfig: Setting CVar [[gc.FlushStreamingOnGC:0]]
[2019.05.01-19.32.27:241][  0]LogConfig: Setting CVar [[gc.NumRetriesBeforeForcingGC:10]]
[2019.05.01-19.32.27:241][  0]LogConfig: Setting CVar [[gc.AllowParallelGC:1]]
[2019.05.01-19.32.27:241][  0]LogConfig: Setting CVar [[gc.TimeBetweenPurgingPendingKillObjects:61.1]]
[2019.05.01-19.32.27:241][  0]LogConfig: Setting CVar [[gc.MaxObjectsInEditor:8388607]]
[2019.05.01-19.32.27:241][  0]LogConfig: Setting CVar [[gc.IncrementalBeginDestroyEnabled:1]]
[2019.05.01-19.32.27:241][  0]LogConfig: Setting CVar [[gc.CreateGCClusters:1]]
[2019.05.01-19.32.27:241][  0]LogConfig: Setting CVar [[gc.MergeGCClusters:0]]
[2019.05.01-19.32.27:241][  0]LogConfig: Setting CVar [[gc.MinGCClusterSize:5]]
[2019.05.01-19.32.27:241][  0]LogConfig: Setting CVar [[gc.ActorClusteringEnabled:0]]
[2019.05.01-19.32.27:241][  0]LogConfig: Setting CVar [[gc.BlueprintClusteringEnabled:0]]
[2019.05.01-19.32.27:241][  0]LogConfig: Setting CVar [[gc.UseDisregardForGCOnDedicatedServers:0]]
[2019.05.01-19.32.27:241][  0]LogConfig: Applying CVar settings from Section [/Script/Engine.NetworkSettings] File [D:/FOLDER/OverIT/MyProject3/Saved/Config/Windows/Engine.ini]
[2019.05.01-19.32.27:241][  0]LogConfig: Applying CVar settings from Section [/Script/UnrealEd.CookerSettings] File [D:/FOLDER/OverIT/MyProject3/Saved/Config/Windows/Engine.ini]
[2019.05.01-19.32.27:244][  0]LogConfig: Applying CVar settings from Section [ViewDistanceQuality@3] File [D:/FOLDER/OverIT/MyProject3/Saved/Config/Windows/Scalability.ini]
[2019.05.01-19.32.27:244][  0]LogConfig: Setting CVar [[r.SkeletalMeshLODBias:0]]
[2019.05.01-19.32.27:244][  0]LogConfig: Setting CVar [[r.ViewDistanceScale:1.0]]
[2019.05.01-19.32.27:244][  0]LogConfig: Applying CVar settings from Section [AntiAliasingQuality@3] File [D:/FOLDER/OverIT/MyProject3/Saved/Config/Windows/Scalability.ini]
[2019.05.01-19.32.27:244][  0]LogConfig: Setting CVar [[r.PostProcessAAQuality:3]]
[2019.05.01-19.32.27:244][  0]LogConfig: Applying CVar settings from Section [ShadowQuality@3] File [D:/FOLDER/OverIT/MyProject3/Saved/Config/Windows/Scalability.ini]
[2019.05.01-19.32.27:244][  0]LogConfig: Setting CVar [[r.LightFunctionQuality:1]]
[2019.05.01-19.32.27:244][  0]LogConfig: Setting CVar [[r.ShadowQuality:5]]
[2019.05.01-19.32.27:244][  0]LogConfig: Setting CVar [[r.Shadow.CSM.MaxCascades:10]]
[2019.05.01-19.32.27:244][  0]LogConfig: Setting CVar [[r.Shadow.MaxResolution:2048]]
[2019.05.01-19.32.27:244][  0]LogConfig: Setting CVar [[r.Shadow.MaxCSMResolution:2048]]
[2019.05.01-19.32.27:244][  0]LogConfig: Setting CVar [[r.Shadow.RadiusThreshold:0.01]]
[2019.05.01-19.32.27:244][  0]LogConfig: Setting CVar [[r.Shadow.DistanceScale:1.0]]
[2019.05.01-19.32.27:244][  0]LogConfig: Setting CVar [[r.Shadow.CSM.TransitionScale:1.0]]
[2019.05.01-19.32.27:244][  0]LogConfig: Setting CVar [[r.Shadow.PreShadowResolutionFactor:1.0]]
[2019.05.01-19.32.27:244][  0]LogConfig: Setting CVar [[r.DistanceFieldShadowing:1]]
[2019.05.01-19.32.27:244][  0]LogConfig: Setting CVar [[r.DistanceFieldAO:1]]
[2019.05.01-19.32.27:244][  0]LogConfig: Setting CVar [[r.AOQuality:2]]
[2019.05.01-19.32.27:244][  0]LogConfig: Setting CVar [[r.VolumetricFog:1]]
[2019.05.01-19.32.27:244][  0]LogConfig: Setting CVar [[r.VolumetricFog.GridPixelSize:8]]
[2019.05.01-19.32.27:244][  0]LogConfig: Setting CVar [[r.VolumetricFog.GridSizeZ:128]]
[2019.05.01-19.32.27:244][  0]LogConfig: Setting CVar [[r.VolumetricFog.HistoryMissSupersampleCount:4]]
[2019.05.01-19.32.27:244][  0]LogConfig: Setting CVar [[r.LightMaxDrawDistanceScale:1]]
[2019.05.01-19.32.27:244][  0]LogConfig: Setting CVar [[r.CapsuleShadows:1]]
[2019.05.01-19.32.27:244][  0]LogConfig: Applying CVar settings from Section [PostProcessQuality@3] File [D:/FOLDER/OverIT/MyProject3/Saved/Config/Windows/Scalability.ini]
[2019.05.01-19.32.27:244][  0]LogConfig: Setting CVar [[r.MotionBlurQuality:0]]
[2019.05.01-19.32.27:244][  0]LogConfig: Setting CVar [[r.AmbientOcclusionMipLevelFactor:0.4]]
[2019.05.01-19.32.27:244][  0]LogConfig: Setting CVar [[r.AmbientOcclusionMaxQuality:100]]
[2019.05.01-19.32.27:244][  0]LogConfig: Setting CVar [[r.AmbientOcclusionLevels:0]]
[2019.05.01-19.32.27:244][  0]LogConfig: Setting CVar [[r.AmbientOcclusionRadiusScale:1.0]]
[2019.05.01-19.32.27:244][  0]LogConfig: Setting CVar [[r.DepthOfFieldQuality:0]]
[2019.05.01-19.32.27:244][  0]LogConfig: Setting CVar [[r.RenderTargetPoolMin:400]]
[2019.05.01-19.32.27:244][  0]LogConfig: Setting CVar [[r.LensFlareQuality:0]]
[2019.05.01-19.32.27:244][  0]LogConfig: Setting CVar [[r.SceneColorFringeQuality:0]]
[2019.05.01-19.32.27:244][  0]LogConfig: Setting CVar [[r.EyeAdaptationQuality:2]]
[2019.05.01-19.32.27:244][  0]LogConfig: Setting CVar [[r.BloomQuality:1]]
[2019.05.01-19.32.27:244][  0]LogConfig: Setting CVar [[r.FastBlurThreshold:0]]
[2019.05.01-19.32.27:244][  0]LogConfig: Setting CVar [[r.Upscale.Quality:3]]
[2019.05.01-19.32.27:244][  0]LogConfig: Setting CVar [[r.Tonemapper.GrainQuantization:1]]
[2019.05.01-19.32.27:244][  0]LogConfig: Setting CVar [[r.LightShaftQuality:1]]
[2019.05.01-19.32.27:244][  0]LogConfig: Setting CVar [[r.Filter.SizeScale:1]]
[2019.05.01-19.32.27:244][  0]LogConfig: Setting CVar [[r.Tonemapper.Quality:5]]
[2019.05.01-19.32.27:244][  0]LogConfig: Setting CVar [[r.DOF.Gather.AccumulatorQuality:1        ; higher gathering accumulator quality]]
[2019.05.01-19.32.27:244][  0]LogConfig: Setting CVar [[r.DOF.Gather.PostfilterMethod:1          ; Median3x3 postfilering method]]
[2019.05.01-19.32.27:244][  0]LogConfig: Setting CVar [[r.DOF.Gather.EnableBokehSettings:0       ; no bokeh simulation when gathering]]
[2019.05.01-19.32.27:244][  0]LogConfig: Setting CVar [[r.DOF.Gather.RingCount:4                 ; medium number of samples when gathering]]
[2019.05.01-19.32.27:244][  0]LogConfig: Setting CVar [[r.DOF.Scatter.ForegroundCompositing:1    ; additive foreground scattering]]
[2019.05.01-19.32.27:244][  0]LogConfig: Setting CVar [[r.DOF.Scatter.BackgroundCompositing:2    ; additive background scattering]]
[2019.05.01-19.32.27:244][  0]LogConfig: Setting CVar [[r.DOF.Scatter.EnableBokehSettings:1      ; bokeh simulation when scattering]]
[2019.05.01-19.32.27:244][  0]LogConfig: Setting CVar [[r.DOF.Scatter.MaxSpriteRatio:0.1         ; only a maximum of 10% of scattered bokeh]]
[2019.05.01-19.32.27:244][  0]LogConfig: Setting CVar [[r.DOF.Recombine.Quality:1                ; cheap slight out of focus]]
[2019.05.01-19.32.27:244][  0]LogConfig: Setting CVar [[r.DOF.Recombine.EnableBokehSettings:0    ; no bokeh simulation on slight out of focus]]
[2019.05.01-19.32.27:244][  0]LogConfig: Setting CVar [[r.DOF.TemporalAAQuality:1                ; more stable temporal accumulation]]
[2019.05.01-19.32.27:244][  0]LogConfig: Setting CVar [[r.DOF.Kernel.MaxForegroundRadius:0.025]]
[2019.05.01-19.32.27:244][  0]LogConfig: Setting CVar [[r.DOF.Kernel.MaxBackgroundRadius:0.025]]
[2019.05.01-19.32.27:244][  0]LogConfig: Applying CVar settings from Section [TextureQuality@3] File [D:/FOLDER/OverIT/MyProject3/Saved/Config/Windows/Scalability.ini]
[2019.05.01-19.32.27:244][  0]LogConfig: Setting CVar [[r.Streaming.MipBias:0]]
[2019.05.01-19.32.27:244][  0]LogConfig: Setting CVar [[r.Streaming.AmortizeCPUToGPUCopy:0]]
[2019.05.01-19.32.27:244][  0]LogConfig: Setting CVar [[r.Streaming.MaxNumTexturesToStreamPerFrame:0]]
[2019.05.01-19.32.27:244][  0]LogConfig: Setting CVar [[r.Streaming.Boost:1]]
[2019.05.01-19.32.27:244][  0]LogConfig: Setting CVar [[r.MaxAnisotropy:8]]
[2019.05.01-19.32.27:244][  0]LogConfig: Setting CVar [[r.Streaming.LimitPoolSizeToVRAM:0]]
[2019.05.01-19.32.27:244][  0]LogConfig: Setting CVar [[r.Streaming.PoolSize:1000]]
[2019.05.01-19.32.27:244][  0]LogConfig: Setting CVar [[r.Streaming.MaxEffectiveScreenSize:0]]
[2019.05.01-19.32.27:244][  0]LogConfig: Applying CVar settings from Section [EffectsQuality@3] File [D:/FOLDER/OverIT/MyProject3/Saved/Config/Windows/Scalability.ini]
[2019.05.01-19.32.27:244][  0]LogConfig: Setting CVar [[r.TranslucencyLightingVolumeDim:4]]
[2019.05.01-19.32.27:244][  0]LogConfig: Setting CVar [[r.RefractionQuality:2]]
[2019.05.01-19.32.27:244][  0]LogConfig: Setting CVar [[r.SSR.Quality:0]]
[2019.05.01-19.32.27:244][  0]LogConfig: Setting CVar [[r.SceneColorFormat:2]]
[2019.05.01-19.32.27:244][  0]LogConfig: Setting CVar [[r.DetailMode:2]]
[2019.05.01-19.32.27:244][  0]LogConfig: Setting CVar [[r.TranslucencyVolumeBlur:0]]
[2019.05.01-19.32.27:244][  0]LogConfig: Setting CVar [[r.MaterialQualityLevel:1 ; High quality]]
[2019.05.01-19.32.27:244][  0]LogConfig: Setting CVar [[r.SSS.Scale:1]]
[2019.05.01-19.32.27:244][  0]LogConfig: Setting CVar [[r.SSS.SampleSet:2]]
[2019.05.01-19.32.27:244][  0]LogConfig: Setting CVar [[r.SSS.Quality:1]]
[2019.05.01-19.32.27:244][  0]LogConfig: Setting CVar [[r.SSS.HalfRes:1]]
[2019.05.01-19.32.27:244][  0]LogConfig: Setting CVar [[r.EmitterSpawnRateScale:1.0]]
[2019.05.01-19.32.27:244][  0]LogConfig: Setting CVar [[r.ParticleLightQuality:2]]
[2019.05.01-19.32.27:244][  0]LogConfig: Applying CVar settings from Section [FoliageQuality@3] File [D:/FOLDER/OverIT/MyProject3/Saved/Config/Windows/Scalability.ini]
[2019.05.01-19.32.27:244][  0]LogConfig: Setting CVar [[foliage.DensityScale:1.0]]
[2019.05.01-19.32.27:244][  0]LogConfig: Setting CVar [[grass.DensityScale:1.0]]
[2019.05.01-19.32.27:244][  0]LogInit: Selected Device Profile: [Windows]
[2019.05.01-19.32.27:245][  0]LogInit: Applying CVar settings loaded from the selected device profile: [Windows]
[2019.05.01-19.32.27:250][  0]LogHAL: Display: Platform has ~ 16 GB [17018638336 / 17179869184 / 16], which maps to Larger [LargestMinGB=32, LargerMinGB=12, DefaultMinGB=8, SmallerMinGB=6, SmallestMinGB=0)
[2019.05.01-19.32.27:250][  0]LogConfig: Setting CVar [[r.Vulkan.UseRealUBs:1]]
[2019.05.01-19.32.27:250][  0]LogInit: Going up to parent DeviceProfile []
[2019.05.01-19.32.27:250][  0]LogConfig: Applying CVar settings from Section [ViewDistanceQuality@3] File [D:/FOLDER/OverIT/MyProject3/Saved/Config/Windows/Scalability.ini]
[2019.05.01-19.32.27:250][  0]LogConfig: Setting CVar [[r.SkeletalMeshLODBias:0]]
[2019.05.01-19.32.27:250][  0]LogConfig: Setting CVar [[r.ViewDistanceScale:1.0]]
[2019.05.01-19.32.27:250][  0]LogConfig: Applying CVar settings from Section [AntiAliasingQuality@3] File [D:/FOLDER/OverIT/MyProject3/Saved/Config/Windows/Scalability.ini]
[2019.05.01-19.32.27:250][  0]LogConfig: Setting CVar [[r.PostProcessAAQuality:3]]
[2019.05.01-19.32.27:250][  0]LogConfig: Applying CVar settings from Section [ShadowQuality@3] File [D:/FOLDER/OverIT/MyProject3/Saved/Config/Windows/Scalability.ini]
[2019.05.01-19.32.27:250][  0]LogConfig: Setting CVar [[r.LightFunctionQuality:1]]
[2019.05.01-19.32.27:250][  0]LogConfig: Setting CVar [[r.ShadowQuality:5]]
[2019.05.01-19.32.27:250][  0]LogConfig: Setting CVar [[r.Shadow.CSM.MaxCascades:10]]
[2019.05.01-19.32.27:250][  0]LogConfig: Setting CVar [[r.Shadow.MaxResolution:2048]]
[2019.05.01-19.32.27:250][  0]LogConfig: Setting CVar [[r.Shadow.MaxCSMResolution:2048]]
[2019.05.01-19.32.27:250][  0]LogConfig: Setting CVar [[r.Shadow.RadiusThreshold:0.01]]
[2019.05.01-19.32.27:250][  0]LogConfig: Setting CVar [[r.Shadow.DistanceScale:1.0]]
[2019.05.01-19.32.27:251][  0]LogConfig: Setting CVar [[r.Shadow.CSM.TransitionScale:1.0]]
[2019.05.01-19.32.27:251][  0]LogConfig: Setting CVar [[r.Shadow.PreShadowResolutionFactor:1.0]]
[2019.05.01-19.32.27:251][  0]LogConfig: Setting CVar [[r.DistanceFieldShadowing:1]]
[2019.05.01-19.32.27:251][  0]LogConfig: Setting CVar [[r.DistanceFieldAO:1]]
[2019.05.01-19.32.27:251][  0]LogConfig: Setting CVar [[r.AOQuality:2]]
[2019.05.01-19.32.27:251][  0]LogConfig: Setting CVar [[r.VolumetricFog:1]]
[2019.05.01-19.32.27:251][  0]LogConfig: Setting CVar [[r.VolumetricFog.GridPixelSize:8]]
[2019.05.01-19.32.27:251][  0]LogConfig: Setting CVar [[r.VolumetricFog.GridSizeZ:128]]
[2019.05.01-19.32.27:251][  0]LogConfig: Setting CVar [[r.VolumetricFog.HistoryMissSupersampleCount:4]]
[2019.05.01-19.32.27:251][  0]LogConfig: Setting CVar [[r.LightMaxDrawDistanceScale:1]]
[2019.05.01-19.32.27:251][  0]LogConfig: Setting CVar [[r.CapsuleShadows:1]]
[2019.05.01-19.32.27:251][  0]LogConfig: Applying CVar settings from Section [PostProcessQuality@3] File [D:/FOLDER/OverIT/MyProject3/Saved/Config/Windows/Scalability.ini]
[2019.05.01-19.32.27:251][  0]LogConfig: Setting CVar [[r.MotionBlurQuality:0]]
[2019.05.01-19.32.27:251][  0]LogConfig: Setting CVar [[r.AmbientOcclusionMipLevelFactor:0.4]]
[2019.05.01-19.32.27:251][  0]LogConfig: Setting CVar [[r.AmbientOcclusionMaxQuality:100]]
[2019.05.01-19.32.27:251][  0]LogConfig: Setting CVar [[r.AmbientOcclusionLevels:0]]
[2019.05.01-19.32.27:251][  0]LogConfig: Setting CVar [[r.AmbientOcclusionRadiusScale:1.0]]
[2019.05.01-19.32.27:251][  0]LogConfig: Setting CVar [[r.DepthOfFieldQuality:0]]
[2019.05.01-19.32.27:251][  0]LogConfig: Setting CVar [[r.RenderTargetPoolMin:400]]
[2019.05.01-19.32.27:251][  0]LogConfig: Setting CVar [[r.LensFlareQuality:0]]
[2019.05.01-19.32.27:251][  0]LogConfig: Setting CVar [[r.SceneColorFringeQuality:0]]
[2019.05.01-19.32.27:251][  0]LogConfig: Setting CVar [[r.EyeAdaptationQuality:2]]
[2019.05.01-19.32.27:251][  0]LogConfig: Setting CVar [[r.BloomQuality:1]]
[2019.05.01-19.32.27:251][  0]LogConfig: Setting CVar [[r.FastBlurThreshold:0]]
[2019.05.01-19.32.27:251][  0]LogConfig: Setting CVar [[r.Upscale.Quality:3]]
[2019.05.01-19.32.27:251][  0]LogConfig: Setting CVar [[r.Tonemapper.GrainQuantization:1]]
[2019.05.01-19.32.27:251][  0]LogConfig: Setting CVar [[r.LightShaftQuality:1]]
[2019.05.01-19.32.27:251][  0]LogConfig: Setting CVar [[r.Filter.SizeScale:1]]
[2019.05.01-19.32.27:251][  0]LogConfig: Setting CVar [[r.Tonemapper.Quality:5]]
[2019.05.01-19.32.27:251][  0]LogConfig: Setting CVar [[r.DOF.Gather.AccumulatorQuality:1        ; higher gathering accumulator quality]]
[2019.05.01-19.32.27:251][  0]LogConfig: Setting CVar [[r.DOF.Gather.PostfilterMethod:1          ; Median3x3 postfilering method]]
[2019.05.01-19.32.27:251][  0]LogConfig: Setting CVar [[r.DOF.Gather.EnableBokehSettings:0       ; no bokeh simulation when gathering]]
[2019.05.01-19.32.27:251][  0]LogConfig: Setting CVar [[r.DOF.Gather.RingCount:4                 ; medium number of samples when gathering]]
[2019.05.01-19.32.27:251][  0]LogConfig: Setting CVar [[r.DOF.Scatter.ForegroundCompositing:1    ; additive foreground scattering]]
[2019.05.01-19.32.27:251][  0]LogConfig: Setting CVar [[r.DOF.Scatter.BackgroundCompositing:2    ; additive background scattering]]
[2019.05.01-19.32.27:251][  0]LogConfig: Setting CVar [[r.DOF.Scatter.EnableBokehSettings:1      ; bokeh simulation when scattering]]
[2019.05.01-19.32.27:251][  0]LogConfig: Setting CVar [[r.DOF.Scatter.MaxSpriteRatio:0.1         ; only a maximum of 10% of scattered bokeh]]
[2019.05.01-19.32.27:251][  0]LogConfig: Setting CVar [[r.DOF.Recombine.Quality:1                ; cheap slight out of focus]]
[2019.05.01-19.32.27:251][  0]LogConfig: Setting CVar [[r.DOF.Recombine.EnableBokehSettings:0    ; no bokeh simulation on slight out of focus]]
[2019.05.01-19.32.27:251][  0]LogConfig: Setting CVar [[r.DOF.TemporalAAQuality:1                ; more stable temporal accumulation]]
[2019.05.01-19.32.27:251][  0]LogConfig: Setting CVar [[r.DOF.Kernel.MaxForegroundRadius:0.025]]
[2019.05.01-19.32.27:251][  0]LogConfig: Setting CVar [[r.DOF.Kernel.MaxBackgroundRadius:0.025]]
[2019.05.01-19.32.27:251][  0]LogConfig: Applying CVar settings from Section [TextureQuality@3] File [D:/FOLDER/OverIT/MyProject3/Saved/Config/Windows/Scalability.ini]
[2019.05.01-19.32.27:251][  0]LogConfig: Setting CVar [[r.Streaming.MipBias:0]]
[2019.05.01-19.32.27:251][  0]LogConfig: Setting CVar [[r.Streaming.AmortizeCPUToGPUCopy:0]]
[2019.05.01-19.32.27:251][  0]LogConfig: Setting CVar [[r.Streaming.MaxNumTexturesToStreamPerFrame:0]]
[2019.05.01-19.32.27:251][  0]LogConfig: Setting CVar [[r.Streaming.Boost:1]]
[2019.05.01-19.32.27:251][  0]LogConfig: Setting CVar [[r.MaxAnisotropy:8]]
[2019.05.01-19.32.27:251][  0]LogConfig: Setting CVar [[r.Streaming.LimitPoolSizeToVRAM:0]]
[2019.05.01-19.32.27:251][  0]LogConfig: Setting CVar [[r.Streaming.PoolSize:1000]]
[2019.05.01-19.32.27:251][  0]LogConfig: Setting CVar [[r.Streaming.MaxEffectiveScreenSize:0]]
[2019.05.01-19.32.27:251][  0]LogConfig: Applying CVar settings from Section [EffectsQuality@3] File [D:/FOLDER/OverIT/MyProject3/Saved/Config/Windows/Scalability.ini]
[2019.05.01-19.32.27:251][  0]LogConfig: Setting CVar [[r.TranslucencyLightingVolumeDim:4]]
[2019.05.01-19.32.27:251][  0]LogConfig: Setting CVar [[r.RefractionQuality:2]]
[2019.05.01-19.32.27:251][  0]LogConfig: Setting CVar [[r.SSR.Quality:0]]
[2019.05.01-19.32.27:251][  0]LogConfig: Setting CVar [[r.SceneColorFormat:2]]
[2019.05.01-19.32.27:251][  0]LogConfig: Setting CVar [[r.DetailMode:2]]
[2019.05.01-19.32.27:251][  0]LogConfig: Setting CVar [[r.TranslucencyVolumeBlur:0]]
[2019.05.01-19.32.27:251][  0]LogConfig: Setting CVar [[r.MaterialQualityLevel:1 ; High quality]]
[2019.05.01-19.32.27:251][  0]LogConfig: Setting CVar [[r.SSS.Scale:1]]
[2019.05.01-19.32.27:251][  0]LogConfig: Setting CVar [[r.SSS.SampleSet:2]]
[2019.05.01-19.32.27:251][  0]LogConfig: Setting CVar [[r.SSS.Quality:1]]
[2019.05.01-19.32.27:251][  0]LogConfig: Setting CVar [[r.SSS.HalfRes:1]]
[2019.05.01-19.32.27:251][  0]LogConfig: Setting CVar [[r.EmitterSpawnRateScale:1.0]]
[2019.05.01-19.32.27:251][  0]LogConfig: Setting CVar [[r.ParticleLightQuality:2]]
[2019.05.01-19.32.27:251][  0]LogConfig: Applying CVar settings from Section [FoliageQuality@3] File [D:/FOLDER/OverIT/MyProject3/Saved/Config/Windows/Scalability.ini]
[2019.05.01-19.32.27:251][  0]LogConfig: Setting CVar [[foliage.DensityScale:1.0]]
[2019.05.01-19.32.27:251][  0]LogConfig: Setting CVar [[grass.DensityScale:1.0]]
[2019.05.01-19.32.27:251][  0]LogConfig: Applying CVar settings from Section [Startup] File [../../../Engine/Config/ConsoleVariables.ini]
[2019.05.01-19.32.27:251][  0]LogConfig: Setting CVar [[net.UseAdaptiveNetUpdateFrequency:0]]
[2019.05.01-19.32.27:251][  0]LogConfig: Applying CVar settings from Section [ConsoleVariables] File [D:/FOLDER/OverIT/MyProject3/Saved/Config/Windows/Engine.ini]
[2019.05.01-19.32.27:251][  0]LogInit: Computer: MSI
[2019.05.01-19.32.27:251][  0]LogInit: User: Gretchen
[2019.05.01-19.32.27:251][  0]LogInit: CPU Page size=4096, Cores=6
[2019.05.01-19.32.27:251][  0]LogInit: High frequency timer resolution =2.156247 MHz
[2019.05.01-19.32.27:252][  0]LogMemory: Memory total: Physical=15.8GB (16GB approx)
[2019.05.01-19.32.27:252][  0]LogMemory: Platform Memory Stats for Windows
[2019.05.01-19.32.27:252][  0]LogMemory: Process Physical Memory: 108.90 MB used, 108.90 MB peak
[2019.05.01-19.32.27:252][  0]LogMemory: Process Virtual Memory: 92.57 MB used, 92.57 MB peak
[2019.05.01-19.32.27:252][  0]LogMemory: Physical Memory: 5636.14 MB used,  10594.09 MB free, 16230.24 MB total
[2019.05.01-19.32.27:252][  0]LogMemory: Virtual Memory: 4685.79 MB used,  134213040.00 MB free, 134217728.00 MB total
[2019.05.01-19.32.27:450][  0]LogInit: Using OS detected language (en-US).
[2019.05.01-19.32.27:450][  0]LogInit: Using OS detected locale (en-US).
[2019.05.01-19.32.27:450][  0]LogTextLocalizationManager: No specific localization for 'en-US' exists, so the 'en' localization will be used.
[2019.05.01-19.32.27:754][  0]LogStreaming: Display: Took  0.304s to InitEngineTextLocalization.
[2019.05.01-19.32.27:754][  0]LogInit: Setting process to per monitor DPI aware
[2019.05.01-19.32.27:782][  0]LogSlate: New Slate User Created.  User Index 0, Is Virtual User: 0
[2019.05.01-19.32.27:782][  0]LogSlate: Slate User Registered.  User Index 0, Is Virtual User: 0
[2019.05.01-19.32.27:953][  0]LogD3D11RHI: D3D11 adapters:
[2019.05.01-19.32.28:014][  0]LogD3D11RHI:    0. 'NVIDIA GeForce GTX 1060' (Feature Level 11_0)
[2019.05.01-19.32.28:014][  0]LogD3D11RHI:       6052/0/8115 MB DedicatedVideo/DedicatedSystem/SharedSystem, Outputs:1, VendorId:0x10de
[2019.05.01-19.32.28:028][  0]LogD3D11RHI:    1. 'Intel(R) UHD Graphics 630' (Feature Level 11_0)
[2019.05.01-19.32.28:028][  0]LogD3D11RHI:       128/0/8115 MB DedicatedVideo/DedicatedSystem/SharedSystem, Outputs:0, VendorId:0x8086
[2019.05.01-19.32.28:030][  0]LogD3D11RHI:    2. 'Microsoft Basic Render Driver' (Feature Level 11_0)
[2019.05.01-19.32.28:030][  0]LogD3D11RHI:       0/0/8115 MB DedicatedVideo/DedicatedSystem/SharedSystem, Outputs:0, VendorId:0x1414
[2019.05.01-19.32.28:030][  0]LogD3D11RHI: Chosen D3D11 Adapter: 0
[2019.05.01-19.32.28:054][  0]LogD3D11RHI: Creating new Direct3DDevice
[2019.05.01-19.32.28:054][  0]LogD3D11RHI:     GPU DeviceId: 0x1c20 (for the marketing name, search the web for "GPU Device Id")
[2019.05.01-19.32.28:054][  0]LogWindows: EnumDisplayDevices:
[2019.05.01-19.32.28:055][  0]LogWindows:    0. 'Intel(R) UHD Graphics 630' (P:1 D:1)
[2019.05.01-19.32.28:055][  0]LogWindows:    1. 'Intel(R) UHD Graphics 630' (P:0 D:0)
[2019.05.01-19.32.28:055][  0]LogWindows:    2. 'Intel(R) UHD Graphics 630' (P:0 D:0)
[2019.05.01-19.32.28:055][  0]LogWindows:    3. 'NVIDIA GeForce GTX 1060' (P:0 D:0)
[2019.05.01-19.32.28:055][  0]LogWindows:    4. 'NVIDIA GeForce GTX 1060' (P:0 D:0)
[2019.05.01-19.32.28:055][  0]LogWindows:    5. 'NVIDIA GeForce GTX 1060' (P:0 D:0)
[2019.05.01-19.32.28:055][  0]LogWindows:    6. 'NVIDIA GeForce GTX 1060' (P:0 D:0)
[2019.05.01-19.32.28:055][  0]LogWindows: DebugString: PrimaryIsNotTheChoosenAdapter PrimaryIsNotTheChoosenAdapter PrimaryIsNotTheChoosenAdapter FoundDriverCount:4 
[2019.05.01-19.32.28:055][  0]LogD3D11RHI:     Adapter Name: NVIDIA GeForce GTX 1060
[2019.05.01-19.32.28:055][  0]LogD3D11RHI:   Driver Version: 419.35 (internal:25.21.14.1935, unified:419.35)
[2019.05.01-19.32.28:055][  0]LogD3D11RHI:      Driver Date: 3-1-2019
[2019.05.01-19.32.28:055][  0]LogRHI: Texture pool is 4236 MB (70% of 6052 MB)
[2019.05.01-19.32.28:091][  0]LogD3D11RHI: Async texture creation enabled
[2019.05.01-19.32.28:110][  0]LogD3D11RHI: GPU Timing Frequency: 1000.000000 (Debug: 2 1)
[2019.05.01-19.32.28:351][  0]LogTemp: Display: Loaded TP AllDesktopTargetPlatform
[2019.05.01-19.32.28:361][  0]LogTemp: Display: Loaded TP MacClientTargetPlatform
[2019.05.01-19.32.28:372][  0]LogTemp: Display: Loaded TP MacNoEditorTargetPlatform
[2019.05.01-19.32.28:383][  0]LogTemp: Display: Loaded TP MacServerTargetPlatform
[2019.05.01-19.32.28:394][  0]LogTemp: Display: Loaded TP MacTargetPlatform
[2019.05.01-19.32.28:405][  0]LogTemp: Display: Loaded TP WindowsClientTargetPlatform
[2019.05.01-19.32.28:416][  0]LogTemp: Display: Loaded TP WindowsNoEditorTargetPlatform
[2019.05.01-19.32.28:427][  0]LogTemp: Display: Loaded TP WindowsServerTargetPlatform
[2019.05.01-19.32.28:432][  0]LogTemp: Display: Loaded TP WindowsTargetPlatform
[2019.05.01-19.32.28:489][  0]LogTemp: Display: Loaded TP AndroidTargetPlatform
[2019.05.01-19.32.28:489][  0]LogTemp: Display: Loaded TP AndroidTargetPlatform
[2019.05.01-19.32.28:489][  0]LogTemp: Display: Loaded TP AndroidTargetPlatform
[2019.05.01-19.32.28:489][  0]LogTemp: Display: Loaded TP AndroidTargetPlatform
[2019.05.01-19.32.28:489][  0]LogTemp: Display: Loaded TP AndroidTargetPlatform
[2019.05.01-19.32.28:489][  0]LogTemp: Display: Loaded TP AndroidTargetPlatform
[2019.05.01-19.32.28:489][  0]LogTemp: Display: Loaded TP AndroidTargetPlatform
[2019.05.01-19.32.28:489][  0]LogTemp: Display: Loaded TP AndroidTargetPlatform
[2019.05.01-19.32.28:489][  0]LogTemp: Display: Loaded TP AndroidTargetPlatform
[2019.05.01-19.32.28:489][  0]LogTemp: Display: Loaded TP AndroidTargetPlatform
[2019.05.01-19.32.28:489][  0]LogTemp: Display: Loaded TP AndroidTargetPlatform
[2019.05.01-19.32.28:489][  0]LogTemp: Display: Loaded TP AndroidTargetPlatform
[2019.05.01-19.32.28:489][  0]LogTemp: Display: Loaded TP AndroidTargetPlatform
[2019.05.01-19.32.28:489][  0]LogTemp: Display: Loaded TP AndroidTargetPlatform
[2019.05.01-19.32.28:489][  0]LogTemp: Display: Loaded TP AndroidTargetPlatform
[2019.05.01-19.32.28:489][  0]LogTemp: Display: Loaded TP AndroidTargetPlatform
[2019.05.01-19.32.28:489][  0]LogTemp: Display: Loaded TP AndroidTargetPlatform
[2019.05.01-19.32.28:489][  0]LogTemp: Display: Loaded TP AndroidTargetPlatform
[2019.05.01-19.32.28:490][  0]LogTemp: Display: Loaded TP HTML5TargetPlatform
[2019.05.01-19.32.28:546][  0]LogTemp: Display: Loaded TP IOSTargetPlatform
[2019.05.01-19.32.28:546][  0]LogTemp: Display: Loaded TP IOSTargetPlatform
[2019.05.01-19.32.28:565][  0]LogTemp: Display: Loaded TP TVOSTargetPlatform
[2019.05.01-19.32.28:565][  0]LogTemp: Display: Loaded TP TVOSTargetPlatform
[2019.05.01-19.32.28:575][  0]LogTemp: Display: Loaded TP LinuxClientTargetPlatform
[2019.05.01-19.32.28:585][  0]LogTemp: Display: Loaded TP LinuxNoEditorTargetPlatform
[2019.05.01-19.32.28:595][  0]LogTemp: Display: Loaded TP LinuxServerTargetPlatform
[2019.05.01-19.32.28:606][  0]LogTemp: Display: Loaded TP LinuxTargetPlatform
[2019.05.01-19.32.28:642][  0]LogTemp: Display: Loaded TP LuminTargetPlatform
[2019.05.01-19.32.28:642][  0]LogTemp: Display: Loaded TP LuminTargetPlatform
[2019.05.01-19.32.28:642][  0]LogTargetPlatformManager: Display: Building Assets For Windows
[2019.05.01-19.32.28:692][  0]LogShaderCompilers: Guid format shader working directory is 22 characters bigger than the processId version (D:/FOLDER/OverIT/MyProject3/Intermediate/Shaders/WorkingDirectory/1744/).
[2019.05.01-19.32.28:692][  0]LogShaderCompilers: Cleaned the shader compiler working directory 'C:/Users/Gretchen/AppData/Local/Temp/UnrealShaderWorkingDir/D6C5E0704DA2F1C7FB133BA165832E25/'.
[2019.05.01-19.32.28:694][  0]LogXGEController: Cleaning working directory: C:/Users/Gretchen/AppData/Local/Temp/UnrealXGEWorkingDir/
[2019.05.01-19.32.28:694][  0]LogXGEController: Cannot use XGE Controller as Incredibuild is not installed on this machine.
[2019.05.01-19.32.28:694][  0]LogShaderCompilers: Cannot use XGE Shader Compiler as Incredibuild is not installed on this machine.
[2019.05.01-19.32.28:694][  0]LogShaderCompilers: Display: Using Local Shader Compiler.
[2019.05.01-19.32.29:144][  0]LogDerivedDataCache: Display: Max Cache Size: 512 MB
[2019.05.01-19.32.29:186][  0]LogDerivedDataCache: Loaded boot cache 0.04s 71MB C:/Users/Gretchen/AppData/Local/UnrealEngine/4.21/DerivedDataCache/Boot.ddc.
[2019.05.01-19.32.29:186][  0]LogDerivedDataCache: Display: Loaded Boot cache: C:/Users/Gretchen/AppData/Local/UnrealEngine/4.21/DerivedDataCache/Boot.ddc
[2019.05.01-19.32.29:186][  0]LogDerivedDataCache: FDerivedDataBackendGraph:  Pak pak cache file D:/FOLDER/OverIT/MyProject3/DerivedDataCache/DDC.ddp not found, will not use a pak cache.
[2019.05.01-19.32.29:186][  0]LogDerivedDataCache: Unable to find inner node Pak for hierarchical cache Hierarchy.
[2019.05.01-19.32.29:186][  0]LogDerivedDataCache: FDerivedDataBackendGraph:  CompressedPak pak cache file D:/FOLDER/OverIT/MyProject3/DerivedDataCache/Compressed.ddp not found, will not use a pak cache.
[2019.05.01-19.32.29:186][  0]LogDerivedDataCache: Unable to find inner node CompressedPak for hierarchical cache Hierarchy.
[2019.05.01-19.32.29:199][  0]LogDerivedDataCache: Display: Pak cache opened for reading ../../../Engine/DerivedDataCache/Compressed.ddp.
[2019.05.01-19.32.29:199][  0]LogDerivedDataCache: FDerivedDataBackendGraph:  EnterprisePak pak cache file ../../../Enterprise/DerivedDataCache/Compressed.ddp not found, will not use a pak cache.
[2019.05.01-19.32.29:199][  0]LogDerivedDataCache: Unable to find inner node EnterprisePak for hierarchical cache Hierarchy.
[2019.05.01-19.32.29:211][  0]LogDerivedDataCache: Using Local data cache path C:/Users/Gretchen/AppData/Local/UnrealEngine/Common/DerivedDataCache: Writable
[2019.05.01-19.32.29:211][  0]LogDerivedDataCache: Shared data cache path not found in *engine.ini, will not use an Shared cache.
[2019.05.01-19.32.29:211][  0]LogDerivedDataCache: Unable to find inner node Shared for hierarchical cache Hierarchy.
[2019.05.01-19.32.29:229][  0]LogMaterial: Verifying Global Shaders for PCD3D_SM5
[2019.05.01-19.32.29:230][  0]LogSlate: Using FreeType 2.6.0
[2019.05.01-19.32.29:231][  0]LogSlate: SlateFontServices - WITH_FREETYPE: 1, WITH_HARFBUZZ: 1
[2019.05.01-19.32.29:307][  0]LogAssetRegistry: FAssetRegistry took 0.0309 seconds to start up
[2019.05.01-19.32.29:599][  0]LogInit: Selected Device Profile: [Windows]
[2019.05.01-19.32.29:660][  0]LogSimplygon: Simplygon DLL not present - disabling.
[2019.05.01-19.32.29:663][  0]LogMeshReduction: Using SimplygonSwarm for distributed automatic mesh merging
[2019.05.01-19.32.29:663][  0]LogMeshReduction: Using ProxyLODMeshReduction for automatic mesh merging
[2019.05.01-19.32.29:663][  0]LogMeshReduction: Using QuadricMeshReduction for automatic static mesh reduction
[2019.05.01-19.32.29:663][  0]LogMeshReduction: No automatic skeletal mesh reduction module available
[2019.05.01-19.32.29:742][  0]LogNetVersion: MyProject3 1.0.0, NetCL: 4541578, EngineNetVer: 5, GameNetVer: 0 (Checksum: 2916331349)
[2019.05.01-19.32.30:175][  0]LogPackageLocalizationCache: Processed 11 localized package path(s) for 2 prioritized culture(s) in 0.056296 seconds
[2019.05.01-19.32.30:179][  0]LogUObjectArray: 39775 objects as part of root set at end of initial load.
[2019.05.01-19.32.30:180][  0]LogUObjectAllocator: 6914656 out of 0 bytes used by permanent object pool.
[2019.05.01-19.32.30:180][  0]LogUObjectArray: CloseDisregardForGC: 0/0 objects in disregard for GC pool
[2019.05.01-19.32.30:949][  0]LogTcpMessaging: Initializing TcpMessaging bridge
[2019.05.01-19.32.30:963][  0]LogUdpMessaging: Initializing bridge on interface 0.0.0.0:0 to multicast group 230.0.0.1:6666.
[2019.05.01-19.32.31:547][  0]SourceControl: Source control is disabled
[2019.05.01-19.32.31:547][  0]SourceControl: Source control is disabled
[2019.05.01-19.32.31:548][  0]SourceControl: Source control is disabled
[2019.05.01-19.32.31:549][  0]SourceControl: Source control is disabled
[2019.05.01-19.32.31:699][  0]LogAndroidPermission: UAndroidPermissionCallbackProxy::GetInstance
[2019.05.01-19.32.31:939][  0]LogOcInput: OculusInput pre-init called
[2019.05.01-19.32.32:064][  0]LogEngine: Initializing Engine...
[2019.05.01-19.32.32:064][  0]LogHMD: Oculus plugin initialized. Version: 4.21.2-4753647+++UE4+Release-4.21, OVRPlugin: 1.28.0
[2019.05.01-19.32.32:065][  0]LogStats: UGameplayTagsManager::ConstructGameplayTagTree: ImportINI prefixes -  0.000 s
[2019.05.01-19.32.32:065][  0]LogStats: UGameplayTagsManager::ConstructGameplayTagTree: Construct from data asset -  0.000 s
[2019.05.01-19.32.32:065][  0]LogStats: UGameplayTagsManager::ConstructGameplayTagTree: ImportINI -  0.000 s
[2019.05.01-19.32.32:065][  0]LogStats: UGameplayTagsManager::ConstructGameplayTagTree: GameplayTagTreeChangedEvent.Broadcast -  0.000 s
[2019.05.01-19.32.32:264][  0]LogInit: Initializing FReadOnlyCVARCache
[2019.05.01-19.32.32:275][  0]LogAIModule: Creating AISystem for world Untitled
[2019.05.01-19.32.32:290][  0]LogInit: XAudio2 using 'Headphones (2- Rift Audio)' : 2 channels at 48 kHz using 16 bits per sample (channel mask 0x3)
[2019.05.01-19.32.32:305][  0]LogInit: FAudioDevice initialized.
[2019.05.01-19.32.32:305][  0]LogNetVersion: Set ProjectVersion to 1.0.0.0. Version Checksum will be recalculated on next use.
[2019.05.01-19.32.32:436][  0]LogDerivedDataCache: Saved boot cache 0.13s 71MB C:/Users/Gretchen/AppData/Local/UnrealEngine/4.21/DerivedDataCache/Boot.ddc.
[2019.05.01-19.32.32:436][  0]LogInit: Texture streaming: Enabled
[2019.05.01-19.32.32:454][  0]LogEngineSessionManager: EngineSessionManager initialized
[2019.05.01-19.32.32:465][  0]LogInit: Transaction tracking system initialized
[2019.05.01-19.32.32:488][  0]BlueprintLog: New page: Editor Load
[2019.05.01-19.32.32:567][  0]LocalizationService: Localization service is disabled
[2019.05.01-19.32.32:935][  0]LogFileCache: Scanning file cache for directory 'D:/FOLDER/OverIT/MyProject3/Content/' took 0.02s
[2019.05.01-19.32.32:936][  0]LogCook: Display: Max memory allowance for cook 16384mb min free memory 0mb
[2019.05.01-19.32.32:936][  0]LogCook: Display: Mobile HDR setting 1
[2019.05.01-19.32.32:936][  0]LogGameplayTags: Display: UGameplayTagsManager::DoneAddingNativeTags. DelegateIsBound: 0
[2019.05.01-19.32.32:936][  0]LogStats: UGameplayTagsManager::ConstructGameplayTagTree: ImportINI prefixes -  0.000 s
[2019.05.01-19.32.32:936][  0]LogStats: UGameplayTagsManager::ConstructGameplayTagTree: Construct from data asset -  0.000 s
[2019.05.01-19.32.32:936][  0]LogStats: UGameplayTagsManager::ConstructGameplayTagTree: ImportINI -  0.000 s
[2019.05.01-19.32.32:936][  0]LogStats: UGameplayTagsManager::ConstructGameplayTagTree: GameplayTagTreeChangedEvent.Broadcast -  0.000 s
[2019.05.01-19.32.33:056][  0]SourceControl: Source control is disabled
[2019.05.01-19.32.33:056][  0]Cmd: MAP LOAD FILE="D:/FOLDER/OverIT/MyProject3/Content/StarterContent/Maps/Level1.umap" TEMPLATE=0 SHOWPROGRESS=1 FEATURELEVEL=3
[2019.05.01-19.32.33:057][  0]LightingResults: New page: Lighting Build
[2019.05.01-19.32.33:059][  0]MapCheck: New page: Map Check
[2019.05.01-19.32.33:059][  0]LightingResults: New page: Lighting Build
[2019.05.01-19.32.33:544][  0]LogLinker: Warning: Can't find file '/Game/Geometry/Objects/pCylinder2Mat'
[2019.05.01-19.32.33:544][  0]LoadErrors: Failed to load /Game/Geometry/Objects/hs_Pen.hs_Pen Referenced by Pen_GEN_VARIABLE
[2019.05.01-19.32.33:544][  0]LogLinker: Warning: Can't find file for asset '/Game/Geometry/Objects/pCylinder2Mat' while loading D:/FOLDER/OverIT/MyProject3/Content/Geometry/Objects/hs_Pen.uasset.
[2019.05.01-19.32.33:544][  0]LoadErrors: Failed to load /Game/Geometry/Objects/hs_Pen.hs_Pen Referenced by Pen_GEN_VARIABLE
[2019.05.01-19.32.33:544][  0]LoadErrors: Error: /Game/Geometry/Objects/hs_Pen : Can't find file for asset. /Game/Geometry/Objects/pCylinder2Mat
[2019.05.01-19.32.33:544][  0]LogLinker: Warning: Can't find file '/Game/Geometry/Objects/pCylinder2Mat'
[2019.05.01-19.32.33:544][  0]LoadErrors: Failed to load /Game/Geometry/Objects/hs_Pen.hs_Pen Referenced by Pen_GEN_VARIABLE
[2019.05.01-19.32.33:544][  0]LogLinker: Warning: Can't find file for asset '/Game/Geometry/Objects/pCylinder2Mat' while loading D:/FOLDER/OverIT/MyProject3/Content/Geometry/Objects/hs_Pen.uasset.
[2019.05.01-19.32.33:544][  0]LoadErrors: Failed to load /Game/Geometry/Objects/hs_Pen.hs_Pen Referenced by Pen_GEN_VARIABLE
[2019.05.01-19.32.33:544][  0]LoadErrors: Error: /Game/Geometry/Objects/hs_Pen : Can't find file for asset. /Game/Geometry/Objects/pCylinder2Mat
[2019.05.01-19.32.34:149][  0]LogLinker: Warning: Can't find file '/Game/Geometry/Objects/pCylinder2Mat'
[2019.05.01-19.32.34:149][  0]LoadErrors: Failed to load /Game/Geometry/Objects/pCylinder2Mat.pCylinder2Mat Referenced by hs_Pen
[2019.05.01-19.32.34:149][  0]LogLinker: Warning: Can't find file for asset '/Game/Geometry/Objects/pCylinder2Mat' while loading NULL.
[2019.05.01-19.32.34:149][  0]LoadErrors: Failed to load /Game/Geometry/Objects/pCylinder2Mat.pCylinder2Mat Referenced by hs_Pen
[2019.05.01-19.32.34:149][  0]LogLinker: Warning: Can't find file '/Game/Geometry/Objects/pCylinder2Mat'
[2019.05.01-19.32.34:149][  0]LoadErrors: Failed to load /Game/Geometry/Objects/pCylinder2Mat.pCylinder2Mat Referenced by hs_Pen
[2019.05.01-19.32.34:149][  0]LogLinker: Warning: Can't find file for asset '/Game/Geometry/Objects/pCylinder2Mat' while loading NULL.
[2019.05.01-19.32.34:149][  0]LoadErrors: Failed to load /Game/Geometry/Objects/pCylinder2Mat.pCylinder2Mat Referenced by hs_Pen
[2019.05.01-19.32.34:361][  0]LoadErrors: Warning: hs_shopcartWide Min LOD value of 1 is out of range 0..0 and has been adjusted to 0. Please verify and resave the asset.
[2019.05.01-19.32.34:396][  0]LoadErrors: Warning: HS_ObservationDeck Min LOD value of 1 is out of range 0..0 and has been adjusted to 0. Please verify and resave the asset.
[2019.05.01-19.32.34:546][  0]LoadErrors: Warning: hs_vase Min LOD value of 1 is out of range 0..0 and has been adjusted to 0. Please verify and resave the asset.
[2019.05.01-19.32.34:551][  0]LoadErrors: Warning: hs_diamond Min LOD value of 1 is out of range 0..0 and has been adjusted to 0. Please verify and resave the asset.
[2019.05.01-19.32.34:638][  0]LoadErrors: Warning: hs_Pen Min LOD value of 1 is out of range 0..0 and has been adjusted to 0. Please verify and resave the asset.
[2019.05.01-19.32.34:668][  0]LoadErrors: Warning: hs_clipBoard Min LOD value of 1 is out of range 0..0 and has been adjusted to 0. Please verify and resave the asset.
[2019.05.01-19.32.34:712][  0]LogAnimationCompression: Building Anim DDC data for AnimSequence /Game/VirtualReality/Mannequin/Animations/MannequinHand_Right_Open.MannequinHand_Right_Open
[2019.05.01-19.32.34:712][  0]LogAnimationCompression: Recompressing (AnimSequence /Game/VirtualReality/Mannequin/Animations/MannequinHand_Right_Open.MannequinHand_Right_Open) using current/default (AnimCompress_BitwiseCompressOnly_2) bFirstRecompressUsingCurrentOrDefault(1) bTryAlternateCompressor(0) IsCompressedDataValid(0)
[2019.05.01-19.32.34:717][  0]LogAnimationCompression: Building Anim DDC data for AnimSequence /Game/VirtualReality/Mannequin/Animations/MannequinHand_Right_Grab.MannequinHand_Right_Grab
[2019.05.01-19.32.34:717][  0]LogAnimationCompression: Recompressing (AnimSequence /Game/VirtualReality/Mannequin/Animations/MannequinHand_Right_Grab.MannequinHand_Right_Grab) using current/default (AnimCompress_BitwiseCompressOnly_2) bFirstRecompressUsingCurrentOrDefault(1) bTryAlternateCompressor(0) IsCompressedDataValid(0)
[2019.05.01-19.32.34:718][  0]LogAnimationCompression: Building Anim DDC data for AnimSequence /Game/VirtualReality/Mannequin/Animations/MannequinHand_Right_CanGrab.MannequinHand_Right_CanGrab
[2019.05.01-19.32.34:718][  0]LogAnimationCompression: Recompressing (AnimSequence /Game/VirtualReality/Mannequin/Animations/MannequinHand_Right_CanGrab.MannequinHand_Right_CanGrab) using current/default (AnimCompress_BitwiseCompressOnly_2) bFirstRecompressUsingCurrentOrDefault(1) bTryAlternateCompressor(0) IsCompressedDataValid(0)
[2019.05.01-19.32.34:831][  0]LoadErrors: Warning: hs_concreteBumper Min LOD value of 1 is out of range 0..0 and has been adjusted to 0. Please verify and resave the asset.
[2019.05.01-19.32.34:846][  0]LoadErrors: Warning: hs_cake Min LOD value of 1 is out of range 0..0 and has been adjusted to 0. Please verify and resave the asset.
[2019.05.01-19.32.34:962][  0]LoadErrors: Warning: hs_slideDoor_Left Min LOD value of 1 is out of range 0..0 and has been adjusted to 0. Please verify and resave the asset.
[2019.05.01-19.32.34:962][  0]LoadErrors: Warning: hs_slideDoor_Right Min LOD value of 1 is out of range 0..0 and has been adjusted to 0. Please verify and resave the asset.
[2019.05.01-19.32.34:997][  0]LoadErrors: Warning: hs_groundPlane Min LOD value of 1 is out of range 0..0 and has been adjusted to 0. Please verify and resave the asset.
[2019.05.01-19.32.34:998][  0]LoadErrors: Warning: hs_lampTree Min LOD value of 1 is out of range 0..0 and has been adjusted to 0. Please verify and resave the asset.
[2019.05.01-19.32.34:999][  0]LoadErrors: Warning: hs_parkingMedian Min LOD value of 1 is out of range 0..0 and has been adjusted to 0. Please verify and resave the asset.
[2019.05.01-19.32.35:000][  0]LoadErrors: Warning: hs_poster Min LOD value of 1 is out of range 0..0 and has been adjusted to 0. Please verify and resave the asset.
[2019.05.01-19.32.35:004][  0]LoadErrors: Warning: skybox2 Min LOD value of 1 is out of range 0..0 and has been adjusted to 0. Please verify and resave the asset.
[2019.05.01-19.32.35:053][  0]LogAIModule: Creating AISystem for world Level1
[2019.05.01-19.32.35:081][  0]LogSlate: New Slate User Created.  User Index 8, Is Virtual User: 1
[2019.05.01-19.32.35:081][  0]LogSlate: Slate User Registered.  User Index 8, Is Virtual User: 1
[2019.05.01-19.32.35:117][  0]LogEditorServer: Finished looking for orphan Actors (0.000 secs)
[2019.05.01-19.32.35:152][  0]Cmd: MAP CHECKDEP NOCLEARLOG
[2019.05.01-19.32.35:152][  0]MapCheck: Map check complete: 0 Error(s), 0 Warning(s), took 0.183ms to complete.
[2019.05.01-19.32.35:152][  0]LogFileHelpers: Loading map 'Level1' took 2.096
[2019.05.01-19.32.35:247][  0]LogSlate: Updating window title bar state: overlay mode, drag disabled, window buttons hidden, title bar hidden
[2019.05.01-19.32.35:252][  0]LogSlate: Updating window title bar state: overlay mode, drag disabled, window buttons hidden, title bar hidden
[2019.05.01-19.32.35:258][  0]LogSlate: Updating window title bar state: overlay mode, drag disabled, window buttons hidden, title bar hidden
[2019.05.01-19.32.35:264][  0]LogSlate: Updating window title bar state: overlay mode, drag disabled, window buttons hidden, title bar hidden
[2019.05.01-19.32.35:270][  0]LogCollectionManager: Loaded 0 collections in 0.001537 seconds
[2019.05.01-19.32.35:286][  0]LogFileCache: Scanning file cache for directory 'D:/FOLDER/OverIT/MyProject3/Saved/Collections/' took 0.01s
[2019.05.01-19.32.35:286][  0]LogFileCache: Scanning file cache for directory 'D:/FOLDER/OverIT/MyProject3/Content/Developers/Gretchen/Collections/' took 0.00s
[2019.05.01-19.32.35:286][  0]LogFileCache: Scanning file cache for directory 'D:/FOLDER/OverIT/MyProject3/Content/Collections/' took 0.00s
[2019.05.01-19.32.35:286][  0]LogCollectionManager: Rebuilt the GUID cache for 0 collections in 0.000000 seconds
[2019.05.01-19.32.35:293][  0]LogContentBrowser: Native class hierarchy populated in 0.0066 seconds. Added 2651 classes and 620 folders.
[2019.05.01-19.32.35:298][  0]LogContentBrowser: Native class hierarchy updated for 'WidgetCarousel' in 0.0002 seconds. Added 0 classes and 0 folders.
[2019.05.01-19.32.35:299][  0]LogPakFile: Registered encryption key '00000000000000000000000000000000': 0 pak files mounted, 0 remain pending
[2019.05.01-19.32.35:300][  0]LogPakFile: Registered encryption key '00000000000000000000000000000000': 0 pak files mounted, 0 remain pending
[2019.05.01-19.32.35:300][  0]LogPakFile: Registered encryption key '00000000000000000000000000000000': 0 pak files mounted, 0 remain pending
[2019.05.01-19.32.35:301][  0]LogPakFile: Registered encryption key '00000000000000000000000000000000': 0 pak files mounted, 0 remain pending
[2019.05.01-19.32.35:301][  0]LogPakFile: Registered encryption key '00000000000000000000000000000000': 0 pak files mounted, 0 remain pending
[2019.05.01-19.32.35:301][  0]LogPakFile: Registered encryption key '00000000000000000000000000000000': 0 pak files mounted, 0 remain pending
[2019.05.01-19.32.35:302][  0]LogPakFile: Registered encryption key '00000000000000000000000000000000': 0 pak files mounted, 0 remain pending
[2019.05.01-19.32.35:302][  0]LogPakFile: Registered encryption key '00000000000000000000000000000000': 0 pak files mounted, 0 remain pending
[2019.05.01-19.32.35:302][  0]LogPakFile: Registered encryption key '00000000000000000000000000000000': 0 pak files mounted, 0 remain pending
[2019.05.01-19.32.35:303][  0]LogPakFile: Registered encryption key '00000000000000000000000000000000': 0 pak files mounted, 0 remain pending
[2019.05.01-19.32.35:303][  0]LogPakFile: Registered encryption key '00000000000000000000000000000000': 0 pak files mounted, 0 remain pending
[2019.05.01-19.32.35:303][  0]LogPakFile: Registered encryption key '00000000000000000000000000000000': 0 pak files mounted, 0 remain pending
[2019.05.01-19.32.35:304][  0]LogPakFile: Registered encryption key '00000000000000000000000000000000': 0 pak files mounted, 0 remain pending
[2019.05.01-19.32.35:304][  0]LogPakFile: Registered encryption key '00000000000000000000000000000000': 0 pak files mounted, 0 remain pending
[2019.05.01-19.32.35:305][  0]LogPakFile: Registered encryption key '00000000000000000000000000000000': 0 pak files mounted, 0 remain pending
[2019.05.01-19.32.35:305][  0]LogPakFile: Registered encryption key '00000000000000000000000000000000': 0 pak files mounted, 0 remain pending
[2019.05.01-19.32.35:305][  0]LogPakFile: Registered encryption key '00000000000000000000000000000000': 0 pak files mounted, 0 remain pending
[2019.05.01-19.32.35:306][  0]LogPakFile: Registered encryption key '00000000000000000000000000000000': 0 pak files mounted, 0 remain pending
[2019.05.01-19.32.35:306][  0]LogPakFile: Registered encryption key '00000000000000000000000000000000': 0 pak files mounted, 0 remain pending
[2019.05.01-19.32.35:306][  0]LogPakFile: Registered encryption key '00000000000000000000000000000000': 0 pak files mounted, 0 remain pending
[2019.05.01-19.32.35:307][  0]LogPakFile: Registered encryption key '00000000000000000000000000000000': 0 pak files mounted, 0 remain pending
[2019.05.01-19.32.35:307][  0]LogPakFile: Registered encryption key '00000000000000000000000000000000': 0 pak files mounted, 0 remain pending
[2019.05.01-19.32.35:307][  0]LogPakFile: Registered encryption key '00000000000000000000000000000000': 0 pak files mounted, 0 remain pending
[2019.05.01-19.32.35:308][  0]LogPakFile: Registered encryption key '00000000000000000000000000000000': 0 pak files mounted, 0 remain pending
[2019.05.01-19.32.35:308][  0]LogPakFile: Registered encryption key '00000000000000000000000000000000': 0 pak files mounted, 0 remain pending
[2019.05.01-19.32.35:309][  0]LogPakFile: Registered encryption key '00000000000000000000000000000000': 0 pak files mounted, 0 remain pending
[2019.05.01-19.32.35:339][  0]LogContentBrowser: Native class hierarchy updated for 'AddContentDialog' in 0.0002 seconds. Added 0 classes and 0 folders.
[2019.05.01-19.32.35:343][  0]LogContentBrowser: Native class hierarchy updated for 'SceneOutliner' in 0.0002 seconds. Added 1 classes and 2 folders.
[2019.05.01-19.32.35:444][  0]LogSlate: Took 0.000185 seconds to synchronously load lazily loaded font '../../../Engine/Content/Slate/Fonts/Roboto-Regular.ttf' (155K)
[2019.05.01-19.32.35:446][  0]LogSlate: Took 0.000222 seconds to synchronously load lazily loaded font '../../../Engine/Content/Slate/Fonts/Roboto-Bold.ttf' (160K)
[2019.05.01-19.32.35:450][  0]LogSlate: Took 0.000120 seconds to synchronously load lazily loaded font '../../../Engine/Content/Editor/Slate/Fonts/FontAwesome.ttf' (139K)
[2019.05.01-19.32.35:522][  0]LogRenderer: Reallocating scene render targets to support 872x428 Format 26 NumSamples 1 (Frame:1).
[2019.05.01-19.32.35:584][  0]LogSlate: Took 0.000166 seconds to synchronously load lazily loaded font '../../../Engine/Content/Slate/Fonts/Roboto-Light.ttf' (167K)
[2019.05.01-19.32.35:665][  0]LogContentBrowser: Native class hierarchy updated for 'HierarchicalLODOutliner' in 0.0002 seconds. Added 0 classes and 0 folders.
[2019.05.01-19.32.35:666][  0]LogLoad: (Engine Initialization) Total time: 10.26 seconds
[2019.05.01-19.32.35:666][  0]LogLoad: (Engine Initialization) Total Blueprint compile time: 0.00 seconds
[2019.05.01-19.32.35:689][  0]LogWindowsTextInputMethodSystem: Display: IME system now deactivated.
[2019.05.01-19.32.35:689][  0]LogOcInput: OculusInput is initialized
[2019.05.01-19.32.35:749][  0]LogContentStreaming: Texture pool size now 1000 MB
[2019.05.01-19.32.35:754][  0]LogSlate: FSceneViewport::OnFocusLost() reason 2
[2019.05.01-19.32.36:083][  7]LogAssetRegistry: Asset discovery search completed in 6.7985 seconds
[2019.05.01-19.32.36:085][  7]LogCollectionManager: Rebuilt the object cache for 0 collections in 0.000000 seconds (found 0 objects)
[2019.05.01-19.32.36:085][  7]LogCollectionManager: Fixed up redirectors for 0 collections in 0.000038 seconds (updated 0 objects)
[2019.05.01-19.32.37:229][ 18]LogRenderer: Reallocating scene render targets to support 872x440 Format 26 NumSamples 1 (Frame:2).
[2019.05.01-19.32.39:648][154]LogSlate: FSceneViewport::OnFocusLost() reason 0
[2019.05.01-19.32.39:765][161]LogSlate: Window 'Message Log' being destroyed
[2019.05.01-19.32.39:769][161]LogSlate: Window 'Message Log' being destroyed
[2019.05.01-19.32.43:322][374]LogEditorViewport: Clicking on Actor (LMB): MotionControllerPawn_C (MotionControllerPawn)
[2019.05.01-19.32.44:574][445]LogSlate: FSceneViewport::OnFocusLost() reason 0
[2019.05.01-19.32.44:694][452]LogSlate: Took 0.000154 seconds to synchronously load lazily loaded font '../../../Engine/Content/Slate/Fonts/Roboto-Light.ttf' (167K)
[2019.05.01-19.32.44:699][452]LogAssetEditorManager: Opening Asset editor for Blueprint /Game/VirtualRealityBP/Blueprints/MotionControllerPawn.MotionControllerPawn
[2019.05.01-19.32.45:061][452]LogContentBrowser: Native class hierarchy updated for 'BlueprintGraph' in 0.0005 seconds. Added 117 classes and 0 folders.
[2019.05.01-19.32.45:697][452]LogSlate: Took 0.000205 seconds to synchronously load lazily loaded font '../../../Engine/Content/Slate/Fonts/Roboto-BoldCondensed.ttf' (158K)
[2019.05.01-19.32.49:369][650]LogRenderer: Reallocating scene render targets to support 912x524 Format 26 NumSamples 1 (Frame:118).
[2019.05.01-19.32.50:035][688]LogSlate: Took 0.000202 seconds to synchronously load lazily loaded font '../../../Engine/Content/Slate/Fonts/Roboto-Italic.ttf' (157K)
[2019.05.01-19.34.13:288][505]LogSlate: Window 'Delete Assets' being destroyed
[2019.05.01-19.35.44:869][788]LogAssetEditorManager: Opening Asset editor for Blueprint /Game/VirtualRealityBP/Blueprints/BP_MotionController.BP_MotionController
[2019.05.01-19.35.50:573][ 94]LogSlate: FSceneViewport::OnFocusLost() reason 0
[2019.05.01-19.35.53:640][258]LogSlate: FSceneViewport::OnFocusLost() reason 2
[2019.05.01-19.35.56:894][392]LogSlate: FSceneViewport::OnFocusLost() reason 0
[2019.05.01-19.36.20:310][729]LogSlate: FSceneViewport::OnFocusLost() reason 0
[2019.05.01-19.36.23:167][872]LogSlate: FSceneViewport::OnFocusLost() reason 2
[2019.05.01-19.36.27:107][106]LogSkeletalMesh: Building Skeletal Mesh hs_playerHand...
[2019.05.01-19.36.27:120][106]LogSkeletalMesh: Built Skeletal Mesh [0.01s] /Game/newHand/hs_playerHand.hs_playerHand
[2019.05.01-19.36.27:650][106]LogTexture: Display: Building textures: lambert1_Roughness (BGRA8, 2048X2048)
[2019.05.01-19.36.27:650][106]LogTexture: Display: Building textures: lambert1_Base_Color (AutoDXT, 2048X2048)
[2019.05.01-19.36.27:650][106]LogMaterial: Display: Missing cached shader map for material playerHand_mat, compiling. 
[2019.05.01-19.36.27:719][106]LogShaderCompilers: Display: Shaders left to compile 60
[2019.05.01-19.36.27:719][106]LogShaderCompilers: Display: Shaders left to compile 50
[2019.05.01-19.36.27:719][106]LogShaderCompilers: Display: Shaders left to compile 40
[2019.05.01-19.36.27:719][106]LogShaderCompilers: Display: Shaders left to compile 30
[2019.05.01-19.36.27:719][106]LogShaderCompilers: Display: Shaders left to compile 20
[2019.05.01-19.36.27:719][106]LogShaderCompilers: Display: Shaders left to compile 10
[2019.05.01-19.36.33:133][344]LogSlate: FSceneViewport::OnFocusLost() reason 2
[2019.05.01-19.36.44:483][995]BlueprintLog: New page: Compile BP_MotionController
[2019.05.01-19.37.06:509][280]LogTemp: Repeating last play command: VR Preview
[2019.05.01-19.37.06:529][280]LogBlueprintUserMessages: Early PlayInEditor Detection: Level '/Game/StarterContent/Maps/Level1.Level1:PersistentLevel' has LevelScriptBlueprint '/Game/StarterContent/Maps/Level1.Level1:PersistentLevel.Level1' with GeneratedClass '/Game/StarterContent/Maps/Level1.Level1_C' with ClassGeneratedBy '/Game/StarterContent/Maps/Level1.Level1:PersistentLevel.Level1'
[2019.05.01-19.37.06:530][280]LogPlayLevel: PlayLevel: No blueprints needed recompiling
[2019.05.01-19.37.06:530][280]LogHMD: Initializing OVRPlugin session
[2019.05.01-19.37.06:806][280]PIE: New page: PIE session: Level1 (May 1, 2019, 11:37:06 AM)
[2019.05.01-19.37.06:818][280]LogPlayLevel: Creating play world package: /Game/StarterContent/Maps/UEDPIE_0_Level1
[2019.05.01-19.37.06:886][280]LogPlayLevel: PIE: StaticDuplicateObject took: (0.068022s)
[2019.05.01-19.37.06:887][280]LogAIModule: Creating AISystem for world Level1
[2019.05.01-19.37.06:887][280]LogPlayLevel: PIE: World Init took: (0.000523s)
[2019.05.01-19.37.06:887][280]LogPlayLevel: PIE: Created PIE world by copying editor world from /Game/StarterContent/Maps/Level1.Level1 to /Game/StarterContent/Maps/UEDPIE_0_Level1.Level1 (0.068946s)
[2019.05.01-19.37.06:964][280]LogInit: XAudio2 using 'Headphones (2- Rift Audio)' : 2 channels at 48 kHz using 16 bits per sample (channel mask 0x3)
[2019.05.01-19.37.06:975][280]LogInit: FAudioDevice initialized.
[2019.05.01-19.37.06:982][280]LogSlate: Updating window title bar state: overlay mode, drag disabled, window buttons hidden, title bar hidden
[2019.05.01-19.37.07:073][280]LogHMD: Allocating Oculus 2656 x 1584 rendertarget swapchain
[2019.05.01-19.37.07:115][280]LogLoad: Game class is 'GameModeBase'
[2019.05.01-19.37.07:145][280]LogWorld: Bringing World /Game/StarterContent/Maps/UEDPIE_0_Level1.Level1 up for play (max tick rate 0) at 2019.05.01-15.37.07
[2019.05.01-19.37.07:153][280]LogWorld: Bringing up level for play took: 0.036833
[2019.05.01-19.37.07:171][280]LogContentBrowser: Native class hierarchy updated for 'MovieSceneCapture' in 0.0004 seconds. Added 20 classes and 0 folders.
[2019.05.01-19.37.07:177][280]Cmd: vr.bEnableStereo True
[2019.05.01-19.37.07:178][280]LogBlueprintUserMessages: Warning: SetTimer passed a bad function (TimeFunctionTick) or object (MotionControllerPawn_2)
[2019.05.01-19.37.07:189][280]PIE: Play in editor start time for /Game/StarterContent/Maps/UEDPIE_0_Level1 0.769
[2019.05.01-19.37.07:190][280]LogBlueprintUserMessages: Late PlayInEditor Detection: Level '/Game/StarterContent/Maps/Level1.Level1:PersistentLevel' has LevelScriptBlueprint '/Game/StarterContent/Maps/Level1.Level1:PersistentLevel.Level1' with GeneratedClass '/Game/StarterContent/Maps/Level1.Level1_C' with ClassGeneratedBy '/Game/StarterContent/Maps/Level1.Level1:PersistentLevel.Level1'
[2019.05.01-19.37.07:194][280]LogEngine: Changing dynamic resolution state.
[2019.05.01-19.37.07:215][280]LogRenderer: Releasing previous depth to switch default clear from depth: 0.000000 stencil: 0 to depth: 0.000000 stencil: 0
[2019.05.01-19.37.07:215][280]LogRenderer: Releasing previous depth to switch default clear from depth: 0.000000 stencil: 0 to depth: 0.000000 stencil: 0
[2019.05.01-19.37.07:215][280]LogRenderer: Releasing previous depth to switch default clear from depth: 0.000000 stencil: 0 to depth: 0.000000 stencil: 0
[2019.05.01-19.37.07:215][280]LogRenderer: Releasing previous depth to switch default clear from depth: 0.000000 stencil: 0 to depth: 0.000000 stencil: 0
[2019.05.01-19.37.07:215][280]LogRenderer: Releasing previous depth to switch default clear from depth: 0.000000 stencil: 0 to depth: 0.000000 stencil: 0
[2019.05.01-19.37.07:215][280]LogRenderer: Releasing previous depth to switch default clear from depth: 0.000000 stencil: 0 to depth: 0.000000 stencil: 0
[2019.05.01-19.37.07:219][280]LogRenderer: Reallocating scene render targets to support 2656x1584 Format 26 NumSamples 1 (Frame:1).
[2019.05.01-19.37.07:219][280]LogHMD: Allocating Oculus 2656 x 1584 depth rendertarget swapchain
[2019.05.01-19.37.07:301][282]LogProfilingDebugging: Allocated a 1024 x 1024 texture for HMD canvas layer
[2019.05.01-19.37.07:532][292]LogRHI: Error: SyncInterval 0
[2019.05.01-19.37.07:532][292]LogRHI: Error: SwapChainDesc.BufferDesc.Width 199
[2019.05.01-19.37.07:532][292]LogRHI: Error: SwapChainDesc.BufferDesc.Height 34
[2019.05.01-19.37.07:532][292]LogRHI: Error: SwapChainDesc.BufferDesc.RefreshRate.Numerator 0
[2019.05.01-19.37.07:532][292]LogRHI: Error: SwapChainDesc.BufferDesc.RefreshRate.Denominator 0
[2019.05.01-19.37.07:532][292]LogRHI: Error: SwapChainDesc.BufferDesc.Format 24
[2019.05.01-19.37.07:532][292]LogRHI: Error: SwapChainDesc.BufferDesc.ScanlineOrdering 0
[2019.05.01-19.37.07:532][292]LogRHI: Error: SwapChainDesc.BufferDesc.Scaling 0
[2019.05.01-19.37.07:532][292]LogRHI: Error: SwapChainDesc.SampleDesc.Count 1
[2019.05.01-19.37.07:532][292]LogRHI: Error: SwapChainDesc.SampleDesc.Quality 0
[2019.05.01-19.37.07:532][292]LogRHI: Error: SwapChainDesc.BufferUsage 48
[2019.05.01-19.37.07:532][292]LogRHI: Error: SwapChainDesc.BufferCount 1
[2019.05.01-19.37.07:532][292]LogRHI: Error: SwapChainDesc.OutputWindow 0000000000050796
[2019.05.01-19.37.07:532][292]LogRHI: Error: SwapChainDesc.Windowed true
[2019.05.01-19.37.07:532][292]LogRHI: Error: SwapChainDesc.SwapEffect 0
[2019.05.01-19.37.07:532][292]LogRHI: Error: SwapChainDesc.Flags 2
[2019.05.01-19.37.07:532][292]LogD3D11RHI: Error: Result failed 
 at D:\Build\++UE4\Sync\Engine\Source\Runtime\Windows\D3D11RHI\Private\D3D11Viewport.cpp:361 
 with error DXGI_ERROR_DEVICE_REMOVED DXGI_ERROR_DEVICE_HUNG
[2019.05.01-19.37.07:532][292]LogD3D11RHI: [Aftermath] GDynamicRHI=0000021683B3E100, GDX11NVAfterMathEnabled=0, Result=0xFFFFFFFF, bDeviceActive=0
[2019.05.01-19.37.07:532][292]LogWindows: Windows GetLastError: The operation completed successfully. (0)
[2019.05.01-19.37.08:433][292]LogRHI: Error: SyncInterval 0
[2019.05.01-19.37.08:433][292]LogRHI: Error: SwapChainDesc.BufferDesc.Width 199
[2019.05.01-19.37.08:433][292]LogRHI: Error: SwapChainDesc.BufferDesc.Height 34
[2019.05.01-19.37.08:433][292]LogRHI: Error: SwapChainDesc.BufferDesc.RefreshRate.Numerator 0
[2019.05.01-19.37.08:433][292]LogRHI: Error: SwapChainDesc.BufferDesc.RefreshRate.Denominator 0
[2019.05.01-19.37.08:433][292]LogRHI: Error: SwapChainDesc.BufferDesc.Format 24
[2019.05.01-19.37.08:434][292]LogRHI: Error: SwapChainDesc.BufferDesc.ScanlineOrdering 0
[2019.05.01-19.37.08:434][292]LogRHI: Error: SwapChainDesc.BufferDesc.Scaling 0
[2019.05.01-19.37.08:434][292]LogRHI: Error: SwapChainDesc.SampleDesc.Count 1
[2019.05.01-19.37.08:434][292]LogRHI: Error: SwapChainDesc.SampleDesc.Quality 0
[2019.05.01-19.37.08:434][292]LogRHI: Error: SwapChainDesc.BufferUsage 48
[2019.05.01-19.37.08:434][292]LogRHI: Error: SwapChainDesc.BufferCount 1
[2019.05.01-19.37.08:434][292]LogRHI: Error: SwapChainDesc.OutputWindow 0000000000050796
[2019.05.01-19.37.08:434][292]LogRHI: Error: SwapChainDesc.Windowed true
[2019.05.01-19.37.08:434][292]LogRHI: Error: SwapChainDesc.SwapEffect 0
[2019.05.01-19.37.08:434][292]LogRHI: Error: SwapChainDesc.Flags 2
[2019.05.01-19.37.08:434][292]LogD3D11RHI: Error: Result failed 
 at D:\Build\++UE4\Sync\Engine\Source\Runtime\Windows\D3D11RHI\Private\D3D11Viewport.cpp:361 
 with error DXGI_ERROR_DEVICE_REMOVED DXGI_ERROR_DEVICE_HUNG
[2019.05.01-19.37.08:434][292]LogD3D11RHI: [Aftermath] GDynamicRHI=0000021683B3E100, GDX11NVAfterMathEnabled=0, Result=0xFFFFFFFF, bDeviceActive=0
[2019.05.01-19.37.08:434][292]LogWindows: FPlatformMisc::RequestExit(1)
[2019.05.01-19.37.08:439][292]Log file closed, 05/01/19 15:37:08
