Log file open, 05/21/19 09:02:40
LogWindows: Failed to load 'aqProf.dll' (GetLastError=126)
LogWindows: File 'aqProf.dll' does not exist
LogWindows: Failed to load 'VtuneApi.dll' (GetLastError=126)
LogWindows: File 'VtuneApi.dll' does not exist
LogWindows: Failed to load 'VtuneApi32e.dll' (GetLastError=126)
LogWindows: File 'VtuneApi32e.dll' does not exist
LogConsoleResponse: Display: Failed to find resolution value strings in scalability ini. Falling back to default.
LogInit: Display: Running engine for game: MyProject3
LogPakFile: Registered encryption key '00000000000000000000000000000000': 0 pak files mounted, 0 remain pending
LogPlatformFile: Not using cached read wrapper
LogTaskGraph: Started task graph with 5 named threads and 35 total threads with 3 sets of task threads.
LogStats: Stats thread started at 0.404487
LogD3D11RHI: Loaded GFSDK_Aftermath_Lib.x64.dll
LogICUInternationalization: ICU TimeZone Detection - Raw Offset: -5:00, Platform Override: ''
LogPluginManager: Mounting plugin Paper2D
LogPluginManager: Mounting plugin AISupport
LogPluginManager: Mounting plugin LightPropagationVolume
LogPluginManager: Mounting plugin ActorLayerUtilities
LogPluginManager: Mounting plugin CLionSourceCodeAccess
LogPluginManager: Mounting plugin CodeLiteSourceCodeAccess
LogPluginManager: Mounting plugin GitSourceControl
LogPluginManager: Mounting plugin KDevelopSourceCodeAccess
LogPluginManager: Mounting plugin NullSourceCodeAccess
LogPluginManager: Mounting plugin PerforceSourceControl
LogPluginManager: Mounting plugin SubversionSourceControl
LogPluginManager: Mounting plugin UObjectPlugin
LogPluginManager: Mounting plugin VisualStudioCodeSourceCodeAccess
LogPluginManager: Mounting plugin VisualStudioSourceCodeAccess
LogPluginManager: Mounting plugin XCodeSourceCodeAccess
LogPluginManager: Mounting plugin AssetManagerEditor
LogPluginManager: Mounting plugin CryptoKeys
LogPluginManager: Mounting plugin DataValidation
LogPluginManager: Mounting plugin FacialAnimation
LogPluginManager: Mounting plugin GameplayTagsEditor
LogPluginManager: Mounting plugin MacGraphicsSwitching
LogPluginManager: Mounting plugin MeshEditor
LogPluginManager: Mounting plugin MobileLauncherProfileWizard
LogPluginManager: Mounting plugin PluginBrowser
LogPluginManager: Mounting plugin SpeedTreeImporter
LogPluginManager: Mounting plugin DatasmithContent
LogPluginManager: Mounting plugin VariantManagerContent
LogPluginManager: Mounting plugin AlembicImporter
LogPluginManager: Mounting plugin AppleImageUtils
LogPluginManager: Mounting plugin AppleVision
LogPluginManager: Mounting plugin BackChannel
LogPluginManager: Mounting plugin CharacterAI
LogPluginManager: Mounting plugin GeometryCache
LogPluginManager: Mounting plugin HTML5Networking
LogPluginManager: Mounting plugin ProxyLODPlugin
LogPluginManager: Mounting plugin MagicLeap
LogPluginManager: Mounting plugin MagicLeapMedia
LogPluginManager: Mounting plugin AndroidMedia
LogPluginManager: Mounting plugin AvfMedia
LogPluginManager: Mounting plugin ImgMedia
LogPluginManager: Mounting plugin LinearTimecode
LogPluginManager: Mounting plugin MediaCompositing
LogPluginManager: Mounting plugin MediaPlayerEditor
LogPluginManager: Mounting plugin WebMMedia
LogPluginManager: Mounting plugin WmfMedia
LogPluginManager: Mounting plugin TcpMessaging
LogPluginManager: Mounting plugin UdpMessaging
LogPluginManager: Mounting plugin ActorSequence
LogPluginManager: Mounting plugin LevelSequenceEditor
LogPluginManager: Mounting plugin MatineeToLevelSequence
LogPluginManager: Mounting plugin NetcodeUnitTest
LogPluginManager: Mounting plugin NUTUnrealEngine4
LogPluginManager: Mounting plugin OnlineSubsystemGooglePlay
LogPluginManager: Mounting plugin OnlineSubsystemIOS
LogPluginManager: Mounting plugin OnlineSubsystem
LogPluginManager: Mounting plugin OnlineSubsystemNull
LogPluginManager: Mounting plugin OnlineSubsystemUtils
LogPluginManager: Mounting plugin LauncherChunkInstaller
LogPluginManager: Mounting plugin AndroidDeviceProfileSelector
LogPluginManager: Mounting plugin AndroidMoviePlayer
LogPluginManager: Mounting plugin AndroidPermission
LogPluginManager: Mounting plugin AppleMoviePlayer
LogPluginManager: Mounting plugin ArchVisCharacter
LogPluginManager: Mounting plugin AudioCapture
LogPluginManager: Mounting plugin CableComponent
LogPluginManager: Mounting plugin CustomMeshComponent
LogPluginManager: Mounting plugin EditableMesh
LogPluginManager: Mounting plugin ExampleDeviceProfileSelector
LogPluginManager: Mounting plugin Firebase
LogPluginManager: Mounting plugin GoogleCloudMessaging
LogPluginManager: Mounting plugin IOSDeviceProfileSelector
LogPluginManager: Mounting plugin LinuxDeviceProfileSelector
LogPluginManager: Mounting plugin LocationServicesBPLibrary
LogPluginManager: Mounting plugin MobilePatchingUtils
LogPluginManager: Mounting plugin OculusVR
LogPluginManager: Mounting plugin PhysXVehicles
LogPluginManager: Mounting plugin ProceduralMeshComponent
LogPluginManager: Mounting plugin RuntimePhysXCooking
LogPluginManager: Mounting plugin SteamVR
LogPluginManager: Mounting plugin WebMMoviePlayer
LogPluginManager: Mounting plugin WindowsMoviePlayer
LogStreaming: Display: Took  0.097s to configure plugins.
LogInit: Using libcurl 7.55.1-DEV
LogInit:  - built for x86_64-pc-win32
LogInit:  - supports SSL with OpenSSL/1.0.2h
LogInit:  - supports HTTP deflate (compression) using libz 1.2.8
LogInit:  - other features:
LogInit:      CURL_VERSION_SSL
LogInit:      CURL_VERSION_LIBZ
LogInit:      CURL_VERSION_IPV6
LogInit:      CURL_VERSION_ASYNCHDNS
LogInit:      CURL_VERSION_LARGEFILE
LogInit:      CURL_VERSION_IDN
LogInit:  CurlRequestOptions (configurable via config and command line):
LogInit:  - bVerifyPeer = true  - Libcurl will verify peer certificate
LogInit:  - bUseHttpProxy = false  - Libcurl will NOT use HTTP proxy
LogInit:  - bDontReuseConnections = false  - Libcurl will reuse connections
LogInit:  - MaxHostConnections = 16  - Libcurl will limit the number of connections to a host
LogInit:  - LocalHostAddr = Default
LogInit:  - BufferSize = 65536
LogInit: WinSock: version 1.1 (2.2), MaxSocks=32767, MaxUdp=65467
LogInit: Build: ++UE4+Release-4.21-CL-4753647
LogInit: Engine Version: 4.21.2-4753647+++UE4+Release-4.21
LogInit: Compatible Engine Version: 4.21.0-4541578+++UE4+Release-4.21
LogInit: Net CL: 4541578
LogInit: OS: Windows 10 (), CPU: Intel(R) Core(TM) i7-8750H CPU @ 2.20GHz, GPU: Intel(R) UHD Graphics 630
LogInit: Compiled (64-bit): Jan 19 2019 02:07:31
LogInit: Compiled with Visual C++: 19.13.26129.00
LogInit: Build Configuration: Development
LogInit: Branch Name: ++UE4+Release-4.21
LogInit: Command Line: 
LogInit: Base Directory: C:/Program Files/Epic Games/UE_4.21/Engine/Binaries/Win64/
LogInit: Installed Engine Build: 1
LogDevObjectVersion: Number of dev versions registered: 22
LogDevObjectVersion:   Dev-Blueprints (B0D832E4-1F89-4F0D-ACCF-7EB736FD4AA2): 10
LogDevObjectVersion:   Dev-Build (E1C64328-A22C-4D53-A36C-8E866417BD8C): 0
LogDevObjectVersion:   Dev-Core (375EC13C-06E4-48FB-B500-84F0262A717E): 2
LogDevObjectVersion:   Dev-Editor (E4B068ED-F494-42E9-A231-DA0B2E46BB41): 26
LogDevObjectVersion:   Dev-Framework (CFFC743F-43B0-4480-9391-14DF171D2073): 34
LogDevObjectVersion:   Dev-Mobile (B02B49B5-BB20-44E9-A304-32B752E40360): 2
LogDevObjectVersion:   Dev-Networking (A4E4105C-59A1-49B5-A7C5-40C4547EDFEE): 0
LogDevObjectVersion:   Dev-Online (39C831C9-5AE6-47DC-9A44-9C173E1C8E7C): 0
LogDevObjectVersion:   Dev-Physics (78F01B33-EBEA-4F98-B9B4-84EACCB95AA2): 0
LogDevObjectVersion:   Dev-Platform (6631380F-2D4D-43E0-8009-CF276956A95A): 0
LogDevObjectVersion:   Dev-Rendering (12F88B9F-8875-4AFC-A67C-D90C383ABD29): 27
LogDevObjectVersion:   Dev-Sequencer (7B5AE74C-D270-4C10-A958-57980B212A5A): 9
LogDevObjectVersion:   Dev-VR (D7296918-1DD6-4BDD-9DE2-64A83CC13884): 2
LogDevObjectVersion:   Dev-LoadTimes (C2A15278-BFE7-4AFE-6C17-90FF531DF755): 1
LogDevObjectVersion:   Private-Geometry (6EACA3D4-40EC-4CC1-B786-8BED09428FC5): 3
LogDevObjectVersion:   Dev-AnimPhys (29E575DD-E0A3-4627-9D10-D276232CDCEA): 17
LogDevObjectVersion:   Dev-Anim (AF43A65D-7FD3-4947-9873-3E8ED9C1BB05): 2
LogDevObjectVersion:   Dev-ReflectionCapture (6B266CEC-1EC7-4B8F-A30B-E4D90942FC07): 1
LogDevObjectVersion:   Dev-Automation (0DF73D61-A23F-47EA-B727-89E90C41499A): 1
LogDevObjectVersion:   FortniteMain (601D1886-AC64-4F84-AA16-D3DE0DEAC7D6): 17
LogDevObjectVersion:   Dev-Enterprise (9DFFBCD6-494F-0158-E221-12823C92A888): 4
LogDevObjectVersion:   Dev-Niagara (F2AED0AC-9AFE-416F-8664-AA7FFA26D6FC): 1
LogStreaming: Display: Took  0.051s to delete old logs.
LogInit: Presizing for max 8388607 objects, including 0 objects not considered by GC, pre-allocating 0 bytes for permanent pool.
LogInit: Object subsystem initialized
LogConfig: Setting CVar [[con.DebugEarlyDefault:1]]
LogConfig: Setting CVar [[r.setres:1280x720]]
[2019.05.21-13.02.41:446][  0]LogConfig: Setting CVar [[r.VSync:0]]
[2019.05.21-13.02.41:446][  0]LogConfig: Setting CVar [[r.RHICmdBypass:0]]
[2019.05.21-13.02.41:446][  0]LogConfig: Applying CVar settings from Section [/Script/Engine.RendererSettings] File [D:/FOLDER/OverIT/MyProject3/Saved/Config/Windows/Engine.ini]
[2019.05.21-13.02.41:446][  0]LogConfig: Setting CVar [[r.GPUCrashDebugging:0]]
[2019.05.21-13.02.41:446][  0]LogConfig: Applying CVar settings from Section [/Script/Engine.RendererOverrideSettings] File [D:/FOLDER/OverIT/MyProject3/Saved/Config/Windows/Engine.ini]
[2019.05.21-13.02.41:446][  0]LogConfig: Applying CVar settings from Section [/Script/Engine.StreamingSettings] File [D:/FOLDER/OverIT/MyProject3/Saved/Config/Windows/Engine.ini]
[2019.05.21-13.02.41:446][  0]LogConfig: Setting CVar [[s.MinBulkDataSizeForAsyncLoading:131072]]
[2019.05.21-13.02.41:446][  0]LogConfig: Setting CVar [[s.AsyncLoadingThreadEnabled:0]]
[2019.05.21-13.02.41:446][  0]LogConfig: Setting CVar [[s.EventDrivenLoaderEnabled:1]]
[2019.05.21-13.02.41:446][  0]LogConfig: Setting CVar [[s.WarnIfTimeLimitExceeded:0]]
[2019.05.21-13.02.41:446][  0]LogConfig: Setting CVar [[s.TimeLimitExceededMultiplier:1.5]]
[2019.05.21-13.02.41:446][  0]LogConfig: Setting CVar [[s.TimeLimitExceededMinTime:0.005]]
[2019.05.21-13.02.41:446][  0]LogConfig: Setting CVar [[s.UseBackgroundLevelStreaming:1]]
[2019.05.21-13.02.41:446][  0]LogConfig: Setting CVar [[s.PriorityAsyncLoadingExtraTime:15.0]]
[2019.05.21-13.02.41:446][  0]LogConfig: Setting CVar [[s.LevelStreamingActorsUpdateTimeLimit:5.0]]
[2019.05.21-13.02.41:446][  0]LogConfig: Setting CVar [[s.PriorityLevelStreamingActorsUpdateExtraTime:5.0]]
[2019.05.21-13.02.41:446][  0]LogConfig: Setting CVar [[s.LevelStreamingComponentsRegistrationGranularity:10]]
[2019.05.21-13.02.41:446][  0]LogConfig: Setting CVar [[s.UnregisterComponentsTimeLimit:1.0]]
[2019.05.21-13.02.41:446][  0]LogConfig: Setting CVar [[s.LevelStreamingComponentsUnregistrationGranularity:5]]
[2019.05.21-13.02.41:446][  0]LogConfig: Applying CVar settings from Section [/Script/Engine.GarbageCollectionSettings] File [D:/FOLDER/OverIT/MyProject3/Saved/Config/Windows/Engine.ini]
[2019.05.21-13.02.41:446][  0]LogConfig: Setting CVar [[gc.MaxObjectsNotConsideredByGC:1]]
[2019.05.21-13.02.41:446][  0]LogConfig: Setting CVar [[gc.SizeOfPermanentObjectPool:0]]
[2019.05.21-13.02.41:446][  0]LogConfig: Setting CVar [[gc.FlushStreamingOnGC:0]]
[2019.05.21-13.02.41:446][  0]LogConfig: Setting CVar [[gc.NumRetriesBeforeForcingGC:10]]
[2019.05.21-13.02.41:446][  0]LogConfig: Setting CVar [[gc.AllowParallelGC:1]]
[2019.05.21-13.02.41:446][  0]LogConfig: Setting CVar [[gc.TimeBetweenPurgingPendingKillObjects:61.1]]
[2019.05.21-13.02.41:446][  0]LogConfig: Setting CVar [[gc.MaxObjectsInEditor:8388607]]
[2019.05.21-13.02.41:446][  0]LogConfig: Setting CVar [[gc.IncrementalBeginDestroyEnabled:1]]
[2019.05.21-13.02.41:446][  0]LogConfig: Setting CVar [[gc.CreateGCClusters:1]]
[2019.05.21-13.02.41:446][  0]LogConfig: Setting CVar [[gc.MergeGCClusters:0]]
[2019.05.21-13.02.41:447][  0]LogConfig: Setting CVar [[gc.MinGCClusterSize:5]]
[2019.05.21-13.02.41:447][  0]LogConfig: Setting CVar [[gc.ActorClusteringEnabled:0]]
[2019.05.21-13.02.41:447][  0]LogConfig: Setting CVar [[gc.BlueprintClusteringEnabled:0]]
[2019.05.21-13.02.41:447][  0]LogConfig: Setting CVar [[gc.UseDisregardForGCOnDedicatedServers:0]]
[2019.05.21-13.02.41:447][  0]LogConfig: Applying CVar settings from Section [/Script/Engine.NetworkSettings] File [D:/FOLDER/OverIT/MyProject3/Saved/Config/Windows/Engine.ini]
[2019.05.21-13.02.41:447][  0]LogConfig: Applying CVar settings from Section [/Script/UnrealEd.CookerSettings] File [D:/FOLDER/OverIT/MyProject3/Saved/Config/Windows/Engine.ini]
[2019.05.21-13.02.41:448][  0]LogConfig: Applying CVar settings from Section [ViewDistanceQuality@3] File [D:/FOLDER/OverIT/MyProject3/Saved/Config/Windows/Scalability.ini]
[2019.05.21-13.02.41:448][  0]LogConfig: Setting CVar [[r.SkeletalMeshLODBias:0]]
[2019.05.21-13.02.41:448][  0]LogConfig: Setting CVar [[r.ViewDistanceScale:1.0]]
[2019.05.21-13.02.41:448][  0]LogConfig: Applying CVar settings from Section [AntiAliasingQuality@3] File [D:/FOLDER/OverIT/MyProject3/Saved/Config/Windows/Scalability.ini]
[2019.05.21-13.02.41:448][  0]LogConfig: Setting CVar [[r.PostProcessAAQuality:3]]
[2019.05.21-13.02.41:448][  0]LogConfig: Applying CVar settings from Section [ShadowQuality@3] File [D:/FOLDER/OverIT/MyProject3/Saved/Config/Windows/Scalability.ini]
[2019.05.21-13.02.41:448][  0]LogConfig: Setting CVar [[r.LightFunctionQuality:1]]
[2019.05.21-13.02.41:448][  0]LogConfig: Setting CVar [[r.ShadowQuality:5]]
[2019.05.21-13.02.41:448][  0]LogConfig: Setting CVar [[r.Shadow.CSM.MaxCascades:10]]
[2019.05.21-13.02.41:448][  0]LogConfig: Setting CVar [[r.Shadow.MaxResolution:2048]]
[2019.05.21-13.02.41:448][  0]LogConfig: Setting CVar [[r.Shadow.MaxCSMResolution:2048]]
[2019.05.21-13.02.41:448][  0]LogConfig: Setting CVar [[r.Shadow.RadiusThreshold:0.01]]
[2019.05.21-13.02.41:448][  0]LogConfig: Setting CVar [[r.Shadow.DistanceScale:1.0]]
[2019.05.21-13.02.41:448][  0]LogConfig: Setting CVar [[r.Shadow.CSM.TransitionScale:1.0]]
[2019.05.21-13.02.41:448][  0]LogConfig: Setting CVar [[r.Shadow.PreShadowResolutionFactor:1.0]]
[2019.05.21-13.02.41:448][  0]LogConfig: Setting CVar [[r.DistanceFieldShadowing:1]]
[2019.05.21-13.02.41:448][  0]LogConfig: Setting CVar [[r.DistanceFieldAO:1]]
[2019.05.21-13.02.41:448][  0]LogConfig: Setting CVar [[r.AOQuality:2]]
[2019.05.21-13.02.41:448][  0]LogConfig: Setting CVar [[r.VolumetricFog:1]]
[2019.05.21-13.02.41:448][  0]LogConfig: Setting CVar [[r.VolumetricFog.GridPixelSize:8]]
[2019.05.21-13.02.41:448][  0]LogConfig: Setting CVar [[r.VolumetricFog.GridSizeZ:128]]
[2019.05.21-13.02.41:448][  0]LogConfig: Setting CVar [[r.VolumetricFog.HistoryMissSupersampleCount:4]]
[2019.05.21-13.02.41:449][  0]LogConfig: Setting CVar [[r.LightMaxDrawDistanceScale:1]]
[2019.05.21-13.02.41:449][  0]LogConfig: Setting CVar [[r.CapsuleShadows:1]]
[2019.05.21-13.02.41:449][  0]LogConfig: Applying CVar settings from Section [PostProcessQuality@3] File [D:/FOLDER/OverIT/MyProject3/Saved/Config/Windows/Scalability.ini]
[2019.05.21-13.02.41:449][  0]LogConfig: Setting CVar [[r.MotionBlurQuality:0]]
[2019.05.21-13.02.41:449][  0]LogConfig: Setting CVar [[r.AmbientOcclusionMipLevelFactor:0.4]]
[2019.05.21-13.02.41:449][  0]LogConfig: Setting CVar [[r.AmbientOcclusionMaxQuality:100]]
[2019.05.21-13.02.41:449][  0]LogConfig: Setting CVar [[r.AmbientOcclusionLevels:0]]
[2019.05.21-13.02.41:449][  0]LogConfig: Setting CVar [[r.AmbientOcclusionRadiusScale:1.0]]
[2019.05.21-13.02.41:449][  0]LogConfig: Setting CVar [[r.DepthOfFieldQuality:0]]
[2019.05.21-13.02.41:449][  0]LogConfig: Setting CVar [[r.RenderTargetPoolMin:400]]
[2019.05.21-13.02.41:449][  0]LogConfig: Setting CVar [[r.LensFlareQuality:0]]
[2019.05.21-13.02.41:449][  0]LogConfig: Setting CVar [[r.SceneColorFringeQuality:0]]
[2019.05.21-13.02.41:449][  0]LogConfig: Setting CVar [[r.EyeAdaptationQuality:2]]
[2019.05.21-13.02.41:449][  0]LogConfig: Setting CVar [[r.BloomQuality:1]]
[2019.05.21-13.02.41:449][  0]LogConfig: Setting CVar [[r.FastBlurThreshold:0]]
[2019.05.21-13.02.41:449][  0]LogConfig: Setting CVar [[r.Upscale.Quality:3]]
[2019.05.21-13.02.41:449][  0]LogConfig: Setting CVar [[r.Tonemapper.GrainQuantization:1]]
[2019.05.21-13.02.41:449][  0]LogConfig: Setting CVar [[r.LightShaftQuality:1]]
[2019.05.21-13.02.41:449][  0]LogConfig: Setting CVar [[r.Filter.SizeScale:1]]
[2019.05.21-13.02.41:449][  0]LogConfig: Setting CVar [[r.Tonemapper.Quality:5]]
[2019.05.21-13.02.41:449][  0]LogConfig: Setting CVar [[r.DOF.Gather.AccumulatorQuality:1        ; higher gathering accumulator quality]]
[2019.05.21-13.02.41:449][  0]LogConfig: Setting CVar [[r.DOF.Gather.PostfilterMethod:1          ; Median3x3 postfilering method]]
[2019.05.21-13.02.41:449][  0]LogConfig: Setting CVar [[r.DOF.Gather.EnableBokehSettings:0       ; no bokeh simulation when gathering]]
[2019.05.21-13.02.41:449][  0]LogConfig: Setting CVar [[r.DOF.Gather.RingCount:4                 ; medium number of samples when gathering]]
[2019.05.21-13.02.41:449][  0]LogConfig: Setting CVar [[r.DOF.Scatter.ForegroundCompositing:1    ; additive foreground scattering]]
[2019.05.21-13.02.41:449][  0]LogConfig: Setting CVar [[r.DOF.Scatter.BackgroundCompositing:2    ; additive background scattering]]
[2019.05.21-13.02.41:449][  0]LogConfig: Setting CVar [[r.DOF.Scatter.EnableBokehSettings:1      ; bokeh simulation when scattering]]
[2019.05.21-13.02.41:449][  0]LogConfig: Setting CVar [[r.DOF.Scatter.MaxSpriteRatio:0.1         ; only a maximum of 10% of scattered bokeh]]
[2019.05.21-13.02.41:449][  0]LogConfig: Setting CVar [[r.DOF.Recombine.Quality:1                ; cheap slight out of focus]]
[2019.05.21-13.02.41:449][  0]LogConfig: Setting CVar [[r.DOF.Recombine.EnableBokehSettings:0    ; no bokeh simulation on slight out of focus]]
[2019.05.21-13.02.41:449][  0]LogConfig: Setting CVar [[r.DOF.TemporalAAQuality:1                ; more stable temporal accumulation]]
[2019.05.21-13.02.41:449][  0]LogConfig: Setting CVar [[r.DOF.Kernel.MaxForegroundRadius:0.025]]
[2019.05.21-13.02.41:449][  0]LogConfig: Setting CVar [[r.DOF.Kernel.MaxBackgroundRadius:0.025]]
[2019.05.21-13.02.41:449][  0]LogConfig: Applying CVar settings from Section [TextureQuality@3] File [D:/FOLDER/OverIT/MyProject3/Saved/Config/Windows/Scalability.ini]
[2019.05.21-13.02.41:449][  0]LogConfig: Setting CVar [[r.Streaming.MipBias:0]]
[2019.05.21-13.02.41:449][  0]LogConfig: Setting CVar [[r.Streaming.AmortizeCPUToGPUCopy:0]]
[2019.05.21-13.02.41:449][  0]LogConfig: Setting CVar [[r.Streaming.MaxNumTexturesToStreamPerFrame:0]]
[2019.05.21-13.02.41:449][  0]LogConfig: Setting CVar [[r.Streaming.Boost:1]]
[2019.05.21-13.02.41:449][  0]LogConfig: Setting CVar [[r.MaxAnisotropy:8]]
[2019.05.21-13.02.41:449][  0]LogConfig: Setting CVar [[r.Streaming.LimitPoolSizeToVRAM:0]]
[2019.05.21-13.02.41:449][  0]LogConfig: Setting CVar [[r.Streaming.PoolSize:1000]]
[2019.05.21-13.02.41:449][  0]LogConfig: Setting CVar [[r.Streaming.MaxEffectiveScreenSize:0]]
[2019.05.21-13.02.41:449][  0]LogConfig: Applying CVar settings from Section [EffectsQuality@3] File [D:/FOLDER/OverIT/MyProject3/Saved/Config/Windows/Scalability.ini]
[2019.05.21-13.02.41:449][  0]LogConfig: Setting CVar [[r.TranslucencyLightingVolumeDim:4]]
[2019.05.21-13.02.41:449][  0]LogConfig: Setting CVar [[r.RefractionQuality:2]]
[2019.05.21-13.02.41:449][  0]LogConfig: Setting CVar [[r.SSR.Quality:0]]
[2019.05.21-13.02.41:449][  0]LogConfig: Setting CVar [[r.SceneColorFormat:2]]
[2019.05.21-13.02.41:449][  0]LogConfig: Setting CVar [[r.DetailMode:2]]
[2019.05.21-13.02.41:449][  0]LogConfig: Setting CVar [[r.TranslucencyVolumeBlur:0]]
[2019.05.21-13.02.41:449][  0]LogConfig: Setting CVar [[r.MaterialQualityLevel:1 ; High quality]]
[2019.05.21-13.02.41:449][  0]LogConfig: Setting CVar [[r.SSS.Scale:1]]
[2019.05.21-13.02.41:449][  0]LogConfig: Setting CVar [[r.SSS.SampleSet:2]]
[2019.05.21-13.02.41:449][  0]LogConfig: Setting CVar [[r.SSS.Quality:1]]
[2019.05.21-13.02.41:449][  0]LogConfig: Setting CVar [[r.SSS.HalfRes:1]]
[2019.05.21-13.02.41:449][  0]LogConfig: Setting CVar [[r.EmitterSpawnRateScale:1.0]]
[2019.05.21-13.02.41:449][  0]LogConfig: Setting CVar [[r.ParticleLightQuality:2]]
[2019.05.21-13.02.41:449][  0]LogConfig: Applying CVar settings from Section [FoliageQuality@3] File [D:/FOLDER/OverIT/MyProject3/Saved/Config/Windows/Scalability.ini]
[2019.05.21-13.02.41:449][  0]LogConfig: Setting CVar [[foliage.DensityScale:1.0]]
[2019.05.21-13.02.41:449][  0]LogConfig: Setting CVar [[grass.DensityScale:1.0]]
[2019.05.21-13.02.41:449][  0]LogInit: Selected Device Profile: [Windows]
[2019.05.21-13.02.41:449][  0]LogInit: Applying CVar settings loaded from the selected device profile: [Windows]
[2019.05.21-13.02.41:458][  0]LogHAL: Display: Platform has ~ 16 GB [17018638336 / 17179869184 / 16], which maps to Larger [LargestMinGB=32, LargerMinGB=12, DefaultMinGB=8, SmallerMinGB=6, SmallestMinGB=0)
[2019.05.21-13.02.41:458][  0]LogConfig: Setting CVar [[r.Vulkan.UseRealUBs:1]]
[2019.05.21-13.02.41:458][  0]LogInit: Going up to parent DeviceProfile []
[2019.05.21-13.02.41:458][  0]LogConfig: Applying CVar settings from Section [ViewDistanceQuality@3] File [D:/FOLDER/OverIT/MyProject3/Saved/Config/Windows/Scalability.ini]
[2019.05.21-13.02.41:458][  0]LogConfig: Setting CVar [[r.SkeletalMeshLODBias:0]]
[2019.05.21-13.02.41:458][  0]LogConfig: Setting CVar [[r.ViewDistanceScale:1.0]]
[2019.05.21-13.02.41:458][  0]LogConfig: Applying CVar settings from Section [AntiAliasingQuality@3] File [D:/FOLDER/OverIT/MyProject3/Saved/Config/Windows/Scalability.ini]
[2019.05.21-13.02.41:458][  0]LogConfig: Setting CVar [[r.PostProcessAAQuality:3]]
[2019.05.21-13.02.41:458][  0]LogConfig: Applying CVar settings from Section [ShadowQuality@3] File [D:/FOLDER/OverIT/MyProject3/Saved/Config/Windows/Scalability.ini]
[2019.05.21-13.02.41:458][  0]LogConfig: Setting CVar [[r.LightFunctionQuality:1]]
[2019.05.21-13.02.41:458][  0]LogConfig: Setting CVar [[r.ShadowQuality:5]]
[2019.05.21-13.02.41:458][  0]LogConfig: Setting CVar [[r.Shadow.CSM.MaxCascades:10]]
[2019.05.21-13.02.41:458][  0]LogConfig: Setting CVar [[r.Shadow.MaxResolution:2048]]
[2019.05.21-13.02.41:458][  0]LogConfig: Setting CVar [[r.Shadow.MaxCSMResolution:2048]]
[2019.05.21-13.02.41:458][  0]LogConfig: Setting CVar [[r.Shadow.RadiusThreshold:0.01]]
[2019.05.21-13.02.41:458][  0]LogConfig: Setting CVar [[r.Shadow.DistanceScale:1.0]]
[2019.05.21-13.02.41:458][  0]LogConfig: Setting CVar [[r.Shadow.CSM.TransitionScale:1.0]]
[2019.05.21-13.02.41:458][  0]LogConfig: Setting CVar [[r.Shadow.PreShadowResolutionFactor:1.0]]
[2019.05.21-13.02.41:458][  0]LogConfig: Setting CVar [[r.DistanceFieldShadowing:1]]
[2019.05.21-13.02.41:458][  0]LogConfig: Setting CVar [[r.DistanceFieldAO:1]]
[2019.05.21-13.02.41:458][  0]LogConfig: Setting CVar [[r.AOQuality:2]]
[2019.05.21-13.02.41:458][  0]LogConfig: Setting CVar [[r.VolumetricFog:1]]
[2019.05.21-13.02.41:458][  0]LogConfig: Setting CVar [[r.VolumetricFog.GridPixelSize:8]]
[2019.05.21-13.02.41:458][  0]LogConfig: Setting CVar [[r.VolumetricFog.GridSizeZ:128]]
[2019.05.21-13.02.41:458][  0]LogConfig: Setting CVar [[r.VolumetricFog.HistoryMissSupersampleCount:4]]
[2019.05.21-13.02.41:459][  0]LogConfig: Setting CVar [[r.LightMaxDrawDistanceScale:1]]
[2019.05.21-13.02.41:459][  0]LogConfig: Setting CVar [[r.CapsuleShadows:1]]
[2019.05.21-13.02.41:459][  0]LogConfig: Applying CVar settings from Section [PostProcessQuality@3] File [D:/FOLDER/OverIT/MyProject3/Saved/Config/Windows/Scalability.ini]
[2019.05.21-13.02.41:459][  0]LogConfig: Setting CVar [[r.MotionBlurQuality:0]]
[2019.05.21-13.02.41:459][  0]LogConfig: Setting CVar [[r.AmbientOcclusionMipLevelFactor:0.4]]
[2019.05.21-13.02.41:459][  0]LogConfig: Setting CVar [[r.AmbientOcclusionMaxQuality:100]]
[2019.05.21-13.02.41:459][  0]LogConfig: Setting CVar [[r.AmbientOcclusionLevels:0]]
[2019.05.21-13.02.41:459][  0]LogConfig: Setting CVar [[r.AmbientOcclusionRadiusScale:1.0]]
[2019.05.21-13.02.41:459][  0]LogConfig: Setting CVar [[r.DepthOfFieldQuality:0]]
[2019.05.21-13.02.41:459][  0]LogConfig: Setting CVar [[r.RenderTargetPoolMin:400]]
[2019.05.21-13.02.41:459][  0]LogConfig: Setting CVar [[r.LensFlareQuality:0]]
[2019.05.21-13.02.41:459][  0]LogConfig: Setting CVar [[r.SceneColorFringeQuality:0]]
[2019.05.21-13.02.41:459][  0]LogConfig: Setting CVar [[r.EyeAdaptationQuality:2]]
[2019.05.21-13.02.41:459][  0]LogConfig: Setting CVar [[r.BloomQuality:1]]
[2019.05.21-13.02.41:459][  0]LogConfig: Setting CVar [[r.FastBlurThreshold:0]]
[2019.05.21-13.02.41:459][  0]LogConfig: Setting CVar [[r.Upscale.Quality:3]]
[2019.05.21-13.02.41:459][  0]LogConfig: Setting CVar [[r.Tonemapper.GrainQuantization:1]]
[2019.05.21-13.02.41:459][  0]LogConfig: Setting CVar [[r.LightShaftQuality:1]]
[2019.05.21-13.02.41:459][  0]LogConfig: Setting CVar [[r.Filter.SizeScale:1]]
[2019.05.21-13.02.41:459][  0]LogConfig: Setting CVar [[r.Tonemapper.Quality:5]]
[2019.05.21-13.02.41:459][  0]LogConfig: Setting CVar [[r.DOF.Gather.AccumulatorQuality:1        ; higher gathering accumulator quality]]
[2019.05.21-13.02.41:459][  0]LogConfig: Setting CVar [[r.DOF.Gather.PostfilterMethod:1          ; Median3x3 postfilering method]]
[2019.05.21-13.02.41:459][  0]LogConfig: Setting CVar [[r.DOF.Gather.EnableBokehSettings:0       ; no bokeh simulation when gathering]]
[2019.05.21-13.02.41:459][  0]LogConfig: Setting CVar [[r.DOF.Gather.RingCount:4                 ; medium number of samples when gathering]]
[2019.05.21-13.02.41:459][  0]LogConfig: Setting CVar [[r.DOF.Scatter.ForegroundCompositing:1    ; additive foreground scattering]]
[2019.05.21-13.02.41:459][  0]LogConfig: Setting CVar [[r.DOF.Scatter.BackgroundCompositing:2    ; additive background scattering]]
[2019.05.21-13.02.41:459][  0]LogConfig: Setting CVar [[r.DOF.Scatter.EnableBokehSettings:1      ; bokeh simulation when scattering]]
[2019.05.21-13.02.41:459][  0]LogConfig: Setting CVar [[r.DOF.Scatter.MaxSpriteRatio:0.1         ; only a maximum of 10% of scattered bokeh]]
[2019.05.21-13.02.41:459][  0]LogConfig: Setting CVar [[r.DOF.Recombine.Quality:1                ; cheap slight out of focus]]
[2019.05.21-13.02.41:459][  0]LogConfig: Setting CVar [[r.DOF.Recombine.EnableBokehSettings:0    ; no bokeh simulation on slight out of focus]]
[2019.05.21-13.02.41:459][  0]LogConfig: Setting CVar [[r.DOF.TemporalAAQuality:1                ; more stable temporal accumulation]]
[2019.05.21-13.02.41:459][  0]LogConfig: Setting CVar [[r.DOF.Kernel.MaxForegroundRadius:0.025]]
[2019.05.21-13.02.41:459][  0]LogConfig: Setting CVar [[r.DOF.Kernel.MaxBackgroundRadius:0.025]]
[2019.05.21-13.02.41:459][  0]LogConfig: Applying CVar settings from Section [TextureQuality@3] File [D:/FOLDER/OverIT/MyProject3/Saved/Config/Windows/Scalability.ini]
[2019.05.21-13.02.41:459][  0]LogConfig: Setting CVar [[r.Streaming.MipBias:0]]
[2019.05.21-13.02.41:459][  0]LogConfig: Setting CVar [[r.Streaming.AmortizeCPUToGPUCopy:0]]
[2019.05.21-13.02.41:459][  0]LogConfig: Setting CVar [[r.Streaming.MaxNumTexturesToStreamPerFrame:0]]
[2019.05.21-13.02.41:459][  0]LogConfig: Setting CVar [[r.Streaming.Boost:1]]
[2019.05.21-13.02.41:459][  0]LogConfig: Setting CVar [[r.MaxAnisotropy:8]]
[2019.05.21-13.02.41:459][  0]LogConfig: Setting CVar [[r.Streaming.LimitPoolSizeToVRAM:0]]
[2019.05.21-13.02.41:459][  0]LogConfig: Setting CVar [[r.Streaming.PoolSize:1000]]
[2019.05.21-13.02.41:459][  0]LogConfig: Setting CVar [[r.Streaming.MaxEffectiveScreenSize:0]]
[2019.05.21-13.02.41:459][  0]LogConfig: Applying CVar settings from Section [EffectsQuality@3] File [D:/FOLDER/OverIT/MyProject3/Saved/Config/Windows/Scalability.ini]
[2019.05.21-13.02.41:459][  0]LogConfig: Setting CVar [[r.TranslucencyLightingVolumeDim:4]]
[2019.05.21-13.02.41:459][  0]LogConfig: Setting CVar [[r.RefractionQuality:2]]
[2019.05.21-13.02.41:459][  0]LogConfig: Setting CVar [[r.SSR.Quality:0]]
[2019.05.21-13.02.41:459][  0]LogConfig: Setting CVar [[r.SceneColorFormat:2]]
[2019.05.21-13.02.41:459][  0]LogConfig: Setting CVar [[r.DetailMode:2]]
[2019.05.21-13.02.41:459][  0]LogConfig: Setting CVar [[r.TranslucencyVolumeBlur:0]]
[2019.05.21-13.02.41:459][  0]LogConfig: Setting CVar [[r.MaterialQualityLevel:1 ; High quality]]
[2019.05.21-13.02.41:459][  0]LogConfig: Setting CVar [[r.SSS.Scale:1]]
[2019.05.21-13.02.41:459][  0]LogConfig: Setting CVar [[r.SSS.SampleSet:2]]
[2019.05.21-13.02.41:459][  0]LogConfig: Setting CVar [[r.SSS.Quality:1]]
[2019.05.21-13.02.41:459][  0]LogConfig: Setting CVar [[r.SSS.HalfRes:1]]
[2019.05.21-13.02.41:459][  0]LogConfig: Setting CVar [[r.EmitterSpawnRateScale:1.0]]
[2019.05.21-13.02.41:459][  0]LogConfig: Setting CVar [[r.ParticleLightQuality:2]]
[2019.05.21-13.02.41:459][  0]LogConfig: Applying CVar settings from Section [FoliageQuality@3] File [D:/FOLDER/OverIT/MyProject3/Saved/Config/Windows/Scalability.ini]
[2019.05.21-13.02.41:459][  0]LogConfig: Setting CVar [[foliage.DensityScale:1.0]]
[2019.05.21-13.02.41:459][  0]LogConfig: Setting CVar [[grass.DensityScale:1.0]]
[2019.05.21-13.02.41:459][  0]LogConfig: Applying CVar settings from Section [Startup] File [../../../Engine/Config/ConsoleVariables.ini]
[2019.05.21-13.02.41:459][  0]LogConfig: Setting CVar [[net.UseAdaptiveNetUpdateFrequency:0]]
[2019.05.21-13.02.41:459][  0]LogConfig: Applying CVar settings from Section [ConsoleVariables] File [D:/FOLDER/OverIT/MyProject3/Saved/Config/Windows/Engine.ini]
[2019.05.21-13.02.41:459][  0]LogInit: Computer: MSI
[2019.05.21-13.02.41:459][  0]LogInit: User: Gretchen
[2019.05.21-13.02.41:459][  0]LogInit: CPU Page size=4096, Cores=6
[2019.05.21-13.02.41:459][  0]LogInit: High frequency timer resolution =10.000000 MHz
[2019.05.21-13.02.41:460][  0]LogMemory: Memory total: Physical=15.8GB (16GB approx)
[2019.05.21-13.02.41:460][  0]LogMemory: Platform Memory Stats for Windows
[2019.05.21-13.02.41:460][  0]LogMemory: Process Physical Memory: 109.55 MB used, 109.55 MB peak
[2019.05.21-13.02.41:460][  0]LogMemory: Process Virtual Memory: 100.10 MB used, 100.10 MB peak
[2019.05.21-13.02.41:460][  0]LogMemory: Physical Memory: 7947.86 MB used,  8282.38 MB free, 16230.24 MB total
[2019.05.21-13.02.41:460][  0]LogMemory: Virtual Memory: 4695.76 MB used,  134213032.00 MB free, 134217728.00 MB total
[2019.05.21-13.02.41:741][  0]LogInit: Using OS detected language (en-US).
[2019.05.21-13.02.41:741][  0]LogInit: Using OS detected locale (en-US).
[2019.05.21-13.02.41:742][  0]LogTextLocalizationManager: No specific localization for 'en-US' exists, so the 'en' localization will be used.
[2019.05.21-13.02.42:150][  0]LogStreaming: Display: Took  0.408s to InitEngineTextLocalization.
[2019.05.21-13.02.42:150][  0]LogInit: Setting process to per monitor DPI aware
[2019.05.21-13.02.42:179][  0]LogSlate: New Slate User Created.  User Index 0, Is Virtual User: 0
[2019.05.21-13.02.42:179][  0]LogSlate: Slate User Registered.  User Index 0, Is Virtual User: 0
[2019.05.21-13.02.42:413][  0]LogD3D11RHI: D3D11 adapters:
[2019.05.21-13.02.42:472][  0]LogD3D11RHI:    0. 'NVIDIA GeForce GTX 1060' (Feature Level 11_0)
[2019.05.21-13.02.42:473][  0]LogD3D11RHI:       6052/0/8115 MB DedicatedVideo/DedicatedSystem/SharedSystem, Outputs:1, VendorId:0x10de
[2019.05.21-13.02.42:485][  0]LogD3D11RHI:    1. 'Intel(R) UHD Graphics 630' (Feature Level 11_0)
[2019.05.21-13.02.42:485][  0]LogD3D11RHI:       128/0/8115 MB DedicatedVideo/DedicatedSystem/SharedSystem, Outputs:0, VendorId:0x8086
[2019.05.21-13.02.42:487][  0]LogD3D11RHI:    2. 'Microsoft Basic Render Driver' (Feature Level 11_0)
[2019.05.21-13.02.42:488][  0]LogD3D11RHI:       0/0/8115 MB DedicatedVideo/DedicatedSystem/SharedSystem, Outputs:0, VendorId:0x1414
[2019.05.21-13.02.42:488][  0]LogD3D11RHI: Chosen D3D11 Adapter: 0
[2019.05.21-13.02.42:514][  0]LogD3D11RHI: Creating new Direct3DDevice
[2019.05.21-13.02.42:514][  0]LogD3D11RHI:     GPU DeviceId: 0x1c20 (for the marketing name, search the web for "GPU Device Id")
[2019.05.21-13.02.42:514][  0]LogWindows: EnumDisplayDevices:
[2019.05.21-13.02.42:514][  0]LogWindows:    0. 'Intel(R) UHD Graphics 630' (P:1 D:1)
[2019.05.21-13.02.42:514][  0]LogWindows:    1. 'Intel(R) UHD Graphics 630' (P:0 D:0)
[2019.05.21-13.02.42:515][  0]LogWindows:    2. 'Intel(R) UHD Graphics 630' (P:0 D:0)
[2019.05.21-13.02.42:515][  0]LogWindows:    3. 'NVIDIA GeForce GTX 1060' (P:0 D:0)
[2019.05.21-13.02.42:515][  0]LogWindows:    4. 'NVIDIA GeForce GTX 1060' (P:0 D:0)
[2019.05.21-13.02.42:515][  0]LogWindows:    5. 'NVIDIA GeForce GTX 1060' (P:0 D:0)
[2019.05.21-13.02.42:515][  0]LogWindows:    6. 'NVIDIA GeForce GTX 1060' (P:0 D:0)
[2019.05.21-13.02.42:515][  0]LogWindows: DebugString: PrimaryIsNotTheChoosenAdapter PrimaryIsNotTheChoosenAdapter PrimaryIsNotTheChoosenAdapter FoundDriverCount:4 
[2019.05.21-13.02.42:515][  0]LogD3D11RHI:     Adapter Name: NVIDIA GeForce GTX 1060
[2019.05.21-13.02.42:516][  0]LogD3D11RHI:   Driver Version: 419.35 (internal:25.21.14.1935, unified:419.35)
[2019.05.21-13.02.42:516][  0]LogD3D11RHI:      Driver Date: 3-1-2019
[2019.05.21-13.02.42:516][  0]LogRHI: Texture pool is 4236 MB (70% of 6052 MB)
[2019.05.21-13.02.42:555][  0]LogD3D11RHI: Async texture creation enabled
[2019.05.21-13.02.42:586][  0]LogD3D11RHI: GPU Timing Frequency: 1000.000000 (Debug: 2 2)
[2019.05.21-13.02.43:440][  0]LogTemp: Display: Loaded TP AllDesktopTargetPlatform
[2019.05.21-13.02.43:453][  0]LogTemp: Display: Loaded TP MacClientTargetPlatform
[2019.05.21-13.02.43:466][  0]LogTemp: Display: Loaded TP MacNoEditorTargetPlatform
[2019.05.21-13.02.43:480][  0]LogTemp: Display: Loaded TP MacServerTargetPlatform
[2019.05.21-13.02.43:496][  0]LogTemp: Display: Loaded TP MacTargetPlatform
[2019.05.21-13.02.43:511][  0]LogTemp: Display: Loaded TP WindowsClientTargetPlatform
[2019.05.21-13.02.43:527][  0]LogTemp: Display: Loaded TP WindowsNoEditorTargetPlatform
[2019.05.21-13.02.43:540][  0]LogTemp: Display: Loaded TP WindowsServerTargetPlatform
[2019.05.21-13.02.43:545][  0]LogTemp: Display: Loaded TP WindowsTargetPlatform
[2019.05.21-13.02.43:614][  0]LogTemp: Display: Loaded TP AndroidTargetPlatform
[2019.05.21-13.02.43:614][  0]LogTemp: Display: Loaded TP AndroidTargetPlatform
[2019.05.21-13.02.43:614][  0]LogTemp: Display: Loaded TP AndroidTargetPlatform
[2019.05.21-13.02.43:614][  0]LogTemp: Display: Loaded TP AndroidTargetPlatform
[2019.05.21-13.02.43:614][  0]LogTemp: Display: Loaded TP AndroidTargetPlatform
[2019.05.21-13.02.43:614][  0]LogTemp: Display: Loaded TP AndroidTargetPlatform
[2019.05.21-13.02.43:614][  0]LogTemp: Display: Loaded TP AndroidTargetPlatform
[2019.05.21-13.02.43:614][  0]LogTemp: Display: Loaded TP AndroidTargetPlatform
[2019.05.21-13.02.43:614][  0]LogTemp: Display: Loaded TP AndroidTargetPlatform
[2019.05.21-13.02.43:614][  0]LogTemp: Display: Loaded TP AndroidTargetPlatform
[2019.05.21-13.02.43:614][  0]LogTemp: Display: Loaded TP AndroidTargetPlatform
[2019.05.21-13.02.43:614][  0]LogTemp: Display: Loaded TP AndroidTargetPlatform
[2019.05.21-13.02.43:614][  0]LogTemp: Display: Loaded TP AndroidTargetPlatform
[2019.05.21-13.02.43:614][  0]LogTemp: Display: Loaded TP AndroidTargetPlatform
[2019.05.21-13.02.43:614][  0]LogTemp: Display: Loaded TP AndroidTargetPlatform
[2019.05.21-13.02.43:614][  0]LogTemp: Display: Loaded TP AndroidTargetPlatform
[2019.05.21-13.02.43:614][  0]LogTemp: Display: Loaded TP AndroidTargetPlatform
[2019.05.21-13.02.43:614][  0]LogTemp: Display: Loaded TP AndroidTargetPlatform
[2019.05.21-13.02.43:616][  0]LogTemp: Display: Loaded TP HTML5TargetPlatform
[2019.05.21-13.02.43:674][  0]LogTemp: Display: Loaded TP IOSTargetPlatform
[2019.05.21-13.02.43:674][  0]LogTemp: Display: Loaded TP IOSTargetPlatform
[2019.05.21-13.02.43:695][  0]LogTemp: Display: Loaded TP TVOSTargetPlatform
[2019.05.21-13.02.43:695][  0]LogTemp: Display: Loaded TP TVOSTargetPlatform
[2019.05.21-13.02.43:707][  0]LogTemp: Display: Loaded TP LinuxClientTargetPlatform
[2019.05.21-13.02.43:718][  0]LogTemp: Display: Loaded TP LinuxNoEditorTargetPlatform
[2019.05.21-13.02.43:732][  0]LogTemp: Display: Loaded TP LinuxServerTargetPlatform
[2019.05.21-13.02.43:743][  0]LogTemp: Display: Loaded TP LinuxTargetPlatform
[2019.05.21-13.02.43:784][  0]LogTemp: Display: Loaded TP LuminTargetPlatform
[2019.05.21-13.02.43:784][  0]LogTemp: Display: Loaded TP LuminTargetPlatform
[2019.05.21-13.02.43:784][  0]LogTargetPlatformManager: Display: Building Assets For Windows
[2019.05.21-13.02.43:847][  0]LogShaderCompilers: Guid format shader working directory is 21 characters bigger than the processId version (D:/FOLDER/OverIT/MyProject3/Intermediate/Shaders/WorkingDirectory/15664/).
[2019.05.21-13.02.43:847][  0]LogShaderCompilers: Cleaned the shader compiler working directory 'C:/Users/Gretchen/AppData/Local/Temp/UnrealShaderWorkingDir/045CF9E741E6F9B36EC371A965CEA18D/'.
[2019.05.21-13.02.43:849][  0]LogXGEController: Cleaning working directory: C:/Users/Gretchen/AppData/Local/Temp/UnrealXGEWorkingDir/
[2019.05.21-13.02.43:849][  0]LogXGEController: Cannot use XGE Controller as Incredibuild is not installed on this machine.
[2019.05.21-13.02.43:849][  0]LogShaderCompilers: Cannot use XGE Shader Compiler as Incredibuild is not installed on this machine.
[2019.05.21-13.02.43:849][  0]LogShaderCompilers: Display: Using Local Shader Compiler.
[2019.05.21-13.02.44:369][  0]LogDerivedDataCache: Display: Max Cache Size: 512 MB
[2019.05.21-13.02.44:417][  0]LogDerivedDataCache: Loaded boot cache 0.05s 71MB C:/Users/Gretchen/AppData/Local/UnrealEngine/4.21/DerivedDataCache/Boot.ddc.
[2019.05.21-13.02.44:417][  0]LogDerivedDataCache: Display: Loaded Boot cache: C:/Users/Gretchen/AppData/Local/UnrealEngine/4.21/DerivedDataCache/Boot.ddc
[2019.05.21-13.02.44:417][  0]LogDerivedDataCache: FDerivedDataBackendGraph:  Pak pak cache file D:/FOLDER/OverIT/MyProject3/DerivedDataCache/DDC.ddp not found, will not use a pak cache.
[2019.05.21-13.02.44:417][  0]LogDerivedDataCache: Unable to find inner node Pak for hierarchical cache Hierarchy.
[2019.05.21-13.02.44:417][  0]LogDerivedDataCache: FDerivedDataBackendGraph:  CompressedPak pak cache file D:/FOLDER/OverIT/MyProject3/DerivedDataCache/Compressed.ddp not found, will not use a pak cache.
[2019.05.21-13.02.44:417][  0]LogDerivedDataCache: Unable to find inner node CompressedPak for hierarchical cache Hierarchy.
[2019.05.21-13.02.44:432][  0]LogDerivedDataCache: Display: Pak cache opened for reading ../../../Engine/DerivedDataCache/Compressed.ddp.
[2019.05.21-13.02.44:432][  0]LogDerivedDataCache: FDerivedDataBackendGraph:  EnterprisePak pak cache file ../../../Enterprise/DerivedDataCache/Compressed.ddp not found, will not use a pak cache.
[2019.05.21-13.02.44:432][  0]LogDerivedDataCache: Unable to find inner node EnterprisePak for hierarchical cache Hierarchy.
[2019.05.21-13.02.44:444][  0]LogDerivedDataCache: Using Local data cache path C:/Users/Gretchen/AppData/Local/UnrealEngine/Common/DerivedDataCache: Writable
[2019.05.21-13.02.44:444][  0]LogDerivedDataCache: Shared data cache path not found in *engine.ini, will not use an Shared cache.
[2019.05.21-13.02.44:444][  0]LogDerivedDataCache: Unable to find inner node Shared for hierarchical cache Hierarchy.
[2019.05.21-13.02.44:469][  0]LogMaterial: Verifying Global Shaders for PCD3D_SM5
[2019.05.21-13.02.44:471][  0]LogSlate: Using FreeType 2.6.0
[2019.05.21-13.02.44:472][  0]LogSlate: SlateFontServices - WITH_FREETYPE: 1, WITH_HARFBUZZ: 1
[2019.05.21-13.02.44:552][  0]LogAssetRegistry: FAssetRegistry took 0.0334 seconds to start up
[2019.05.21-13.02.44:849][  0]LogInit: Selected Device Profile: [Windows]
[2019.05.21-13.02.44:988][  0]LogSimplygon: Simplygon DLL not present - disabling.
[2019.05.21-13.02.44:992][  0]LogMeshReduction: Using SimplygonSwarm for distributed automatic mesh merging
[2019.05.21-13.02.44:992][  0]LogMeshReduction: Using ProxyLODMeshReduction for automatic mesh merging
[2019.05.21-13.02.44:992][  0]LogMeshReduction: Using QuadricMeshReduction for automatic static mesh reduction
[2019.05.21-13.02.44:992][  0]LogMeshReduction: No automatic skeletal mesh reduction module available
[2019.05.21-13.02.45:009][  0]LogNetVersion: MyProject3 1.0.0, NetCL: 4541578, EngineNetVer: 5, GameNetVer: 0 (Checksum: 2916331349)
[2019.05.21-13.02.45:505][  0]LogPackageLocalizationCache: Processed 11 localized package path(s) for 2 prioritized culture(s) in 0.083474 seconds
[2019.05.21-13.02.45:511][  0]LogUObjectArray: 39775 objects as part of root set at end of initial load.
[2019.05.21-13.02.45:511][  0]LogUObjectAllocator: 6914656 out of 0 bytes used by permanent object pool.
[2019.05.21-13.02.45:511][  0]LogUObjectArray: CloseDisregardForGC: 0/0 objects in disregard for GC pool
[2019.05.21-13.02.46:286][  0]LogTcpMessaging: Initializing TcpMessaging bridge
[2019.05.21-13.02.46:300][  0]LogUdpMessaging: Initializing bridge on interface 0.0.0.0:0 to multicast group 230.0.0.1:6666.
[2019.05.21-13.02.46:923][  0]SourceControl: Source control is disabled
[2019.05.21-13.02.46:923][  0]SourceControl: Source control is disabled
[2019.05.21-13.02.46:924][  0]SourceControl: Source control is disabled
[2019.05.21-13.02.46:925][  0]SourceControl: Source control is disabled
[2019.05.21-13.02.47:089][  0]LogAndroidPermission: UAndroidPermissionCallbackProxy::GetInstance
[2019.05.21-13.02.47:454][  0]LogOcInput: OculusInput pre-init called
[2019.05.21-13.02.47:600][  0]LogEngine: Initializing Engine...
[2019.05.21-13.02.47:600][  0]LogHMD: Oculus plugin initialized. Version: 4.21.2-4753647+++UE4+Release-4.21, OVRPlugin: 1.28.0
[2019.05.21-13.02.47:601][  0]LogStats: UGameplayTagsManager::ConstructGameplayTagTree: ImportINI prefixes -  0.000 s
[2019.05.21-13.02.47:601][  0]LogStats: UGameplayTagsManager::ConstructGameplayTagTree: Construct from data asset -  0.000 s
[2019.05.21-13.02.47:602][  0]LogStats: UGameplayTagsManager::ConstructGameplayTagTree: ImportINI -  0.000 s
[2019.05.21-13.02.47:602][  0]LogStats: UGameplayTagsManager::ConstructGameplayTagTree: GameplayTagTreeChangedEvent.Broadcast -  0.000 s
[2019.05.21-13.02.47:826][  0]LogInit: Initializing FReadOnlyCVARCache
[2019.05.21-13.02.47:837][  0]LogAIModule: Creating AISystem for world Untitled
[2019.05.21-13.02.47:856][  0]LogInit: XAudio2 using 'Headphones (Rift Audio)' : 2 channels at 48 kHz using 16 bits per sample (channel mask 0x3)
[2019.05.21-13.02.47:877][  0]LogInit: FAudioDevice initialized.
[2019.05.21-13.02.47:878][  0]LogNetVersion: Set ProjectVersion to 1.0.0.0. Version Checksum will be recalculated on next use.
[2019.05.21-13.02.48:039][  0]LogDerivedDataCache: Saved boot cache 0.16s 71MB C:/Users/Gretchen/AppData/Local/UnrealEngine/4.21/DerivedDataCache/Boot.ddc.
[2019.05.21-13.02.48:045][  0]LogInit: Texture streaming: Enabled
[2019.05.21-13.02.48:065][  0]LogEngineSessionManager: EngineSessionManager initialized
[2019.05.21-13.02.48:065][  0]LogEngineSessionManager: EngineSessionManager sent abnormal shutdown report. Type=Crashed, SessionId={EA1F858E-4C97-CEA0-AE72-BABA86AFDAAB}
[2019.05.21-13.02.48:076][  0]LogInit: Transaction tracking system initialized
[2019.05.21-13.02.48:097][  0]BlueprintLog: New page: Editor Load
[2019.05.21-13.02.48:168][  0]LocalizationService: Localization service is disabled
[2019.05.21-13.02.48:588][  0]LogFileCache: Scanning file cache for directory 'D:/FOLDER/OverIT/MyProject3/Content/' took 0.02s
[2019.05.21-13.02.48:588][  0]LogCook: Display: Max memory allowance for cook 16384mb min free memory 0mb
[2019.05.21-13.02.48:588][  0]LogCook: Display: Mobile HDR setting 1
[2019.05.21-13.02.48:588][  0]LogGameplayTags: Display: UGameplayTagsManager::DoneAddingNativeTags. DelegateIsBound: 0
[2019.05.21-13.02.48:588][  0]LogStats: UGameplayTagsManager::ConstructGameplayTagTree: ImportINI prefixes -  0.000 s
[2019.05.21-13.02.48:588][  0]LogStats: UGameplayTagsManager::ConstructGameplayTagTree: Construct from data asset -  0.000 s
[2019.05.21-13.02.48:589][  0]LogStats: UGameplayTagsManager::ConstructGameplayTagTree: ImportINI -  0.000 s
[2019.05.21-13.02.48:589][  0]LogStats: UGameplayTagsManager::ConstructGameplayTagTree: GameplayTagTreeChangedEvent.Broadcast -  0.000 s
[2019.05.21-13.02.48:707][  0]SourceControl: Source control is disabled
[2019.05.21-13.02.48:708][  0]Cmd: MAP LOAD FILE="D:/FOLDER/OverIT/MyProject3/Content/StarterContent/Maps/Level1.umap" TEMPLATE=0 SHOWPROGRESS=1 FEATURELEVEL=3
[2019.05.21-13.02.48:708][  0]LightingResults: New page: Lighting Build
[2019.05.21-13.02.48:710][  0]MapCheck: New page: Map Check
[2019.05.21-13.02.48:710][  0]LightingResults: New page: Lighting Build
[2019.05.21-13.02.49:372][  0]LogLinker: Warning: Can't find file '/Game/Geometry/Objects/pCylinder2Mat'
[2019.05.21-13.02.49:372][  0]LoadErrors: Failed to load /Game/Geometry/Objects/hs_Pen.hs_Pen Referenced by Pen_GEN_VARIABLE
[2019.05.21-13.02.49:372][  0]LogLinker: Warning: Can't find file for asset '/Game/Geometry/Objects/pCylinder2Mat' while loading D:/FOLDER/OverIT/MyProject3/Content/Geometry/Objects/hs_Pen.uasset.
[2019.05.21-13.02.49:373][  0]LoadErrors: Failed to load /Game/Geometry/Objects/hs_Pen.hs_Pen Referenced by Pen_GEN_VARIABLE
[2019.05.21-13.02.49:373][  0]LoadErrors: Error: /Game/Geometry/Objects/hs_Pen : Can't find file for asset. /Game/Geometry/Objects/pCylinder2Mat
[2019.05.21-13.02.49:373][  0]LogLinker: Warning: Can't find file '/Game/Geometry/Objects/pCylinder2Mat'
[2019.05.21-13.02.49:373][  0]LoadErrors: Failed to load /Game/Geometry/Objects/hs_Pen.hs_Pen Referenced by Pen_GEN_VARIABLE
[2019.05.21-13.02.49:373][  0]LogLinker: Warning: Can't find file for asset '/Game/Geometry/Objects/pCylinder2Mat' while loading D:/FOLDER/OverIT/MyProject3/Content/Geometry/Objects/hs_Pen.uasset.
[2019.05.21-13.02.49:373][  0]LoadErrors: Failed to load /Game/Geometry/Objects/hs_Pen.hs_Pen Referenced by Pen_GEN_VARIABLE
[2019.05.21-13.02.49:373][  0]LoadErrors: Error: /Game/Geometry/Objects/hs_Pen : Can't find file for asset. /Game/Geometry/Objects/pCylinder2Mat
[2019.05.21-13.02.50:161][  0]LogLinker: Warning: Can't find file '/Game/Geometry/Objects/pCylinder2Mat'
[2019.05.21-13.02.50:162][  0]LoadErrors: Failed to load /Game/Geometry/Objects/pCylinder2Mat.pCylinder2Mat Referenced by hs_Pen
[2019.05.21-13.02.50:162][  0]LogLinker: Warning: Can't find file for asset '/Game/Geometry/Objects/pCylinder2Mat' while loading NULL.
[2019.05.21-13.02.50:162][  0]LoadErrors: Failed to load /Game/Geometry/Objects/pCylinder2Mat.pCylinder2Mat Referenced by hs_Pen
[2019.05.21-13.02.50:162][  0]LogLinker: Warning: Can't find file '/Game/Geometry/Objects/pCylinder2Mat'
[2019.05.21-13.02.50:162][  0]LoadErrors: Failed to load /Game/Geometry/Objects/pCylinder2Mat.pCylinder2Mat Referenced by hs_Pen
[2019.05.21-13.02.50:162][  0]LogLinker: Warning: Can't find file for asset '/Game/Geometry/Objects/pCylinder2Mat' while loading NULL.
[2019.05.21-13.02.50:162][  0]LoadErrors: Failed to load /Game/Geometry/Objects/pCylinder2Mat.pCylinder2Mat Referenced by hs_Pen
[2019.05.21-13.02.50:350][  0]LoadErrors: Warning: hs_concreteBumper Min LOD value of 1 is out of range 0..0 and has been adjusted to 0. Please verify and resave the asset.
[2019.05.21-13.02.50:448][  0]LoadErrors: Warning: hs_vase Min LOD value of 1 is out of range 0..0 and has been adjusted to 0. Please verify and resave the asset.
[2019.05.21-13.02.50:456][  0]LoadErrors: Warning: hs_diamond Min LOD value of 1 is out of range 0..0 and has been adjusted to 0. Please verify and resave the asset.
[2019.05.21-13.02.50:518][  0]LoadErrors: Warning: hs_shopcartWide Min LOD value of 1 is out of range 0..0 and has been adjusted to 0. Please verify and resave the asset.
[2019.05.21-13.02.50:556][  0]LoadErrors: Warning: hs_groundPlane Min LOD value of 1 is out of range 0..0 and has been adjusted to 0. Please verify and resave the asset.
[2019.05.21-13.02.50:557][  0]LoadErrors: Warning: hs_Pen Min LOD value of 1 is out of range 0..0 and has been adjusted to 0. Please verify and resave the asset.
[2019.05.21-13.02.51:080][  0]LoadErrors: Warning: hs_slideDoor_Right Min LOD value of 1 is out of range 0..0 and has been adjusted to 0. Please verify and resave the asset.
[2019.05.21-13.02.51:099][  0]LoadErrors: Warning: hs_slideDoor_Left Min LOD value of 1 is out of range 0..0 and has been adjusted to 0. Please verify and resave the asset.
[2019.05.21-13.02.51:279][  0]LoadErrors: Warning: hs_clipBoard Min LOD value of 1 is out of range 0..0 and has been adjusted to 0. Please verify and resave the asset.
[2019.05.21-13.02.51:384][  0]LoadErrors: Warning: hs_poster Min LOD value of 1 is out of range 0..0 and has been adjusted to 0. Please verify and resave the asset.
[2019.05.21-13.02.51:396][  0]LoadErrors: Warning: hs_parkingMedian Min LOD value of 1 is out of range 0..0 and has been adjusted to 0. Please verify and resave the asset.
[2019.05.21-13.02.51:428][  0]LoadErrors: Warning: hs_lampTree Min LOD value of 1 is out of range 0..0 and has been adjusted to 0. Please verify and resave the asset.
[2019.05.21-13.02.51:452][  0]LoadErrors: Warning: skybox2 Min LOD value of 1 is out of range 0..0 and has been adjusted to 0. Please verify and resave the asset.
[2019.05.21-13.02.51:778][  0]LoadErrors: Warning: hs_cake Min LOD value of 1 is out of range 0..0 and has been adjusted to 0. Please verify and resave the asset.
[2019.05.21-13.02.51:806][  0]LogAIModule: Creating AISystem for world Level1
[2019.05.21-13.02.51:881][  0]LogSlate: New Slate User Created.  User Index 8, Is Virtual User: 1
[2019.05.21-13.02.51:881][  0]LogSlate: Slate User Registered.  User Index 8, Is Virtual User: 1
[2019.05.21-13.02.51:974][  0]LogEditorServer: Finished looking for orphan Actors (0.000 secs)
[2019.05.21-13.02.52:023][  0]Cmd: MAP CHECKDEP NOCLEARLOG
[2019.05.21-13.02.52:023][  0]MapCheck: Map check complete: 0 Error(s), 0 Warning(s), took 0.235ms to complete.
[2019.05.21-13.02.52:023][  0]LogFileHelpers: Loading map 'Level1' took 3.315
[2019.05.21-13.02.52:147][  0]LogSlate: Updating window title bar state: overlay mode, drag disabled, window buttons hidden, title bar hidden
[2019.05.21-13.02.52:177][  0]LogSlate: Updating window title bar state: overlay mode, drag disabled, window buttons hidden, title bar hidden
[2019.05.21-13.02.52:196][  0]LogSlate: Updating window title bar state: overlay mode, drag disabled, window buttons hidden, title bar hidden
[2019.05.21-13.02.52:215][  0]LogSlate: Updating window title bar state: overlay mode, drag disabled, window buttons hidden, title bar hidden
[2019.05.21-13.02.52:230][  0]LogCollectionManager: Loaded 0 collections in 0.003010 seconds
[2019.05.21-13.02.52:293][  0]LogFileCache: Scanning file cache for directory 'D:/FOLDER/OverIT/MyProject3/Saved/Collections/' took 0.02s
[2019.05.21-13.02.52:293][  0]LogFileCache: Scanning file cache for directory 'D:/FOLDER/OverIT/MyProject3/Content/Developers/Gretchen/Collections/' took 0.02s
[2019.05.21-13.02.52:293][  0]LogFileCache: Scanning file cache for directory 'D:/FOLDER/OverIT/MyProject3/Content/Collections/' took 0.02s
[2019.05.21-13.02.52:293][  0]LogCollectionManager: Rebuilt the GUID cache for 0 collections in 0.000001 seconds
[2019.05.21-13.02.52:312][  0]LogContentBrowser: Native class hierarchy populated in 0.0188 seconds. Added 2651 classes and 620 folders.
[2019.05.21-13.02.52:328][  0]LogContentBrowser: Native class hierarchy updated for 'WidgetCarousel' in 0.0005 seconds. Added 0 classes and 0 folders.
[2019.05.21-13.02.52:331][  0]LogPakFile: Registered encryption key '00000000000000000000000000000000': 0 pak files mounted, 0 remain pending
[2019.05.21-13.02.52:334][  0]LogPakFile: Registered encryption key '00000000000000000000000000000000': 0 pak files mounted, 0 remain pending
[2019.05.21-13.02.52:337][  0]LogPakFile: Registered encryption key '00000000000000000000000000000000': 0 pak files mounted, 0 remain pending
[2019.05.21-13.02.52:339][  0]LogPakFile: Registered encryption key '00000000000000000000000000000000': 0 pak files mounted, 0 remain pending
[2019.05.21-13.02.52:340][  0]LogPakFile: Registered encryption key '00000000000000000000000000000000': 0 pak files mounted, 0 remain pending
[2019.05.21-13.02.52:341][  0]LogPakFile: Registered encryption key '00000000000000000000000000000000': 0 pak files mounted, 0 remain pending
[2019.05.21-13.02.52:342][  0]LogPakFile: Registered encryption key '00000000000000000000000000000000': 0 pak files mounted, 0 remain pending
[2019.05.21-13.02.52:343][  0]LogPakFile: Registered encryption key '00000000000000000000000000000000': 0 pak files mounted, 0 remain pending
[2019.05.21-13.02.52:344][  0]LogPakFile: Registered encryption key '00000000000000000000000000000000': 0 pak files mounted, 0 remain pending
[2019.05.21-13.02.52:345][  0]LogPakFile: Registered encryption key '00000000000000000000000000000000': 0 pak files mounted, 0 remain pending
[2019.05.21-13.02.52:345][  0]LogPakFile: Registered encryption key '00000000000000000000000000000000': 0 pak files mounted, 0 remain pending
[2019.05.21-13.02.52:346][  0]LogPakFile: Registered encryption key '00000000000000000000000000000000': 0 pak files mounted, 0 remain pending
[2019.05.21-13.02.52:348][  0]LogPakFile: Registered encryption key '00000000000000000000000000000000': 0 pak files mounted, 0 remain pending
[2019.05.21-13.02.52:351][  0]LogPakFile: Registered encryption key '00000000000000000000000000000000': 0 pak files mounted, 0 remain pending
[2019.05.21-13.02.52:353][  0]LogPakFile: Registered encryption key '00000000000000000000000000000000': 0 pak files mounted, 0 remain pending
[2019.05.21-13.02.52:355][  0]LogPakFile: Registered encryption key '00000000000000000000000000000000': 0 pak files mounted, 0 remain pending
[2019.05.21-13.02.52:356][  0]LogPakFile: Registered encryption key '00000000000000000000000000000000': 0 pak files mounted, 0 remain pending
[2019.05.21-13.02.52:357][  0]LogPakFile: Registered encryption key '00000000000000000000000000000000': 0 pak files mounted, 0 remain pending
[2019.05.21-13.02.52:357][  0]LogPakFile: Registered encryption key '00000000000000000000000000000000': 0 pak files mounted, 0 remain pending
[2019.05.21-13.02.52:358][  0]LogPakFile: Registered encryption key '00000000000000000000000000000000': 0 pak files mounted, 0 remain pending
[2019.05.21-13.02.52:358][  0]LogPakFile: Registered encryption key '00000000000000000000000000000000': 0 pak files mounted, 0 remain pending
[2019.05.21-13.02.52:359][  0]LogPakFile: Registered encryption key '00000000000000000000000000000000': 0 pak files mounted, 0 remain pending
[2019.05.21-13.02.52:359][  0]LogPakFile: Registered encryption key '00000000000000000000000000000000': 0 pak files mounted, 0 remain pending
[2019.05.21-13.02.52:360][  0]LogPakFile: Registered encryption key '00000000000000000000000000000000': 0 pak files mounted, 0 remain pending
[2019.05.21-13.02.52:361][  0]LogPakFile: Registered encryption key '00000000000000000000000000000000': 0 pak files mounted, 0 remain pending
[2019.05.21-13.02.52:361][  0]LogPakFile: Registered encryption key '00000000000000000000000000000000': 0 pak files mounted, 0 remain pending
[2019.05.21-13.02.52:400][  0]LogContentBrowser: Native class hierarchy updated for 'AddContentDialog' in 0.0003 seconds. Added 0 classes and 0 folders.
[2019.05.21-13.02.52:404][  0]LogContentBrowser: Native class hierarchy updated for 'SceneOutliner' in 0.0003 seconds. Added 1 classes and 2 folders.
[2019.05.21-13.02.52:652][  0]LogSlate: Took 0.000259 seconds to synchronously load lazily loaded font '../../../Engine/Content/Slate/Fonts/Roboto-Regular.ttf' (155K)
[2019.05.21-13.02.52:654][  0]LogSlate: Took 0.000284 seconds to synchronously load lazily loaded font '../../../Engine/Content/Slate/Fonts/Roboto-Bold.ttf' (160K)
[2019.05.21-13.02.52:658][  0]LogSlate: Took 0.000137 seconds to synchronously load lazily loaded font '../../../Engine/Content/Editor/Slate/Fonts/FontAwesome.ttf' (139K)
[2019.05.21-13.02.52:746][  0]LogRenderer: Reallocating scene render targets to support 872x356 Format 26 NumSamples 1 (Frame:1).
[2019.05.21-13.02.52:943][  0]LogContentBrowser: Native class hierarchy updated for 'HierarchicalLODOutliner' in 0.0003 seconds. Added 0 classes and 0 folders.
[2019.05.21-13.02.52:943][  0]LogLoad: (Engine Initialization) Total time: 13.41 seconds
[2019.05.21-13.02.52:944][  0]LogLoad: (Engine Initialization) Total Blueprint compile time: 0.00 seconds
[2019.05.21-13.02.52:969][  0]LogOcInput: OculusInput is initialized
[2019.05.21-13.02.53:047][  0]LogContentStreaming: Texture pool size now 1000 MB
[2019.05.21-13.02.53:051][  0]LogSlate: FSceneViewport::OnFocusLost() reason 2
[2019.05.21-13.02.53:143][  1]LogRenderer: Reallocating scene render targets to support 872x364 Format 26 NumSamples 1 (Frame:3).
[2019.05.21-13.02.53:869][ 10]LogAssetRegistry: Asset discovery search completed in 9.3401 seconds
[2019.05.21-13.02.53:871][ 10]LogCollectionManager: Rebuilt the object cache for 0 collections in 0.000000 seconds (found 0 objects)
[2019.05.21-13.02.53:871][ 10]LogCollectionManager: Fixed up redirectors for 0 collections in 0.000063 seconds (updated 0 objects)
[2019.05.21-13.02.54:527][ 12]LogSlate: Took 0.000154 seconds to synchronously load lazily loaded font '../../../Engine/Content/Slate/Fonts/Roboto-Light.ttf' (167K)
[2019.05.21-13.02.57:258][ 57]LogSlate: Window 'Message Log' being destroyed
[2019.05.21-13.02.57:279][ 57]LogSlate: Window 'Message Log' being destroyed
[2019.05.21-13.03.00:480][236]LogEditorViewport: Clicking on Actor (LMB): MotionControllerPawn_C (MotionControllerPawn)
[2019.05.21-13.03.01:872][305]LogSlate: FSceneViewport::OnFocusLost() reason 0
[2019.05.21-13.03.07:165][572]LogSlate: FSceneViewport::OnFocusLost() reason 0
[2019.05.21-13.03.14:184][660]LogSlate: Window 'Message' being destroyed
[2019.05.21-13.03.14:191][660]LoadErrors: Error: The Skeleton  MannequinHand_Right_Skeleton is missing bones that SkeletalMesh  MannequinHand_Right needs. They will be added now. Please save the Skeleton!
[2019.05.21-13.03.20:703][946]LogSlate: Window 'Message Log' being destroyed
[2019.05.21-13.03.20:710][946]LogSlate: Window 'Message Log' being destroyed
[2019.05.21-13.03.37:243][805]LogAssetEditorManager: Opening Asset editor for Blueprint /Game/Blueprints/ShoppingCarts.ShoppingCarts
[2019.05.21-13.03.37:746][805]LogContentBrowser: Native class hierarchy updated for 'BlueprintGraph' in 0.0006 seconds. Added 117 classes and 0 folders.
[2019.05.21-13.03.38:524][805]LogSlate: Took 0.000198 seconds to synchronously load lazily loaded font '../../../Engine/Content/Slate/Fonts/Roboto-BoldCondensed.ttf' (158K)
[2019.05.21-13.03.38:590][806]LogSlate: Took 0.000284 seconds to synchronously load lazily loaded font '../../../Engine/Content/Slate/Fonts/Roboto-Italic.ttf' (157K)
[2019.05.21-13.03.41:777][946]LogRenderer: Reallocating scene render targets to support 912x524 Format 26 NumSamples 1 (Frame:1).
[2019.05.21-13.04.35:125][925]LogAssetEditorManager: Opening Asset editor for Blueprint /Game/Blueprints/CartSpawn.CartSpawn
[2019.05.21-13.04.43:067][268]LogSlate: Window 'CartSpawn' being destroyed
[2019.05.21-13.04.43:078][268]LogActorComponent: UnregisterComponent: (/Engine/Transient.EditorFloorComp) Not registered. Aborting.
[2019.05.21-13.04.51:075][696]LogAssetEditorManager: Opening Asset editor for Blueprint /Game/Blueprints/ShoppingCarts.ShoppingCarts
[2019.05.21-13.04.59:054][ 16]LogSlate: FSceneViewport::OnFocusLost() reason 0
[2019.05.21-13.05.01:866][151]LogSlate: Window 'ShoppingCarts' being destroyed
[2019.05.21-13.05.17:777][576]LogAssetEditorManager: Opening Asset editor for Blueprint /Game/Blueprints/CartSpline.CartSpline
[2019.05.21-13.05.20:698][687]LogSlate: Window 'CartSpline' being destroyed
[2019.05.21-13.05.20:709][687]LogSlate: Window 'CartSpline' being destroyed
[2019.05.21-13.05.22:465][771]LogAssetEditorManager: Opening Asset editor for Blueprint /Game/Blueprints/CartSpawn.CartSpawn
[2019.05.21-13.05.26:659][943]LogSlate: Window 'CartSpawn' being destroyed
[2019.05.21-13.05.26:672][943]LogSlate: Window 'CartSpawn' being destroyed
[2019.05.21-13.05.31:935][228]LogAssetEditorManager: Opening Asset editor for StaticMesh /Game/Geometry/Objects/hs_shopcartWide.hs_shopcartWide
[2019.05.21-13.05.32:442][228]LogRenderer: Reallocating scene render targets to support 1144x708 Format 26 NumSamples 1 (Frame:1).
[2019.05.21-13.05.33:882][288]LogSlate: Window 'hs_shopcartWide' being destroyed
[2019.05.21-13.05.33:889][288]LogSlate: Window 'hs_shopcartWide' being destroyed
[2019.05.21-13.05.34:995][336]LogAssetEditorManager: Opening Asset editor for StaticMesh /Game/Geometry/Objects/hs_shopcart.hs_shopcart
[2019.05.21-13.05.36:728][399]LogSlate: Window 'hs_shopcart' being destroyed
[2019.05.21-13.05.36:736][399]LogSlate: Window 'hs_shopcart' being destroyed
[2019.05.21-13.05.39:859][562]LogAssetEditorManager: Opening Asset editor for Blueprint /Game/Blueprints/ShoppingCarts.ShoppingCarts
[2019.05.21-13.05.49:458][949]LogSlate: Window 'ShoppingCarts' being destroyed
[2019.05.21-13.06.27:346][ 24]LogSlate: FSceneViewport::OnFocusLost() reason 2
[2019.05.21-13.06.43:582][749]LogBlueprintUserMessages: Early PlayInEditor Detection: Level '/Game/StarterContent/Maps/Level1.Level1:PersistentLevel' has LevelScriptBlueprint '/Game/StarterContent/Maps/Level1.Level1:PersistentLevel.Level1' with GeneratedClass '/Game/StarterContent/Maps/Level1.Level1_C' with ClassGeneratedBy '/Game/StarterContent/Maps/Level1.Level1:PersistentLevel.Level1'
[2019.05.21-13.06.43:582][749]LogPlayLevel: PlayLevel: No blueprints needed recompiling
[2019.05.21-13.06.43:582][749]PIE: New page: SIE session: Level1 (May 21, 2019, 5:06:43 AM)
[2019.05.21-13.06.43:595][749]LogPlayLevel: Creating play world package: /Game/StarterContent/Maps/UEDPIE_0_Level1
[2019.05.21-13.06.43:677][749]LogPlayLevel: PIE: StaticDuplicateObject took: (0.081599s)
[2019.05.21-13.06.43:677][749]LogAIModule: Creating AISystem for world Level1
[2019.05.21-13.06.43:678][749]LogPlayLevel: PIE: World Init took: (0.000475s)
[2019.05.21-13.06.43:678][749]LogPlayLevel: PIE: Created PIE world by copying editor world from /Game/StarterContent/Maps/Level1.Level1 to /Game/StarterContent/Maps/UEDPIE_0_Level1.Level1 (0.082472s)
[2019.05.21-13.06.43:778][749]LogInit: XAudio2 using 'Headphones (Rift Audio)' : 2 channels at 48 kHz using 16 bits per sample (channel mask 0x3)
[2019.05.21-13.06.43:789][749]LogInit: FAudioDevice initialized.
[2019.05.21-13.06.43:837][749]LogLoad: Game class is 'GameModeBase'
[2019.05.21-13.06.43:862][749]LogWorld: Bringing World /Game/StarterContent/Maps/UEDPIE_0_Level1.Level1 up for play (max tick rate 60) at 2019.05.21-09.06.43
[2019.05.21-13.06.43:870][749]LogWorld: Bringing up level for play took: 0.031155
[2019.05.21-13.06.43:882][749]LogGameMode: FindPlayerStart: PATHS NOT DEFINED or NO PLAYERSTART with positive rating
[2019.05.21-13.06.43:887][749]LogContentBrowser: Native class hierarchy updated for 'MovieSceneCapture' in 0.0004 seconds. Added 20 classes and 0 folders.
[2019.05.21-13.06.43:889][749]Cmd: vr.bEnableStereo True
[2019.05.21-13.06.43:889][749]LogBlueprintUserMessages: Warning: SetTimer passed a bad function (TimeFunctionTick) or object (MotionControllerPawn_2)
[2019.05.21-13.06.43:892][749]PIE: Play in editor start time for /Game/StarterContent/Maps/UEDPIE_0_Level1 -0.019
[2019.05.21-13.06.43:935][749]LogBlueprintUserMessages: Late PlayInEditor Detection: Level '/Game/StarterContent/Maps/Level1.Level1:PersistentLevel' has LevelScriptBlueprint '/Game/StarterContent/Maps/Level1.Level1:PersistentLevel.Level1' with GeneratedClass '/Game/StarterContent/Maps/Level1.Level1_C' with ClassGeneratedBy '/Game/StarterContent/Maps/Level1.Level1:PersistentLevel.Level1'
[2019.05.21-13.06.44:588][780]LogScript: Warning: Accessed None trying to read property ScanVar
	Spawner_C /Game/StarterContent/Maps/UEDPIE_0_Level1.Level1:PersistentLevel.Spawner_2
	Function /Game/Blueprints/Spawner.Spawner_C:ExecuteUbergraph_Spawner:1679
[2019.05.21-13.06.44:589][780]PIE: Error: Blueprint Runtime Error: "Accessed None trying to read property ScanVar". Blueprint:  Spawner Function:  Execute Ubergraph Spawner Graph:  EventGraph Node:  Branch
[2019.05.21-13.06.47:622][960]LogSlate: FSceneViewport::OnFocusLost() reason 0
[2019.05.21-13.07.11:499][355]LogEditorViewport: Clicking on Actor (LMB): StaticMeshActor (hs_groundPlane3)
[2019.05.21-13.07.13:411][459]LogSlate: FSceneViewport::OnFocusLost() reason 0
[2019.05.21-13.07.13:836][482]EditorErrors: New page: Actor attachment
[2019.05.21-13.07.23:440][ 51]LogAssetEditorManager: Opening Asset editor for Blueprint /Game/Blueprints/CartSpline.CartSpline
[2019.05.21-13.07.26:352][165]LogSlate: Window 'CartSpline' being destroyed
[2019.05.21-13.07.26:369][165]LogSlate: Window 'CartSpline' being destroyed
[2019.05.21-13.07.40:793][  1]LogSlate: FSceneViewport::OnFocusLost() reason 0
[2019.05.21-13.07.57:689][  2]LogAssetEditorManager: Opening Asset editor for Blueprint /Game/Blueprints/CartSpline.CartSpline
[2019.05.21-13.08.01:974][172]LogSlate: Window 'CartSpline' being destroyed
[2019.05.21-13.08.01:988][172]LogSlate: Window 'CartSpline' being destroyed
[2019.05.21-13.08.11:546][321]LogBlueprintUserMessages: Early EndPlayMap Detection: Level '/Game/StarterContent/Maps/Level1.Level1:PersistentLevel' has LevelScriptBlueprint '/Game/StarterContent/Maps/Level1.Level1:PersistentLevel.Level1' with GeneratedClass '/Game/StarterContent/Maps/Level1.Level1_C' with ClassGeneratedBy '/Game/StarterContent/Maps/Level1.Level1:PersistentLevel.Level1'
[2019.05.21-13.08.11:547][321]LogSlate: Updating window title bar state: overlay mode, drag disabled, window buttons hidden, title bar hidden
[2019.05.21-13.08.11:600][321]LogPlayLevel: Display: Shutting down PIE online subsystems
[2019.05.21-13.08.11:601][321]LogBlueprintUserMessages: Late EndPlayMap Detection: Level '/Game/StarterContent/Maps/Level1.Level1:PersistentLevel' has LevelScriptBlueprint '/Game/StarterContent/Maps/Level1.Level1:PersistentLevel.Level1' with GeneratedClass '/Game/StarterContent/Maps/Level1.Level1_C' with ClassGeneratedBy '/Game/StarterContent/Maps/Level1.Level1:PersistentLevel.Level1'
[2019.05.21-13.08.11:647][321]LogSlate: Updating window title bar state: overlay mode, drag disabled, window buttons hidden, title bar hidden
[2019.05.21-13.08.11:697][322]LogPlayLevel: Display: Destroying online subsystem :Context_20
[2019.05.21-13.08.12:710][366]LogSlate: Window 'Message Log' being destroyed
[2019.05.21-13.08.12:715][366]LogSlate: Window 'Message Log' being destroyed
[2019.05.21-13.08.29:702][327]LogAssetEditorManager: Opening Asset editor for Blueprint /Game/Blueprints/BabyCarts.BabyCarts
[2019.05.21-13.08.57:035][662]BlueprintLog: New page: Compile BabyCarts
[2019.05.21-13.08.59:747][788]LogTemp: Repeating last play command: Simulate
[2019.05.21-13.08.59:767][788]LogBlueprintUserMessages: Early PlayInEditor Detection: Level '/Game/StarterContent/Maps/Level1.Level1:PersistentLevel' has LevelScriptBlueprint '/Game/StarterContent/Maps/Level1.Level1:PersistentLevel.Level1' with GeneratedClass '/Game/StarterContent/Maps/Level1.Level1_C' with ClassGeneratedBy '/Game/StarterContent/Maps/Level1.Level1:PersistentLevel.Level1'
[2019.05.21-13.08.59:767][788]LogPlayLevel: PlayLevel: No blueprints needed recompiling
[2019.05.21-13.08.59:767][788]PIE: New page: SIE session: Level1 (May 21, 2019, 5:08:59 AM)
[2019.05.21-13.08.59:767][788]LogPlayLevel: Creating play world package: /Game/StarterContent/Maps/UEDPIE_0_Level1
[2019.05.21-13.08.59:843][788]LogPlayLevel: PIE: StaticDuplicateObject took: (0.075512s)
[2019.05.21-13.08.59:843][788]LogAIModule: Creating AISystem for world Level1
[2019.05.21-13.08.59:844][788]LogPlayLevel: PIE: World Init took: (0.000668s)
[2019.05.21-13.08.59:844][788]LogPlayLevel: PIE: Created PIE world by copying editor world from /Game/StarterContent/Maps/Level1.Level1 to /Game/StarterContent/Maps/UEDPIE_0_Level1.Level1 (0.076598s)
[2019.05.21-13.08.59:896][788]LogInit: XAudio2 using 'Headphones (Rift Audio)' : 2 channels at 48 kHz using 16 bits per sample (channel mask 0x3)
[2019.05.21-13.08.59:910][788]LogInit: FAudioDevice initialized.
[2019.05.21-13.08.59:947][788]LogLoad: Game class is 'GameModeBase'
[2019.05.21-13.08.59:970][788]LogWorld: Bringing World /Game/StarterContent/Maps/UEDPIE_0_Level1.Level1 up for play (max tick rate 60) at 2019.05.21-09.08.59
[2019.05.21-13.08.59:974][788]LogWorld: Bringing up level for play took: 0.026318
[2019.05.21-13.08.59:986][788]LogGameMode: FindPlayerStart: PATHS NOT DEFINED or NO PLAYERSTART with positive rating
[2019.05.21-13.08.59:990][788]Cmd: vr.bEnableStereo True
[2019.05.21-13.08.59:990][788]LogBlueprintUserMessages: Warning: SetTimer passed a bad function (TimeFunctionTick) or object (MotionControllerPawn_2)
[2019.05.21-13.08.59:993][788]PIE: Play in editor start time for /Game/StarterContent/Maps/UEDPIE_0_Level1 0.082
[2019.05.21-13.08.59:995][788]LogBlueprintUserMessages: Late PlayInEditor Detection: Level '/Game/StarterContent/Maps/Level1.Level1:PersistentLevel' has LevelScriptBlueprint '/Game/StarterContent/Maps/Level1.Level1:PersistentLevel.Level1' with GeneratedClass '/Game/StarterContent/Maps/Level1.Level1_C' with ClassGeneratedBy '/Game/StarterContent/Maps/Level1.Level1:PersistentLevel.Level1'
[2019.05.21-13.09.00:761][830]LogScript: Warning: Accessed None trying to read property ScanVar
	Spawner_C /Game/StarterContent/Maps/UEDPIE_0_Level1.Level1:PersistentLevel.Spawner_2
	Function /Game/Blueprints/Spawner.Spawner_C:ExecuteUbergraph_Spawner:1679
[2019.05.21-13.09.00:762][830]PIE: Error: Blueprint Runtime Error: "Accessed None trying to read property ScanVar". Blueprint:  Spawner Function:  Execute Ubergraph Spawner Graph:  EventGraph Node:  Branch
[2019.05.21-13.09.29:503][524]LogSlate: FSceneViewport::OnFocusLost() reason 0
[2019.05.21-13.09.29:590][529]LogBlueprintUserMessages: Early EndPlayMap Detection: Level '/Game/StarterContent/Maps/Level1.Level1:PersistentLevel' has LevelScriptBlueprint '/Game/StarterContent/Maps/Level1.Level1:PersistentLevel.Level1' with GeneratedClass '/Game/StarterContent/Maps/Level1.Level1_C' with ClassGeneratedBy '/Game/StarterContent/Maps/Level1.Level1:PersistentLevel.Level1'
[2019.05.21-13.09.29:590][529]LogSlate: Updating window title bar state: overlay mode, drag disabled, window buttons hidden, title bar hidden
[2019.05.21-13.09.29:638][529]LogPlayLevel: Display: Shutting down PIE online subsystems
[2019.05.21-13.09.29:639][529]LogBlueprintUserMessages: Late EndPlayMap Detection: Level '/Game/StarterContent/Maps/Level1.Level1:PersistentLevel' has LevelScriptBlueprint '/Game/StarterContent/Maps/Level1.Level1:PersistentLevel.Level1' with GeneratedClass '/Game/StarterContent/Maps/Level1.Level1_C' with ClassGeneratedBy '/Game/StarterContent/Maps/Level1.Level1:PersistentLevel.Level1'
[2019.05.21-13.09.29:678][529]LogSlate: Updating window title bar state: overlay mode, drag disabled, window buttons hidden, title bar hidden
[2019.05.21-13.09.29:750][530]LogPlayLevel: Display: Destroying online subsystem :Context_24
[2019.05.21-13.09.31:652][611]LogSlate: Window 'Message Log' being destroyed
[2019.05.21-13.09.31:661][611]LogSlate: Window 'Message Log' being destroyed
[2019.05.21-13.09.37:237][911]LogSlate: FSceneViewport::OnFocusLost() reason 2
[2019.05.21-13.09.41:768][ 77]LogSlate: FSceneViewport::OnFocusLost() reason 0
[2019.05.21-13.10.19:491][669]BlueprintLog: New page: Compile BabyCarts
[2019.05.21-13.10.34:878][829]LogSlate: FSceneViewport::OnFocusLost() reason 0
[2019.05.21-13.10.34:978][835]LogTemp: Repeating last play command: Simulate
[2019.05.21-13.10.34:993][835]LogBlueprintUserMessages: Early PlayInEditor Detection: Level '/Game/StarterContent/Maps/Level1.Level1:PersistentLevel' has LevelScriptBlueprint '/Game/StarterContent/Maps/Level1.Level1:PersistentLevel.Level1' with GeneratedClass '/Game/StarterContent/Maps/Level1.Level1_C' with ClassGeneratedBy '/Game/StarterContent/Maps/Level1.Level1:PersistentLevel.Level1'
[2019.05.21-13.10.34:994][835]LogPlayLevel: PlayLevel: No blueprints needed recompiling
[2019.05.21-13.10.34:994][835]PIE: New page: SIE session: Level1 (May 21, 2019, 5:10:34 AM)
[2019.05.21-13.10.34:994][835]LogPlayLevel: Creating play world package: /Game/StarterContent/Maps/UEDPIE_0_Level1
[2019.05.21-13.10.35:068][835]LogPlayLevel: PIE: StaticDuplicateObject took: (0.075154s)
[2019.05.21-13.10.35:068][835]LogAIModule: Creating AISystem for world Level1
[2019.05.21-13.10.35:069][835]LogPlayLevel: PIE: World Init took: (0.000503s)
[2019.05.21-13.10.35:069][835]LogPlayLevel: PIE: Created PIE world by copying editor world from /Game/StarterContent/Maps/Level1.Level1 to /Game/StarterContent/Maps/UEDPIE_0_Level1.Level1 (0.075895s)
[2019.05.21-13.10.35:113][835]LogInit: XAudio2 using 'Headphones (Rift Audio)' : 2 channels at 48 kHz using 16 bits per sample (channel mask 0x3)
[2019.05.21-13.10.35:125][835]LogInit: FAudioDevice initialized.
[2019.05.21-13.10.35:157][835]LogLoad: Game class is 'GameModeBase'
[2019.05.21-13.10.35:180][835]LogWorld: Bringing World /Game/StarterContent/Maps/UEDPIE_0_Level1.Level1 up for play (max tick rate 60) at 2019.05.21-09.10.35
[2019.05.21-13.10.35:183][835]LogWorld: Bringing up level for play took: 0.025204
[2019.05.21-13.10.35:195][835]LogGameMode: FindPlayerStart: PATHS NOT DEFINED or NO PLAYERSTART with positive rating
[2019.05.21-13.10.35:197][835]Cmd: vr.bEnableStereo True
[2019.05.21-13.10.35:198][835]LogBlueprintUserMessages: Warning: SetTimer passed a bad function (TimeFunctionTick) or object (MotionControllerPawn_2)
[2019.05.21-13.10.35:200][835]PIE: Play in editor start time for /Game/StarterContent/Maps/UEDPIE_0_Level1 -0.71
[2019.05.21-13.10.35:202][835]LogBlueprintUserMessages: Late PlayInEditor Detection: Level '/Game/StarterContent/Maps/Level1.Level1:PersistentLevel' has LevelScriptBlueprint '/Game/StarterContent/Maps/Level1.Level1:PersistentLevel.Level1' with GeneratedClass '/Game/StarterContent/Maps/Level1.Level1_C' with ClassGeneratedBy '/Game/StarterContent/Maps/Level1.Level1:PersistentLevel.Level1'
[2019.05.21-13.10.35:987][875]LogScript: Warning: Accessed None trying to read property ScanVar
	Spawner_C /Game/StarterContent/Maps/UEDPIE_0_Level1.Level1:PersistentLevel.Spawner_2
	Function /Game/Blueprints/Spawner.Spawner_C:ExecuteUbergraph_Spawner:1679
[2019.05.21-13.10.35:988][875]PIE: Error: Blueprint Runtime Error: "Accessed None trying to read property ScanVar". Blueprint:  Spawner Function:  Execute Ubergraph Spawner Graph:  EventGraph Node:  Branch
[2019.05.21-13.10.49:817][698]LogSlate: FSceneViewport::OnFocusLost() reason 0
[2019.05.21-13.10.49:919][704]LogBlueprintUserMessages: Early EndPlayMap Detection: Level '/Game/StarterContent/Maps/Level1.Level1:PersistentLevel' has LevelScriptBlueprint '/Game/StarterContent/Maps/Level1.Level1:PersistentLevel.Level1' with GeneratedClass '/Game/StarterContent/Maps/Level1.Level1_C' with ClassGeneratedBy '/Game/StarterContent/Maps/Level1.Level1:PersistentLevel.Level1'
[2019.05.21-13.10.49:920][704]LogSlate: Updating window title bar state: overlay mode, drag disabled, window buttons hidden, title bar hidden
[2019.05.21-13.10.49:972][704]LogPlayLevel: Display: Shutting down PIE online subsystems
[2019.05.21-13.10.49:972][704]LogBlueprintUserMessages: Late EndPlayMap Detection: Level '/Game/StarterContent/Maps/Level1.Level1:PersistentLevel' has LevelScriptBlueprint '/Game/StarterContent/Maps/Level1.Level1:PersistentLevel.Level1' with GeneratedClass '/Game/StarterContent/Maps/Level1.Level1_C' with ClassGeneratedBy '/Game/StarterContent/Maps/Level1.Level1:PersistentLevel.Level1'
[2019.05.21-13.10.50:011][704]LogSlate: Updating window title bar state: overlay mode, drag disabled, window buttons hidden, title bar hidden
[2019.05.21-13.10.50:052][705]LogPlayLevel: Display: Destroying online subsystem :Context_25
[2019.05.21-13.10.51:338][762]LogSlate: Window 'Message Log' being destroyed
[2019.05.21-13.10.51:351][762]LogSlate: Window 'Message Log' being destroyed
[2019.05.21-13.11.04:385][345]BlueprintLog: New page: Compile BabyCarts
[2019.05.21-13.11.15:944][874]BlueprintLog: New page: Compile BabyCarts
[2019.05.21-13.11.19:939][ 72]LogSlate: Window 'BabyCarts*' being destroyed
[2019.05.21-13.11.19:949][ 72]LogSlate: Window 'BabyCarts*' being destroyed
[2019.05.21-13.11.24:778][351]LogEditorViewport: Clicking on Actor (LMB): MotionControllerPawn_C (MotionControllerPawn)
[2019.05.21-13.11.47:287][963]LogSlate: FSceneViewport::OnFocusLost() reason 0
[2019.05.21-13.11.47:403][970]LogTemp: Repeating last play command: Simulate
[2019.05.21-13.11.47:418][970]LogBlueprintUserMessages: Early PlayInEditor Detection: Level '/Game/StarterContent/Maps/Level1.Level1:PersistentLevel' has LevelScriptBlueprint '/Game/StarterContent/Maps/Level1.Level1:PersistentLevel.Level1' with GeneratedClass '/Game/StarterContent/Maps/Level1.Level1_C' with ClassGeneratedBy '/Game/StarterContent/Maps/Level1.Level1:PersistentLevel.Level1'
[2019.05.21-13.11.47:418][970]LogPlayLevel: PlayLevel: No blueprints needed recompiling
[2019.05.21-13.11.47:418][970]PIE: New page: SIE session: Level1 (May 21, 2019, 5:11:47 AM)
[2019.05.21-13.11.47:418][970]LogPlayLevel: Creating play world package: /Game/StarterContent/Maps/UEDPIE_0_Level1
[2019.05.21-13.11.47:495][970]LogPlayLevel: PIE: StaticDuplicateObject took: (0.077924s)
[2019.05.21-13.11.47:496][970]LogAIModule: Creating AISystem for world Level1
[2019.05.21-13.11.47:496][970]LogPlayLevel: PIE: World Init took: (0.000951s)
[2019.05.21-13.11.47:497][970]LogPlayLevel: PIE: Created PIE world by copying editor world from /Game/StarterContent/Maps/Level1.Level1 to /Game/StarterContent/Maps/UEDPIE_0_Level1.Level1 (0.079360s)
[2019.05.21-13.11.47:577][970]LogInit: XAudio2 using 'Headphones (Rift Audio)' : 2 channels at 48 kHz using 16 bits per sample (channel mask 0x3)
[2019.05.21-13.11.47:589][970]LogInit: FAudioDevice initialized.
[2019.05.21-13.11.47:624][970]LogLoad: Game class is 'GameModeBase'
[2019.05.21-13.11.47:648][970]LogWorld: Bringing World /Game/StarterContent/Maps/UEDPIE_0_Level1.Level1 up for play (max tick rate 60) at 2019.05.21-09.11.47
[2019.05.21-13.11.47:653][970]LogWorld: Bringing up level for play took: 0.027225
[2019.05.21-13.11.47:665][970]LogGameMode: FindPlayerStart: PATHS NOT DEFINED or NO PLAYERSTART with positive rating
[2019.05.21-13.11.47:667][970]Cmd: vr.bEnableStereo True
[2019.05.21-13.11.47:667][970]LogBlueprintUserMessages: Warning: SetTimer passed a bad function (TimeFunctionTick) or object (MotionControllerPawn_2)
[2019.05.21-13.11.47:669][970]PIE: Play in editor start time for /Game/StarterContent/Maps/UEDPIE_0_Level1 -0.241
[2019.05.21-13.11.47:707][970]LogBlueprintUserMessages: Late PlayInEditor Detection: Level '/Game/StarterContent/Maps/Level1.Level1:PersistentLevel' has LevelScriptBlueprint '/Game/StarterContent/Maps/Level1.Level1:PersistentLevel.Level1' with GeneratedClass '/Game/StarterContent/Maps/Level1.Level1_C' with ClassGeneratedBy '/Game/StarterContent/Maps/Level1.Level1:PersistentLevel.Level1'
[2019.05.21-13.11.48:410][ 10]LogScript: Warning: Accessed None trying to read property ScanVar
	Spawner_C /Game/StarterContent/Maps/UEDPIE_0_Level1.Level1:PersistentLevel.Spawner_2
	Function /Game/Blueprints/Spawner.Spawner_C:ExecuteUbergraph_Spawner:1679
[2019.05.21-13.11.48:410][ 10]PIE: Error: Blueprint Runtime Error: "Accessed None trying to read property ScanVar". Blueprint:  Spawner Function:  Execute Ubergraph Spawner Graph:  EventGraph Node:  Branch
[2019.05.21-13.11.55:031][399]LogSlate: FSceneViewport::OnFocusLost() reason 0
[2019.05.21-13.11.55:135][405]LogBlueprintUserMessages: Early EndPlayMap Detection: Level '/Game/StarterContent/Maps/Level1.Level1:PersistentLevel' has LevelScriptBlueprint '/Game/StarterContent/Maps/Level1.Level1:PersistentLevel.Level1' with GeneratedClass '/Game/StarterContent/Maps/Level1.Level1_C' with ClassGeneratedBy '/Game/StarterContent/Maps/Level1.Level1:PersistentLevel.Level1'
[2019.05.21-13.11.55:135][405]LogSlate: Updating window title bar state: overlay mode, drag disabled, window buttons hidden, title bar hidden
[2019.05.21-13.11.55:182][405]LogPlayLevel: Display: Shutting down PIE online subsystems
[2019.05.21-13.11.55:182][405]LogBlueprintUserMessages: Late EndPlayMap Detection: Level '/Game/StarterContent/Maps/Level1.Level1:PersistentLevel' has LevelScriptBlueprint '/Game/StarterContent/Maps/Level1.Level1:PersistentLevel.Level1' with GeneratedClass '/Game/StarterContent/Maps/Level1.Level1_C' with ClassGeneratedBy '/Game/StarterContent/Maps/Level1.Level1:PersistentLevel.Level1'
[2019.05.21-13.11.55:217][405]LogSlate: Updating window title bar state: overlay mode, drag disabled, window buttons hidden, title bar hidden
[2019.05.21-13.11.55:261][406]LogPlayLevel: Display: Destroying online subsystem :Context_26
[2019.05.21-13.11.56:925][495]LogEditorViewport: Clicking on Actor (LMB): CartSpline_C (CartSpline)
[2019.05.21-13.12.00:443][679]LogSlate: FSceneViewport::OnFocusLost() reason 0
[2019.05.21-13.12.02:053][767]LogAssetEditorManager: Opening Asset editor for Blueprint /Game/Blueprints/CartSpline.CartSpline
[2019.05.21-13.12.08:594][ 40]LogSlate: Window 'CartSpline' being destroyed
[2019.05.21-13.12.09:966][115]LogSlate: Window 'Message Log' being destroyed
[2019.05.21-13.12.09:970][115]LogSlate: Window 'Message Log' being destroyed
[2019.05.21-13.12.25:951][ 64]LogAssetEditorManager: Opening Asset editor for Blueprint /Game/Blueprints/BabyCarts.BabyCarts
[2019.05.21-13.12.39:388][708]LogSlate: FSceneViewport::OnFocusLost() reason 0
[2019.05.21-13.12.55:305][535]LogAssetEditorManager: Opening Asset editor for Blueprint /Game/Blueprints/CartSpawn.CartSpawn
[2019.05.21-13.13.07:928][193]LogEditorViewport: Clicking on Actor (context menu): StaticMeshActor (hs_groundPlane3)
[2019.05.21-13.13.08:010][193]LogSlate: FSceneViewport::OnFocusLost() reason 2
[2019.05.21-13.13.13:464][498]LogEditorViewport: Clicking on Actor (LMB): MotionControllerPawn_C (MotionControllerPawn)
[2019.05.21-13.13.14:931][581]LogSlate: FSceneViewport::OnFocusLost() reason 0
[2019.05.21-13.13.23:042][ 57]LogBlueprintUserMessages: Early PlayInEditor Detection: Level '/Game/StarterContent/Maps/Level1.Level1:PersistentLevel' has LevelScriptBlueprint '/Game/StarterContent/Maps/Level1.Level1:PersistentLevel.Level1' with GeneratedClass '/Game/StarterContent/Maps/Level1.Level1_C' with ClassGeneratedBy '/Game/StarterContent/Maps/Level1.Level1:PersistentLevel.Level1'
[2019.05.21-13.13.23:042][ 57]LogPlayLevel: PlayLevel: No blueprints needed recompiling
[2019.05.21-13.13.23:042][ 57]PIE: New page: SIE session: Level1 (May 21, 2019, 5:13:23 AM)
[2019.05.21-13.13.23:042][ 57]LogPlayLevel: Creating play world package: /Game/StarterContent/Maps/UEDPIE_0_Level1
[2019.05.21-13.13.23:127][ 57]LogPlayLevel: PIE: StaticDuplicateObject took: (0.084295s)
[2019.05.21-13.13.23:128][ 57]LogAIModule: Creating AISystem for world Level1
[2019.05.21-13.13.23:128][ 57]LogPlayLevel: PIE: World Init took: (0.000629s)
[2019.05.21-13.13.23:128][ 57]LogPlayLevel: PIE: Created PIE world by copying editor world from /Game/StarterContent/Maps/Level1.Level1 to /Game/StarterContent/Maps/UEDPIE_0_Level1.Level1 (0.085185s)
[2019.05.21-13.13.23:209][ 57]LogInit: XAudio2 using 'Headphones (Rift Audio)' : 2 channels at 48 kHz using 16 bits per sample (channel mask 0x3)
[2019.05.21-13.13.23:221][ 57]LogInit: FAudioDevice initialized.
[2019.05.21-13.13.23:257][ 57]LogLoad: Game class is 'GameModeBase'
[2019.05.21-13.13.23:279][ 57]LogWorld: Bringing World /Game/StarterContent/Maps/UEDPIE_0_Level1.Level1 up for play (max tick rate 60) at 2019.05.21-09.13.23
[2019.05.21-13.13.23:283][ 57]LogWorld: Bringing up level for play took: 0.025839
[2019.05.21-13.13.23:295][ 57]LogGameMode: FindPlayerStart: PATHS NOT DEFINED or NO PLAYERSTART with positive rating
[2019.05.21-13.13.23:298][ 57]Cmd: vr.bEnableStereo True
[2019.05.21-13.13.23:298][ 57]LogBlueprintUserMessages: Warning: SetTimer passed a bad function (TimeFunctionTick) or object (MotionControllerPawn_2)
[2019.05.21-13.13.23:301][ 57]PIE: Play in editor start time for /Game/StarterContent/Maps/UEDPIE_0_Level1 -0.608
[2019.05.21-13.13.23:338][ 57]LogBlueprintUserMessages: Late PlayInEditor Detection: Level '/Game/StarterContent/Maps/Level1.Level1:PersistentLevel' has LevelScriptBlueprint '/Game/StarterContent/Maps/Level1.Level1:PersistentLevel.Level1' with GeneratedClass '/Game/StarterContent/Maps/Level1.Level1_C' with ClassGeneratedBy '/Game/StarterContent/Maps/Level1.Level1:PersistentLevel.Level1'
[2019.05.21-13.13.24:018][ 96]LogScript: Warning: Accessed None trying to read property ScanVar
	Spawner_C /Game/StarterContent/Maps/UEDPIE_0_Level1.Level1:PersistentLevel.Spawner_2
	Function /Game/Blueprints/Spawner.Spawner_C:ExecuteUbergraph_Spawner:1679
[2019.05.21-13.13.24:018][ 96]PIE: Error: Blueprint Runtime Error: "Accessed None trying to read property ScanVar". Blueprint:  Spawner Function:  Execute Ubergraph Spawner Graph:  EventGraph Node:  Branch
[2019.05.21-13.13.26:897][256]LogBlueprintUserMessages: Early EndPlayMap Detection: Level '/Game/StarterContent/Maps/Level1.Level1:PersistentLevel' has LevelScriptBlueprint '/Game/StarterContent/Maps/Level1.Level1:PersistentLevel.Level1' with GeneratedClass '/Game/StarterContent/Maps/Level1.Level1_C' with ClassGeneratedBy '/Game/StarterContent/Maps/Level1.Level1:PersistentLevel.Level1'
[2019.05.21-13.13.26:897][256]LogSlate: Updating window title bar state: overlay mode, drag disabled, window buttons hidden, title bar hidden
[2019.05.21-13.13.26:948][256]LogPlayLevel: Display: Shutting down PIE online subsystems
[2019.05.21-13.13.26:948][256]LogBlueprintUserMessages: Late EndPlayMap Detection: Level '/Game/StarterContent/Maps/Level1.Level1:PersistentLevel' has LevelScriptBlueprint '/Game/StarterContent/Maps/Level1.Level1:PersistentLevel.Level1' with GeneratedClass '/Game/StarterContent/Maps/Level1.Level1_C' with ClassGeneratedBy '/Game/StarterContent/Maps/Level1.Level1:PersistentLevel.Level1'
[2019.05.21-13.13.26:988][256]LogSlate: Updating window title bar state: overlay mode, drag disabled, window buttons hidden, title bar hidden
[2019.05.21-13.13.27:026][257]LogPlayLevel: Display: Destroying online subsystem :Context_30
[2019.05.21-13.13.28:266][310]LogSlate: Window 'Message Log' being destroyed
[2019.05.21-13.13.28:275][310]LogSlate: Window 'Message Log' being destroyed
[2019.05.21-13.13.29:216][366]LogEditorViewport: Clicking on Actor (LMB): MotionControllerPawn_C (MotionControllerPawn)
[2019.05.21-13.13.30:204][409]LogSlate: FSceneViewport::OnFocusLost() reason 0
[2019.05.21-13.13.30:295][414]LogTemp: Repeating last play command: Simulate
[2019.05.21-13.13.30:312][414]LogBlueprintUserMessages: Early PlayInEditor Detection: Level '/Game/StarterContent/Maps/Level1.Level1:PersistentLevel' has LevelScriptBlueprint '/Game/StarterContent/Maps/Level1.Level1:PersistentLevel.Level1' with GeneratedClass '/Game/StarterContent/Maps/Level1.Level1_C' with ClassGeneratedBy '/Game/StarterContent/Maps/Level1.Level1:PersistentLevel.Level1'
[2019.05.21-13.13.30:312][414]LogPlayLevel: PlayLevel: No blueprints needed recompiling
[2019.05.21-13.13.30:312][414]PIE: New page: SIE session: Level1 (May 21, 2019, 5:13:30 AM)
[2019.05.21-13.13.30:312][414]LogPlayLevel: Creating play world package: /Game/StarterContent/Maps/UEDPIE_0_Level1
[2019.05.21-13.13.30:392][414]LogPlayLevel: PIE: StaticDuplicateObject took: (0.079420s)
[2019.05.21-13.13.30:392][414]LogAIModule: Creating AISystem for world Level1
[2019.05.21-13.13.30:392][414]LogPlayLevel: PIE: World Init took: (0.000716s)
[2019.05.21-13.13.30:393][414]LogPlayLevel: PIE: Created PIE world by copying editor world from /Game/StarterContent/Maps/Level1.Level1 to /Game/StarterContent/Maps/UEDPIE_0_Level1.Level1 (0.080587s)
[2019.05.21-13.13.30:480][414]LogInit: XAudio2 using 'Headphones (Rift Audio)' : 2 channels at 48 kHz using 16 bits per sample (channel mask 0x3)
[2019.05.21-13.13.30:493][414]LogInit: FAudioDevice initialized.
[2019.05.21-13.13.30:524][414]LogLoad: Game class is 'GameModeBase'
[2019.05.21-13.13.30:548][414]LogWorld: Bringing World /Game/StarterContent/Maps/UEDPIE_0_Level1.Level1 up for play (max tick rate 60) at 2019.05.21-09.13.30
[2019.05.21-13.13.30:552][414]LogWorld: Bringing up level for play took: 0.026802
[2019.05.21-13.13.30:565][414]LogGameMode: FindPlayerStart: PATHS NOT DEFINED or NO PLAYERSTART with positive rating
[2019.05.21-13.13.30:567][414]Cmd: vr.bEnableStereo True
[2019.05.21-13.13.30:567][414]LogBlueprintUserMessages: Warning: SetTimer passed a bad function (TimeFunctionTick) or object (MotionControllerPawn_2)
[2019.05.21-13.13.30:569][414]PIE: Play in editor start time for /Game/StarterContent/Maps/UEDPIE_0_Level1 0.66
[2019.05.21-13.13.30:607][414]LogBlueprintUserMessages: Late PlayInEditor Detection: Level '/Game/StarterContent/Maps/Level1.Level1:PersistentLevel' has LevelScriptBlueprint '/Game/StarterContent/Maps/Level1.Level1:PersistentLevel.Level1' with GeneratedClass '/Game/StarterContent/Maps/Level1.Level1_C' with ClassGeneratedBy '/Game/StarterContent/Maps/Level1.Level1:PersistentLevel.Level1'
[2019.05.21-13.13.31:309][452]LogScript: Warning: Accessed None trying to read property ScanVar
	Spawner_C /Game/StarterContent/Maps/UEDPIE_0_Level1.Level1:PersistentLevel.Spawner_2
	Function /Game/Blueprints/Spawner.Spawner_C:ExecuteUbergraph_Spawner:1679
[2019.05.21-13.13.31:310][452]PIE: Error: Blueprint Runtime Error: "Accessed None trying to read property ScanVar". Blueprint:  Spawner Function:  Execute Ubergraph Spawner Graph:  EventGraph Node:  Branch
[2019.05.21-13.13.37:560][822]LogBlueprintUserMessages: Early EndPlayMap Detection: Level '/Game/StarterContent/Maps/Level1.Level1:PersistentLevel' has LevelScriptBlueprint '/Game/StarterContent/Maps/Level1.Level1:PersistentLevel.Level1' with GeneratedClass '/Game/StarterContent/Maps/Level1.Level1_C' with ClassGeneratedBy '/Game/StarterContent/Maps/Level1.Level1:PersistentLevel.Level1'
[2019.05.21-13.13.37:560][822]LogSlate: Updating window title bar state: overlay mode, drag disabled, window buttons hidden, title bar hidden
[2019.05.21-13.13.37:604][822]LogPlayLevel: Display: Shutting down PIE online subsystems
[2019.05.21-13.13.37:604][822]LogBlueprintUserMessages: Late EndPlayMap Detection: Level '/Game/StarterContent/Maps/Level1.Level1:PersistentLevel' has LevelScriptBlueprint '/Game/StarterContent/Maps/Level1.Level1:PersistentLevel.Level1' with GeneratedClass '/Game/StarterContent/Maps/Level1.Level1_C' with ClassGeneratedBy '/Game/StarterContent/Maps/Level1.Level1:PersistentLevel.Level1'
[2019.05.21-13.13.37:637][822]LogSlate: Updating window title bar state: overlay mode, drag disabled, window buttons hidden, title bar hidden
[2019.05.21-13.13.37:683][823]LogPlayLevel: Display: Destroying online subsystem :Context_31
[2019.05.21-13.13.41:166][974]LogBlueprintUserMessages: Early PlayInEditor Detection: Level '/Game/StarterContent/Maps/Level1.Level1:PersistentLevel' has LevelScriptBlueprint '/Game/StarterContent/Maps/Level1.Level1:PersistentLevel.Level1' with GeneratedClass '/Game/StarterContent/Maps/Level1.Level1_C' with ClassGeneratedBy '/Game/StarterContent/Maps/Level1.Level1:PersistentLevel.Level1'
[2019.05.21-13.13.41:166][974]LogPlayLevel: PlayLevel: No blueprints needed recompiling
[2019.05.21-13.13.41:166][974]LogHMD: Initializing OVRPlugin session
[2019.05.21-13.13.41:286][974]PIE: New page: PIE session: Level1 (May 21, 2019, 5:13:41 AM)
[2019.05.21-13.13.41:286][974]LogPlayLevel: Creating play world package: /Game/StarterContent/Maps/UEDPIE_0_Level1
[2019.05.21-13.13.41:369][974]LogPlayLevel: PIE: StaticDuplicateObject took: (0.083012s)
[2019.05.21-13.13.41:370][974]LogAIModule: Creating AISystem for world Level1
[2019.05.21-13.13.41:370][974]LogPlayLevel: PIE: World Init took: (0.000513s)
[2019.05.21-13.13.41:370][974]LogPlayLevel: PIE: Created PIE world by copying editor world from /Game/StarterContent/Maps/Level1.Level1 to /Game/StarterContent/Maps/UEDPIE_0_Level1.Level1 (0.083779s)
[2019.05.21-13.13.41:424][974]LogInit: XAudio2 using 'Headphones (Rift Audio)' : 2 channels at 48 kHz using 16 bits per sample (channel mask 0x3)
[2019.05.21-13.13.41:436][974]LogInit: FAudioDevice initialized.
[2019.05.21-13.13.41:445][974]LogSlate: Updating window title bar state: overlay mode, drag disabled, window buttons hidden, title bar hidden
[2019.05.21-13.13.41:536][974]LogHMD: Allocating Oculus 2656 x 1584 rendertarget swapchain
[2019.05.21-13.13.41:571][974]LogLoad: Game class is 'GameModeBase'
[2019.05.21-13.13.41:599][974]LogWorld: Bringing World /Game/StarterContent/Maps/UEDPIE_0_Level1.Level1 up for play (max tick rate 0) at 2019.05.21-09.13.41
[2019.05.21-13.13.41:604][974]LogWorld: Bringing up level for play took: 0.031449
[2019.05.21-13.13.41:623][974]Cmd: vr.bEnableStereo True
[2019.05.21-13.13.41:623][974]LogBlueprintUserMessages: Warning: SetTimer passed a bad function (TimeFunctionTick) or object (MotionControllerPawn_2)
[2019.05.21-13.13.41:632][974]PIE: Play in editor start time for /Game/StarterContent/Maps/UEDPIE_0_Level1 -0.278
[2019.05.21-13.13.41:633][974]LogBlueprintUserMessages: Late PlayInEditor Detection: Level '/Game/StarterContent/Maps/Level1.Level1:PersistentLevel' has LevelScriptBlueprint '/Game/StarterContent/Maps/Level1.Level1:PersistentLevel.Level1' with GeneratedClass '/Game/StarterContent/Maps/Level1.Level1_C' with ClassGeneratedBy '/Game/StarterContent/Maps/Level1.Level1:PersistentLevel.Level1'
[2019.05.21-13.13.41:634][974]LogEngine: Changing dynamic resolution state.
[2019.05.21-13.13.41:648][974]LogRenderer: Releasing previous depth to switch default clear from depth: 0.000000 stencil: 0 to depth: 0.000000 stencil: 0
[2019.05.21-13.13.41:648][974]LogRenderer: Releasing previous depth to switch default clear from depth: 0.000000 stencil: 0 to depth: 0.000000 stencil: 0
[2019.05.21-13.13.41:648][974]LogRenderer: Releasing previous depth to switch default clear from depth: 0.000000 stencil: 0 to depth: 0.000000 stencil: 0
[2019.05.21-13.13.41:648][974]LogRenderer: Releasing previous depth to switch default clear from depth: 0.000000 stencil: 0 to depth: 0.000000 stencil: 0
[2019.05.21-13.13.41:648][974]LogRenderer: Releasing previous depth to switch default clear from depth: 0.000000 stencil: 0 to depth: 0.000000 stencil: 0
[2019.05.21-13.13.41:650][974]LogRenderer: Releasing previous depth to switch default clear from depth: 0.000000 stencil: 0 to depth: 0.000000 stencil: 0
[2019.05.21-13.13.41:665][974]LogRenderer: Reallocating scene render targets to support 2656x1584 Format 26 NumSamples 1 (Frame:1).
[2019.05.21-13.13.41:665][974]LogHMD: Allocating Oculus 2656 x 1584 depth rendertarget swapchain
[2019.05.21-13.13.42:352][998]LogScript: Warning: Accessed None trying to read property ScanVar
	Spawner_C /Game/StarterContent/Maps/UEDPIE_0_Level1.Level1:PersistentLevel.Spawner_2
	Function /Game/Blueprints/Spawner.Spawner_C:ExecuteUbergraph_Spawner:1679
[2019.05.21-13.13.42:352][998]PIE: Error: Blueprint Runtime Error: "Accessed None trying to read property ScanVar". Blueprint:  Spawner Function:  Execute Ubergraph Spawner Graph:  EventGraph Node:  Branch
[2019.05.21-13.13.42:794][ 17]LogRHI: Error: SyncInterval 0
[2019.05.21-13.13.42:794][ 17]LogRHI: Error: SwapChainDesc.BufferDesc.Width 199
[2019.05.21-13.13.42:794][ 17]LogRHI: Error: SwapChainDesc.BufferDesc.Height 34
[2019.05.21-13.13.42:794][ 17]LogRHI: Error: SwapChainDesc.BufferDesc.RefreshRate.Numerator 0
[2019.05.21-13.13.42:794][ 17]LogRHI: Error: SwapChainDesc.BufferDesc.RefreshRate.Denominator 0
[2019.05.21-13.13.42:794][ 17]LogRHI: Error: SwapChainDesc.BufferDesc.Format 24
[2019.05.21-13.13.42:794][ 17]LogRHI: Error: SwapChainDesc.BufferDesc.ScanlineOrdering 0
[2019.05.21-13.13.42:794][ 17]LogRHI: Error: SwapChainDesc.BufferDesc.Scaling 0
[2019.05.21-13.13.42:794][ 17]LogRHI: Error: SwapChainDesc.SampleDesc.Count 1
[2019.05.21-13.13.42:794][ 17]LogRHI: Error: SwapChainDesc.SampleDesc.Quality 0
[2019.05.21-13.13.42:794][ 17]LogRHI: Error: SwapChainDesc.BufferUsage 48
[2019.05.21-13.13.42:794][ 17]LogRHI: Error: SwapChainDesc.BufferCount 1
[2019.05.21-13.13.42:794][ 17]LogRHI: Error: SwapChainDesc.OutputWindow 00000000000C05FE
[2019.05.21-13.13.42:794][ 17]LogRHI: Error: SwapChainDesc.Windowed true
[2019.05.21-13.13.42:794][ 17]LogRHI: Error: SwapChainDesc.SwapEffect 0
[2019.05.21-13.13.42:794][ 17]LogRHI: Error: SwapChainDesc.Flags 2
[2019.05.21-13.13.42:794][ 17]LogD3D11RHI: Error: Result failed 
 at D:\Build\++UE4\Sync\Engine\Source\Runtime\Windows\D3D11RHI\Private\D3D11Viewport.cpp:361 
 with error DXGI_ERROR_DEVICE_REMOVED DXGI_ERROR_DEVICE_HUNG
[2019.05.21-13.13.42:794][ 17]LogD3D11RHI: [Aftermath] GDynamicRHI=0000015ED1420140, GDX11NVAfterMathEnabled=0, Result=0xFFFFFFFF, bDeviceActive=0
[2019.05.21-13.13.42:794][ 17]LogWindows: Windows GetLastError: The operation completed successfully. (0)
[2019.05.21-13.13.43:744][ 18]LogRHI: Error: SyncInterval 0
[2019.05.21-13.13.43:744][ 18]LogRHI: Error: SwapChainDesc.BufferDesc.Width 199
[2019.05.21-13.13.43:744][ 18]LogRHI: Error: SwapChainDesc.BufferDesc.Height 34
[2019.05.21-13.13.43:744][ 18]LogRHI: Error: SwapChainDesc.BufferDesc.RefreshRate.Numerator 0
[2019.05.21-13.13.43:744][ 18]LogRHI: Error: SwapChainDesc.BufferDesc.RefreshRate.Denominator 0
[2019.05.21-13.13.43:744][ 18]LogRHI: Error: SwapChainDesc.BufferDesc.Format 24
[2019.05.21-13.13.43:744][ 18]LogRHI: Error: SwapChainDesc.BufferDesc.ScanlineOrdering 0
[2019.05.21-13.13.43:744][ 18]LogRHI: Error: SwapChainDesc.BufferDesc.Scaling 0
[2019.05.21-13.13.43:744][ 18]LogRHI: Error: SwapChainDesc.SampleDesc.Count 1
[2019.05.21-13.13.43:744][ 18]LogRHI: Error: SwapChainDesc.SampleDesc.Quality 0
[2019.05.21-13.13.43:744][ 18]LogRHI: Error: SwapChainDesc.BufferUsage 48
[2019.05.21-13.13.43:744][ 18]LogRHI: Error: SwapChainDesc.BufferCount 1
[2019.05.21-13.13.43:744][ 18]LogRHI: Error: SwapChainDesc.OutputWindow 00000000000C05FE
[2019.05.21-13.13.43:744][ 18]LogRHI: Error: SwapChainDesc.Windowed true
[2019.05.21-13.13.43:744][ 18]LogRHI: Error: SwapChainDesc.SwapEffect 0
[2019.05.21-13.13.43:744][ 18]LogRHI: Error: SwapChainDesc.Flags 2
[2019.05.21-13.13.43:744][ 18]LogD3D11RHI: Error: Result failed 
 at D:\Build\++UE4\Sync\Engine\Source\Runtime\Windows\D3D11RHI\Private\D3D11Viewport.cpp:361 
 with error DXGI_ERROR_DEVICE_REMOVED DXGI_ERROR_DEVICE_HUNG
[2019.05.21-13.13.43:744][ 18]LogD3D11RHI: [Aftermath] GDynamicRHI=0000015ED1420140, GDX11NVAfterMathEnabled=0, Result=0xFFFFFFFF, bDeviceActive=0
[2019.05.21-13.13.43:744][ 18]LogWindows: FPlatformMisc::RequestExit(1)
[2019.05.21-13.13.43:746][ 18]Log file closed, 05/21/19 09:13:43
